

================================================================
== Vivado HLS Report for 'incrust'
================================================================
* Date:           Wed Nov 15 16:20:51 2023

* Version:        2019.2 (Build 2704478 on Wed Nov 06 22:10:23 MST 2019)
* Project:        incrust_2
* Solution:       solution1
* Product family: zynq
* Target device:  xc7z020-clg484-1


================================================================
== Performance Estimates
================================================================
+ Timing: 
    * Summary: 
    +--------+----------+----------+------------+
    |  Clock |  Target  | Estimated| Uncertainty|
    +--------+----------+----------+------------+
    |ap_clk  | 10.00 ns | 5.918 ns |   1.25 ns  |
    +--------+----------+----------+------------+

+ Latency: 
    * Summary: 
    +---------+---------+----------+----------+--------+--------+---------+
    |  Latency (cycles) |  Latency (absolute) |     Interval    | Pipeline|
    |   min   |   max   |    min   |    max   |   min  |   max  |   Type  |
    +---------+---------+----------+----------+--------+--------+---------+
    |   922561|   922561| 9.226 ms | 9.226 ms |  922561|  922561|   none  |
    +---------+---------+----------+----------+--------+--------+---------+

    + Detail: 
        * Instance: 
        N/A

        * Loop: 
        +-------------+---------+---------+----------+-----------+-----------+------+----------+
        |             |  Latency (cycles) | Iteration|  Initiation Interval  | Trip |          |
        |  Loop Name  |   min   |   max   |  Latency |  achieved |   target  | Count| Pipelined|
        +-------------+---------+---------+----------+-----------+-----------+------+----------+
        |- Loop 1     |   922560|   922560|      1922|          -|          -|   480|    no    |
        | + Loop 1.1  |     1920|     1920|         3|          -|          -|   640|    no    |
        +-------------+---------+---------+----------+-----------+-----------+------+----------+

============================================================
+ Verbose Summary: Synthesis Manager
============================================================
InlineROM: 1
ExposeGlobal: 0
============================================================
+ Verbose Summary: CDFG Model
============================================================
IsTopModel: 1
ResetActiveHigh: 1
IsCombinational: 0
IsDatapathOnly: 0
HasWiredReturn: 1
HasMFsm: 0
HasVarLatency: 1
IsPipeline: 0
IsRtlPipelined: 0
IsInstanceOverlapped: 0
IsDontTouch: 0
HasImplIP: 0
IsGatedGlobalClock: 0


============================================================
+ Verbose Summary: Schedule
============================================================
* Number of FSM states : 5
* Pipeline : 0
* Dataflow Pipeline: 0

* FSM state transitions: 
1 --> 2 
2 --> 3 
3 --> 4 2 
4 --> 5 
5 --> 3 

* FSM state operations: 

State 1 <SV = 0> <Delay = 3.55>
ST_1 : Operation 6 [1/1] (0.00ns)   --->   "%pixel_1 = alloca i32"   --->   Operation 6 'alloca' 'pixel_1' <Predicate = true> <Delay = 0.00>
ST_1 : Operation 7 [1/1] (0.00ns)   --->   "call void (...)* @_ssdm_op_SpecBitsMap(i8* %s_axis_video_V_data_V), !map !43"   --->   Operation 7 'specbitsmap' <Predicate = true> <Delay = 0.00>
ST_1 : Operation 8 [1/1] (0.00ns)   --->   "call void (...)* @_ssdm_op_SpecBitsMap(i1* %s_axis_video_V_keep_V), !map !47"   --->   Operation 8 'specbitsmap' <Predicate = true> <Delay = 0.00>
ST_1 : Operation 9 [1/1] (0.00ns)   --->   "call void (...)* @_ssdm_op_SpecBitsMap(i1* %s_axis_video_V_strb_V), !map !51"   --->   Operation 9 'specbitsmap' <Predicate = true> <Delay = 0.00>
ST_1 : Operation 10 [1/1] (0.00ns)   --->   "call void (...)* @_ssdm_op_SpecBitsMap(i1* %s_axis_video_V_user_V), !map !55"   --->   Operation 10 'specbitsmap' <Predicate = true> <Delay = 0.00>
ST_1 : Operation 11 [1/1] (0.00ns)   --->   "call void (...)* @_ssdm_op_SpecBitsMap(i1* %s_axis_video_V_last_V), !map !59"   --->   Operation 11 'specbitsmap' <Predicate = true> <Delay = 0.00>
ST_1 : Operation 12 [1/1] (0.00ns)   --->   "call void (...)* @_ssdm_op_SpecBitsMap(i1* %s_axis_video_V_id_V), !map !63"   --->   Operation 12 'specbitsmap' <Predicate = true> <Delay = 0.00>
ST_1 : Operation 13 [1/1] (0.00ns)   --->   "call void (...)* @_ssdm_op_SpecBitsMap(i1* %s_axis_video_V_dest_V), !map !67"   --->   Operation 13 'specbitsmap' <Predicate = true> <Delay = 0.00>
ST_1 : Operation 14 [1/1] (0.00ns)   --->   "call void (...)* @_ssdm_op_SpecBitsMap(i8* %m_axis_video_V_data_V), !map !71"   --->   Operation 14 'specbitsmap' <Predicate = true> <Delay = 0.00>
ST_1 : Operation 15 [1/1] (0.00ns)   --->   "call void (...)* @_ssdm_op_SpecBitsMap(i1* %m_axis_video_V_keep_V), !map !75"   --->   Operation 15 'specbitsmap' <Predicate = true> <Delay = 0.00>
ST_1 : Operation 16 [1/1] (0.00ns)   --->   "call void (...)* @_ssdm_op_SpecBitsMap(i1* %m_axis_video_V_strb_V), !map !79"   --->   Operation 16 'specbitsmap' <Predicate = true> <Delay = 0.00>
ST_1 : Operation 17 [1/1] (0.00ns)   --->   "call void (...)* @_ssdm_op_SpecBitsMap(i1* %m_axis_video_V_user_V), !map !83"   --->   Operation 17 'specbitsmap' <Predicate = true> <Delay = 0.00>
ST_1 : Operation 18 [1/1] (0.00ns)   --->   "call void (...)* @_ssdm_op_SpecBitsMap(i1* %m_axis_video_V_last_V), !map !87"   --->   Operation 18 'specbitsmap' <Predicate = true> <Delay = 0.00>
ST_1 : Operation 19 [1/1] (0.00ns)   --->   "call void (...)* @_ssdm_op_SpecBitsMap(i1* %m_axis_video_V_id_V), !map !91"   --->   Operation 19 'specbitsmap' <Predicate = true> <Delay = 0.00>
ST_1 : Operation 20 [1/1] (0.00ns)   --->   "call void (...)* @_ssdm_op_SpecBitsMap(i1* %m_axis_video_V_dest_V), !map !95"   --->   Operation 20 'specbitsmap' <Predicate = true> <Delay = 0.00>
ST_1 : Operation 21 [1/1] (0.00ns)   --->   "call void (...)* @_ssdm_op_SpecBitsMap(i32 %start_x), !map !99"   --->   Operation 21 'specbitsmap' <Predicate = true> <Delay = 0.00>
ST_1 : Operation 22 [1/1] (0.00ns)   --->   "call void (...)* @_ssdm_op_SpecBitsMap(i32 %start_y), !map !105"   --->   Operation 22 'specbitsmap' <Predicate = true> <Delay = 0.00>
ST_1 : Operation 23 [1/1] (0.00ns)   --->   "call void (...)* @_ssdm_op_SpecTopModule([8 x i8]* @incrust_str) nounwind"   --->   Operation 23 'spectopmodule' <Predicate = true> <Delay = 0.00>
ST_1 : Operation 24 [1/1] (1.00ns)   --->   "%start_y_read = call i32 @_ssdm_op_Read.s_axilite.i32(i32 %start_y)"   --->   Operation 24 'read' 'start_y_read' <Predicate = true> <Delay = 1.00> <Core = "s_axilite">   --->   Core 10 's_axilite' <Latency = 0> <II = 1> <Delay = 1.00> <Adapter> <Opcode : 'read' 'write'>
ST_1 : Operation 25 [1/1] (1.00ns)   --->   "%start_x_read = call i32 @_ssdm_op_Read.s_axilite.i32(i32 %start_x)"   --->   Operation 25 'read' 'start_x_read' <Predicate = true> <Delay = 1.00> <Core = "s_axilite">   --->   Core 10 's_axilite' <Latency = 0> <II = 1> <Delay = 1.00> <Adapter> <Opcode : 'read' 'write'>
ST_1 : Operation 26 [1/1] (0.00ns)   --->   "call void (...)* @_ssdm_op_SpecInterface(i32 0, [13 x i8]* @p_str, i32 0, i32 0, [1 x i8]* @p_str2, i32 0, i32 0, [1 x i8]* @p_str2, [1 x i8]* @p_str2, [1 x i8]* @p_str2, i32 0, i32 0, i32 0, i32 0, [1 x i8]* @p_str2, [1 x i8]* @p_str2) nounwind" [incrust_2/incrust.cpp:11]   --->   Operation 26 'specinterface' <Predicate = true> <Delay = 0.00>
ST_1 : Operation 27 [1/1] (0.00ns)   --->   "call void (...)* @_ssdm_op_SpecInterface(i8* %s_axis_video_V_data_V, i1* %s_axis_video_V_keep_V, i1* %s_axis_video_V_strb_V, i1* %s_axis_video_V_user_V, i1* %s_axis_video_V_last_V, i1* %s_axis_video_V_id_V, i1* %s_axis_video_V_dest_V, [5 x i8]* @p_str3, i32 1, i32 1, [5 x i8]* @p_str4, i32 0, i32 0, [1 x i8]* @p_str2, [1 x i8]* @p_str2, [1 x i8]* @p_str2, i32 0, i32 0, i32 0, i32 0, [1 x i8]* @p_str2, [1 x i8]* @p_str2) nounwind" [incrust_2/incrust.cpp:11]   --->   Operation 27 'specinterface' <Predicate = true> <Delay = 0.00>
ST_1 : Operation 28 [1/1] (0.00ns)   --->   "call void (...)* @_ssdm_op_SpecInterface(i8* %m_axis_video_V_data_V, i1* %m_axis_video_V_keep_V, i1* %m_axis_video_V_strb_V, i1* %m_axis_video_V_user_V, i1* %m_axis_video_V_last_V, i1* %m_axis_video_V_id_V, i1* %m_axis_video_V_dest_V, [5 x i8]* @p_str3, i32 1, i32 1, [5 x i8]* @p_str4, i32 0, i32 0, [1 x i8]* @p_str2, [1 x i8]* @p_str2, [1 x i8]* @p_str2, i32 0, i32 0, i32 0, i32 0, [1 x i8]* @p_str2, [1 x i8]* @p_str2) nounwind" [incrust_2/incrust.cpp:12]   --->   Operation 28 'specinterface' <Predicate = true> <Delay = 0.00>
ST_1 : Operation 29 [1/1] (0.00ns)   --->   "call void (...)* @_ssdm_op_SpecInterface(i32 %start_x, [10 x i8]* @p_str5, i32 0, i32 0, [1 x i8]* @p_str2, i32 0, i32 0, [1 x i8]* @p_str2, [1 x i8]* @p_str2, [1 x i8]* @p_str2, i32 0, i32 0, i32 0, i32 0, [1 x i8]* @p_str2, [1 x i8]* @p_str2) nounwind" [incrust_2/incrust.cpp:13]   --->   Operation 29 'specinterface' <Predicate = true> <Delay = 0.00>
ST_1 : Operation 30 [1/1] (0.00ns)   --->   "call void (...)* @_ssdm_op_SpecInterface(i32 %start_y, [10 x i8]* @p_str5, i32 0, i32 0, [1 x i8]* @p_str2, i32 0, i32 0, [1 x i8]* @p_str2, [1 x i8]* @p_str2, [1 x i8]* @p_str2, i32 0, i32 0, i32 0, i32 0, [1 x i8]* @p_str2, [1 x i8]* @p_str2) nounwind" [incrust_2/incrust.cpp:14]   --->   Operation 30 'specinterface' <Predicate = true> <Delay = 0.00>
ST_1 : Operation 31 [1/1] (2.55ns)   --->   "%add_ln24 = add nsw i32 %start_x_read, 148" [incrust_2/incrust.cpp:24]   --->   Operation 31 'add' 'add_ln24' <Predicate = true> <Delay = 2.55> <Core = "AddSub">   --->   Core 14 'AddSub' <Latency = 0> <II = 1> <Delay = 2.55> <FuncUnit> <Opcode : 'add' 'sub'> <InPorts = 2> <OutPorts = 1>
ST_1 : Operation 32 [1/1] (2.55ns)   --->   "%add_ln24_1 = add nsw i32 %start_y_read, 69" [incrust_2/incrust.cpp:24]   --->   Operation 32 'add' 'add_ln24_1' <Predicate = true> <Delay = 2.55> <Core = "AddSub">   --->   Core 14 'AddSub' <Latency = 0> <II = 1> <Delay = 2.55> <FuncUnit> <Opcode : 'add' 'sub'> <InPorts = 2> <OutPorts = 1>
ST_1 : Operation 33 [1/1] (1.76ns)   --->   "store i32 0, i32* %pixel_1" [incrust_2/incrust.cpp:18]   --->   Operation 33 'store' <Predicate = true> <Delay = 1.76>
ST_1 : Operation 34 [1/1] (1.76ns)   --->   "br label %.loopexit" [incrust_2/incrust.cpp:18]   --->   Operation 34 'br' <Predicate = true> <Delay = 1.76>

State 2 <SV = 1> <Delay = 2.47>
ST_2 : Operation 35 [1/1] (0.00ns)   --->   "%i_0 = phi i9 [ 0, %0 ], [ %i, %.loopexit.loopexit ]"   --->   Operation 35 'phi' 'i_0' <Predicate = true> <Delay = 0.00>
ST_2 : Operation 36 [1/1] (0.00ns)   --->   "%zext_ln18 = zext i9 %i_0 to i32" [incrust_2/incrust.cpp:18]   --->   Operation 36 'zext' 'zext_ln18' <Predicate = true> <Delay = 0.00>
ST_2 : Operation 37 [1/1] (1.66ns)   --->   "%icmp_ln18 = icmp eq i9 %i_0, -32" [incrust_2/incrust.cpp:18]   --->   Operation 37 'icmp' 'icmp_ln18' <Predicate = true> <Delay = 1.66> <Core = "Cmp">   --->   Core 25 'Cmp' <Latency = 0> <II = 1> <Delay = 2.47> <FuncUnit> <Opcode : 'icmp'> <InPorts = 2> <OutPorts = 1>
ST_2 : Operation 38 [1/1] (0.00ns)   --->   "%empty = call i32 (...)* @_ssdm_op_SpecLoopTripCount(i64 480, i64 480, i64 480)"   --->   Operation 38 'speclooptripcount' 'empty' <Predicate = true> <Delay = 0.00>
ST_2 : Operation 39 [1/1] (1.82ns)   --->   "%i = add i9 %i_0, 1" [incrust_2/incrust.cpp:18]   --->   Operation 39 'add' 'i' <Predicate = true> <Delay = 1.82> <Core = "AddSub">   --->   Core 14 'AddSub' <Latency = 0> <II = 1> <Delay = 2.55> <FuncUnit> <Opcode : 'add' 'sub'> <InPorts = 2> <OutPorts = 1>
ST_2 : Operation 40 [1/1] (0.00ns)   --->   "br i1 %icmp_ln18, label %1, label %.preheader.preheader" [incrust_2/incrust.cpp:18]   --->   Operation 40 'br' <Predicate = true> <Delay = 0.00>
ST_2 : Operation 41 [1/1] (2.47ns)   --->   "%icmp_ln24 = icmp slt i32 %zext_ln18, %start_y_read" [incrust_2/incrust.cpp:24]   --->   Operation 41 'icmp' 'icmp_ln24' <Predicate = (!icmp_ln18)> <Delay = 2.47> <Core = "Cmp">   --->   Core 25 'Cmp' <Latency = 0> <II = 1> <Delay = 2.47> <FuncUnit> <Opcode : 'icmp'> <InPorts = 2> <OutPorts = 1>
ST_2 : Operation 42 [1/1] (2.47ns)   --->   "%icmp_ln24_1 = icmp slt i32 %zext_ln18, %add_ln24_1" [incrust_2/incrust.cpp:24]   --->   Operation 42 'icmp' 'icmp_ln24_1' <Predicate = (!icmp_ln18)> <Delay = 2.47> <Core = "Cmp">   --->   Core 25 'Cmp' <Latency = 0> <II = 1> <Delay = 2.47> <FuncUnit> <Opcode : 'icmp'> <InPorts = 2> <OutPorts = 1>
ST_2 : Operation 43 [1/1] (1.76ns)   --->   "br label %.preheader" [incrust_2/incrust.cpp:20]   --->   Operation 43 'br' <Predicate = (!icmp_ln18)> <Delay = 1.76>
ST_2 : Operation 44 [1/1] (0.00ns)   --->   "ret void" [incrust_2/incrust.cpp:31]   --->   Operation 44 'ret' <Predicate = (icmp_ln18)> <Delay = 0.00>

State 3 <SV = 2> <Delay = 5.91>
ST_3 : Operation 45 [1/1] (0.00ns)   --->   "%j_0 = phi i10 [ %j, %_ifconv ], [ 0, %.preheader.preheader ]"   --->   Operation 45 'phi' 'j_0' <Predicate = true> <Delay = 0.00>
ST_3 : Operation 46 [1/1] (0.00ns)   --->   "%zext_ln20 = zext i10 %j_0 to i32" [incrust_2/incrust.cpp:20]   --->   Operation 46 'zext' 'zext_ln20' <Predicate = true> <Delay = 0.00>
ST_3 : Operation 47 [1/1] (1.77ns)   --->   "%icmp_ln20 = icmp eq i10 %j_0, -384" [incrust_2/incrust.cpp:20]   --->   Operation 47 'icmp' 'icmp_ln20' <Predicate = true> <Delay = 1.77> <Core = "Cmp">   --->   Core 25 'Cmp' <Latency = 0> <II = 1> <Delay = 2.47> <FuncUnit> <Opcode : 'icmp'> <InPorts = 2> <OutPorts = 1>
ST_3 : Operation 48 [1/1] (0.00ns)   --->   "%empty_3 = call i32 (...)* @_ssdm_op_SpecLoopTripCount(i64 640, i64 640, i64 640)"   --->   Operation 48 'speclooptripcount' 'empty_3' <Predicate = true> <Delay = 0.00>
ST_3 : Operation 49 [1/1] (1.73ns)   --->   "%j = add i10 %j_0, 1" [incrust_2/incrust.cpp:20]   --->   Operation 49 'add' 'j' <Predicate = true> <Delay = 1.73> <Core = "AddSub">   --->   Core 14 'AddSub' <Latency = 0> <II = 1> <Delay = 2.55> <FuncUnit> <Opcode : 'add' 'sub'> <InPorts = 2> <OutPorts = 1>
ST_3 : Operation 50 [1/1] (0.00ns)   --->   "br i1 %icmp_ln20, label %.loopexit.loopexit, label %_ifconv" [incrust_2/incrust.cpp:20]   --->   Operation 50 'br' <Predicate = true> <Delay = 0.00>
ST_3 : Operation 51 [1/1] (0.00ns)   --->   "%pixel_1_load = load i32* %pixel_1" [incrust_2/incrust.cpp:26]   --->   Operation 51 'load' 'pixel_1_load' <Predicate = (!icmp_ln20)> <Delay = 0.00>
ST_3 : Operation 52 [1/1] (2.47ns)   --->   "%icmp_ln24_2 = icmp slt i32 %zext_ln20, %start_x_read" [incrust_2/incrust.cpp:24]   --->   Operation 52 'icmp' 'icmp_ln24_2' <Predicate = (!icmp_ln20)> <Delay = 2.47> <Core = "Cmp">   --->   Core 25 'Cmp' <Latency = 0> <II = 1> <Delay = 2.47> <FuncUnit> <Opcode : 'icmp'> <InPorts = 2> <OutPorts = 1>
ST_3 : Operation 53 [1/1] (2.47ns)   --->   "%icmp_ln24_3 = icmp slt i32 %zext_ln20, %add_ln24" [incrust_2/incrust.cpp:24]   --->   Operation 53 'icmp' 'icmp_ln24_3' <Predicate = (!icmp_ln20)> <Delay = 2.47> <Core = "Cmp">   --->   Core 25 'Cmp' <Latency = 0> <II = 1> <Delay = 2.47> <FuncUnit> <Opcode : 'icmp'> <InPorts = 2> <OutPorts = 1>
ST_3 : Operation 54 [1/1] (0.00ns) (grouped into LUT with out node and_ln24)   --->   "%xor_ln24_1 = xor i1 %icmp_ln24_3, true" [incrust_2/incrust.cpp:24]   --->   Operation 54 'xor' 'xor_ln24_1' <Predicate = (!icmp_ln20)> <Delay = 0.00> <Core = "LogicGate">   --->   Core 27 'LogicGate' <Latency = 0> <II = 1> <Delay = 0.97> <FuncUnit> <Opcode : 'and' 'or' 'xor'> <InPorts = 2> <OutPorts = 1>
ST_3 : Operation 55 [1/1] (0.00ns) (grouped into LUT with out node and_ln24)   --->   "%or_ln24 = or i1 %icmp_ln24_2, %icmp_ln24" [incrust_2/incrust.cpp:24]   --->   Operation 55 'or' 'or_ln24' <Predicate = (!icmp_ln20)> <Delay = 0.00> <Core = "LogicGate">   --->   Core 27 'LogicGate' <Latency = 0> <II = 1> <Delay = 0.97> <FuncUnit> <Opcode : 'and' 'or' 'xor'> <InPorts = 2> <OutPorts = 1>
ST_3 : Operation 56 [1/1] (0.00ns) (grouped into LUT with out node and_ln24)   --->   "%or_ln24_1 = or i1 %or_ln24, %xor_ln24_1" [incrust_2/incrust.cpp:24]   --->   Operation 56 'or' 'or_ln24_1' <Predicate = (!icmp_ln20)> <Delay = 0.00> <Core = "LogicGate">   --->   Core 27 'LogicGate' <Latency = 0> <II = 1> <Delay = 0.97> <FuncUnit> <Opcode : 'and' 'or' 'xor'> <InPorts = 2> <OutPorts = 1>
ST_3 : Operation 57 [1/1] (0.00ns) (grouped into LUT with out node and_ln24)   --->   "%xor_ln24 = xor i1 %or_ln24_1, true" [incrust_2/incrust.cpp:24]   --->   Operation 57 'xor' 'xor_ln24' <Predicate = (!icmp_ln20)> <Delay = 0.00> <Core = "LogicGate">   --->   Core 27 'LogicGate' <Latency = 0> <II = 1> <Delay = 0.97> <FuncUnit> <Opcode : 'and' 'or' 'xor'> <InPorts = 2> <OutPorts = 1>
ST_3 : Operation 58 [1/1] (0.97ns) (out node of the LUT)   --->   "%and_ln24 = and i1 %icmp_ln24_1, %xor_ln24" [incrust_2/incrust.cpp:24]   --->   Operation 58 'and' 'and_ln24' <Predicate = (!icmp_ln20)> <Delay = 0.97> <Core = "LogicGate">   --->   Core 27 'LogicGate' <Latency = 0> <II = 1> <Delay = 0.97> <FuncUnit> <Opcode : 'and' 'or' 'xor'> <InPorts = 2> <OutPorts = 1>
ST_3 : Operation 59 [1/1] (0.00ns)   --->   "%sext_ln25 = sext i32 %pixel_1_load to i64" [incrust_2/incrust.cpp:25]   --->   Operation 59 'sext' 'sext_ln25' <Predicate = (!icmp_ln20)> <Delay = 0.00>
ST_3 : Operation 60 [1/1] (0.00ns)   --->   "%im_incrust_V_addr = getelementptr [10064 x i8]* @im_incrust_V, i64 0, i64 %sext_ln25" [incrust_2/incrust.cpp:25]   --->   Operation 60 'getelementptr' 'im_incrust_V_addr' <Predicate = (!icmp_ln20)> <Delay = 0.00>
ST_3 : Operation 61 [2/2] (3.25ns)   --->   "%video_data_V_1 = load i8* %im_incrust_V_addr, align 1" [incrust_2/incrust.cpp:25]   --->   Operation 61 'load' 'video_data_V_1' <Predicate = (!icmp_ln20)> <Delay = 3.25> <Core = "ROM_nP">   --->   Core 52 'ROM_nP' <Latency = 1> <II = 1> <Delay = 3.25> <Storage> <Opcode : 'load'> <Ports = 0> <Width = 8> <Depth = 10064> <ROM>
ST_3 : Operation 62 [1/1] (2.55ns)   --->   "%pixel = add nsw i32 %pixel_1_load, 1" [incrust_2/incrust.cpp:26]   --->   Operation 62 'add' 'pixel' <Predicate = (!icmp_ln20)> <Delay = 2.55> <Core = "AddSub">   --->   Core 14 'AddSub' <Latency = 0> <II = 1> <Delay = 2.55> <FuncUnit> <Opcode : 'add' 'sub'> <InPorts = 2> <OutPorts = 1>
ST_3 : Operation 63 [1/1] (0.69ns)   --->   "%pixel_2 = select i1 %and_ln24, i32 %pixel, i32 %pixel_1_load" [incrust_2/incrust.cpp:24]   --->   Operation 63 'select' 'pixel_2' <Predicate = (!icmp_ln20)> <Delay = 0.69> <Core = "Sel">   --->   Core 26 'Sel' <Latency = 0> <II = 1> <Delay = 1.24> <FuncUnit> <Opcode : 'select'> <InPorts = 3> <OutPorts = 1>
ST_3 : Operation 64 [1/1] (1.76ns)   --->   "store i32 %pixel_2, i32* %pixel_1" [incrust_2/incrust.cpp:20]   --->   Operation 64 'store' <Predicate = (!icmp_ln20)> <Delay = 1.76>
ST_3 : Operation 65 [1/1] (0.00ns)   --->   "br label %.loopexit"   --->   Operation 65 'br' <Predicate = (icmp_ln20)> <Delay = 0.00>

State 4 <SV = 3> <Delay = 4.50>
ST_4 : Operation 66 [1/1] (0.00ns)   --->   "%empty_4 = call { i8, i1, i1, i1, i1, i1, i1 } @_ssdm_op_Read.axis.volatile.i8P.i1P.i1P.i1P.i1P.i1P.i1P(i8* %s_axis_video_V_data_V, i1* %s_axis_video_V_keep_V, i1* %s_axis_video_V_strb_V, i1* %s_axis_video_V_user_V, i1* %s_axis_video_V_last_V, i1* %s_axis_video_V_id_V, i1* %s_axis_video_V_dest_V)" [incrust_2/incrust.cpp:22]   --->   Operation 66 'read' 'empty_4' <Predicate = true> <Delay = 0.00> <Core = "AXI4Stream">   --->   Core 5 'AXI4Stream' <Latency = 0> <II = 1> <Delay = 1.00> <Adapter> <Opcode : >
ST_4 : Operation 67 [1/1] (0.00ns) (grouped into LUT with out node video_data_V)   --->   "%tmp_data_V_1 = extractvalue { i8, i1, i1, i1, i1, i1, i1 } %empty_4, 0" [incrust_2/incrust.cpp:22]   --->   Operation 67 'extractvalue' 'tmp_data_V_1' <Predicate = (!and_ln24)> <Delay = 0.00>
ST_4 : Operation 68 [1/1] (0.00ns)   --->   "%tmp_keep_V = extractvalue { i8, i1, i1, i1, i1, i1, i1 } %empty_4, 1" [incrust_2/incrust.cpp:22]   --->   Operation 68 'extractvalue' 'tmp_keep_V' <Predicate = true> <Delay = 0.00>
ST_4 : Operation 69 [1/1] (0.00ns)   --->   "%tmp_strb_V = extractvalue { i8, i1, i1, i1, i1, i1, i1 } %empty_4, 2" [incrust_2/incrust.cpp:22]   --->   Operation 69 'extractvalue' 'tmp_strb_V' <Predicate = true> <Delay = 0.00>
ST_4 : Operation 70 [1/1] (0.00ns)   --->   "%tmp_user_V = extractvalue { i8, i1, i1, i1, i1, i1, i1 } %empty_4, 3" [incrust_2/incrust.cpp:22]   --->   Operation 70 'extractvalue' 'tmp_user_V' <Predicate = true> <Delay = 0.00>
ST_4 : Operation 71 [1/1] (0.00ns)   --->   "%tmp_last_V = extractvalue { i8, i1, i1, i1, i1, i1, i1 } %empty_4, 4" [incrust_2/incrust.cpp:22]   --->   Operation 71 'extractvalue' 'tmp_last_V' <Predicate = true> <Delay = 0.00>
ST_4 : Operation 72 [1/1] (0.00ns)   --->   "%tmp_id_V = extractvalue { i8, i1, i1, i1, i1, i1, i1 } %empty_4, 5" [incrust_2/incrust.cpp:22]   --->   Operation 72 'extractvalue' 'tmp_id_V' <Predicate = true> <Delay = 0.00>
ST_4 : Operation 73 [1/1] (0.00ns)   --->   "%tmp_dest_V = extractvalue { i8, i1, i1, i1, i1, i1, i1 } %empty_4, 6" [incrust_2/incrust.cpp:22]   --->   Operation 73 'extractvalue' 'tmp_dest_V' <Predicate = true> <Delay = 0.00>
ST_4 : Operation 74 [1/2] (3.25ns)   --->   "%video_data_V_1 = load i8* %im_incrust_V_addr, align 1" [incrust_2/incrust.cpp:25]   --->   Operation 74 'load' 'video_data_V_1' <Predicate = true> <Delay = 3.25> <Core = "ROM_nP">   --->   Core 52 'ROM_nP' <Latency = 1> <II = 1> <Delay = 3.25> <Storage> <Opcode : 'load'> <Ports = 0> <Width = 8> <Depth = 10064> <ROM>
ST_4 : Operation 75 [1/1] (1.24ns) (out node of the LUT)   --->   "%video_data_V = select i1 %and_ln24, i8 %video_data_V_1, i8 %tmp_data_V_1" [incrust_2/incrust.cpp:24]   --->   Operation 75 'select' 'video_data_V' <Predicate = true> <Delay = 1.24> <Core = "Sel">   --->   Core 26 'Sel' <Latency = 0> <II = 1> <Delay = 1.24> <FuncUnit> <Opcode : 'select'> <InPorts = 3> <OutPorts = 1>
ST_4 : Operation 76 [2/2] (0.00ns)   --->   "call void @_ssdm_op_Write.axis.volatile.i8P.i1P.i1P.i1P.i1P.i1P.i1P(i8* %m_axis_video_V_data_V, i1* %m_axis_video_V_keep_V, i1* %m_axis_video_V_strb_V, i1* %m_axis_video_V_user_V, i1* %m_axis_video_V_last_V, i1* %m_axis_video_V_id_V, i1* %m_axis_video_V_dest_V, i8 %video_data_V, i1 %tmp_keep_V, i1 %tmp_strb_V, i1 %tmp_user_V, i1 %tmp_last_V, i1 %tmp_id_V, i1 %tmp_dest_V)" [incrust_2/incrust.cpp:28]   --->   Operation 76 'write' <Predicate = true> <Delay = 0.00> <Core = "AXI4Stream">   --->   Core 5 'AXI4Stream' <Latency = 0> <II = 1> <Delay = 1.00> <Adapter> <Opcode : >

State 5 <SV = 4> <Delay = 0.00>
ST_5 : Operation 77 [1/2] (0.00ns)   --->   "call void @_ssdm_op_Write.axis.volatile.i8P.i1P.i1P.i1P.i1P.i1P.i1P(i8* %m_axis_video_V_data_V, i1* %m_axis_video_V_keep_V, i1* %m_axis_video_V_strb_V, i1* %m_axis_video_V_user_V, i1* %m_axis_video_V_last_V, i1* %m_axis_video_V_id_V, i1* %m_axis_video_V_dest_V, i8 %video_data_V, i1 %tmp_keep_V, i1 %tmp_strb_V, i1 %tmp_user_V, i1 %tmp_last_V, i1 %tmp_id_V, i1 %tmp_dest_V)" [incrust_2/incrust.cpp:28]   --->   Operation 77 'write' <Predicate = true> <Delay = 0.00> <Core = "AXI4Stream">   --->   Core 5 'AXI4Stream' <Latency = 0> <II = 1> <Delay = 1.00> <Adapter> <Opcode : >
ST_5 : Operation 78 [1/1] (0.00ns)   --->   "br label %.preheader" [incrust_2/incrust.cpp:20]   --->   Operation 78 'br' <Predicate = true> <Delay = 0.00>


============================================================
+ Verbose Summary: Binding
============================================================
STG Binding: 
---------------- STG Properties BEGIN ----------------
- Is combinational: 0
- Is one-state seq: 0
- Is datapath-only: 0
- Is pipelined: 0
- Is top level: 1
Port [ Return ] is wired: 1; IO mode=ap_ctrl_none:ce=0
Port [ s_axis_video_V_data_V]:  wired=1; compound=1; hidden=0; nouse=0; global=0; static=0; extern=0; dir=0; type=0; pingpong=0; private_global=0; IO mode=axis:ce=0
Port [ s_axis_video_V_keep_V]:  wired=1; compound=1; hidden=0; nouse=0; global=0; static=0; extern=0; dir=0; type=0; pingpong=0; private_global=0; IO mode=axis:ce=0
Port [ s_axis_video_V_strb_V]:  wired=1; compound=1; hidden=0; nouse=0; global=0; static=0; extern=0; dir=0; type=0; pingpong=0; private_global=0; IO mode=axis:ce=0
Port [ s_axis_video_V_user_V]:  wired=1; compound=1; hidden=0; nouse=0; global=0; static=0; extern=0; dir=0; type=0; pingpong=0; private_global=0; IO mode=axis:ce=0
Port [ s_axis_video_V_last_V]:  wired=1; compound=1; hidden=0; nouse=0; global=0; static=0; extern=0; dir=0; type=0; pingpong=0; private_global=0; IO mode=axis:ce=0
Port [ s_axis_video_V_id_V]:  wired=1; compound=1; hidden=0; nouse=0; global=0; static=0; extern=0; dir=0; type=0; pingpong=0; private_global=0; IO mode=axis:ce=0
Port [ s_axis_video_V_dest_V]:  wired=1; compound=1; hidden=0; nouse=0; global=0; static=0; extern=0; dir=0; type=0; pingpong=0; private_global=0; IO mode=axis:ce=0
Port [ m_axis_video_V_data_V]:  wired=1; compound=1; hidden=0; nouse=0; global=0; static=0; extern=0; dir=1; type=0; pingpong=0; private_global=0; IO mode=axis:ce=0
Port [ m_axis_video_V_keep_V]:  wired=1; compound=1; hidden=0; nouse=0; global=0; static=0; extern=0; dir=1; type=0; pingpong=0; private_global=0; IO mode=axis:ce=0
Port [ m_axis_video_V_strb_V]:  wired=1; compound=1; hidden=0; nouse=0; global=0; static=0; extern=0; dir=1; type=0; pingpong=0; private_global=0; IO mode=axis:ce=0
Port [ m_axis_video_V_user_V]:  wired=1; compound=1; hidden=0; nouse=0; global=0; static=0; extern=0; dir=1; type=0; pingpong=0; private_global=0; IO mode=axis:ce=0
Port [ m_axis_video_V_last_V]:  wired=1; compound=1; hidden=0; nouse=0; global=0; static=0; extern=0; dir=1; type=0; pingpong=0; private_global=0; IO mode=axis:ce=0
Port [ m_axis_video_V_id_V]:  wired=1; compound=1; hidden=0; nouse=0; global=0; static=0; extern=0; dir=1; type=0; pingpong=0; private_global=0; IO mode=axis:ce=0
Port [ m_axis_video_V_dest_V]:  wired=1; compound=1; hidden=0; nouse=0; global=0; static=0; extern=0; dir=1; type=0; pingpong=0; private_global=0; IO mode=axis:ce=0
Port [ start_x]:  wired=1; compound=0; hidden=0; nouse=0; global=0; static=0; extern=0; dir=0; type=0; pingpong=0; private_global=0; IO mode=ap_none:ce=0
Port [ start_y]:  wired=1; compound=0; hidden=0; nouse=0; global=0; static=0; extern=0; dir=0; type=0; pingpong=0; private_global=0; IO mode=ap_none:ce=0
Port [ im_incrust_V]:  wired=0; compound=1; hidden=1; nouse=0; global=1; static=1; extern=0; dir=0; type=1; pingpong=0; private_global=1; linkage=7; visibility=0; MemPort=[1]; IO mode=ap_memory:ce=0
---------------- STG Properties END ------------------

---------------- Datapath Model BEGIN ----------------

<LifeTime>
<method=bitvector/>
pixel_1            (alloca           ) [ 011111]
specbitsmap_ln0    (specbitsmap      ) [ 000000]
specbitsmap_ln0    (specbitsmap      ) [ 000000]
specbitsmap_ln0    (specbitsmap      ) [ 000000]
specbitsmap_ln0    (specbitsmap      ) [ 000000]
specbitsmap_ln0    (specbitsmap      ) [ 000000]
specbitsmap_ln0    (specbitsmap      ) [ 000000]
specbitsmap_ln0    (specbitsmap      ) [ 000000]
specbitsmap_ln0    (specbitsmap      ) [ 000000]
specbitsmap_ln0    (specbitsmap      ) [ 000000]
specbitsmap_ln0    (specbitsmap      ) [ 000000]
specbitsmap_ln0    (specbitsmap      ) [ 000000]
specbitsmap_ln0    (specbitsmap      ) [ 000000]
specbitsmap_ln0    (specbitsmap      ) [ 000000]
specbitsmap_ln0    (specbitsmap      ) [ 000000]
specbitsmap_ln0    (specbitsmap      ) [ 000000]
specbitsmap_ln0    (specbitsmap      ) [ 000000]
spectopmodule_ln0  (spectopmodule    ) [ 000000]
start_y_read       (read             ) [ 001111]
start_x_read       (read             ) [ 001111]
specinterface_ln11 (specinterface    ) [ 000000]
specinterface_ln11 (specinterface    ) [ 000000]
specinterface_ln12 (specinterface    ) [ 000000]
specinterface_ln13 (specinterface    ) [ 000000]
specinterface_ln14 (specinterface    ) [ 000000]
add_ln24           (add              ) [ 001111]
add_ln24_1         (add              ) [ 001111]
store_ln18         (store            ) [ 000000]
br_ln18            (br               ) [ 011111]
i_0                (phi              ) [ 001000]
zext_ln18          (zext             ) [ 000000]
icmp_ln18          (icmp             ) [ 001111]
empty              (speclooptripcount) [ 000000]
i                  (add              ) [ 011111]
br_ln18            (br               ) [ 000000]
icmp_ln24          (icmp             ) [ 000111]
icmp_ln24_1        (icmp             ) [ 000111]
br_ln20            (br               ) [ 001111]
ret_ln31           (ret              ) [ 000000]
j_0                (phi              ) [ 000100]
zext_ln20          (zext             ) [ 000000]
icmp_ln20          (icmp             ) [ 001111]
empty_3            (speclooptripcount) [ 000000]
j                  (add              ) [ 001111]
br_ln20            (br               ) [ 000000]
pixel_1_load       (load             ) [ 000000]
icmp_ln24_2        (icmp             ) [ 000000]
icmp_ln24_3        (icmp             ) [ 000000]
xor_ln24_1         (xor              ) [ 000000]
or_ln24            (or               ) [ 000000]
or_ln24_1          (or               ) [ 000000]
xor_ln24           (xor              ) [ 000000]
and_ln24           (and              ) [ 000010]
sext_ln25          (sext             ) [ 000000]
im_incrust_V_addr  (getelementptr    ) [ 000010]
pixel              (add              ) [ 000000]
pixel_2            (select           ) [ 000000]
store_ln20         (store            ) [ 000000]
br_ln0             (br               ) [ 011111]
empty_4            (read             ) [ 000000]
tmp_data_V_1       (extractvalue     ) [ 000000]
tmp_keep_V         (extractvalue     ) [ 000001]
tmp_strb_V         (extractvalue     ) [ 000001]
tmp_user_V         (extractvalue     ) [ 000001]
tmp_last_V         (extractvalue     ) [ 000001]
tmp_id_V           (extractvalue     ) [ 000001]
tmp_dest_V         (extractvalue     ) [ 000001]
video_data_V_1     (load             ) [ 000000]
video_data_V       (select           ) [ 000001]
write_ln28         (write            ) [ 000000]
br_ln20            (br               ) [ 001111]
</LifeTime>

<model>

<comp_list>
<comp id="0" class="1000" name="s_axis_video_V_data_V">
<pin_list>
<pin id="1" dir="1" index="0" bw="1" slack="0"/>
</pin_list>
<bind>
<StgValue><ssdm name="s_axis_video_V_data_V"/></StgValue>
</bind>
</comp>

<comp id="2" class="1000" name="s_axis_video_V_keep_V">
<pin_list>
<pin id="3" dir="1" index="0" bw="1" slack="0"/>
</pin_list>
<bind>
<StgValue><ssdm name="s_axis_video_V_keep_V"/></StgValue>
</bind>
</comp>

<comp id="4" class="1000" name="s_axis_video_V_strb_V">
<pin_list>
<pin id="5" dir="1" index="0" bw="1" slack="0"/>
</pin_list>
<bind>
<StgValue><ssdm name="s_axis_video_V_strb_V"/></StgValue>
</bind>
</comp>

<comp id="6" class="1000" name="s_axis_video_V_user_V">
<pin_list>
<pin id="7" dir="1" index="0" bw="1" slack="0"/>
</pin_list>
<bind>
<StgValue><ssdm name="s_axis_video_V_user_V"/></StgValue>
</bind>
</comp>

<comp id="8" class="1000" name="s_axis_video_V_last_V">
<pin_list>
<pin id="9" dir="1" index="0" bw="1" slack="0"/>
</pin_list>
<bind>
<StgValue><ssdm name="s_axis_video_V_last_V"/></StgValue>
</bind>
</comp>

<comp id="10" class="1000" name="s_axis_video_V_id_V">
<pin_list>
<pin id="11" dir="1" index="0" bw="1" slack="0"/>
</pin_list>
<bind>
<StgValue><ssdm name="s_axis_video_V_id_V"/></StgValue>
</bind>
</comp>

<comp id="12" class="1000" name="s_axis_video_V_dest_V">
<pin_list>
<pin id="13" dir="1" index="0" bw="1" slack="0"/>
</pin_list>
<bind>
<StgValue><ssdm name="s_axis_video_V_dest_V"/></StgValue>
</bind>
</comp>

<comp id="14" class="1000" name="m_axis_video_V_data_V">
<pin_list>
<pin id="15" dir="1" index="0" bw="1" slack="0"/>
</pin_list>
<bind>
<StgValue><ssdm name="m_axis_video_V_data_V"/></StgValue>
</bind>
</comp>

<comp id="16" class="1000" name="m_axis_video_V_keep_V">
<pin_list>
<pin id="17" dir="1" index="0" bw="1" slack="0"/>
</pin_list>
<bind>
<StgValue><ssdm name="m_axis_video_V_keep_V"/></StgValue>
</bind>
</comp>

<comp id="18" class="1000" name="m_axis_video_V_strb_V">
<pin_list>
<pin id="19" dir="1" index="0" bw="1" slack="0"/>
</pin_list>
<bind>
<StgValue><ssdm name="m_axis_video_V_strb_V"/></StgValue>
</bind>
</comp>

<comp id="20" class="1000" name="m_axis_video_V_user_V">
<pin_list>
<pin id="21" dir="1" index="0" bw="1" slack="0"/>
</pin_list>
<bind>
<StgValue><ssdm name="m_axis_video_V_user_V"/></StgValue>
</bind>
</comp>

<comp id="22" class="1000" name="m_axis_video_V_last_V">
<pin_list>
<pin id="23" dir="1" index="0" bw="1" slack="0"/>
</pin_list>
<bind>
<StgValue><ssdm name="m_axis_video_V_last_V"/></StgValue>
</bind>
</comp>

<comp id="24" class="1000" name="m_axis_video_V_id_V">
<pin_list>
<pin id="25" dir="1" index="0" bw="1" slack="0"/>
</pin_list>
<bind>
<StgValue><ssdm name="m_axis_video_V_id_V"/></StgValue>
</bind>
</comp>

<comp id="26" class="1000" name="m_axis_video_V_dest_V">
<pin_list>
<pin id="27" dir="1" index="0" bw="1" slack="0"/>
</pin_list>
<bind>
<StgValue><ssdm name="m_axis_video_V_dest_V"/></StgValue>
</bind>
</comp>

<comp id="28" class="1000" name="start_x">
<pin_list>
<pin id="29" dir="1" index="0" bw="1" slack="0"/>
</pin_list>
<bind>
<StgValue><ssdm name="start_x"/></StgValue>
</bind>
</comp>

<comp id="30" class="1000" name="start_y">
<pin_list>
<pin id="31" dir="1" index="0" bw="1" slack="0"/>
</pin_list>
<bind>
<StgValue><ssdm name="start_y"/></StgValue>
</bind>
</comp>

<comp id="32" class="1000" name="im_incrust_V">
<pin_list>
<pin id="33" dir="1" index="0" bw="1" slack="0"/>
</pin_list>
<bind>
<StgValue><ssdm name="im_incrust_V"/><MemPortTyVec>1 </MemPortTyVec>
</StgValue>
</bind>
</comp>

<comp id="34" class="1001" name="const_34">
<pin_list>
<pin id="35" dir="1" index="0" bw="1" slack="0"/>
</pin_list>
<bind>
<StgValue><ssdm name=""/></StgValue>
</bind>
</comp>

<comp id="36" class="1001" name="const_36">
<pin_list>
<pin id="37" dir="1" index="0" bw="1" slack="2147483647"/>
</pin_list>
<bind>
<StgValue><ssdm name="_ssdm_op_SpecBitsMap"/></StgValue>
</bind>
</comp>

<comp id="38" class="1001" name="const_38">
<pin_list>
<pin id="39" dir="1" index="0" bw="1" slack="2147483647"/>
</pin_list>
<bind>
<StgValue><ssdm name="_ssdm_op_SpecTopModule"/></StgValue>
</bind>
</comp>

<comp id="40" class="1001" name="const_40">
<pin_list>
<pin id="41" dir="1" index="0" bw="1" slack="2147483647"/>
</pin_list>
<bind>
<StgValue><ssdm name="incrust_str"/></StgValue>
</bind>
</comp>

<comp id="42" class="1001" name="const_42">
<pin_list>
<pin id="43" dir="1" index="0" bw="1" slack="0"/>
</pin_list>
<bind>
<StgValue><ssdm name="_ssdm_op_Read.s_axilite.i32"/></StgValue>
</bind>
</comp>

<comp id="44" class="1001" name="const_44">
<pin_list>
<pin id="45" dir="1" index="0" bw="1" slack="2147483647"/>
</pin_list>
<bind>
<StgValue><ssdm name="_ssdm_op_SpecInterface"/></StgValue>
</bind>
</comp>

<comp id="46" class="1001" name="const_46">
<pin_list>
<pin id="47" dir="1" index="0" bw="1" slack="0"/>
</pin_list>
<bind>
<StgValue><ssdm name=""/></StgValue>
</bind>
</comp>

<comp id="48" class="1001" name="const_48">
<pin_list>
<pin id="49" dir="1" index="0" bw="1" slack="2147483647"/>
</pin_list>
<bind>
<StgValue><ssdm name="p_str"/></StgValue>
</bind>
</comp>

<comp id="50" class="1001" name="const_50">
<pin_list>
<pin id="51" dir="1" index="0" bw="1" slack="2147483647"/>
</pin_list>
<bind>
<StgValue><ssdm name="p_str2"/></StgValue>
</bind>
</comp>

<comp id="52" class="1001" name="const_52">
<pin_list>
<pin id="53" dir="1" index="0" bw="1" slack="2147483647"/>
</pin_list>
<bind>
<StgValue><ssdm name="p_str3"/></StgValue>
</bind>
</comp>

<comp id="54" class="1001" name="const_54">
<pin_list>
<pin id="55" dir="1" index="0" bw="1" slack="2147483647"/>
</pin_list>
<bind>
<StgValue><ssdm name="p_str4"/></StgValue>
</bind>
</comp>

<comp id="56" class="1001" name="const_56">
<pin_list>
<pin id="57" dir="1" index="0" bw="1" slack="2147483647"/>
</pin_list>
<bind>
<StgValue><ssdm name="p_str5"/></StgValue>
</bind>
</comp>

<comp id="58" class="1001" name="const_58">
<pin_list>
<pin id="59" dir="1" index="0" bw="1" slack="0"/>
</pin_list>
<bind>
<StgValue><ssdm name=""/></StgValue>
</bind>
</comp>

<comp id="60" class="1001" name="const_60">
<pin_list>
<pin id="61" dir="1" index="0" bw="1" slack="0"/>
</pin_list>
<bind>
<StgValue><ssdm name=""/></StgValue>
</bind>
</comp>

<comp id="62" class="1001" name="const_62">
<pin_list>
<pin id="63" dir="1" index="0" bw="1" slack="1"/>
</pin_list>
<bind>
<StgValue><ssdm name=""/></StgValue>
</bind>
</comp>

<comp id="64" class="1001" name="const_64">
<pin_list>
<pin id="65" dir="1" index="0" bw="1" slack="0"/>
</pin_list>
<bind>
<StgValue><ssdm name=""/></StgValue>
</bind>
</comp>

<comp id="66" class="1001" name="const_66">
<pin_list>
<pin id="67" dir="1" index="0" bw="1" slack="2147483647"/>
</pin_list>
<bind>
<StgValue><ssdm name="_ssdm_op_SpecLoopTripCount"/></StgValue>
</bind>
</comp>

<comp id="68" class="1001" name="const_68">
<pin_list>
<pin id="69" dir="1" index="0" bw="1" slack="2147483647"/>
</pin_list>
<bind>
<StgValue><ssdm name=""/></StgValue>
</bind>
</comp>

<comp id="70" class="1001" name="const_70">
<pin_list>
<pin id="71" dir="1" index="0" bw="1" slack="0"/>
</pin_list>
<bind>
<StgValue><ssdm name=""/></StgValue>
</bind>
</comp>

<comp id="72" class="1001" name="const_72">
<pin_list>
<pin id="73" dir="1" index="0" bw="1" slack="1"/>
</pin_list>
<bind>
<StgValue><ssdm name=""/></StgValue>
</bind>
</comp>

<comp id="74" class="1001" name="const_74">
<pin_list>
<pin id="75" dir="1" index="0" bw="1" slack="0"/>
</pin_list>
<bind>
<StgValue><ssdm name=""/></StgValue>
</bind>
</comp>

<comp id="76" class="1001" name="const_76">
<pin_list>
<pin id="77" dir="1" index="0" bw="1" slack="2147483647"/>
</pin_list>
<bind>
<StgValue><ssdm name=""/></StgValue>
</bind>
</comp>

<comp id="78" class="1001" name="const_78">
<pin_list>
<pin id="79" dir="1" index="0" bw="1" slack="0"/>
</pin_list>
<bind>
<StgValue><ssdm name=""/></StgValue>
</bind>
</comp>

<comp id="80" class="1001" name="const_80">
<pin_list>
<pin id="81" dir="1" index="0" bw="1" slack="0"/>
</pin_list>
<bind>
<StgValue><ssdm name=""/></StgValue>
</bind>
</comp>

<comp id="82" class="1001" name="const_82">
<pin_list>
<pin id="83" dir="1" index="0" bw="1" slack="0"/>
</pin_list>
<bind>
<StgValue><ssdm name=""/></StgValue>
</bind>
</comp>

<comp id="84" class="1001" name="const_84">
<pin_list>
<pin id="85" dir="1" index="0" bw="1" slack="0"/>
</pin_list>
<bind>
<StgValue><ssdm name="_ssdm_op_Read.axis.volatile.i8P.i1P.i1P.i1P.i1P.i1P.i1P"/></StgValue>
</bind>
</comp>

<comp id="86" class="1001" name="const_86">
<pin_list>
<pin id="87" dir="1" index="0" bw="1" slack="0"/>
</pin_list>
<bind>
<StgValue><ssdm name="_ssdm_op_Write.axis.volatile.i8P.i1P.i1P.i1P.i1P.i1P.i1P"/></StgValue>
</bind>
</comp>

<comp id="88" class="1004" name="pixel_1_fu_88">
<pin_list>
<pin id="89" dir="0" index="0" bw="1" slack="0"/>
<pin id="90" dir="1" index="1" bw="32" slack="0"/>
</pin_list>
<bind>
<opcode="alloca(26) " fcode="alloca"/>
<opset="pixel_1/1 "/>
</bind>
</comp>

<comp id="92" class="1004" name="start_y_read_read_fu_92">
<pin_list>
<pin id="93" dir="0" index="0" bw="32" slack="0"/>
<pin id="94" dir="0" index="1" bw="32" slack="0"/>
<pin id="95" dir="1" index="2" bw="32" slack="0"/>
</pin_list>
<bind>
<opcode="read(1150) " fcode="read"/>
<opset="start_y_read/1 "/>
</bind>
</comp>

<comp id="98" class="1004" name="start_x_read_read_fu_98">
<pin_list>
<pin id="99" dir="0" index="0" bw="32" slack="0"/>
<pin id="100" dir="0" index="1" bw="32" slack="0"/>
<pin id="101" dir="1" index="2" bw="32" slack="0"/>
</pin_list>
<bind>
<opcode="read(1150) " fcode="read"/>
<opset="start_x_read/1 "/>
</bind>
</comp>

<comp id="104" class="1004" name="empty_4_read_fu_104">
<pin_list>
<pin id="105" dir="0" index="0" bw="14" slack="0"/>
<pin id="106" dir="0" index="1" bw="8" slack="0"/>
<pin id="107" dir="0" index="2" bw="1" slack="0"/>
<pin id="108" dir="0" index="3" bw="1" slack="0"/>
<pin id="109" dir="0" index="4" bw="1" slack="0"/>
<pin id="110" dir="0" index="5" bw="1" slack="0"/>
<pin id="111" dir="0" index="6" bw="1" slack="0"/>
<pin id="112" dir="0" index="7" bw="1" slack="0"/>
<pin id="113" dir="1" index="8" bw="14" slack="0"/>
</pin_list>
<bind>
<opcode="read(1150) " fcode="read"/>
<opset="empty_4/4 "/>
</bind>
</comp>

<comp id="122" class="1004" name="grp_write_fu_122">
<pin_list>
<pin id="123" dir="0" index="0" bw="0" slack="0"/>
<pin id="124" dir="0" index="1" bw="8" slack="0"/>
<pin id="125" dir="0" index="2" bw="1" slack="0"/>
<pin id="126" dir="0" index="3" bw="1" slack="0"/>
<pin id="127" dir="0" index="4" bw="1" slack="0"/>
<pin id="128" dir="0" index="5" bw="1" slack="0"/>
<pin id="129" dir="0" index="6" bw="1" slack="0"/>
<pin id="130" dir="0" index="7" bw="1" slack="0"/>
<pin id="131" dir="0" index="8" bw="8" slack="0"/>
<pin id="132" dir="0" index="9" bw="1" slack="0"/>
<pin id="133" dir="0" index="10" bw="1" slack="0"/>
<pin id="134" dir="0" index="11" bw="1" slack="0"/>
<pin id="135" dir="0" index="12" bw="1" slack="0"/>
<pin id="136" dir="0" index="13" bw="1" slack="0"/>
<pin id="137" dir="0" index="14" bw="1" slack="0"/>
<pin id="138" dir="1" index="15" bw="0" slack="2147483647"/>
</pin_list>
<bind>
<opcode="write(1151) " fcode="write"/>
<opset="write_ln28/4 "/>
</bind>
</comp>

<comp id="147" class="1004" name="im_incrust_V_addr_gep_fu_147">
<pin_list>
<pin id="148" dir="0" index="0" bw="8" slack="0"/>
<pin id="149" dir="0" index="1" bw="1" slack="0"/>
<pin id="150" dir="0" index="2" bw="32" slack="0"/>
<pin id="151" dir="1" index="3" bw="14" slack="0"/>
</pin_list>
<bind>
<opcode="getelementptr(29) " fcode="getelementptr"/>
<opset="im_incrust_V_addr/3 "/>
</bind>
</comp>

<comp id="154" class="1004" name="grp_access_fu_154">
<pin_list>
<pin id="155" dir="0" index="0" bw="14" slack="0"/>
<pin id="156" dir="0" index="1" bw="8" slack="2147483647"/>
<pin id="157" dir="0" index="2" bw="0" slack="2147483647"/>
<pin id="158" dir="1" index="3" bw="8" slack="0"/>
</pin_list>
<bind>
<opcode="load(27) " fcode="load"/>
<opset="video_data_V_1/3 "/>
</bind>
</comp>

<comp id="160" class="1005" name="i_0_reg_160">
<pin_list>
<pin id="161" dir="0" index="0" bw="9" slack="1"/>
<pin id="162" dir="1" index="1" bw="9" slack="1"/>
</pin_list>
<bind>
<opset="i_0 (phireg) "/>
</bind>
</comp>

<comp id="164" class="1004" name="i_0_phi_fu_164">
<pin_list>
<pin id="165" dir="0" index="0" bw="1" slack="1"/>
<pin id="166" dir="0" index="1" bw="0" slack="2147483647"/>
<pin id="167" dir="0" index="2" bw="9" slack="0"/>
<pin id="168" dir="0" index="3" bw="0" slack="2147483647"/>
<pin id="169" dir="1" index="4" bw="9" slack="0"/>
</pin_list>
<bind>
<opcode="phi(47) " fcode="phi"/>
<opset="i_0/2 "/>
</bind>
</comp>

<comp id="171" class="1005" name="j_0_reg_171">
<pin_list>
<pin id="172" dir="0" index="0" bw="10" slack="1"/>
<pin id="173" dir="1" index="1" bw="10" slack="1"/>
</pin_list>
<bind>
<opset="j_0 (phireg) "/>
</bind>
</comp>

<comp id="175" class="1004" name="j_0_phi_fu_175">
<pin_list>
<pin id="176" dir="0" index="0" bw="10" slack="0"/>
<pin id="177" dir="0" index="1" bw="0" slack="2147483647"/>
<pin id="178" dir="0" index="2" bw="1" slack="1"/>
<pin id="179" dir="0" index="3" bw="0" slack="2147483647"/>
<pin id="180" dir="1" index="4" bw="10" slack="0"/>
</pin_list>
<bind>
<opcode="phi(47) " fcode="phi"/>
<opset="j_0/3 "/>
</bind>
</comp>

<comp id="182" class="1004" name="add_ln24_fu_182">
<pin_list>
<pin id="183" dir="0" index="0" bw="32" slack="0"/>
<pin id="184" dir="0" index="1" bw="9" slack="0"/>
<pin id="185" dir="1" index="2" bw="32" slack="2"/>
</pin_list>
<bind>
<opcode="add(8) " fcode="add"/>
<opset="add_ln24/1 "/>
</bind>
</comp>

<comp id="188" class="1004" name="add_ln24_1_fu_188">
<pin_list>
<pin id="189" dir="0" index="0" bw="32" slack="0"/>
<pin id="190" dir="0" index="1" bw="8" slack="0"/>
<pin id="191" dir="1" index="2" bw="32" slack="1"/>
</pin_list>
<bind>
<opcode="add(8) " fcode="add"/>
<opset="add_ln24_1/1 "/>
</bind>
</comp>

<comp id="194" class="1004" name="store_ln18_store_fu_194">
<pin_list>
<pin id="195" dir="0" index="0" bw="1" slack="0"/>
<pin id="196" dir="0" index="1" bw="32" slack="0"/>
<pin id="197" dir="1" index="2" bw="0" slack="2147483647"/>
</pin_list>
<bind>
<opcode="store(28) " fcode="store"/>
<opset="store_ln18/1 "/>
</bind>
</comp>

<comp id="199" class="1004" name="zext_ln18_fu_199">
<pin_list>
<pin id="200" dir="0" index="0" bw="9" slack="0"/>
<pin id="201" dir="1" index="1" bw="32" slack="0"/>
</pin_list>
<bind>
<opcode="zext(34) " fcode="zext"/>
<opset="zext_ln18/2 "/>
</bind>
</comp>

<comp id="203" class="1004" name="icmp_ln18_fu_203">
<pin_list>
<pin id="204" dir="0" index="0" bw="9" slack="0"/>
<pin id="205" dir="0" index="1" bw="6" slack="0"/>
<pin id="206" dir="1" index="2" bw="1" slack="2147483647"/>
</pin_list>
<bind>
<opcode="icmp(45) " fcode="icmp"/>
<opset="icmp_ln18/2 "/>
</bind>
</comp>

<comp id="209" class="1004" name="i_fu_209">
<pin_list>
<pin id="210" dir="0" index="0" bw="9" slack="0"/>
<pin id="211" dir="0" index="1" bw="1" slack="0"/>
<pin id="212" dir="1" index="2" bw="9" slack="0"/>
</pin_list>
<bind>
<opcode="add(8) " fcode="add"/>
<opset="i/2 "/>
</bind>
</comp>

<comp id="215" class="1004" name="icmp_ln24_fu_215">
<pin_list>
<pin id="216" dir="0" index="0" bw="9" slack="0"/>
<pin id="217" dir="0" index="1" bw="32" slack="1"/>
<pin id="218" dir="1" index="2" bw="1" slack="1"/>
</pin_list>
<bind>
<opcode="icmp(45) " fcode="icmp"/>
<opset="icmp_ln24/2 "/>
</bind>
</comp>

<comp id="220" class="1004" name="icmp_ln24_1_fu_220">
<pin_list>
<pin id="221" dir="0" index="0" bw="9" slack="0"/>
<pin id="222" dir="0" index="1" bw="32" slack="1"/>
<pin id="223" dir="1" index="2" bw="1" slack="1"/>
</pin_list>
<bind>
<opcode="icmp(45) " fcode="icmp"/>
<opset="icmp_ln24_1/2 "/>
</bind>
</comp>

<comp id="225" class="1004" name="zext_ln20_fu_225">
<pin_list>
<pin id="226" dir="0" index="0" bw="10" slack="0"/>
<pin id="227" dir="1" index="1" bw="32" slack="0"/>
</pin_list>
<bind>
<opcode="zext(34) " fcode="zext"/>
<opset="zext_ln20/3 "/>
</bind>
</comp>

<comp id="229" class="1004" name="icmp_ln20_fu_229">
<pin_list>
<pin id="230" dir="0" index="0" bw="10" slack="0"/>
<pin id="231" dir="0" index="1" bw="10" slack="0"/>
<pin id="232" dir="1" index="2" bw="1" slack="2147483647"/>
</pin_list>
<bind>
<opcode="icmp(45) " fcode="icmp"/>
<opset="icmp_ln20/3 "/>
</bind>
</comp>

<comp id="235" class="1004" name="j_fu_235">
<pin_list>
<pin id="236" dir="0" index="0" bw="10" slack="0"/>
<pin id="237" dir="0" index="1" bw="1" slack="0"/>
<pin id="238" dir="1" index="2" bw="10" slack="0"/>
</pin_list>
<bind>
<opcode="add(8) " fcode="add"/>
<opset="j/3 "/>
</bind>
</comp>

<comp id="241" class="1004" name="pixel_1_load_load_fu_241">
<pin_list>
<pin id="242" dir="0" index="0" bw="32" slack="2"/>
<pin id="243" dir="1" index="1" bw="32" slack="0"/>
</pin_list>
<bind>
<opcode="load(27) " fcode="load"/>
<opset="pixel_1_load/3 "/>
</bind>
</comp>

<comp id="244" class="1004" name="icmp_ln24_2_fu_244">
<pin_list>
<pin id="245" dir="0" index="0" bw="10" slack="0"/>
<pin id="246" dir="0" index="1" bw="32" slack="2"/>
<pin id="247" dir="1" index="2" bw="1" slack="0"/>
</pin_list>
<bind>
<opcode="icmp(45) " fcode="icmp"/>
<opset="icmp_ln24_2/3 "/>
</bind>
</comp>

<comp id="249" class="1004" name="icmp_ln24_3_fu_249">
<pin_list>
<pin id="250" dir="0" index="0" bw="10" slack="0"/>
<pin id="251" dir="0" index="1" bw="32" slack="2"/>
<pin id="252" dir="1" index="2" bw="1" slack="0"/>
</pin_list>
<bind>
<opcode="icmp(45) " fcode="icmp"/>
<opset="icmp_ln24_3/3 "/>
</bind>
</comp>

<comp id="254" class="1004" name="xor_ln24_1_fu_254">
<pin_list>
<pin id="255" dir="0" index="0" bw="1" slack="0"/>
<pin id="256" dir="0" index="1" bw="1" slack="0"/>
<pin id="257" dir="1" index="2" bw="1" slack="0"/>
</pin_list>
<bind>
<opcode="xor(25) " fcode="xor"/>
<opset="xor_ln24_1/3 "/>
</bind>
</comp>

<comp id="260" class="1004" name="or_ln24_fu_260">
<pin_list>
<pin id="261" dir="0" index="0" bw="1" slack="0"/>
<pin id="262" dir="0" index="1" bw="1" slack="1"/>
<pin id="263" dir="1" index="2" bw="1" slack="0"/>
</pin_list>
<bind>
<opcode="or(24) " fcode="or"/>
<opset="or_ln24/3 "/>
</bind>
</comp>

<comp id="265" class="1004" name="or_ln24_1_fu_265">
<pin_list>
<pin id="266" dir="0" index="0" bw="1" slack="0"/>
<pin id="267" dir="0" index="1" bw="1" slack="0"/>
<pin id="268" dir="1" index="2" bw="1" slack="0"/>
</pin_list>
<bind>
<opcode="or(24) " fcode="or"/>
<opset="or_ln24_1/3 "/>
</bind>
</comp>

<comp id="271" class="1004" name="xor_ln24_fu_271">
<pin_list>
<pin id="272" dir="0" index="0" bw="1" slack="0"/>
<pin id="273" dir="0" index="1" bw="1" slack="0"/>
<pin id="274" dir="1" index="2" bw="1" slack="0"/>
</pin_list>
<bind>
<opcode="xor(25) " fcode="xor"/>
<opset="xor_ln24/3 "/>
</bind>
</comp>

<comp id="277" class="1004" name="and_ln24_fu_277">
<pin_list>
<pin id="278" dir="0" index="0" bw="1" slack="1"/>
<pin id="279" dir="0" index="1" bw="1" slack="0"/>
<pin id="280" dir="1" index="2" bw="1" slack="0"/>
</pin_list>
<bind>
<opcode="and(23) " fcode="and"/>
<opset="and_ln24/3 "/>
</bind>
</comp>

<comp id="282" class="1004" name="sext_ln25_fu_282">
<pin_list>
<pin id="283" dir="0" index="0" bw="32" slack="0"/>
<pin id="284" dir="1" index="1" bw="64" slack="0"/>
</pin_list>
<bind>
<opcode="sext(35) " fcode="sext"/>
<opset="sext_ln25/3 "/>
</bind>
</comp>

<comp id="287" class="1004" name="pixel_fu_287">
<pin_list>
<pin id="288" dir="0" index="0" bw="32" slack="0"/>
<pin id="289" dir="0" index="1" bw="1" slack="0"/>
<pin id="290" dir="1" index="2" bw="32" slack="0"/>
</pin_list>
<bind>
<opcode="add(8) " fcode="add"/>
<opset="pixel/3 "/>
</bind>
</comp>

<comp id="293" class="1004" name="pixel_2_fu_293">
<pin_list>
<pin id="294" dir="0" index="0" bw="1" slack="0"/>
<pin id="295" dir="0" index="1" bw="32" slack="0"/>
<pin id="296" dir="0" index="2" bw="32" slack="0"/>
<pin id="297" dir="1" index="3" bw="32" slack="0"/>
</pin_list>
<bind>
<opcode="select(49) " fcode="select"/>
<opset="pixel_2/3 "/>
</bind>
</comp>

<comp id="301" class="1004" name="store_ln20_store_fu_301">
<pin_list>
<pin id="302" dir="0" index="0" bw="32" slack="0"/>
<pin id="303" dir="0" index="1" bw="32" slack="2"/>
<pin id="304" dir="1" index="2" bw="0" slack="2147483647"/>
</pin_list>
<bind>
<opcode="store(28) " fcode="store"/>
<opset="store_ln20/3 "/>
</bind>
</comp>

<comp id="306" class="1004" name="tmp_data_V_1_fu_306">
<pin_list>
<pin id="307" dir="0" index="0" bw="14" slack="0"/>
<pin id="308" dir="1" index="1" bw="8" slack="0"/>
</pin_list>
<bind>
<opcode="extractvalue(56) " fcode="extractvalue"/>
<opset="tmp_data_V_1/4 "/>
</bind>
</comp>

<comp id="310" class="1004" name="tmp_keep_V_fu_310">
<pin_list>
<pin id="311" dir="0" index="0" bw="14" slack="0"/>
<pin id="312" dir="1" index="1" bw="1" slack="0"/>
</pin_list>
<bind>
<opcode="extractvalue(56) " fcode="extractvalue"/>
<opset="tmp_keep_V/4 "/>
</bind>
</comp>

<comp id="315" class="1004" name="tmp_strb_V_fu_315">
<pin_list>
<pin id="316" dir="0" index="0" bw="14" slack="0"/>
<pin id="317" dir="1" index="1" bw="1" slack="0"/>
</pin_list>
<bind>
<opcode="extractvalue(56) " fcode="extractvalue"/>
<opset="tmp_strb_V/4 "/>
</bind>
</comp>

<comp id="320" class="1004" name="tmp_user_V_fu_320">
<pin_list>
<pin id="321" dir="0" index="0" bw="14" slack="0"/>
<pin id="322" dir="1" index="1" bw="1" slack="0"/>
</pin_list>
<bind>
<opcode="extractvalue(56) " fcode="extractvalue"/>
<opset="tmp_user_V/4 "/>
</bind>
</comp>

<comp id="325" class="1004" name="tmp_last_V_fu_325">
<pin_list>
<pin id="326" dir="0" index="0" bw="14" slack="0"/>
<pin id="327" dir="1" index="1" bw="1" slack="0"/>
</pin_list>
<bind>
<opcode="extractvalue(56) " fcode="extractvalue"/>
<opset="tmp_last_V/4 "/>
</bind>
</comp>

<comp id="330" class="1004" name="tmp_id_V_fu_330">
<pin_list>
<pin id="331" dir="0" index="0" bw="14" slack="0"/>
<pin id="332" dir="1" index="1" bw="1" slack="0"/>
</pin_list>
<bind>
<opcode="extractvalue(56) " fcode="extractvalue"/>
<opset="tmp_id_V/4 "/>
</bind>
</comp>

<comp id="335" class="1004" name="tmp_dest_V_fu_335">
<pin_list>
<pin id="336" dir="0" index="0" bw="14" slack="0"/>
<pin id="337" dir="1" index="1" bw="1" slack="0"/>
</pin_list>
<bind>
<opcode="extractvalue(56) " fcode="extractvalue"/>
<opset="tmp_dest_V/4 "/>
</bind>
</comp>

<comp id="340" class="1004" name="video_data_V_fu_340">
<pin_list>
<pin id="341" dir="0" index="0" bw="1" slack="1"/>
<pin id="342" dir="0" index="1" bw="8" slack="0"/>
<pin id="343" dir="0" index="2" bw="8" slack="0"/>
<pin id="344" dir="1" index="3" bw="8" slack="0"/>
</pin_list>
<bind>
<opcode="select(49) " fcode="select"/>
<opset="video_data_V/4 "/>
</bind>
</comp>

<comp id="348" class="1005" name="pixel_1_reg_348">
<pin_list>
<pin id="349" dir="0" index="0" bw="32" slack="0"/>
<pin id="350" dir="1" index="1" bw="32" slack="0"/>
</pin_list>
<bind>
<opset="pixel_1 "/>
</bind>
</comp>

<comp id="355" class="1005" name="start_y_read_reg_355">
<pin_list>
<pin id="356" dir="0" index="0" bw="32" slack="1"/>
<pin id="357" dir="1" index="1" bw="32" slack="1"/>
</pin_list>
<bind>
<opset="start_y_read "/>
</bind>
</comp>

<comp id="360" class="1005" name="start_x_read_reg_360">
<pin_list>
<pin id="361" dir="0" index="0" bw="32" slack="2"/>
<pin id="362" dir="1" index="1" bw="32" slack="2"/>
</pin_list>
<bind>
<opset="start_x_read "/>
</bind>
</comp>

<comp id="365" class="1005" name="add_ln24_reg_365">
<pin_list>
<pin id="366" dir="0" index="0" bw="32" slack="2"/>
<pin id="367" dir="1" index="1" bw="32" slack="2"/>
</pin_list>
<bind>
<opset="add_ln24 "/>
</bind>
</comp>

<comp id="370" class="1005" name="add_ln24_1_reg_370">
<pin_list>
<pin id="371" dir="0" index="0" bw="32" slack="1"/>
<pin id="372" dir="1" index="1" bw="32" slack="1"/>
</pin_list>
<bind>
<opset="add_ln24_1 "/>
</bind>
</comp>

<comp id="378" class="1005" name="i_reg_378">
<pin_list>
<pin id="379" dir="0" index="0" bw="9" slack="0"/>
<pin id="380" dir="1" index="1" bw="9" slack="0"/>
</pin_list>
<bind>
<opset="i "/>
</bind>
</comp>

<comp id="383" class="1005" name="icmp_ln24_reg_383">
<pin_list>
<pin id="384" dir="0" index="0" bw="1" slack="1"/>
<pin id="385" dir="1" index="1" bw="1" slack="1"/>
</pin_list>
<bind>
<opset="icmp_ln24 "/>
</bind>
</comp>

<comp id="388" class="1005" name="icmp_ln24_1_reg_388">
<pin_list>
<pin id="389" dir="0" index="0" bw="1" slack="1"/>
<pin id="390" dir="1" index="1" bw="1" slack="1"/>
</pin_list>
<bind>
<opset="icmp_ln24_1 "/>
</bind>
</comp>

<comp id="396" class="1005" name="j_reg_396">
<pin_list>
<pin id="397" dir="0" index="0" bw="10" slack="0"/>
<pin id="398" dir="1" index="1" bw="10" slack="0"/>
</pin_list>
<bind>
<opset="j "/>
</bind>
</comp>

<comp id="401" class="1005" name="and_ln24_reg_401">
<pin_list>
<pin id="402" dir="0" index="0" bw="1" slack="1"/>
<pin id="403" dir="1" index="1" bw="1" slack="1"/>
</pin_list>
<bind>
<opset="and_ln24 "/>
</bind>
</comp>

<comp id="406" class="1005" name="im_incrust_V_addr_reg_406">
<pin_list>
<pin id="407" dir="0" index="0" bw="14" slack="1"/>
<pin id="408" dir="1" index="1" bw="14" slack="1"/>
</pin_list>
<bind>
<opset="im_incrust_V_addr "/>
</bind>
</comp>

<comp id="411" class="1005" name="tmp_keep_V_reg_411">
<pin_list>
<pin id="412" dir="0" index="0" bw="1" slack="1"/>
<pin id="413" dir="1" index="1" bw="1" slack="1"/>
</pin_list>
<bind>
<opset="tmp_keep_V "/>
</bind>
</comp>

<comp id="416" class="1005" name="tmp_strb_V_reg_416">
<pin_list>
<pin id="417" dir="0" index="0" bw="1" slack="1"/>
<pin id="418" dir="1" index="1" bw="1" slack="1"/>
</pin_list>
<bind>
<opset="tmp_strb_V "/>
</bind>
</comp>

<comp id="421" class="1005" name="tmp_user_V_reg_421">
<pin_list>
<pin id="422" dir="0" index="0" bw="1" slack="1"/>
<pin id="423" dir="1" index="1" bw="1" slack="1"/>
</pin_list>
<bind>
<opset="tmp_user_V "/>
</bind>
</comp>

<comp id="426" class="1005" name="tmp_last_V_reg_426">
<pin_list>
<pin id="427" dir="0" index="0" bw="1" slack="1"/>
<pin id="428" dir="1" index="1" bw="1" slack="1"/>
</pin_list>
<bind>
<opset="tmp_last_V "/>
</bind>
</comp>

<comp id="431" class="1005" name="tmp_id_V_reg_431">
<pin_list>
<pin id="432" dir="0" index="0" bw="1" slack="1"/>
<pin id="433" dir="1" index="1" bw="1" slack="1"/>
</pin_list>
<bind>
<opset="tmp_id_V "/>
</bind>
</comp>

<comp id="436" class="1005" name="tmp_dest_V_reg_436">
<pin_list>
<pin id="437" dir="0" index="0" bw="1" slack="1"/>
<pin id="438" dir="1" index="1" bw="1" slack="1"/>
</pin_list>
<bind>
<opset="tmp_dest_V "/>
</bind>
</comp>

<comp id="441" class="1005" name="video_data_V_reg_441">
<pin_list>
<pin id="442" dir="0" index="0" bw="8" slack="1"/>
<pin id="443" dir="1" index="1" bw="8" slack="1"/>
</pin_list>
<bind>
<opset="video_data_V "/>
</bind>
</comp>

</comp_list>

<net_list>
<net id="91"><net_src comp="34" pin="0"/><net_sink comp="88" pin=0"/></net>

<net id="96"><net_src comp="42" pin="0"/><net_sink comp="92" pin=0"/></net>

<net id="97"><net_src comp="30" pin="0"/><net_sink comp="92" pin=1"/></net>

<net id="102"><net_src comp="42" pin="0"/><net_sink comp="98" pin=0"/></net>

<net id="103"><net_src comp="28" pin="0"/><net_sink comp="98" pin=1"/></net>

<net id="114"><net_src comp="84" pin="0"/><net_sink comp="104" pin=0"/></net>

<net id="115"><net_src comp="0" pin="0"/><net_sink comp="104" pin=1"/></net>

<net id="116"><net_src comp="2" pin="0"/><net_sink comp="104" pin=2"/></net>

<net id="117"><net_src comp="4" pin="0"/><net_sink comp="104" pin=3"/></net>

<net id="118"><net_src comp="6" pin="0"/><net_sink comp="104" pin=4"/></net>

<net id="119"><net_src comp="8" pin="0"/><net_sink comp="104" pin=5"/></net>

<net id="120"><net_src comp="10" pin="0"/><net_sink comp="104" pin=6"/></net>

<net id="121"><net_src comp="12" pin="0"/><net_sink comp="104" pin=7"/></net>

<net id="139"><net_src comp="86" pin="0"/><net_sink comp="122" pin=0"/></net>

<net id="140"><net_src comp="14" pin="0"/><net_sink comp="122" pin=1"/></net>

<net id="141"><net_src comp="16" pin="0"/><net_sink comp="122" pin=2"/></net>

<net id="142"><net_src comp="18" pin="0"/><net_sink comp="122" pin=3"/></net>

<net id="143"><net_src comp="20" pin="0"/><net_sink comp="122" pin=4"/></net>

<net id="144"><net_src comp="22" pin="0"/><net_sink comp="122" pin=5"/></net>

<net id="145"><net_src comp="24" pin="0"/><net_sink comp="122" pin=6"/></net>

<net id="146"><net_src comp="26" pin="0"/><net_sink comp="122" pin=7"/></net>

<net id="152"><net_src comp="32" pin="0"/><net_sink comp="147" pin=0"/></net>

<net id="153"><net_src comp="82" pin="0"/><net_sink comp="147" pin=1"/></net>

<net id="159"><net_src comp="147" pin="3"/><net_sink comp="154" pin=0"/></net>

<net id="163"><net_src comp="62" pin="0"/><net_sink comp="160" pin=0"/></net>

<net id="170"><net_src comp="160" pin="1"/><net_sink comp="164" pin=0"/></net>

<net id="174"><net_src comp="72" pin="0"/><net_sink comp="171" pin=0"/></net>

<net id="181"><net_src comp="171" pin="1"/><net_sink comp="175" pin=2"/></net>

<net id="186"><net_src comp="98" pin="2"/><net_sink comp="182" pin=0"/></net>

<net id="187"><net_src comp="58" pin="0"/><net_sink comp="182" pin=1"/></net>

<net id="192"><net_src comp="92" pin="2"/><net_sink comp="188" pin=0"/></net>

<net id="193"><net_src comp="60" pin="0"/><net_sink comp="188" pin=1"/></net>

<net id="198"><net_src comp="46" pin="0"/><net_sink comp="194" pin=0"/></net>

<net id="202"><net_src comp="164" pin="4"/><net_sink comp="199" pin=0"/></net>

<net id="207"><net_src comp="164" pin="4"/><net_sink comp="203" pin=0"/></net>

<net id="208"><net_src comp="64" pin="0"/><net_sink comp="203" pin=1"/></net>

<net id="213"><net_src comp="164" pin="4"/><net_sink comp="209" pin=0"/></net>

<net id="214"><net_src comp="70" pin="0"/><net_sink comp="209" pin=1"/></net>

<net id="219"><net_src comp="199" pin="1"/><net_sink comp="215" pin=0"/></net>

<net id="224"><net_src comp="199" pin="1"/><net_sink comp="220" pin=0"/></net>

<net id="228"><net_src comp="175" pin="4"/><net_sink comp="225" pin=0"/></net>

<net id="233"><net_src comp="175" pin="4"/><net_sink comp="229" pin=0"/></net>

<net id="234"><net_src comp="74" pin="0"/><net_sink comp="229" pin=1"/></net>

<net id="239"><net_src comp="175" pin="4"/><net_sink comp="235" pin=0"/></net>

<net id="240"><net_src comp="78" pin="0"/><net_sink comp="235" pin=1"/></net>

<net id="248"><net_src comp="225" pin="1"/><net_sink comp="244" pin=0"/></net>

<net id="253"><net_src comp="225" pin="1"/><net_sink comp="249" pin=0"/></net>

<net id="258"><net_src comp="249" pin="2"/><net_sink comp="254" pin=0"/></net>

<net id="259"><net_src comp="80" pin="0"/><net_sink comp="254" pin=1"/></net>

<net id="264"><net_src comp="244" pin="2"/><net_sink comp="260" pin=0"/></net>

<net id="269"><net_src comp="260" pin="2"/><net_sink comp="265" pin=0"/></net>

<net id="270"><net_src comp="254" pin="2"/><net_sink comp="265" pin=1"/></net>

<net id="275"><net_src comp="265" pin="2"/><net_sink comp="271" pin=0"/></net>

<net id="276"><net_src comp="80" pin="0"/><net_sink comp="271" pin=1"/></net>

<net id="281"><net_src comp="271" pin="2"/><net_sink comp="277" pin=1"/></net>

<net id="285"><net_src comp="241" pin="1"/><net_sink comp="282" pin=0"/></net>

<net id="286"><net_src comp="282" pin="1"/><net_sink comp="147" pin=2"/></net>

<net id="291"><net_src comp="241" pin="1"/><net_sink comp="287" pin=0"/></net>

<net id="292"><net_src comp="34" pin="0"/><net_sink comp="287" pin=1"/></net>

<net id="298"><net_src comp="277" pin="2"/><net_sink comp="293" pin=0"/></net>

<net id="299"><net_src comp="287" pin="2"/><net_sink comp="293" pin=1"/></net>

<net id="300"><net_src comp="241" pin="1"/><net_sink comp="293" pin=2"/></net>

<net id="305"><net_src comp="293" pin="3"/><net_sink comp="301" pin=0"/></net>

<net id="309"><net_src comp="104" pin="8"/><net_sink comp="306" pin=0"/></net>

<net id="313"><net_src comp="104" pin="8"/><net_sink comp="310" pin=0"/></net>

<net id="314"><net_src comp="310" pin="1"/><net_sink comp="122" pin=9"/></net>

<net id="318"><net_src comp="104" pin="8"/><net_sink comp="315" pin=0"/></net>

<net id="319"><net_src comp="315" pin="1"/><net_sink comp="122" pin=10"/></net>

<net id="323"><net_src comp="104" pin="8"/><net_sink comp="320" pin=0"/></net>

<net id="324"><net_src comp="320" pin="1"/><net_sink comp="122" pin=11"/></net>

<net id="328"><net_src comp="104" pin="8"/><net_sink comp="325" pin=0"/></net>

<net id="329"><net_src comp="325" pin="1"/><net_sink comp="122" pin=12"/></net>

<net id="333"><net_src comp="104" pin="8"/><net_sink comp="330" pin=0"/></net>

<net id="334"><net_src comp="330" pin="1"/><net_sink comp="122" pin=13"/></net>

<net id="338"><net_src comp="104" pin="8"/><net_sink comp="335" pin=0"/></net>

<net id="339"><net_src comp="335" pin="1"/><net_sink comp="122" pin=14"/></net>

<net id="345"><net_src comp="154" pin="3"/><net_sink comp="340" pin=1"/></net>

<net id="346"><net_src comp="306" pin="1"/><net_sink comp="340" pin=2"/></net>

<net id="347"><net_src comp="340" pin="3"/><net_sink comp="122" pin=8"/></net>

<net id="351"><net_src comp="88" pin="1"/><net_sink comp="348" pin=0"/></net>

<net id="352"><net_src comp="348" pin="1"/><net_sink comp="194" pin=1"/></net>

<net id="353"><net_src comp="348" pin="1"/><net_sink comp="241" pin=0"/></net>

<net id="354"><net_src comp="348" pin="1"/><net_sink comp="301" pin=1"/></net>

<net id="358"><net_src comp="92" pin="2"/><net_sink comp="355" pin=0"/></net>

<net id="359"><net_src comp="355" pin="1"/><net_sink comp="215" pin=1"/></net>

<net id="363"><net_src comp="98" pin="2"/><net_sink comp="360" pin=0"/></net>

<net id="364"><net_src comp="360" pin="1"/><net_sink comp="244" pin=1"/></net>

<net id="368"><net_src comp="182" pin="2"/><net_sink comp="365" pin=0"/></net>

<net id="369"><net_src comp="365" pin="1"/><net_sink comp="249" pin=1"/></net>

<net id="373"><net_src comp="188" pin="2"/><net_sink comp="370" pin=0"/></net>

<net id="374"><net_src comp="370" pin="1"/><net_sink comp="220" pin=1"/></net>

<net id="381"><net_src comp="209" pin="2"/><net_sink comp="378" pin=0"/></net>

<net id="382"><net_src comp="378" pin="1"/><net_sink comp="164" pin=2"/></net>

<net id="386"><net_src comp="215" pin="2"/><net_sink comp="383" pin=0"/></net>

<net id="387"><net_src comp="383" pin="1"/><net_sink comp="260" pin=1"/></net>

<net id="391"><net_src comp="220" pin="2"/><net_sink comp="388" pin=0"/></net>

<net id="392"><net_src comp="388" pin="1"/><net_sink comp="277" pin=0"/></net>

<net id="399"><net_src comp="235" pin="2"/><net_sink comp="396" pin=0"/></net>

<net id="400"><net_src comp="396" pin="1"/><net_sink comp="175" pin=0"/></net>

<net id="404"><net_src comp="277" pin="2"/><net_sink comp="401" pin=0"/></net>

<net id="405"><net_src comp="401" pin="1"/><net_sink comp="340" pin=0"/></net>

<net id="409"><net_src comp="147" pin="3"/><net_sink comp="406" pin=0"/></net>

<net id="410"><net_src comp="406" pin="1"/><net_sink comp="154" pin=0"/></net>

<net id="414"><net_src comp="310" pin="1"/><net_sink comp="411" pin=0"/></net>

<net id="415"><net_src comp="411" pin="1"/><net_sink comp="122" pin=9"/></net>

<net id="419"><net_src comp="315" pin="1"/><net_sink comp="416" pin=0"/></net>

<net id="420"><net_src comp="416" pin="1"/><net_sink comp="122" pin=10"/></net>

<net id="424"><net_src comp="320" pin="1"/><net_sink comp="421" pin=0"/></net>

<net id="425"><net_src comp="421" pin="1"/><net_sink comp="122" pin=11"/></net>

<net id="429"><net_src comp="325" pin="1"/><net_sink comp="426" pin=0"/></net>

<net id="430"><net_src comp="426" pin="1"/><net_sink comp="122" pin=12"/></net>

<net id="434"><net_src comp="330" pin="1"/><net_sink comp="431" pin=0"/></net>

<net id="435"><net_src comp="431" pin="1"/><net_sink comp="122" pin=13"/></net>

<net id="439"><net_src comp="335" pin="1"/><net_sink comp="436" pin=0"/></net>

<net id="440"><net_src comp="436" pin="1"/><net_sink comp="122" pin=14"/></net>

<net id="444"><net_src comp="340" pin="3"/><net_sink comp="441" pin=0"/></net>

<net id="445"><net_src comp="441" pin="1"/><net_sink comp="122" pin=8"/></net>

</net_list>

</model> 
---------------- Datapath Model END ------------------

* FSMD analyzer results:
  - Output states:
	Port: m_axis_video_V_data_V | {5 }
	Port: m_axis_video_V_keep_V | {5 }
	Port: m_axis_video_V_strb_V | {5 }
	Port: m_axis_video_V_user_V | {5 }
	Port: m_axis_video_V_last_V | {5 }
	Port: m_axis_video_V_id_V | {5 }
	Port: m_axis_video_V_dest_V | {5 }
 - Input state : 
	Port: incrust : s_axis_video_V_data_V | {4 }
	Port: incrust : s_axis_video_V_keep_V | {4 }
	Port: incrust : s_axis_video_V_strb_V | {4 }
	Port: incrust : s_axis_video_V_user_V | {4 }
	Port: incrust : s_axis_video_V_last_V | {4 }
	Port: incrust : s_axis_video_V_id_V | {4 }
	Port: incrust : s_axis_video_V_dest_V | {4 }
	Port: incrust : start_x | {1 }
	Port: incrust : start_y | {1 }
	Port: incrust : im_incrust_V | {3 4 }
  - Chain level:
	State 1
		store_ln18 : 1
	State 2
		zext_ln18 : 1
		icmp_ln18 : 1
		i : 1
		br_ln18 : 2
		icmp_ln24 : 2
		icmp_ln24_1 : 2
	State 3
		zext_ln20 : 1
		icmp_ln20 : 1
		j : 1
		br_ln20 : 2
		icmp_ln24_2 : 2
		icmp_ln24_3 : 2
		xor_ln24_1 : 3
		or_ln24 : 3
		or_ln24_1 : 3
		xor_ln24 : 3
		and_ln24 : 3
		sext_ln25 : 1
		im_incrust_V_addr : 2
		video_data_V_1 : 3
		pixel : 1
		pixel_2 : 3
		store_ln20 : 4
	State 4
		video_data_V : 1
		write_ln28 : 2
	State 5


============================================================
+ Verbose Summary: Datapath Resource usage 
============================================================

* Functional unit list:
|----------|-------------------------|---------|---------|
| Operation|     Functional Unit     |    FF   |   LUT   |
|----------|-------------------------|---------|---------|
|          |     add_ln24_fu_182     |    0    |    39   |
|          |    add_ln24_1_fu_188    |    0    |    39   |
|    add   |         i_fu_209        |    0    |    15   |
|          |         j_fu_235        |    0    |    14   |
|          |       pixel_fu_287      |    0    |    39   |
|----------|-------------------------|---------|---------|
|          |     icmp_ln18_fu_203    |    0    |    13   |
|          |     icmp_ln24_fu_215    |    0    |    18   |
|   icmp   |    icmp_ln24_1_fu_220   |    0    |    18   |
|          |     icmp_ln20_fu_229    |    0    |    13   |
|          |    icmp_ln24_2_fu_244   |    0    |    18   |
|          |    icmp_ln24_3_fu_249   |    0    |    18   |
|----------|-------------------------|---------|---------|
|  select  |      pixel_2_fu_293     |    0    |    32   |
|          |   video_data_V_fu_340   |    0    |    8    |
|----------|-------------------------|---------|---------|
|    xor   |    xor_ln24_1_fu_254    |    0    |    2    |
|          |     xor_ln24_fu_271     |    0    |    2    |
|----------|-------------------------|---------|---------|
|    or    |      or_ln24_fu_260     |    0    |    2    |
|          |     or_ln24_1_fu_265    |    0    |    2    |
|----------|-------------------------|---------|---------|
|    and   |     and_ln24_fu_277     |    0    |    2    |
|----------|-------------------------|---------|---------|
|          | start_y_read_read_fu_92 |    0    |    0    |
|   read   | start_x_read_read_fu_98 |    0    |    0    |
|          |   empty_4_read_fu_104   |    0    |    0    |
|----------|-------------------------|---------|---------|
|   write  |     grp_write_fu_122    |    0    |    0    |
|----------|-------------------------|---------|---------|
|   zext   |     zext_ln18_fu_199    |    0    |    0    |
|          |     zext_ln20_fu_225    |    0    |    0    |
|----------|-------------------------|---------|---------|
|   sext   |     sext_ln25_fu_282    |    0    |    0    |
|----------|-------------------------|---------|---------|
|          |   tmp_data_V_1_fu_306   |    0    |    0    |
|          |    tmp_keep_V_fu_310    |    0    |    0    |
|          |    tmp_strb_V_fu_315    |    0    |    0    |
|extractvalue|    tmp_user_V_fu_320    |    0    |    0    |
|          |    tmp_last_V_fu_325    |    0    |    0    |
|          |     tmp_id_V_fu_330     |    0    |    0    |
|          |    tmp_dest_V_fu_335    |    0    |    0    |
|----------|-------------------------|---------|---------|
|   Total  |                         |    0    |   294   |
|----------|-------------------------|---------|---------|

Memories:
+------------+--------+--------+--------+
|            |  BRAM  |   FF   |   LUT  |
+------------+--------+--------+--------+
|im_incrust_V|    8   |    0   |    0   |
+------------+--------+--------+--------+
|    Total   |    8   |    0   |    0   |
+------------+--------+--------+--------+

* Register list:
+-------------------------+--------+
|                         |   FF   |
+-------------------------+--------+
|    add_ln24_1_reg_370   |   32   |
|     add_ln24_reg_365    |   32   |
|     and_ln24_reg_401    |    1   |
|       i_0_reg_160       |    9   |
|        i_reg_378        |    9   |
|   icmp_ln24_1_reg_388   |    1   |
|    icmp_ln24_reg_383    |    1   |
|im_incrust_V_addr_reg_406|   14   |
|       j_0_reg_171       |   10   |
|        j_reg_396        |   10   |
|     pixel_1_reg_348     |   32   |
|   start_x_read_reg_360  |   32   |
|   start_y_read_reg_355  |   32   |
|    tmp_dest_V_reg_436   |    1   |
|     tmp_id_V_reg_431    |    1   |
|    tmp_keep_V_reg_411   |    1   |
|    tmp_last_V_reg_426   |    1   |
|    tmp_strb_V_reg_416   |    1   |
|    tmp_user_V_reg_421   |    1   |
|   video_data_V_reg_441  |    8   |
+-------------------------+--------+
|          Total          |   229  |
+-------------------------+--------+

* Multiplexer (MUX) list: 
|-------------------|------|------|------|--------||---------||---------|
|        Comp       |  Pin | Size |  BW  | S x BW ||  Delay  ||   LUT   |
|-------------------|------|------|------|--------||---------||---------|
|  grp_write_fu_122 |  p8  |   2  |   8  |   16   ||    9    |
|  grp_write_fu_122 |  p9  |   2  |   1  |    2   ||    9    |
|  grp_write_fu_122 |  p10 |   2  |   1  |    2   ||    9    |
|  grp_write_fu_122 |  p11 |   2  |   1  |    2   ||    9    |
|  grp_write_fu_122 |  p12 |   2  |   1  |    2   ||    9    |
|  grp_write_fu_122 |  p13 |   2  |   1  |    2   ||    9    |
|  grp_write_fu_122 |  p14 |   2  |   1  |    2   ||    9    |
| grp_access_fu_154 |  p0  |   2  |  14  |   28   ||    9    |
|-------------------|------|------|------|--------||---------||---------|
|       Total       |      |      |      |   56   ||  14.152 ||    72   |
|-------------------|------|------|------|--------||---------||---------|



* Summary:
+-----------+--------+--------+--------+--------+
|           |  BRAM  |  Delay |   FF   |   LUT  |
+-----------+--------+--------+--------+--------+
|  Function |    -   |    -   |    0   |   294  |
|   Memory  |    8   |    -   |    0   |    0   |
|Multiplexer|    -   |   14   |    -   |   72   |
|  Register |    -   |    -   |   229  |    -   |
+-----------+--------+--------+--------+--------+
|   Total   |    8   |   14   |   229  |   366  |
+-----------+--------+--------+--------+--------+
