INFO: Applying HLS Y2K22 patch v1.2 for IP revision
INFO: [HLS 200-10] Running 'C:/Xilinx/Vivado/2019.2/bin/unwrapped/win64.o/vivado_hls.exe'
INFO: [HLS 200-10] For user 'ap576391' on host 'gs21-09' (Windows NT_amd64 version 6.2) on Wed Nov 15 09:05:56 +0100 2023
INFO: [HLS 200-10] In directory 'C:/Users/ap576391/Documents/Brost/tp2_p1/hls'
Sourcing Tcl script 'C:/Users/ap576391/Documents/Brost/tp2_p1/hls/incrust/system/csynth.tcl'
INFO: [HLS 200-10] Opening project 'C:/Users/ap576391/Documents/Brost/tp2_p1/hls/incrust'.
INFO: [HLS 200-10] Adding design file 'incrust/incrust_s.h' to the project
INFO: [HLS 200-10] Adding design file 'incrust/incrust.cpp' to the project
INFO: [HLS 200-10] Adding test bench file 'incrust/incrust_tb.cpp' to the project
INFO: [HLS 200-10] Opening solution 'C:/Users/ap576391/Documents/Brost/tp2_p1/hls/incrust/system'.
INFO: [SYN 201-201] Setting up clock 'default' with a period of 10ns.
INFO: [HLS 200-10] Setting target device to 'xc7z020-clg484-1'
INFO: [SCHED 204-61] Option 'relax_ii_for_timing' is enabled, will increase II to preserve clock frequency constraints.
INFO: [HLS 200-10] Analyzing design file 'incrust/incrust.cpp' ... 
INFO: [HLS 200-111] Finished Linking Time (s): cpu = 00:00:02 ; elapsed = 00:00:45 . Memory (MB): peak = 178.852 ; gain = 86.508
INFO: [HLS 200-111] Finished Checking Pragmas Time (s): cpu = 00:00:02 ; elapsed = 00:00:45 . Memory (MB): peak = 178.852 ; gain = 86.508
INFO: [HLS 200-10] Starting code transformations ...
INFO: [HLS 200-111] Finished Standard Transforms Time (s): cpu = 00:00:13 ; elapsed = 00:00:58 . Memory (MB): peak = 234.223 ; gain = 141.879
INFO: [HLS 200-10] Checking synthesizability ...
INFO: [HLS 200-111] Finished Checking Synthesizability Time (s): cpu = 00:00:14 ; elapsed = 00:00:59 . Memory (MB): peak = 234.223 ; gain = 141.879
INFO: [XFORM 203-401] Performing if-conversion on hyperblock from (incrust/incrust.cpp:22:4) to (incrust/incrust.cpp:20:28) in function 'incrust'... converting 3 basic blocks.
INFO: [HLS 200-111] Finished Pre-synthesis Time (s): cpu = 00:00:14 ; elapsed = 00:00:59 . Memory (MB): peak = 246.660 ; gain = 154.316
INFO: [HLS 200-111] Finished Architecture Synthesis Time (s): cpu = 00:00:15 ; elapsed = 00:01:00 . Memory (MB): peak = 253.699 ; gain = 161.355
INFO: [HLS 200-10] Starting hardware synthesis ...
INFO: [HLS 200-10] Synthesizing 'incrust' ...
INFO: [HLS 200-10] ----------------------------------------------------------------
INFO: [HLS 200-42] -- Implementing module 'incrust' 
INFO: [HLS 200-10] ----------------------------------------------------------------
INFO: [SCHED 204-11] Starting scheduling ...
INFO: [SCHED 204-11] Finished scheduling.
INFO: [HLS 200-111]  Elapsed time: 59.616 seconds; current allocated memory: 185.865 MB.
INFO: [BIND 205-100] Starting micro-architecture generation ...
INFO: [BIND 205-101] Performing variable lifetime analysis.
INFO: [BIND 205-101] Exploring resource sharing.
INFO: [BIND 205-101] Binding ...
INFO: [BIND 205-100] Finished micro-architecture generation.
INFO: [HLS 200-111]  Elapsed time: 0.092 seconds; current allocated memory: 186.169 MB.
INFO: [HLS 200-10] ----------------------------------------------------------------
INFO: [HLS 200-10] -- Generating RTL for module 'incrust' 
INFO: [HLS 200-10] ----------------------------------------------------------------
INFO: [RTGEN 206-500] Setting interface mode on port 'incrust/s_axis_video_V_data_V' to 'axis' (register, both mode).
INFO: [RTGEN 206-500] Setting interface mode on port 'incrust/s_axis_video_V_keep_V' to 'axis' (register, both mode).
INFO: [RTGEN 206-500] Setting interface mode on port 'incrust/s_axis_video_V_strb_V' to 'axis' (register, both mode).
INFO: [RTGEN 206-500] Setting interface mode on port 'incrust/s_axis_video_V_user_V' to 'axis' (register, both mode).
INFO: [RTGEN 206-500] Setting interface mode on port 'incrust/s_axis_video_V_last_V' to 'axis' (register, both mode).
INFO: [RTGEN 206-500] Setting interface mode on port 'incrust/s_axis_video_V_id_V' to 'axis' (register, both mode).
INFO: [RTGEN 206-500] Setting interface mode on port 'incrust/s_axis_video_V_dest_V' to 'axis' (register, both mode).
INFO: [RTGEN 206-500] Setting interface mode on port 'incrust/m_axis_video_V_data_V' to 'axis' (register, both mode).
INFO: [RTGEN 206-500] Setting interface mode on port 'incrust/m_axis_video_V_keep_V' to 'axis' (register, both mode).
INFO: [RTGEN 206-500] Setting interface mode on port 'incrust/m_axis_video_V_strb_V' to 'axis' (register, both mode).
INFO: [RTGEN 206-500] Setting interface mode on port 'incrust/m_axis_video_V_user_V' to 'axis' (register, both mode).
INFO: [RTGEN 206-500] Setting interface mode on port 'incrust/m_axis_video_V_last_V' to 'axis' (register, both mode).
INFO: [RTGEN 206-500] Setting interface mode on port 'incrust/m_axis_video_V_id_V' to 'axis' (register, both mode).
INFO: [RTGEN 206-500] Setting interface mode on port 'incrust/m_axis_video_V_dest_V' to 'axis' (register, both mode).
INFO: [RTGEN 206-500] Setting interface mode on port 'incrust/start_x' to 's_axilite & ap_none'.
INFO: [RTGEN 206-500] Setting interface mode on port 'incrust/start_y' to 's_axilite & ap_none'.
INFO: [RTGEN 206-500] Setting interface mode on function 'incrust' to 'ap_ctrl_hs'.
INFO: [SYN 201-210] Renamed object name 'incrust_im_incrust_V' to 'incrust_im_incrusbkb' due to the length limit 20
INFO: [RTGEN 206-100] Bundling port 'start_x' and 'start_y' to AXI-Lite port AXILiteS.
INFO: [RTGEN 206-100] Finished creating RTL model for 'incrust'.
INFO: [HLS 200-111]  Elapsed time: 0.158 seconds; current allocated memory: 186.853 MB.
INFO: [HLS 200-790] **** Loop Constraint Status: All loop constraints were satisfied.
INFO: [HLS 200-789] **** Estimated Fmax: 168.98 MHz
INFO: [RTMG 210-279] Implementing memory 'incrust_im_incrusbkb_rom' using auto ROMs.
INFO: [HLS 200-111] Finished generating all RTL models Time (s): cpu = 00:00:16 ; elapsed = 00:01:01 . Memory (MB): peak = 268.918 ; gain = 176.574
INFO: [VHDL 208-304] Generating VHDL RTL for incrust.
INFO: [VLOG 209-307] Generating Verilog RTL for incrust.
INFO: [HLS 200-112] Total elapsed time: 61.435 seconds; peak allocated memory: 186.853 MB.
