==============================================================
Vivado(TM) HLS - High-Level Synthesis from C, C++ and SystemC v2019.2 (64-bit)
Copyright 1986-2019 Xilinx, Inc. All Rights Reserved.
==============================================================
INFO: [SYN 201-201] Setting up clock 'default' with a period of 10ns.
INFO: [HLS 200-10] Setting target device to 'xc7z020-clg484-1'
INFO: [SYN 201-201] Setting up clock 'default' with a period of 10ns.
INFO: [SCHED 204-61] Option 'relax_ii_for_timing' is enabled, will increase II to preserve clock frequency constraints.
INFO: [HLS 200-10] Analyzing design file 'sobel/sobel.cpp' ... 
INFO: [HLS 200-111] Finished Linking Time (s): cpu = 00:00:02 ; elapsed = 00:00:28 . Memory (MB): peak = 198.199 ; gain = 105.863
INFO: [HLS 200-111] Finished Checking Pragmas Time (s): cpu = 00:00:02 ; elapsed = 00:00:28 . Memory (MB): peak = 198.199 ; gain = 105.863
INFO: [HLS 200-10] Starting code transformations ...
INFO: [HLS 200-489] Unrolling loop 'Loop-1' (C:/Xilinx/Vivado/2019.2/common/technology/autopilot/hls/hls_video_core.h:677) in function 'hls::Mat<480, 640, 0>::read()' completely with a factor of 1.
INFO: [HLS 200-489] Unrolling loop 'Loop-1' (C:/Xilinx/Vivado/2019.2/common/technology/autopilot/hls/hls_video_core.h:701) in function 'hls::Mat<480, 640, 0>::write(hls::Scalar<1, unsigned char>)' completely with a factor of 1.
INFO: [XFORM 203-603] Inlining function 'hls::Mat<480, 640, 0>::init' into 'hls::Mat<480, 640, 0>::Mat.1' (C:/Xilinx/Vivado/2019.2/common/technology/autopilot/hls/hls_video_core.h:642).
INFO: [XFORM 203-603] Inlining function 'hls::AXIGetBitFields<8, unsigned char>.1' into 'hls::AXIGetBitFields<8, unsigned char>' (C:/Xilinx/Vivado/2019.2/common/technology/autopilot/hls/hls_axi_io.h:71).
INFO: [XFORM 203-603] Inlining function 'hls::AXIGetBitFields<8, unsigned char>' into 'hls::AXIvideo2Mat<8, 480, 640, 0>' (C:/Xilinx/Vivado/2019.2/common/technology/autopilot/hls/hls_video_io.h:92).
INFO: [XFORM 203-603] Inlining function 'hls::Mat<480, 640, 0>::write' into 'hls::Mat<480, 640, 0>::operator<<' (C:/Xilinx/Vivado/2019.2/common/technology/autopilot/hls/hls_video_core.h:717).
INFO: [XFORM 203-603] Inlining function 'hls::Mat<480, 640, 0>::operator<<' into 'hls::AXIvideo2Mat<8, 480, 640, 0>' (C:/Xilinx/Vivado/2019.2/common/technology/autopilot/hls/hls_video_io.h:94).
INFO: [XFORM 203-603] Inlining function 'hls::Window<1, 3, ap_int<8> >::getval' into 'hls::Window<1, 3, ap_int<8> >::operator()' (C:/Xilinx/Vivado/2019.2/common/technology/autopilot/hls/hls_video_mem.h:501).
INFO: [XFORM 203-603] Inlining function 'hls::Window<1, 3, ap_int<8> >::operator()' into 'hls::Sobel_kernel<1, 0, 3, ap_int<8> >' (C:/Xilinx/Vivado/2019.2/common/technology/autopilot/hls/hls_video_imgproc.h:2591).
INFO: [XFORM 203-603] Inlining function 'hls::Window<1, 3, ap_int<8> >::operator()' into 'hls::Sobel_kernel<1, 0, 3, ap_int<8> >' (C:/Xilinx/Vivado/2019.2/common/technology/autopilot/hls/hls_video_imgproc.h:2599).
INFO: [XFORM 203-603] Inlining function 'hls::Window<3, 1, ap_int<8> >::getval' into 'hls::Window<3, 1, ap_int<8> >::operator()' (C:/Xilinx/Vivado/2019.2/common/technology/autopilot/hls/hls_video_mem.h:501).
INFO: [XFORM 203-603] Inlining function 'hls::Window<3, 1, ap_int<8> >::operator()' into 'hls::Sobel_kernel<1, 0, 3, ap_int<8> >' (C:/Xilinx/Vivado/2019.2/common/technology/autopilot/hls/hls_video_imgproc.h:2593).
INFO: [XFORM 203-603] Inlining function 'hls::Window<3, 1, ap_int<8> >::operator()' into 'hls::Sobel_kernel<1, 0, 3, ap_int<8> >' (C:/Xilinx/Vivado/2019.2/common/technology/autopilot/hls/hls_video_imgproc.h:2599).
INFO: [XFORM 203-603] Inlining function 'hls::Window<3, 3, ap_int<8> >::getval' into 'hls::Window<3, 3, ap_int<8> >::operator()' (C:/Xilinx/Vivado/2019.2/common/technology/autopilot/hls/hls_video_mem.h:501).
INFO: [XFORM 203-603] Inlining function 'hls::Window<3, 3, ap_int<8> >::operator()' into 'hls::Sobel_kernel<1, 0, 3, ap_int<8> >' (C:/Xilinx/Vivado/2019.2/common/technology/autopilot/hls/hls_video_imgproc.h:2599).
INFO: [XFORM 203-603] Inlining function 'hls::normalizeAnchor<int, int>' into 'hls::filter_opr<hls::filter2d_kernel, hls::BORDER_DEFAULT>::filter<0, 0, ap_int<8>, int, 480, 640, 3, 3>' (C:/Xilinx/Vivado/2019.2/common/technology/autopilot/hls/hls_video_imgproc.h:424).
INFO: [XFORM 203-603] Inlining function 'hls::filter_opr<hls::filter2d_kernel, hls::BORDER_DEFAULT>::get_parameters<3, 3, int>' into 'hls::filter_opr<hls::filter2d_kernel, hls::BORDER_DEFAULT>::filter<0, 0, ap_int<8>, int, 480, 640, 3, 3>' (C:/Xilinx/Vivado/2019.2/common/technology/autopilot/hls/hls_video_imgproc.h:434).
INFO: [XFORM 203-603] Inlining function 'hls::borderInterpolate' into 'hls::filter_opr<hls::filter2d_kernel, hls::BORDER_DEFAULT>::filter<0, 0, ap_int<8>, int, 480, 640, 3, 3>' (C:/Xilinx/Vivado/2019.2/common/technology/autopilot/hls/hls_video_imgproc.h:452).
INFO: [XFORM 203-603] Inlining function 'hls::borderInterpolate' into 'hls::filter_opr<hls::filter2d_kernel, hls::BORDER_DEFAULT>::filter<0, 0, ap_int<8>, int, 480, 640, 3, 3>' (C:/Xilinx/Vivado/2019.2/common/technology/autopilot/hls/hls_video_imgproc.h:470).
INFO: [XFORM 203-603] Inlining function 'hls::borderInterpolate' into 'hls::filter_opr<hls::filter2d_kernel, hls::BORDER_DEFAULT>::filter<0, 0, ap_int<8>, int, 480, 640, 3, 3>' (C:/Xilinx/Vivado/2019.2/common/technology/autopilot/hls/hls_video_imgproc.h:506).
INFO: [XFORM 203-603] Inlining function 'hls::Window<3, 3, unsigned char>::getval' into 'hls::Window<3, 3, unsigned char>::operator()' (C:/Xilinx/Vivado/2019.2/common/technology/autopilot/hls/hls_video_mem.h:501).
INFO: [XFORM 203-603] Inlining function 'hls::Window<3, 3, unsigned char>::operator()' into 'hls::filter_opr<hls::filter2d_kernel, hls::BORDER_DEFAULT>::filter<0, 0, ap_int<8>, int, 480, 640, 3, 3>' (C:/Xilinx/Vivado/2019.2/common/technology/autopilot/hls/hls_video_imgproc.h:507).
INFO: [XFORM 203-603] Inlining function 'hls::Window<3, 3, unsigned char>::operator()' into 'hls::filter_opr<hls::filter2d_kernel, hls::BORDER_DEFAULT>::filter<0, 0, ap_int<8>, int, 480, 640, 3, 3>' (C:/Xilinx/Vivado/2019.2/common/technology/autopilot/hls/hls_video_imgproc.h:503).
INFO: [XFORM 203-603] Inlining function 'hls::Window<3, 3, unsigned char>::operator()' into 'hls::filter_opr<hls::filter2d_kernel, hls::BORDER_DEFAULT>::filter<0, 0, ap_int<8>, int, 480, 640, 3, 3>' (C:/Xilinx/Vivado/2019.2/common/technology/autopilot/hls/hls_video_imgproc.h:484).
INFO: [XFORM 203-603] Inlining function 'hls::Window<3, 3, unsigned char>::operator()' into 'hls::filter_opr<hls::filter2d_kernel, hls::BORDER_DEFAULT>::filter<0, 0, ap_int<8>, int, 480, 640, 3, 3>' (C:/Xilinx/Vivado/2019.2/common/technology/autopilot/hls/hls_video_imgproc.h:481).
INFO: [XFORM 203-603] Inlining function 'hls::Window<3, 3, unsigned char>::operator()' into 'hls::filter_opr<hls::filter2d_kernel, hls::BORDER_DEFAULT>::filter<0, 0, ap_int<8>, int, 480, 640, 3, 3>' (C:/Xilinx/Vivado/2019.2/common/technology/autopilot/hls/hls_video_imgproc.h:481).
INFO: [XFORM 203-603] Inlining function 'hls::Window<3, 3, unsigned char>::operator()' into 'hls::filter_opr<hls::filter2d_kernel, hls::BORDER_DEFAULT>::filter<0, 0, ap_int<8>, int, 480, 640, 3, 3>' (C:/Xilinx/Vivado/2019.2/common/technology/autopilot/hls/hls_video_imgproc.h:458).
INFO: [XFORM 203-603] Inlining function 'hls::Window<3, 1, unsigned char>::getval' into 'hls::Window<3, 1, unsigned char>::operator()' (C:/Xilinx/Vivado/2019.2/common/technology/autopilot/hls/hls_video_mem.h:501).
INFO: [XFORM 203-603] Inlining function 'hls::Window<3, 1, unsigned char>::operator()' into 'hls::filter_opr<hls::filter2d_kernel, hls::BORDER_DEFAULT>::filter<0, 0, ap_int<8>, int, 480, 640, 3, 3>' (C:/Xilinx/Vivado/2019.2/common/technology/autopilot/hls/hls_video_imgproc.h:458).
INFO: [XFORM 203-603] Inlining function 'hls::Window<3, 1, unsigned char>::operator()' into 'hls::filter_opr<hls::filter2d_kernel, hls::BORDER_DEFAULT>::filter<0, 0, ap_int<8>, int, 480, 640, 3, 3>' (C:/Xilinx/Vivado/2019.2/common/technology/autopilot/hls/hls_video_imgproc.h:460).
INFO: [XFORM 203-603] Inlining function 'hls::Window<3, 1, unsigned char>::operator()' into 'hls::filter_opr<hls::filter2d_kernel, hls::BORDER_DEFAULT>::filter<0, 0, ap_int<8>, int, 480, 640, 3, 3>' (C:/Xilinx/Vivado/2019.2/common/technology/autopilot/hls/hls_video_imgproc.h:484).
INFO: [XFORM 203-603] Inlining function 'hls::Window<3, 1, unsigned char>::operator()' into 'hls::filter_opr<hls::filter2d_kernel, hls::BORDER_DEFAULT>::filter<0, 0, ap_int<8>, int, 480, 640, 3, 3>' (C:/Xilinx/Vivado/2019.2/common/technology/autopilot/hls/hls_video_imgproc.h:503).
INFO: [XFORM 203-603] Inlining function 'hls::Window<3, 1, unsigned char>::operator()' into 'hls::filter_opr<hls::filter2d_kernel, hls::BORDER_DEFAULT>::filter<0, 0, ap_int<8>, int, 480, 640, 3, 3>' (C:/Xilinx/Vivado/2019.2/common/technology/autopilot/hls/hls_video_imgproc.h:507).
INFO: [XFORM 203-603] Inlining function 'hls::LineBuffer<6, 640, unsigned char, 0>::getval' into 'hls::LineBuffer<6, 640, unsigned char, 0>::operator()' (C:/Xilinx/Vivado/2019.2/common/technology/autopilot/hls/hls_video_mem.h:843).
INFO: [XFORM 203-603] Inlining function 'hls::LineBuffer<6, 640, unsigned char, 0>::operator()' into 'hls::filter_opr<hls::filter2d_kernel, hls::BORDER_DEFAULT>::filter<0, 0, ap_int<8>, int, 480, 640, 3, 3>' (C:/Xilinx/Vivado/2019.2/common/technology/autopilot/hls/hls_video_imgproc.h:493).
INFO: [XFORM 203-603] Inlining function 'hls::LineBuffer<6, 640, unsigned char, 0>::operator()' into 'hls::filter_opr<hls::filter2d_kernel, hls::BORDER_DEFAULT>::filter<0, 0, ap_int<8>, int, 480, 640, 3, 3>' (C:/Xilinx/Vivado/2019.2/common/technology/autopilot/hls/hls_video_imgproc.h:489).
INFO: [XFORM 203-603] Inlining function 'hls::LineBuffer<6, 640, unsigned char, 0>::operator()' into 'hls::filter_opr<hls::filter2d_kernel, hls::BORDER_DEFAULT>::filter<0, 0, ap_int<8>, int, 480, 640, 3, 3>' (C:/Xilinx/Vivado/2019.2/common/technology/autopilot/hls/hls_video_imgproc.h:489).
INFO: [XFORM 203-603] Inlining function 'hls::LineBuffer<6, 640, unsigned char, 0>::operator()' into 'hls::filter_opr<hls::filter2d_kernel, hls::BORDER_DEFAULT>::filter<0, 0, ap_int<8>, int, 480, 640, 3, 3>' (C:/Xilinx/Vivado/2019.2/common/technology/autopilot/hls/hls_video_imgproc.h:472).
INFO: [XFORM 203-603] Inlining function 'hls::LineBuffer<6, 640, unsigned char, 0>::operator()' into 'hls::filter_opr<hls::filter2d_kernel, hls::BORDER_DEFAULT>::filter<0, 0, ap_int<8>, int, 480, 640, 3, 3>' (C:/Xilinx/Vivado/2019.2/common/technology/autopilot/hls/hls_video_imgproc.h:460).
INFO: [XFORM 203-603] Inlining function 'hls::Window<3, 3, unsigned char>::shift_pixels_right' into 'hls::Window<3, 3, unsigned char>::shift_right' (C:/Xilinx/Vivado/2019.2/common/technology/autopilot/hls/hls_video_mem.h:543).
INFO: [XFORM 203-603] Inlining function 'hls::Window<3, 3, unsigned char>::shift_right' into 'hls::filter_opr<hls::filter2d_kernel, hls::BORDER_DEFAULT>::filter<0, 0, ap_int<8>, int, 480, 640, 3, 3>' (C:/Xilinx/Vivado/2019.2/common/technology/autopilot/hls/hls_video_imgproc.h:499).
INFO: [XFORM 203-603] Inlining function 'hls::filter2d_kernel::apply<unsigned char, ap_fixed<20, 20, (ap_q_mode)5, (ap_o_mode)3, 0>, ap_int<8>, 3, 3>' into 'hls::filter2d_kernel::apply<unsigned char, unsigned char, ap_int<8>, 3, 3>' (C:/Xilinx/Vivado/2019.2/common/technology/autopilot/hls/hls_video_imgproc.h:303).
INFO: [XFORM 203-603] Inlining function 'hls::filter2d_kernel::apply<unsigned char, unsigned char, ap_int<8>, 3, 3>' into 'hls::filter_opr<hls::filter2d_kernel, hls::BORDER_DEFAULT>::filter<0, 0, ap_int<8>, int, 480, 640, 3, 3>' (C:/Xilinx/Vivado/2019.2/common/technology/autopilot/hls/hls_video_imgproc.h:514).
INFO: [XFORM 203-603] Inlining function 'hls::filter_opr<hls::filter2d_kernel, hls::BORDER_DEFAULT>::filter<0, 0, ap_int<8>, int, 480, 640, 3, 3>' into 'hls::Filter2D<hls::BORDER_DEFAULT, 0, 0, ap_int<8>, int, 480, 640, 3, 3>' (C:/Xilinx/Vivado/2019.2/common/technology/autopilot/hls/hls_video_imgproc.h:1289).
INFO: [XFORM 203-603] Inlining function 'hls::Mat<480, 640, 0>::read' into 'hls::Mat<480, 640, 0>::operator>>' (C:/Xilinx/Vivado/2019.2/common/technology/autopilot/hls/hls_video_core.h:711).
INFO: [XFORM 203-603] Inlining function 'hls::Mat<480, 640, 0>::operator>>' into 'hls::Mat2AXIvideo<8, 480, 640, 0>' (C:/Xilinx/Vivado/2019.2/common/technology/autopilot/hls/hls_video_io.h:140).
INFO: [XFORM 203-603] Inlining function 'hls::AXISetBitFields<8, unsigned char>.1' into 'hls::AXISetBitFields<8, unsigned char>' (C:/Xilinx/Vivado/2019.2/common/technology/autopilot/hls/hls_axi_io.h:100).
INFO: [XFORM 203-603] Inlining function 'hls::AXISetBitFields<8, unsigned char>' into 'hls::Mat2AXIvideo<8, 480, 640, 0>' (C:/Xilinx/Vivado/2019.2/common/technology/autopilot/hls/hls_video_io.h:143).
INFO: [HLS 200-111] Finished Standard Transforms Time (s): cpu = 00:00:03 ; elapsed = 00:00:31 . Memory (MB): peak = 212.355 ; gain = 120.020
INFO: [HLS 200-10] Checking synthesizability ...
INFO: [XFORM 203-602] Inlining function 'hls::sr_cast_class<ap_uint<8> >::operator()<20, 20, (ap_q_mode)5, (ap_o_mode)3>' into 'hls::sr_cast<unsigned char, ap_fixed<20, 20, (ap_q_mode)5, (ap_o_mode)3, 0> >' (C:/Xilinx/Vivado/2019.2/common/technology/autopilot/hls/hls_video_types.h:500) automatically.
INFO: [XFORM 203-602] Inlining function 'hls::sr_cast<unsigned char, ap_fixed<20, 20, (ap_q_mode)5, (ap_o_mode)3, 0> >' into 'hls::Filter2D<hls::BORDER_DEFAULT, 0, 0, ap_int<8>, int, 480, 640, 3, 3>' (C:/Xilinx/Vivado/2019.2/common/technology/autopilot/hls/hls_video_imgproc.h:304->C:/Xilinx/Vivado/2019.2/common/technology/autopilot/hls/hls_video_imgproc.h:514->C:/Xilinx/Vivado/2019.2/common/technology/autopilot/hls/hls_video_imgproc.h:1289) automatically.
INFO: [XFORM 203-602] Inlining function 'hls::Sobel<1, 0, 3, hls::BORDER_DEFAULT, 0, 0, 480, 640, 480, 640>' into 'hls::Sobel<1, 0, 3, 0, 0, 480, 640, 480, 640>' (C:/Xilinx/Vivado/2019.2/common/technology/autopilot/hls/hls_video_imgproc.h:2627) automatically.
INFO: [HLS 200-111] Finished Checking Synthesizability Time (s): cpu = 00:00:04 ; elapsed = 00:00:31 . Memory (MB): peak = 225.094 ; gain = 132.758
WARNING: [XFORM 203-1103] Ignored data pack directive on non-struct variable 'img_0.data_stream.V' (sobel/sobel.cpp:26).
INFO: [XFORM 203-502] Unrolling small iteration loop 'Loop-1' (C:/Xilinx/Vivado/2019.2/common/technology/autopilot/hls/hls_video_imgproc.h:398) in function 'hls::Filter2D<hls::BORDER_DEFAULT, 0, 0, ap_int<8>, int, 480, 640, 3, 3>' automatically.
INFO: [XFORM 203-502] Unrolling small iteration loop 'Loop-2' (C:/Xilinx/Vivado/2019.2/common/technology/autopilot/hls/hls_video_imgproc.h:400) in function 'hls::Filter2D<hls::BORDER_DEFAULT, 0, 0, ap_int<8>, int, 480, 640, 3, 3>' automatically.
INFO: [XFORM 203-502] Unrolling small iteration loop 'Loop-3' (C:/Xilinx/Vivado/2019.2/common/technology/autopilot/hls/hls_video_imgproc.h:403) in function 'hls::Filter2D<hls::BORDER_DEFAULT, 0, 0, ap_int<8>, int, 480, 640, 3, 3>' automatically.
INFO: [XFORM 203-502] Unrolling small iteration loop 'Loop-4' (C:/Xilinx/Vivado/2019.2/common/technology/autopilot/hls/hls_video_imgproc.h:405) in function 'hls::Filter2D<hls::BORDER_DEFAULT, 0, 0, ap_int<8>, int, 480, 640, 3, 3>' automatically.
INFO: [XFORM 203-502] Unrolling all sub-loops inside loop 'loop_width' (C:/Xilinx/Vivado/2019.2/common/technology/autopilot/hls/hls_video_imgproc.h:444) in function 'hls::Filter2D<hls::BORDER_DEFAULT, 0, 0, ap_int<8>, int, 480, 640, 3, 3>' for pipelining.
INFO: [HLS 200-489] Unrolling loop 'Loop-1' (C:/Xilinx/Vivado/2019.2/common/technology/autopilot/hls/hls_video_imgproc.h:398) in function 'hls::Filter2D<hls::BORDER_DEFAULT, 0, 0, ap_int<8>, int, 480, 640, 3, 3>' completely with a factor of 0.
INFO: [HLS 200-489] Unrolling loop 'Loop-2' (C:/Xilinx/Vivado/2019.2/common/technology/autopilot/hls/hls_video_imgproc.h:400) in function 'hls::Filter2D<hls::BORDER_DEFAULT, 0, 0, ap_int<8>, int, 480, 640, 3, 3>' completely with a factor of 0.
INFO: [HLS 200-489] Unrolling loop 'Loop-3' (C:/Xilinx/Vivado/2019.2/common/technology/autopilot/hls/hls_video_imgproc.h:403) in function 'hls::Filter2D<hls::BORDER_DEFAULT, 0, 0, ap_int<8>, int, 480, 640, 3, 3>' completely with a factor of 0.
INFO: [HLS 200-489] Unrolling loop 'Loop-4' (C:/Xilinx/Vivado/2019.2/common/technology/autopilot/hls/hls_video_imgproc.h:405) in function 'hls::Filter2D<hls::BORDER_DEFAULT, 0, 0, ap_int<8>, int, 480, 640, 3, 3>' completely with a factor of 0.
INFO: [HLS 200-489] Unrolling loop 'Loop-5.1.1' (C:/Xilinx/Vivado/2019.2/common/technology/autopilot/hls/hls_video_imgproc.h:456) in function 'hls::Filter2D<hls::BORDER_DEFAULT, 0, 0, ap_int<8>, int, 480, 640, 3, 3>' completely with a factor of 3.
INFO: [HLS 200-489] Unrolling loop 'Loop-5.1.2' (C:/Xilinx/Vivado/2019.2/common/technology/autopilot/hls/hls_video_imgproc.h:469) in function 'hls::Filter2D<hls::BORDER_DEFAULT, 0, 0, ap_int<8>, int, 480, 640, 3, 3>' completely with a factor of 6.
INFO: [HLS 200-489] Unrolling loop 'Loop-5.1.3' (C:/Xilinx/Vivado/2019.2/common/technology/autopilot/hls/hls_video_imgproc.h:478) in function 'hls::Filter2D<hls::BORDER_DEFAULT, 0, 0, ap_int<8>, int, 480, 640, 3, 3>' completely with a factor of 3.
INFO: [HLS 200-489] Unrolling loop 'Loop-5.1.3.1' (C:/Xilinx/Vivado/2019.2/common/technology/autopilot/hls/hls_video_imgproc.h:479) in function 'hls::Filter2D<hls::BORDER_DEFAULT, 0, 0, ap_int<8>, int, 480, 640, 3, 3>' completely with a factor of 2.
INFO: [HLS 200-489] Unrolling loop 'Loop-5.1.4' (C:/Xilinx/Vivado/2019.2/common/technology/autopilot/hls/hls_video_imgproc.h:487) in function 'hls::Filter2D<hls::BORDER_DEFAULT, 0, 0, ap_int<8>, int, 480, 640, 3, 3>' completely with a factor of 5.
INFO: [HLS 200-489] Unrolling loop 'Loop-5.1.5' (C:/Xilinx/Vivado/2019.2/common/technology/autopilot/hls/hls_video_mem.h:161) in function 'hls::Filter2D<hls::BORDER_DEFAULT, 0, 0, ap_int<8>, int, 480, 640, 3, 3>' completely with a factor of 3.
INFO: [HLS 200-489] Unrolling loop 'Loop-5.1.5.1' (C:/Xilinx/Vivado/2019.2/common/technology/autopilot/hls/hls_video_mem.h:163) in function 'hls::Filter2D<hls::BORDER_DEFAULT, 0, 0, ap_int<8>, int, 480, 640, 3, 3>' completely with a factor of 2.
INFO: [HLS 200-489] Unrolling loop 'Loop-5.1.6' (C:/Xilinx/Vivado/2019.2/common/technology/autopilot/hls/hls_video_imgproc.h:501) in function 'hls::Filter2D<hls::BORDER_DEFAULT, 0, 0, ap_int<8>, int, 480, 640, 3, 3>' completely with a factor of 3.
INFO: [HLS 200-489] Unrolling loop 'loop_height' (C:/Xilinx/Vivado/2019.2/common/technology/autopilot/hls/hls_video_imgproc.h:285) in function 'hls::Filter2D<hls::BORDER_DEFAULT, 0, 0, ap_int<8>, int, 480, 640, 3, 3>' completely with a factor of 3.
INFO: [HLS 200-489] Unrolling loop 'loop_width' (C:/Xilinx/Vivado/2019.2/common/technology/autopilot/hls/hls_video_imgproc.h:286) in function 'hls::Filter2D<hls::BORDER_DEFAULT, 0, 0, ap_int<8>, int, 480, 640, 3, 3>' completely with a factor of 3.
INFO: [XFORM 203-102] Automatically partitioning streamed array 'img_0.data_stream.V' (sobel/sobel.cpp:26) .
INFO: [XFORM 203-102] Automatically partitioning streamed array 'img_1.data_stream.V' (sobel/sobel.cpp:27) .
INFO: [XFORM 203-101] Partitioning array 'kernel.val.V'  in dimension 1 completely.
INFO: [XFORM 203-101] Partitioning array 'pix.val' (C:/Xilinx/Vivado/2019.2/common/technology/autopilot/hls/hls_video_io.h:115) in dimension 1 completely.
INFO: [XFORM 203-101] Partitioning array 'scl.val' (C:/Xilinx/Vivado/2019.2/common/technology/autopilot/hls/hls_video_core.h:670) in dimension 1 completely.
INFO: [XFORM 203-101] Partitioning array 'src_kernel_win.val' (C:/Xilinx/Vivado/2019.2/common/technology/autopilot/hls/hls_video_imgproc.h:398) in dimension 1 completely.
INFO: [XFORM 203-101] Partitioning array 'k_buf.val' (C:/Xilinx/Vivado/2019.2/common/technology/autopilot/hls/hls_video_imgproc.h:400) in dimension 1 completely.
INFO: [XFORM 203-101] Partitioning array 'right_border_buf.val' (C:/Xilinx/Vivado/2019.2/common/technology/autopilot/hls/hls_video_imgproc.h:403) in dimension 1 completely.
INFO: [XFORM 203-101] Partitioning array 'col_buf.val' (C:/Xilinx/Vivado/2019.2/common/technology/autopilot/hls/hls_video_imgproc.h:405) in dimension 1 completely.
INFO: [XFORM 203-101] Partitioning array 'pix.val' (C:/Xilinx/Vivado/2019.2/common/technology/autopilot/hls/hls_video_io.h:56) in dimension 1 completely.
INFO: [XFORM 203-101] Partitioning array 'img_0.data_stream.V' (sobel/sobel.cpp:26) in dimension 1 completely.
INFO: [XFORM 203-101] Partitioning array 'img_1.data_stream.V' (sobel/sobel.cpp:27) in dimension 1 completely.
INFO: [XFORM 203-101] Partitioning array 'kernel.val.V'  in dimension 2 completely.
INFO: [XFORM 203-101] Partitioning array 'src_kernel_win.val' (C:/Xilinx/Vivado/2019.2/common/technology/autopilot/hls/hls_video_imgproc.h:398) in dimension 2 completely.
INFO: [XFORM 203-101] Partitioning array 'k_buf.val' (C:/Xilinx/Vivado/2019.2/common/technology/autopilot/hls/hls_video_imgproc.h:400) in dimension 2 completely.
INFO: [XFORM 203-101] Partitioning array 'right_border_buf.val' (C:/Xilinx/Vivado/2019.2/common/technology/autopilot/hls/hls_video_imgproc.h:403) in dimension 2 completely.
INFO: [XFORM 203-101] Partitioning array 'col_buf.val' (C:/Xilinx/Vivado/2019.2/common/technology/autopilot/hls/hls_video_imgproc.h:405) in dimension 2 completely.
INFO: [XFORM 203-101] Partitioning array 'src_kernel_win.val' (C:/Xilinx/Vivado/2019.2/common/technology/autopilot/hls/hls_video_imgproc.h:398) in dimension 3 completely.
INFO: [XFORM 203-101] Partitioning array 'right_border_buf.val' (C:/Xilinx/Vivado/2019.2/common/technology/autopilot/hls/hls_video_imgproc.h:403) in dimension 3 completely.
INFO: [XFORM 203-101] Partitioning array 'col_buf.val' (C:/Xilinx/Vivado/2019.2/common/technology/autopilot/hls/hls_video_imgproc.h:405) in dimension 3 completely.
INFO: [XFORM 203-602] Inlining function 'hls::sr_cast_class<ap_uint<8> >::operator()<20, 20, (ap_q_mode)5, (ap_o_mode)3>' into 'hls::sr_cast<unsigned char, ap_fixed<20, 20, (ap_q_mode)5, (ap_o_mode)3, 0> >' (C:/Xilinx/Vivado/2019.2/common/technology/autopilot/hls/hls_video_types.h:500) automatically.
INFO: [XFORM 203-602] Inlining function 'hls::sr_cast<unsigned char, ap_fixed<20, 20, (ap_q_mode)5, (ap_o_mode)3, 0> >' into 'hls::Filter2D<hls::BORDER_DEFAULT, 0, 0, ap_int<8>, int, 480, 640, 3, 3>' (C:/Xilinx/Vivado/2019.2/common/technology/autopilot/hls/hls_video_imgproc.h:304->C:/Xilinx/Vivado/2019.2/common/technology/autopilot/hls/hls_video_imgproc.h:514->C:/Xilinx/Vivado/2019.2/common/technology/autopilot/hls/hls_video_imgproc.h:1289) automatically.
INFO: [XFORM 203-602] Inlining function 'hls::Sobel<1, 0, 3, hls::BORDER_DEFAULT, 0, 0, 480, 640, 480, 640>' into 'hls::Sobel<1, 0, 3, 0, 0, 480, 640, 480, 640>' (C:/Xilinx/Vivado/2019.2/common/technology/autopilot/hls/hls_video_imgproc.h:2627) automatically.
INFO: [XFORM 203-712] Applying dataflow to function 'sobel', detected/extracted 4 process function(s): 
	 'Block_Mat.exit45_proc'
	 'hls::AXIvideo2Mat<8, 480, 640, 0>'
	 'hls::Sobel<1, 0, 3, 0, 0, 480, 640, 480, 640>'
	 'hls::Mat2AXIvideo<8, 480, 640, 0>'.
INFO: [XFORM 203-401] Performing if-conversion on hyperblock from (C:/Xilinx/Vivado/2019.2/common/technology/autopilot/hls/hls_video_imgproc.h:444:57) to (C:/Xilinx/Vivado/2019.2/common/technology/autopilot/hls/hls_video_imgproc.h:465:21) in function 'hls::Filter2D<hls::BORDER_DEFAULT, 0, 0, ap_int<8>, int, 480, 640, 3, 3>'... converting 13 basic blocks.
INFO: [XFORM 203-401] Performing if-conversion on hyperblock from (C:/Xilinx/Vivado/2019.2/common/technology/autopilot/hls/hls_video_mem.h:165:17) to (C:/Xilinx/Vivado/2019.2/common/technology/autopilot/hls/hls_video_imgproc.h:512:24) in function 'hls::Filter2D<hls::BORDER_DEFAULT, 0, 0, ap_int<8>, int, 480, 640, 3, 3>'... converting 13 basic blocks.
INFO: [XFORM 203-11] Balancing expressions in function 'hls::Filter2D<hls::BORDER_DEFAULT, 0, 0, ap_int<8>, int, 480, 640, 3, 3>' (C:/Xilinx/Vivado/2019.2/common/technology/autopilot/hls/hls_video_imgproc.h:1279)...11 expression(s) balanced.
INFO: [HLS 200-111] Finished Pre-synthesis Time (s): cpu = 00:00:06 ; elapsed = 00:00:33 . Memory (MB): peak = 274.242 ; gain = 181.906
WARNING: [XFORM 203-631] Renaming function 'hls::Sobel<1, 0, 3, 0, 0, 480, 640, 480, 640>' to 'Sobel.1' (C:/Xilinx/Vivado/2019.2/common/technology/autopilot/hls/hls_video_imgproc.h:2619:5)
WARNING: [XFORM 203-631] Renaming function 'hls::Mat2AXIvideo<8, 480, 640, 0>' to 'Mat2AXIvideo' (C:/Xilinx/Vivado/2019.2/common/technology/autopilot/hls/hls_video_io.h:120:50)
WARNING: [XFORM 203-631] Renaming function 'hls::Filter2D<hls::BORDER_DEFAULT, 0, 0, ap_int<8>, int, 480, 640, 3, 3>' to 'Filter2D' (C:/Xilinx/Vivado/2019.2/common/technology/autopilot/hls/hls_video_imgproc.h:118:33)
WARNING: [XFORM 203-631] Renaming function 'hls::AXIvideo2Mat<8, 480, 640, 0>' to 'AXIvideo2Mat' (C:/Xilinx/Vivado/2019.2/common/technology/autopilot/hls/hls_video_io.h:63:9)
WARNING: [XFORM 203-631] Renaming function 'Block_Mat.exit45_proc' to 'Block_Mat.exit45_pro' (sobel/sobel.cpp:26)
WARNING: [ANALYSIS 214-52] Found false inter dependency for variable 'k_buf[0].val[3]' (C:/Xilinx/Vivado/2019.2/common/technology/autopilot/hls/hls_video_imgproc.h:400).
WARNING: [ANALYSIS 214-52] Found false inter dependency for variable 'k_buf[0].val[4]' (C:/Xilinx/Vivado/2019.2/common/technology/autopilot/hls/hls_video_imgproc.h:400).
WARNING: [ANALYSIS 214-52] Found false inter dependency for variable 'k_buf[0].val[5]' (C:/Xilinx/Vivado/2019.2/common/technology/autopilot/hls/hls_video_imgproc.h:400).
INFO: [HLS 200-472] Inferring partial write operation for 'k_buf[0].val[5]' (C:/Xilinx/Vivado/2019.2/common/technology/autopilot/hls/hls_video_imgproc.h:489:43)
INFO: [HLS 200-472] Inferring partial write operation for 'k_buf[0].val[3]' (C:/Xilinx/Vivado/2019.2/common/technology/autopilot/hls/hls_video_imgproc.h:493:62)
INFO: [HLS 200-472] Inferring partial write operation for 'k_buf[0].val[5]' (C:/Xilinx/Vivado/2019.2/common/technology/autopilot/hls/hls_video_imgproc.h:472:43)
INFO: [HLS 200-111] Finished Architecture Synthesis Time (s): cpu = 00:00:07 ; elapsed = 00:00:35 . Memory (MB): peak = 326.082 ; gain = 233.746
INFO: [HLS 200-10] Starting hardware synthesis ...
INFO: [HLS 200-10] Synthesizing 'sobel' ...
WARNING: [SYN 201-103] Legalizing function name 'Block_Mat.exit45_pro' to 'Block_Mat_exit45_pro'.
WARNING: [SYN 201-103] Legalizing function name 'Sobel.1' to 'Sobel_1'.
INFO: [HLS 200-10] ----------------------------------------------------------------
INFO: [HLS 200-42] -- Implementing module 'Block_Mat_exit45_pro' 
INFO: [HLS 200-10] ----------------------------------------------------------------
INFO: [SCHED 204-11] Starting scheduling ...
INFO: [SCHED 204-11] Finished scheduling.
INFO: [HLS 200-111]  Elapsed time: 35.061 seconds; current allocated memory: 267.177 MB.
INFO: [BIND 205-100] Starting micro-architecture generation ...
INFO: [BIND 205-101] Performing variable lifetime analysis.
INFO: [BIND 205-101] Exploring resource sharing.
INFO: [BIND 205-101] Binding ...
INFO: [BIND 205-100] Finished micro-architecture generation.
INFO: [HLS 200-111]  Elapsed time: 0.117 seconds; current allocated memory: 267.270 MB.
INFO: [HLS 200-10] ----------------------------------------------------------------
INFO: [HLS 200-42] -- Implementing module 'AXIvideo2Mat' 
INFO: [HLS 200-10] ----------------------------------------------------------------
INFO: [SCHED 204-11] Starting scheduling ...
INFO: [SCHED 204-61] Pipelining loop 'loop_wait_for_start'.
INFO: [SCHED 204-61] Pipelining result : Target II = 1, Final II = 1, Depth = 1.
INFO: [SCHED 204-61] Pipelining loop 'loop_width'.
INFO: [SCHED 204-61] Pipelining result : Target II = 1, Final II = 1, Depth = 2.
INFO: [SCHED 204-61] Pipelining loop 'loop_wait_for_eol'.
INFO: [SCHED 204-61] Pipelining result : Target II = 1, Final II = 1, Depth = 1.
INFO: [SCHED 204-11] Finished scheduling.
INFO: [HLS 200-111]  Elapsed time: 0.363 seconds; current allocated memory: 267.459 MB.
INFO: [BIND 205-100] Starting micro-architecture generation ...
INFO: [BIND 205-101] Performing variable lifetime analysis.
INFO: [BIND 205-101] Exploring resource sharing.
INFO: [BIND 205-101] Binding ...
INFO: [BIND 205-100] Finished micro-architecture generation.
INFO: [HLS 200-111]  Elapsed time: 0.141 seconds; current allocated memory: 267.789 MB.
INFO: [HLS 200-10] ----------------------------------------------------------------
INFO: [HLS 200-42] -- Implementing module 'Filter2D' 
INFO: [HLS 200-10] ----------------------------------------------------------------
INFO: [SCHED 204-11] Starting scheduling ...
INFO: [SCHED 204-61] Pipelining loop 'loop_width'.
INFO: [SCHED 204-61] Pipelining result : Target II = 1, Final II = 1, Depth = 5.
INFO: [SCHED 204-11] Finished scheduling.
INFO: [HLS 200-111]  Elapsed time: 0.352 seconds; current allocated memory: 268.503 MB.
INFO: [BIND 205-100] Starting micro-architecture generation ...
INFO: [BIND 205-101] Performing variable lifetime analysis.
INFO: [BIND 205-101] Exploring resource sharing.
INFO: [BIND 205-101] Binding ...
INFO: [BIND 205-100] Finished micro-architecture generation.
INFO: [HLS 200-111]  Elapsed time: 0.251 seconds; current allocated memory: 269.231 MB.
INFO: [HLS 200-10] ----------------------------------------------------------------
INFO: [HLS 200-42] -- Implementing module 'Sobel_1' 
INFO: [HLS 200-10] ----------------------------------------------------------------
INFO: [SCHED 204-11] Starting scheduling ...
INFO: [SCHED 204-11] Finished scheduling.
INFO: [HLS 200-111]  Elapsed time: 0.364 seconds; current allocated memory: 269.387 MB.
INFO: [BIND 205-100] Starting micro-architecture generation ...
INFO: [BIND 205-101] Performing variable lifetime analysis.
INFO: [BIND 205-101] Exploring resource sharing.
INFO: [BIND 205-101] Binding ...
INFO: [BIND 205-100] Finished micro-architecture generation.
INFO: [HLS 200-111]  Elapsed time: 0.132 seconds; current allocated memory: 269.469 MB.
INFO: [HLS 200-10] ----------------------------------------------------------------
INFO: [HLS 200-42] -- Implementing module 'Mat2AXIvideo' 
INFO: [HLS 200-10] ----------------------------------------------------------------
INFO: [SCHED 204-11] Starting scheduling ...
INFO: [SCHED 204-61] Pipelining loop 'loop_width'.
INFO: [SCHED 204-61] Pipelining result : Target II = 1, Final II = 1, Depth = 3.
INFO: [SCHED 204-11] Finished scheduling.
INFO: [HLS 200-111]  Elapsed time: 0.326 seconds; current allocated memory: 269.688 MB.
INFO: [BIND 205-100] Starting micro-architecture generation ...
INFO: [BIND 205-101] Performing variable lifetime analysis.
INFO: [BIND 205-101] Exploring resource sharing.
INFO: [BIND 205-101] Binding ...
INFO: [BIND 205-100] Finished micro-architecture generation.
INFO: [HLS 200-111]  Elapsed time: 0.141 seconds; current allocated memory: 269.921 MB.
INFO: [HLS 200-10] ----------------------------------------------------------------
INFO: [HLS 200-42] -- Implementing module 'sobel' 
INFO: [HLS 200-10] ----------------------------------------------------------------
INFO: [SCHED 204-11] Starting scheduling ...
INFO: [SCHED 204-11] Finished scheduling.
INFO: [HLS 200-111]  Elapsed time: 0.134 seconds; current allocated memory: 270.023 MB.
INFO: [BIND 205-100] Starting micro-architecture generation ...
INFO: [BIND 205-101] Performing variable lifetime analysis.
INFO: [BIND 205-101] Exploring resource sharing.
INFO: [BIND 205-101] Binding ...
INFO: [BIND 205-100] Finished micro-architecture generation.
INFO: [HLS 200-111]  Elapsed time: 0.259 seconds; current allocated memory: 270.402 MB.
INFO: [HLS 200-10] ----------------------------------------------------------------
INFO: [HLS 200-10] -- Generating RTL for module 'Block_Mat_exit45_pro' 
INFO: [HLS 200-10] ----------------------------------------------------------------
INFO: [RTGEN 206-100] Finished creating RTL model for 'Block_Mat_exit45_pro'.
INFO: [HLS 200-111]  Elapsed time: 0.231 seconds; current allocated memory: 270.668 MB.
INFO: [HLS 200-10] ----------------------------------------------------------------
INFO: [HLS 200-10] -- Generating RTL for module 'AXIvideo2Mat' 
INFO: [HLS 200-10] ----------------------------------------------------------------
INFO: [RTGEN 206-100] Finished creating RTL model for 'AXIvideo2Mat'.
INFO: [HLS 200-111]  Elapsed time: 0.166 seconds; current allocated memory: 271.287 MB.
INFO: [HLS 200-10] ----------------------------------------------------------------
INFO: [HLS 200-10] -- Generating RTL for module 'Filter2D' 
INFO: [HLS 200-10] ----------------------------------------------------------------
INFO: [SYN 201-210] Renamed object name 'Filter2D_k_buf_0_val_3' to 'Filter2D_k_buf_0_bkb' due to the length limit 20
INFO: [SYN 201-210] Renamed object name 'Filter2D_k_buf_0_val_4' to 'Filter2D_k_buf_0_cud' due to the length limit 20
INFO: [SYN 201-210] Renamed object name 'Filter2D_k_buf_0_val_5' to 'Filter2D_k_buf_0_dEe' due to the length limit 20
INFO: [RTGEN 206-100] Generating core module 'sobel_mux_32_8_1_1': 6 instance(s).
INFO: [RTGEN 206-100] Finished creating RTL model for 'Filter2D'.
INFO: [HLS 200-111]  Elapsed time: 0.353 seconds; current allocated memory: 272.741 MB.
INFO: [HLS 200-10] ----------------------------------------------------------------
INFO: [HLS 200-10] -- Generating RTL for module 'Sobel_1' 
INFO: [HLS 200-10] ----------------------------------------------------------------
INFO: [RTGEN 206-100] Finished creating RTL model for 'Sobel_1'.
INFO: [HLS 200-111]  Elapsed time: 0.794 seconds; current allocated memory: 273.344 MB.
INFO: [HLS 200-10] ----------------------------------------------------------------
INFO: [HLS 200-10] -- Generating RTL for module 'Mat2AXIvideo' 
INFO: [HLS 200-10] ----------------------------------------------------------------
INFO: [RTGEN 206-100] Finished creating RTL model for 'Mat2AXIvideo'.
INFO: [HLS 200-111]  Elapsed time: 0.262 seconds; current allocated memory: 273.827 MB.
INFO: [HLS 200-10] ----------------------------------------------------------------
INFO: [HLS 200-10] -- Generating RTL for module 'sobel' 
INFO: [HLS 200-10] ----------------------------------------------------------------
INFO: [RTGEN 206-500] Setting interface mode on port 'sobel/INPUT_STREAM_V_data_V' to 'axis' (register, both mode).
INFO: [RTGEN 206-500] Setting interface mode on port 'sobel/INPUT_STREAM_V_keep_V' to 'axis' (register, both mode).
INFO: [RTGEN 206-500] Setting interface mode on port 'sobel/INPUT_STREAM_V_strb_V' to 'axis' (register, both mode).
INFO: [RTGEN 206-500] Setting interface mode on port 'sobel/INPUT_STREAM_V_user_V' to 'axis' (register, both mode).
INFO: [RTGEN 206-500] Setting interface mode on port 'sobel/INPUT_STREAM_V_last_V' to 'axis' (register, both mode).
INFO: [RTGEN 206-500] Setting interface mode on port 'sobel/INPUT_STREAM_V_id_V' to 'axis' (register, both mode).
INFO: [RTGEN 206-500] Setting interface mode on port 'sobel/INPUT_STREAM_V_dest_V' to 'axis' (register, both mode).
INFO: [RTGEN 206-500] Setting interface mode on port 'sobel/OUTPUT_STREAM_V_data_V' to 'axis' (register, both mode).
INFO: [RTGEN 206-500] Setting interface mode on port 'sobel/OUTPUT_STREAM_V_keep_V' to 'axis' (register, both mode).
INFO: [RTGEN 206-500] Setting interface mode on port 'sobel/OUTPUT_STREAM_V_strb_V' to 'axis' (register, both mode).
INFO: [RTGEN 206-500] Setting interface mode on port 'sobel/OUTPUT_STREAM_V_user_V' to 'axis' (register, both mode).
INFO: [RTGEN 206-500] Setting interface mode on port 'sobel/OUTPUT_STREAM_V_last_V' to 'axis' (register, both mode).
INFO: [RTGEN 206-500] Setting interface mode on port 'sobel/OUTPUT_STREAM_V_id_V' to 'axis' (register, both mode).
INFO: [RTGEN 206-500] Setting interface mode on port 'sobel/OUTPUT_STREAM_V_dest_V' to 'axis' (register, both mode).
INFO: [RTGEN 206-500] Setting interface mode on port 'sobel/rows' to 'ap_none'.
INFO: [RTGEN 206-500] Setting interface mode on port 'sobel/cols' to 'ap_none'.
INFO: [RTGEN 206-500] Setting interface mode on function 'sobel' to 'ap_ctrl_hs'.
INFO: [SYN 201-210] Renamed object name 'start_for_Mat2AXIvideo_U0' to 'start_for_Mat2AXIeOg' due to the length limit 20
INFO: [SYN 201-210] Renamed object name 'start_for_Sobel_1_U0' to 'start_for_Sobel_1fYi' due to the length limit 20
INFO: [RTGEN 206-100] Finished creating RTL model for 'sobel'.
INFO: [HLS 200-111]  Elapsed time: 0.449 seconds; current allocated memory: 274.528 MB.
INFO: [HLS 200-790] **** Loop Constraint Status: All loop constraints were satisfied.
INFO: [HLS 200-789] **** Estimated Fmax: 115.94 MHz
INFO: [RTMG 210-278] Implementing memory 'Filter2D_k_buf_0_bkb_ram (RAM)' using block RAMs.
INFO: [RTMG 210-285] Implementing FIFO 'img_0_rows_V_c_U(fifo_w32_d2_A)' using Shift Registers.
INFO: [RTMG 210-285] Implementing FIFO 'img_0_cols_V_c_U(fifo_w32_d2_A)' using Shift Registers.
INFO: [RTMG 210-285] Implementing FIFO 'img_1_rows_V_c_U(fifo_w32_d4_A)' using Shift Registers.
INFO: [RTMG 210-285] Implementing FIFO 'img_1_cols_V_c_U(fifo_w32_d4_A)' using Shift Registers.
INFO: [RTMG 210-285] Implementing FIFO 'img_0_data_stream_0_U(fifo_w8_d2_A)' using Shift Registers.
INFO: [RTMG 210-285] Implementing FIFO 'img_0_rows_V_c13_U(fifo_w32_d2_A)' using Shift Registers.
INFO: [RTMG 210-285] Implementing FIFO 'img_0_cols_V_c14_U(fifo_w32_d2_A)' using Shift Registers.
INFO: [RTMG 210-285] Implementing FIFO 'img_1_data_stream_0_U(fifo_w8_d2_A)' using Shift Registers.
INFO: [RTMG 210-285] Implementing FIFO 'start_for_Mat2AXIeOg_U(start_for_Mat2AXIeOg)' using Shift Registers.
INFO: [RTMG 210-285] Implementing FIFO 'start_for_Sobel_1fYi_U(start_for_Sobel_1fYi)' using Shift Registers.
INFO: [HLS 200-111] Finished generating all RTL models Time (s): cpu = 00:00:14 ; elapsed = 00:00:43 . Memory (MB): peak = 351.246 ; gain = 258.910
INFO: [VHDL 208-304] Generating VHDL RTL for sobel.
INFO: [VLOG 209-307] Generating Verilog RTL for sobel.
INFO: [HLS 200-112] Total elapsed time: 43.516 seconds; peak allocated memory: 274.528 MB.
==============================================================
Vivado(TM) HLS - High-Level Synthesis from C, C++ and SystemC v2019.2 (64-bit)
Copyright 1986-2019 Xilinx, Inc. All Rights Reserved.
==============================================================
INFO: [SYN 201-201] Setting up clock 'default' with a period of 10ns.
INFO: [HLS 200-10] Setting target device to 'xc7z020-clg484-1'
INFO: [IMPL 213-8] Exporting RTL as a Vivado IP.
==============================================================
Vivado(TM) HLS - High-Level Synthesis from C, C++ and SystemC v2019.2 (64-bit)
Copyright 1986-2019 Xilinx, Inc. All Rights Reserved.
==============================================================
INFO: [SYN 201-201] Setting up clock 'default' with a period of 10ns.
INFO: [HLS 200-10] Setting target device to 'xc7z020-clg484-1'
INFO: [SIM 211-2] *************** CSIM start ***************
INFO: [SIM 211-4] CSIM will launch GCC as the compiler.
INFO: [SIM 211-1] CSim file generation done with 0 errors.
INFO: [SIM 211-3] *************** CSIM finish ***************
==============================================================
Vivado(TM) HLS - High-Level Synthesis from C, C++ and SystemC v2019.2 (64-bit)
Copyright 1986-2019 Xilinx, Inc. All Rights Reserved.
==============================================================
INFO: [SYN 201-201] Setting up clock 'default' with a period of 10ns.
INFO: [HLS 200-10] Setting target device to 'xc7z020-clg484-1'
INFO: [SIM 211-2] *************** CSIM start ***************
INFO: [SIM 211-4] CSIM will launch GCC as the compiler.
INFO: [SIM 211-1] CSim file generation done with 0 errors.
INFO: [SIM 211-3] *************** CSIM finish ***************
