INFO: Applying HLS Y2K22 patch v1.2 for IP revision
INFO: [HLS 200-10] Running 'C:/Xilinx/Vivado/2019.2/bin/unwrapped/win64.o/vivado_hls.exe'
INFO: [HLS 200-10] For user 'ap576391' on host 'gs21-09' (Windows NT_amd64 version 6.2) on Tue Oct 03 13:35:32 +0200 2023
INFO: [HLS 200-10] In directory 'C:/Users/ap576391/Documents/Brost'
Sourcing Tcl script 'C:/Users/ap576391/Documents/Brost/mire/mire/csim.tcl'
INFO: [HLS 200-10] Opening project 'C:/Users/ap576391/Documents/Brost/mire'.
INFO: [HLS 200-10] Opening solution 'C:/Users/ap576391/Documents/Brost/mire/mire'.
INFO: [SYN 201-201] Setting up clock 'default' with a period of 10ns.
INFO: [HLS 200-10] Setting target device to 'xc7z020-clg484-1'
INFO: [SIM 211-2] *************** CSIM start ***************
INFO: [SIM 211-4] CSIM will launch GCC as the compiler.
   Compiling(apcc) ../../../mire_tb.c in debug mode
INFO: Applying HLS Y2K22 patch v1.2 for IP revision
INFO: [HLS 200-10] Running 'C:/Xilinx/Vivado/2019.2/bin/unwrapped/win64.o/apcc.exe'
INFO: [HLS 200-10] For user 'ap576391' on host 'gs21-09' (Windows NT_amd64 version 6.2) on Tue Oct 03 13:35:37 +0200 2023
INFO: [HLS 200-10] In directory 'C:/Users/ap576391/Documents/Brost/mire/mire/csim/build'
INFO: [APCC 202-3] Tmp directory is apcc_db
INFO: [APCC 202-1] APCC is done.
   Generating csim.exe
INFO: [SIM 211-1] CSim done with 0 errors.
INFO: [SIM 211-3] *************** CSIM finish ***************
