INFO-FLOW: Workspace C:/formation_hls/video_vga_7511_zed/hls/mire/solution1 opened at Wed Feb 23 16:31:01 +0100 2022
Execute     config_clock -quiet -name default -period 10 -default=false 
INFO: [SYN 201-201] Setting up clock 'default' with a period of 10ns.
Execute     open_platform DefaultPlatform 
Execute     import_lib C:/Xilinx/Vivado/2019.2/common/technology/xilinx/zynq/zynq 
Execute       source C:/Xilinx/Vivado/2019.2/common/technology/xilinx/common/xilinx.lib 
Execute         source C:/Xilinx/Vivado/2019.2/common/technology/xilinx/interface/xilinx_interface.lib 
Execute           source C:/Xilinx/Vivado/2019.2/common/technology/xilinx/interface/plb46.lib 
Execute           source C:/Xilinx/Vivado/2019.2/common/technology/xilinx/interface/fsl.lib 
Execute           source C:/Xilinx/Vivado/2019.2/common/technology/xilinx/interface/axi4.lib 
Execute           source C:/Xilinx/Vivado/2019.2/common/technology/xilinx/interface/maxi.lib 
Execute           source C:/Xilinx/Vivado/2019.2/common/technology/xilinx/interface/saxilite.lib 
Execute         source C:/Xilinx/Vivado/2019.2/common/technology/xilinx/common/dsp48.lib 
Execute         source C:/Xilinx/Vivado/2019.2/common/technology/xilinx/ip/dds_compiler.lib 
Execute         source C:/Xilinx/Vivado/2019.2/common/technology/xilinx/ip/xfft.lib 
Execute         source C:/Xilinx/Vivado/2019.2/common/technology/xilinx/ip/xfir.lib 
Execute       source C:/Xilinx/Vivado/2019.2/common/technology/xilinx/common/xilinx.hlp 
Execute         source C:/Xilinx/Vivado/2019.2/common/technology/xilinx/common/target_info.tcl 
Execute         source C:/Xilinx/Vivado/2019.2/common/technology/xilinx/interface/xilinx_interface.hlp 
Execute           source C:/Xilinx/Vivado/2019.2/common/technology/xilinx/interface/maxi.hlp 
Execute           source C:/Xilinx/Vivado/2019.2/common/technology/xilinx/interface/saxilite.hlp 
Execute         source C:/Xilinx/Vivado/2019.2/common/technology/xilinx/common/dsp48.hlp 
Execute       source C:/Xilinx/Vivado/2019.2/common/technology/xilinx/zynq/dsp48e1.hlp 
Execute       source C:/Xilinx/Vivado/2019.2/common/technology/xilinx/common/xilinx.hlp 
Execute         source C:/Xilinx/Vivado/2019.2/common/technology/xilinx/common/target_info.tcl 
Execute         source C:/Xilinx/Vivado/2019.2/common/technology/xilinx/interface/xilinx_interface.hlp 
Execute           source C:/Xilinx/Vivado/2019.2/common/technology/xilinx/interface/maxi.hlp 
Execute           source C:/Xilinx/Vivado/2019.2/common/technology/xilinx/interface/saxilite.hlp 
Execute         source C:/Xilinx/Vivado/2019.2/common/technology/xilinx/common/dsp48.hlp 
Execute     source C:/Xilinx/Vivado/2019.2/common/technology/xilinx/zynq/zynq.gen 
Execute       source C:/Xilinx/Vivado/2019.2/common/technology/xilinx/common/xilinx.gen 
Execute         source C:/Xilinx/Vivado/2019.2/common/technology/xilinx/interface/plb46.gen 
Execute         source C:/Xilinx/Vivado/2019.2/common/technology/xilinx/interface/fsl.gen 
Execute         source C:/Xilinx/Vivado/2019.2/common/technology/xilinx/interface/axi4.gen 
Execute         source C:/Xilinx/Vivado/2019.2/common/technology/xilinx/interface/nativeAXI4.gen 
Execute           source C:/Xilinx/Vivado/2019.2/common/technology/xilinx/interface/saxilite.gen 
Execute           source C:/Xilinx/Vivado/2019.2/common/technology/xilinx/interface/maxi.gen 
Execute         source C:/Xilinx/Vivado/2019.2/common/technology/xilinx/scripts/xilinxcoregen.gen 
Execute         source C:/Xilinx/Vivado/2019.2/common/technology/xilinx/interface/XilEDKCoreGen.gen 
Execute         source C:/Xilinx/Vivado/2019.2/common/technology/xilinx/ip/dds_compiler.gen 
Execute         source C:/Xilinx/Vivado/2019.2/common/technology/xilinx/ip/util.gen 
Execute         source C:/Xilinx/Vivado/2019.2/common/technology/xilinx/ip/xfft.gen 
Command         ap_source done; 0.105 sec.
Execute         source C:/Xilinx/Vivado/2019.2/common/technology/xilinx/ip/xfir.gen 
Execute         source C:/Xilinx/Vivado/2019.2/common/technology/xilinx/common/dsp48.gen 
Command       ap_source done; 0.154 sec.
Command     ap_source done; 0.155 sec.
Execute     open_platform DefaultPlatform 
Execute     import_lib C:/Xilinx/Vivado/2019.2/common/technology/xilinx/zynq/zynq_fpv6 
Execute       source C:/Xilinx/Vivado/2019.2/common/technology/xilinx/common/xilinx_fp.lib 
Execute       source C:/Xilinx/Vivado/2019.2/common/technology/xilinx/common/xilinx_fp.hlp 
Execute         source C:/Xilinx/Vivado/2019.2/common/technology/xilinx/common/xilinx.hlp 
Execute           source C:/Xilinx/Vivado/2019.2/common/technology/xilinx/common/target_info.tcl 
Execute           source C:/Xilinx/Vivado/2019.2/common/technology/xilinx/interface/xilinx_interface.hlp 
Execute             source C:/Xilinx/Vivado/2019.2/common/technology/xilinx/interface/maxi.hlp 
Execute             source C:/Xilinx/Vivado/2019.2/common/technology/xilinx/interface/saxilite.hlp 
Execute           source C:/Xilinx/Vivado/2019.2/common/technology/xilinx/common/dsp48.hlp 
Execute     source C:/Xilinx/Vivado/2019.2/common/technology/xilinx/zynq/zynq_fpv6.gen 
Execute       source C:/Xilinx/Vivado/2019.2/common/technology/xilinx/common/xilinx_fp.gen 
Execute     set_part xc7z020-clg484-1 
Execute       ap_part_info -name xc7z020-clg484-1 -data single -quiet 
Command       ap_part_info done; 1.36 sec.
Execute       ap_part_info -name xc7z020-clg484-1 -data info 
Execute       add_library xilinx/zynq/zynq:xc7z020:-clg484:-1 
Execute         get_default_platform 
Execute         ap_part_info -data single -name xc7z020-clg484-1 
Execute         ap_part_info -name xc7z020-clg484-1 -data resources 
Execute         ap_part_info -name xc7z020-clg484-1 -data info 
Execute         ap_part_info -name xc7z020-clg484-1 -data info 
Execute         config_chip_info -quiet -resource {SLICE 13300} {LUT 53200} {FF 106400} {DSP48E 220} {BRAM 280} {URAM 0} 
Execute         ap_part_info -name xc7z020-clg484-1 -data info 
Execute         config_chip_info -quiet -speed slow 
Command       add_library done; 0.105 sec.
Execute       add_library xilinx/zynq/zynq_fpv6 
Execute         get_default_platform 
INFO: [HLS 200-10] Setting target device to 'xc7z020-clg484-1'
Execute       ap_part_info -name xc7z020-clg484-1 -data info 
Execute       get_default_platform 
Command     set_part done; 1.614 sec.
Execute     ap_part_info -data single -name xc7z020-clg484-1 
Execute     ap_part_info -name xc7z020-clg484-1 -data resources 
Execute     ap_part_info -name xc7z020-clg484-1 -data info 
Execute     ap_part_info -name xc7z020-clg484-1 -data info 
Execute     config_chip_info -quiet -resource {SLICE 13300} {LUT 53200} {FF 106400} {DSP48E 220} {BRAM 280} {URAM 0} 
Execute     ap_part_info -name xc7z020-clg484-1 -data info 
Execute     config_chip_info -quiet -speed slow 
Execute     config_export -format=ip_catalog 
Execute     config_export -rtl=vhdl 
Execute     config_export -version=1.1.1 
Command   open_solution done; 1.949 sec.
Execute   set_part xc7z020-clg484-1 
Execute     ap_part_info -name xc7z020-clg484-1 -data single -quiet 
Execute     ap_part_info -name xc7z020-clg484-1 -data info 
Execute     add_library xilinx/zynq/zynq:xc7z020:-clg484:-1 
Execute       get_default_platform 
Execute       ap_part_info -data single -name xc7z020-clg484-1 
Execute       ap_part_info -name xc7z020-clg484-1 -data resources 
Execute       ap_part_info -name xc7z020-clg484-1 -data info 
Execute       ap_part_info -name xc7z020-clg484-1 -data info 
Execute       config_chip_info -quiet -resource {SLICE 13300} {LUT 53200} {FF 106400} {DSP48E 220} {BRAM 280} {URAM 0} 
Execute       ap_part_info -name xc7z020-clg484-1 -data info 
Execute       config_chip_info -quiet -speed slow 
Execute     add_library xilinx/zynq/zynq_fpv6 
Execute       get_default_platform 
Execute     ap_part_info -name xc7z020-clg484-1 -data info 
Execute     get_default_platform 
Command   set_part done; 0.243 sec.
Execute   create_clock -period 10 -name default 
Execute     config_clock -quiet -name default -period 10 -default=false 
INFO: [SYN 201-201] Setting up clock 'default' with a period of 10ns.
Execute   config_export -format ip_catalog -rtl vhdl -version 1.1.1 
Execute   csynth_design 
Execute     get_config_compile -dump_cfg 
Execute     get_config_compile -effort 
Execute     get_config_compile -enable_clang39 
Execute     get_config_compile -g 
Execute     get_config_compile -ng 
Execute     get_config_compile -opt_fp 
Execute     get_config_compile -skip_cdt 
Execute     get_config_compile -skip_syncheck 
Execute     get_config_compile -skip_transform 
Execute     get_config_compile -keep_printf 
Execute     elaborate -effort=medium -skip_syncheck=0 -keep_printf=0 -skip_cdt=0 -skip_transform=0 -ng=0 -g=0 -opt_fp=0 -from_csynth_design=1 
Execute       get_config_schedule -relax_ii_for_timing 
INFO: [SCHED 204-61] Option 'relax_ii_for_timing' is enabled, will increase II to preserve clock frequency constraints.
Execute       get_config_schedule -suppress_dependence_error_break 
INFO: [HLS 200-10] Analyzing design file 'mire/mire.cpp' ... 
INFO-FLOW: Compiling one TU...
Execute       is_m_axi_addr64 
INFO-FLOW: Handling mire/mire.cpp as C++
Execute       ap_part_info -name xc7z020-clg484-1 -data info 
Execute       is_encrypted mire/mire.cpp 
Execute       ap_part_info -name xc7z020-clg484-1 -data info 
INFO-FLOW: Running: GCC PP
INFO-FLOW: Source preprocessing
Execute       clang  -fno-limit-debug-info -gcc-toolchain "C:/Xilinx/Vivado/2019.2/msys" -hls  -fno-exceptions  -D__llvm__  -E "mire/mire.cpp"     -fno-math-errno -c -emit-llvm -O0  -mllvm -disable-llvm-optzns -fno-threadsafe-statics  -fno-use-cxa-atexit  -fno-threadsafe-statics -fno-use-cxa-atexit -D__CLANG_3_1__ -D__cdecl= -DAESL_SYN -D__SYNTHESIS__ -D__HLS_SYN__ -I "C:/Xilinx/Vivado/2019.2/common/technology/autopilot" -I "C:/Xilinx/Vivado/2019.2/common/technology/autopilot/ap_sysc" -include etc/autopilot_ssdm_op.h -D__DSP48E1__  -o "C:/formation_hls/video_vga_7511_zed/hls/mire/solution1/.autopilot/db/mire.pp.0.cpp" 
INFO-FLOW: exec C:/Xilinx/Vivado/2019.2/win64/tools/clang/bin/clang -fno-limit-debug-info -gcc-toolchain C:/Xilinx/Vivado/2019.2/msys -hls -fno-exceptions -D__llvm__ -E mire/mire.cpp -fno-math-errno -c -emit-llvm -O0 -mllvm -disable-llvm-optzns -fno-threadsafe-statics -fno-use-cxa-atexit -fno-threadsafe-statics -fno-use-cxa-atexit -D__CLANG_3_1__ -D__cdecl= -DAESL_SYN -D__SYNTHESIS__ -D__HLS_SYN__ -I C:/Xilinx/Vivado/2019.2/common/technology/autopilot -I C:/Xilinx/Vivado/2019.2/common/technology/autopilot/ap_sysc -include etc/autopilot_ssdm_op.h -D__DSP48E1__ -o C:/formation_hls/video_vga_7511_zed/hls/mire/solution1/.autopilot/db/mire.pp.0.cpp
Command       clang done; 1.549 sec.
Execute       tidy_31 xilinx-xfmat-array-geometry C:/formation_hls/video_vga_7511_zed/hls/mire/solution1/.autopilot/db/mire.pp.0.cpp std=gnu++98 
INFO-FLOW: exec C:/Xilinx/Vivado/2019.2/win64/tools/clang-3.9-csynth/bin/tidy-3.1 -header-filter=.* -checks=-*,xilinx-xfmat-array-geometry -quiet -fix C:/formation_hls/video_vga_7511_zed/hls/mire/solution1/.autopilot/db/mire.pp.0.cpp -- -std=gnu++98 -fhls -ferror-limit=0
Command       tidy_31 done; 1.344 sec.
INFO-FLOW: Syntax Checking before pre-processing...
Execute       clang -syntaxcheck -src C:/formation_hls/video_vga_7511_zed/hls/mire/solution1/.autopilot/db/mire.pp.0.cpp  -fno-limit-debug-info -gcc-toolchain "C:/Xilinx/Vivado/2019.2/msys" -hls    -fno-math-errno -c -emit-llvm -O0  -mllvm -disable-llvm-optzns -fno-threadsafe-statics  -fno-use-cxa-atexit  -fno-threadsafe-statics -fno-use-cxa-atexit -D__CLANG_3_1__ -D__cdecl= -DAESL_SYN -D__SYNTHESIS__ -D__HLS_SYN__ -I "C:/Xilinx/Vivado/2019.2/common/technology/autopilot" -I "C:/Xilinx/Vivado/2019.2/common/technology/autopilot/ap_sysc" -include etc/autopilot_ssdm_op.h -D__DSP48E1__  "C:/formation_hls/video_vga_7511_zed/hls/mire/solution1/.autopilot/db/mire.pp.0.cpp"  -o "C:/formation_hls/video_vga_7511_zed/hls/mire/solution1/.autopilot/db/useless.bc"  
INFO-FLOW: exec C:/Xilinx/Vivado/2019.2/win64/tools/clang/bin/clang -fno-limit-debug-info -gcc-toolchain C:/Xilinx/Vivado/2019.2/msys -hls -fno-math-errno -c -emit-llvm -O0 -mllvm -disable-llvm-optzns -fno-threadsafe-statics -fno-use-cxa-atexit -fno-threadsafe-statics -fno-use-cxa-atexit -D__CLANG_3_1__ -D__cdecl= -DAESL_SYN -D__SYNTHESIS__ -D__HLS_SYN__ -I C:/Xilinx/Vivado/2019.2/common/technology/autopilot -I C:/Xilinx/Vivado/2019.2/common/technology/autopilot/ap_sysc -include etc/autopilot_ssdm_op.h -D__DSP48E1__ C:/formation_hls/video_vga_7511_zed/hls/mire/solution1/.autopilot/db/mire.pp.0.cpp -o C:/formation_hls/video_vga_7511_zed/hls/mire/solution1/.autopilot/db/useless.bc
Command       clang done; 4.361 sec.
INFO-FLOW: Done: GCC PP time: 7.3 seconds per iteration
Execute       source C:/Xilinx/Vivado/2019.2/tps/tcl/tcllib1.11.1/yaml/huddle.tcl 
Execute       source C:/Xilinx/Vivado/2019.2/tps/tcl/tcllib1.11.1/yaml/json2huddle.tcl 
Execute         source C:/Xilinx/Vivado/2019.2/tps/tcl/tcllib1.11.1/try/try.tcl 
Execute       list_core -type functional_unit 
Execute       tidy_31 xilinx-systemc-detector C:/formation_hls/video_vga_7511_zed/hls/mire/solution1/.autopilot/db/mire.pp.0.cpp std=gnu++98 -directive=C:/formation_hls/video_vga_7511_zed/hls/mire/solution1/.autopilot/db/.systemc_flag 
INFO-FLOW: exec C:/Xilinx/Vivado/2019.2/win64/tools/clang-3.9-csynth/bin/tidy-3.1 -header-filter=.* -checks=-*,xilinx-systemc-detector -import-directive=C:/formation_hls/video_vga_7511_zed/hls/mire/solution1/.autopilot/db/.systemc_flag -quiet -fix-errors C:/formation_hls/video_vga_7511_zed/hls/mire/solution1/.autopilot/db/mire.pp.0.cpp -- -std=gnu++98 -fhls -ferror-limit=0
Command       tidy_31 done; 1.231 sec.
INFO-FLOW: Running: tidy-3.1 CDT preprocess
Execute       tidy_31 xilinx-directive2pragma C:/formation_hls/video_vga_7511_zed/hls/mire/solution1/.autopilot/db/mire.pp.0.cpp std=gnu++98 -directive=C:/formation_hls/video_vga_7511_zed/hls/mire/solution1/.autopilot/db/all.directive.json 
INFO-FLOW: exec C:/Xilinx/Vivado/2019.2/win64/tools/clang-3.9-csynth/bin/tidy-3.1 -header-filter=.* -checks=-*,xilinx-directive2pragma -import-directive=C:/formation_hls/video_vga_7511_zed/hls/mire/solution1/.autopilot/db/all.directive.json -quiet -fix-errors C:/formation_hls/video_vga_7511_zed/hls/mire/solution1/.autopilot/db/mire.pp.0.cpp -- -std=gnu++98 -fhls -ferror-limit=0
Command       tidy_31 done; 1.217 sec.
Execute       get_config_dataflow -strict_mode 
Execute       ap_eval exec -ignorestderr C:/Xilinx/Vivado/2019.2/win64/tools/clang-3.9-csynth/bin/xilinx-dataflow-lawyer -export-fixes=C:/formation_hls/video_vga_7511_zed/hls/mire/solution1/.autopilot/db/xilinx-dataflow-lawyer.mire.pp.0.cpp.diag.yml C:/formation_hls/video_vga_7511_zed/hls/mire/solution1/.autopilot/db/mire.pp.0.cpp -- -std=gnu++98 -fhls -ferror-limit=0 -fstrict-dataflow > C:/formation_hls/video_vga_7511_zed/hls/mire/solution1/.autopilot/db/xilinx-dataflow-lawyer.mire.pp.0.cpp.out.log 2> C:/formation_hls/video_vga_7511_zed/hls/mire/solution1/.autopilot/db/xilinx-dataflow-lawyer.mire.pp.0.cpp.err.log 
Command       ap_eval done; 1.16 sec.
Execute       tidy_31 -errorcheck xilinx-constantarray-param,xilinx-resource-pragma-transformer,xilinx-xfmat-array-geometry C:/formation_hls/video_vga_7511_zed/hls/mire/solution1/.autopilot/db/mire.pp.0.cpp std=gnu++98 
Execute         ap_eval exec -ignorestderr C:/Xilinx/Vivado/2019.2/win64/tools/clang-3.9-csynth/bin/tidy-3.1 -export-fixes=C:/formation_hls/video_vga_7511_zed/hls/mire/solution1/.autopilot/db/tidy-3.1.mire.pp.0.cpp.diag.yml -header-filter=.* -checks=-*,xilinx-constantarray-param,xilinx-resource-pragma-transformer,xilinx-xfmat-array-geometry -quiet -fix-errors C:/formation_hls/video_vga_7511_zed/hls/mire/solution1/.autopilot/db/mire.pp.0.cpp -- -std=gnu++98 -fhls -ferror-limit=0 > C:/formation_hls/video_vga_7511_zed/hls/mire/solution1/.autopilot/db/tidy-3.1.mire.pp.0.cpp.out.log 2> C:/formation_hls/video_vga_7511_zed/hls/mire/solution1/.autopilot/db/tidy-3.1.mire.pp.0.cpp.err.log 
Command         ap_eval done; 1.472 sec.
Execute         source C:/Xilinx/Vivado/2019.2/tps/tcl/tcllib1.11.1/yaml/yaml.tcl 
Execute           source C:/Xilinx/Vivado/2019.2/tps/tcl/tcllib1.11.1/cmdline/cmdline.tcl 
Execute         ap_eval exec -ignorestderr C:/Xilinx/Vivado/2019.2/win64/tools/clang-3.9-csynth/bin/xilinx-legacy-rewriter C:/formation_hls/video_vga_7511_zed/hls/mire/solution1/.autopilot/db/mire.pp.0.cpp -- -std=gnu++98 -fhls -ferror-limit=0 > C:/formation_hls/video_vga_7511_zed/hls/mire/solution1/.autopilot/db/xilinx-legacy-rewriter.mire.pp.0.cpp.out.log 2> C:/formation_hls/video_vga_7511_zed/hls/mire/solution1/.autopilot/db/xilinx-legacy-rewriter.mire.pp.0.cpp.err.log 
Command         ap_eval done; 0.771 sec.
Command       tidy_31 done; 2.28 sec.
INFO-FLOW: Done: tidy-3.1 CDT preprocess time: 4.7 seconds per iteration
INFO-FLOW: Pragma Handling...
Execute       tidy_31 xilinx-ssdm-intrinsics-arguments C:/formation_hls/video_vga_7511_zed/hls/mire/solution1/.autopilot/db/mire.pragma.1.cpp std=gnu++98 
INFO-FLOW: exec C:/Xilinx/Vivado/2019.2/win64/tools/clang-3.9-csynth/bin/tidy-3.1 -header-filter=.* -checks=-*,xilinx-ssdm-intrinsics-arguments -quiet -fix-errors C:/formation_hls/video_vga_7511_zed/hls/mire/solution1/.autopilot/db/mire.pragma.1.cpp -- -std=gnu++98 -fhls -ferror-limit=0
Command       tidy_31 done; 1.466 sec.
Execute       ap_part_info -name xc7z020-clg484-1 -data info 
INFO-FLOW: Processing labels
Execute       clang -src C:/formation_hls/video_vga_7511_zed/hls/mire/solution1/.autopilot/db/mire.pragma.2.cpp  -fno-limit-debug-info -gcc-toolchain C:/Xilinx/Vivado/2019.2/msys -hls -hls-analyze-label -hls-analyze-pragma -fno-exceptions  -D__llvm__  -w  "C:/formation_hls/video_vga_7511_zed/hls/mire/solution1/.autopilot/db/mire.pragma.2.cpp"    -fno-math-errno -c -emit-llvm -O0  -mllvm -disable-llvm-optzns -fno-threadsafe-statics  -fno-use-cxa-atexit -DAESL_SYN -D__SYNTHESIS__ -D__HLS_SYN__ -I "C:/Xilinx/Vivado/2019.2/common/technology/autopilot" -I "C:/Xilinx/Vivado/2019.2/common/technology/autopilot/ap_sysc" -include etc/autopilot_ssdm_op.h -D__DSP48E1__ -g -o "C:/formation_hls/video_vga_7511_zed/hls/mire/solution1/.autopilot/db/mire.bc" 
INFO-FLOW: exec C:/Xilinx/Vivado/2019.2/win64/tools/clang/bin/clang -fno-limit-debug-info -gcc-toolchain C:/Xilinx/Vivado/2019.2/msys -hls -hls-analyze-label -hls-analyze-pragma -fno-exceptions -D__llvm__ -w C:/formation_hls/video_vga_7511_zed/hls/mire/solution1/.autopilot/db/mire.pragma.2.cpp -fno-math-errno -c -emit-llvm -O0 -mllvm -disable-llvm-optzns -fno-threadsafe-statics -fno-use-cxa-atexit -DAESL_SYN -D__SYNTHESIS__ -D__HLS_SYN__ -I C:/Xilinx/Vivado/2019.2/common/technology/autopilot -I C:/Xilinx/Vivado/2019.2/common/technology/autopilot/ap_sysc -include etc/autopilot_ssdm_op.h -D__DSP48E1__ -g -o C:/formation_hls/video_vga_7511_zed/hls/mire/solution1/.autopilot/db/mire.bc
Command       clang done; 4.454 sec.
INFO-FLOW: Linking Debug ...
Execute       llvm-ld C:/formation_hls/video_vga_7511_zed/hls/mire/solution1/.autopilot/db/mire.g.bc -hls-opt -except-internalize mire -LC:/Xilinx/Vivado/2019.2/win64/lib -lhlsm -lhlsmc++ -o C:/formation_hls/video_vga_7511_zed/hls/mire/solution1/.autopilot/db/a.g 
Command       llvm-ld done; 1.365 sec.
INFO: [HLS 200-111] Finished Linking Time (s): cpu = 00:00:03 ; elapsed = 00:00:24 . Memory (MB): peak = 197.766 ; gain = 105.340
INFO: [HLS 200-111] Finished Checking Pragmas Time (s): cpu = 00:00:03 ; elapsed = 00:00:24 . Memory (MB): peak = 197.766 ; gain = 105.340
Execute       get_config_sdx -target 
Execute       opt_and_import_c a -opt_level=2 -skip_syncheck=0 -ng=0 -keep_printf=0 
Execute         cleanup_all_models 
INFO: [HLS 200-10] Starting code transformations ...
Execute         transform -promote-dbg-pointer C:/formation_hls/video_vga_7511_zed/hls/mire/solution1/.autopilot/db/a.pp.bc -o C:/formation_hls/video_vga_7511_zed/hls/mire/solution1/.autopilot/db/a.pp.0.bc -f 
Command         transform done; 0.114 sec.
Execute         llvm-ld C:/formation_hls/video_vga_7511_zed/hls/mire/solution1/.autopilot/db/a.pp.0.bc -disable-opt -LC:/Xilinx/Vivado/2019.2/win64/lib -lfloatconversion -o C:/formation_hls/video_vga_7511_zed/hls/mire/solution1/.autopilot/db/a.g.0 
Command         llvm-ld done; 0.963 sec.
INFO-FLOW: Running Standard Transforms...
Execute         transform -hls -share-std-xform -demangle-name -inline-byval-memcpy -always-inline -promote-dbg-pointer -interface-preproc -mem2reg -scalarrepl -mem2reg -keep-read-access -instcombine -dce -promote-dbg-pointer -bitop-raise -loop-simplify -indvarspre -indvars -loop-simplify -xunroll -constprop -instcombine -simplifycfg -indvars -simplifycfg -dce -globaldce -basicaa -simplifycfg -mem2reg -globalopt -global-constprop -deadargelim -instcombine -simplifycfg -prune-eh -simplifycfg -scalarrepl -instcombine -reassociate -licm -simplifycfg -loop-simplify -indvars -instcombine -simplifycfg -mem2reg -loop-simplify -indvars -instcombine -gvn -gvn -instcombine -adce -break-crit-edges -simplifycfg -loop-delete -global-array-opt -dce -dse -adce -find-syn-modules -top mire -deadargelim -mem2reg -instcombine -dce -presyn-prepare -auto-rom-infer -interface-preproc -syn-check -check-rec-only -find-region -simplifycfg -func-extr -function-inline -globaldce -mem2reg -instcombine -dce -gvn -globaldce -adce -adse -constprop -instcombine -bit-constprop -instcombine -dce -simplifycfg -bitop-raise -simplifycfg -dce -loop-delete -reassociate -globalopt -global-privatize -mem2reg -dce -global-constprop -pointer-simplify -constprop -dce -func-inst -deadargelim -auto-shift-reg-idiom -promote-dbg-pointer -norm-name C:/formation_hls/video_vga_7511_zed/hls/mire/solution1/.autopilot/db/a.g.0.bc -o C:/formation_hls/video_vga_7511_zed/hls/mire/solution1/.autopilot/db/a.g.1.bc -f -phase std-opt 
Command         transform done; 0.141 sec.
INFO: [HLS 200-111] Finished Standard Transforms Time (s): cpu = 00:00:03 ; elapsed = 00:00:25 . Memory (MB): peak = 197.766 ; gain = 105.340
INFO: [HLS 200-10] Checking synthesizability ...
INFO-FLOW: Checking Synthesizability 1/2..
Execute         transform -hls -syn-check -check-rec-only -disaggr -scalarrepl -norm-name -dce -mem2reg -instcombine -function-uniquify -directive-preproc -mem2reg -dse -dce -auto-rom-infer -dce -pag -array-normalize -instcombine -dce -warn-fifo-pointer -array-seg-normalize -instcombine -dce -array-flatten -instcombine -dce -array-burst -dce -deadargelim -promote-global-argument -simplifycfg -mem2reg -globaldce -dce -deadargelim -dce -instcombine -function-inline -globaldce -dce -doublePtrSimplify -doublePtrElim -dce -doublePtrSimplify -promote-dbg-pointer -dce -scalarrepl -dse -adse -instcombine -ptrLegalization -simplifycfg -dce -instcombine -pointer-simplify -ptrArgReplace -dce -instcombine -resolve-double-ptr -disaggr -scalarrepl -norm-name -dce -mem2reg -instcombine -ptrLegalization -simplifycfg -deadargelim -instcombine -dce -inst-simplify -function-uniquify -directive-preproc -mem2reg -dse -dce -globaldce -check-dspbuiltin C:/formation_hls/video_vga_7511_zed/hls/mire/solution1/.autopilot/db/a.g.1.bc -o C:/formation_hls/video_vga_7511_zed/hls/mire/solution1/.autopilot/db/a.g.2.prechk.bc -f 
Command         transform done; 0.15 sec.
INFO-FLOW: Checking Synthesizability 2/2..
Execute         transform -syn-check C:/formation_hls/video_vga_7511_zed/hls/mire/solution1/.autopilot/db/a.g.2.prechk.bc -o C:/formation_hls/video_vga_7511_zed/hls/mire/solution1/.autopilot/db/a.g.2.bc -f -phase syn-check 
Command         transform done; 0.118 sec.
INFO: [HLS 200-111] Finished Checking Synthesizability Time (s): cpu = 00:00:03 ; elapsed = 00:00:25 . Memory (MB): peak = 205.414 ; gain = 112.988
INFO-FLOW: Compiler optimizing ...
INFO-FLOW: Share syncheck's 1.bc for syn flow: copy C:/formation_hls/video_vga_7511_zed/hls/mire/solution1/.autopilot/db/a.g.1.bc to C:/formation_hls/video_vga_7511_zed/hls/mire/solution1/.autopilot/db/a.o.1.bc
INFO-FLOW: Presyn 1...
Execute         transform -hls -tmp C:/formation_hls/video_vga_7511_zed/hls/mire/solution1/.autopilot/db -interface-port-rename -type-info -function-uniquify -directive-preproc -mem2reg -dse -dce -disaggr -scalarrepl -norm-name -deadargelim -mem2reg -instcombine -dce -simplifycfg -auto-rom-infer -dce -function-uniquify -resource-proc -clib-intrinsic-prepare -dce -func-buffer -dce -pag -array-normalize -func-legal -instcombine -gvn -constprop -dce -simplifycfg -mem2reg -globaldce -resolve-double-ptr -dce -deadargelim -dce -instcombine -ptrArgReplace -mem2reg -dce -array-seg-normalize -deadargelim -instcombine -dce -pointer-simplify -dce -port-alignment -dce -interface-preproc -data-pack -instcombine -dce -basicaa -aggr-aa -aggrmodref-aa -aggr-aa -gvn -gvn -basicaa -aggr-aa -aggrmodref-aa -aggr-aa -dse -adse -adce -loop-simplify -indvars -instcombine -gvn -loop-simplify -mem2reg -dce -find-region -instcombine -auto-loop-pipeline -inst-simplify -interface-preproc -cfgopt -instcombine -indvars -auto-loop-unroll -loop-simplify -loop-bound -xunroll -constprop -instcombine -simplifycfg -indvars -simplifycfg -dce -globaldce -clean-region -attach-range -gvn -inst-simplify -constprop -simplifycfg -dce -pointer-simplify -dce -globalopt -constprop -dce -array-promote -constprop -dce -ptrArgReplace -mem2reg -simplifycfg -dce -auto-par -instcombine -dce -array-transform-check -array-reshape -instcombine -simplifycfg -dce -ptrArgReplace -deadargelim -mem2reg -instcombine -simplifycfg -dce -indvars -loop-simplify -loop-bound -xunroll -constprop -instcombine -simplifycfg -indvars -simplifycfg -dce -globaldce -basicaa -aggr-aa -aggrmodref-aa -aggr-aa -dse -duplicate-dataflow-processes -globaldce -instcombine -array-partition -instcombine -simplifycfg -dce -ptrArgReplace -global-constprop -deadargelim -mem2reg -func-legal -dce -global-constprop -deadargelim -mem2reg -simplifycfg -dce -merge-param -deadargelim -globalopt -constprop -dce -array-promote -constprop -dce -ptrArgReplace -mem2reg -simplifycfg -dce -mem-intrinsic-preproc -dce -global-internalize -global-privatize -mem2reg -globaldce -promote-global-argument -ptrArgReplace -mem2reg -dce -globalopt -mergereturn -simplify-global-access -mem2reg -dce -pointer-simplify -dce -functionattrs -basicaa -aggr-aa -aggrmodref-aa -aggr-aa -gvn -gvn -basicaa -aggr-aa -aggrmodref-aa -aggr-aa -dse -adse -adce -dce -norm-name -function-inline -complex-op-raise -inst-simplify -globaldce -func-inst -constprop -instcombine -simplifycfg -dce -func-legal -dce -loop-bound -arraycheck -bitwidthmin -on-by-dataflow -loop-delete -instcombine -simplifycfg -globaldce -dce -gvn -deadargelim -dce -loop-simplify -clean-region -simplifycfg -propagate-stable-arguments -loop-stream -instcombine -simplifycfg -dce -globaldce -duplicate-dataflow-processes -stream-intrinsic-preproc -dce -check-ap-stream -loop-simplify -eliminate-keepreads -extract-dataflow-in-loop -loop-simplify -dce -gvn -deadargelim -dse -check-dataflow-syntax -legalize-stream-variable -legalize-global -extract-subproc -dce -dead-channel-elimination -canonicalize-gep -globaldce -dce -gvn -deadargelim -annotate-dataflow-channels -scalar-propagation -deadargelim -globaldce -mem2reg -check-dataflow-channels -function-stream -dce -globaldce -prop-fifo-spec -internal-stream-gen -canonicalize-gep -globaldce -dce -gvn -deadargelim -mergereturn -indvars -loop-simplify -instcombine -array-stream -array-seg-normalize -array-partition -func-legal -instcombine -simplifycfg -dce -bundle-memfifo-ops -deadargelim -function-uniquify -directive-preproc -mem2reg -dse -dce -group-axi-access -licm -simplifycfg -dce -loop-delete -norm-name C:/formation_hls/video_vga_7511_zed/hls/mire/solution1/.autopilot/db/a.o.1.bc -o C:/formation_hls/video_vga_7511_zed/hls/mire/solution1/.autopilot/db/a.o.1.tmp.bc -f 
INFO: [XFORM 203-502] Unrolling all sub-loops inside loop 'Loop-1' (mire/mire.cpp:12) in function 'mire' for pipelining.
WARNING: [XFORM 203-503] Cannot unroll loop 'Loop-1.1' (mire/mire.cpp:15) in function 'mire': cannot completely unroll a loop with a variable trip count.
Command         transform done; 0.224 sec.
INFO-FLOW: Presyn 2...
Execute         transform -hls -keep-callgraph -scalarrepl -mem2reg -port-alignment -attach-range -dce -pipe-mux-gen -indvars -loop-bound -inst-simplify -instcombine -dce -merge-array-access -mem2reg -dce -clean-region -mergereturn -if-conv -instcombine -dce -constprop -basicaa -aggr-aa -aggrmodref-aa -aggr-aa -gvn -gvn -basicaa -aggr-aa -aggrmodref-aa -aggr-aa -dse -adse -adce -scalarrepl -mem2reg -global-constprop -deadargelim -deadargelim -instcombine -dce -simplifycfg -ptrArgReplace -mem2reg -function-inline -globaldce -mem2reg -instcombine -dce -expr-balance -instcombine -dce -bitwidthmin -interface-preproc -directive-preproc -inst-rectify -instcombine -dce -functionattrs -constprop -instcombine -bit-constprop -simplify-global-access -globalopt -globaldce -inst-simplify -instcombine -elimdeaddata -dce -loop-delete -simplifycfg -loop-simplify -auto-burst -norm-name C:/formation_hls/video_vga_7511_zed/hls/mire/solution1/.autopilot/db/a.o.1.tmp.bc -o C:/formation_hls/video_vga_7511_zed/hls/mire/solution1/.autopilot/db/a.o.2.bc -f -phase presyn 
INFO: [XFORM 203-401] Performing if-conversion on hyperblock from (mire/mire.cpp:17:3) to (mire/mire.cpp:15:32) in function 'mire'... converting 4 basic blocks.
Command         transform done; 0.189 sec.
INFO: [HLS 200-111] Finished Pre-synthesis Time (s): cpu = 00:00:04 ; elapsed = 00:00:26 . Memory (MB): peak = 250.535 ; gain = 158.109
INFO-FLOW: Building ssdm...
Execute         transform -hls -function-uniquify -auto-function-inline -globaldce -ptrArgReplace -mem2reg -dce -reset-lda -loop-simplify -indvars -licm -loop-dep -loop-bound -licm -loop-simplify -flattenloopnest -array-flatten -gvn -instcombine -dce -array-map -dce -func-legal -gvn -adce -instcombine -cfgopt -simplifycfg -loop-simplify -array-burst -promote-global-argument -dce -ptrLegalization -axi4-lower -array-seg-normalize -basicaa -aggrmodref-aa -globalsmodref-aa -aggr-aa -gvn -gvn -basicaa -aggrmodref-aa -globalsmodref-aa -aggr-aa -dse -adse -adce -licm -inst-simplify -dce -globaldce -instcombine -array-stream -eliminate-keepreads -instcombine -dce -deadargelim -doublePtrSimplify -doublePtrElim -dce -doublePtrSimplify -promote-dbg-pointer -dce -scalarrepl -mem2reg -disaggr -norm-name -mem2reg -instcombine -dse -adse -adce -ptrLegalization -dce -auto-rom-infer -array-flatten -dce -instcombine -check-doubleptr -loop-rot -constprop -cfgopt -simplifycfg -loop-simplify -indvars -pointer-simplify -dce -loop-bound -loop-simplify -loop-preproc -constprop -global-constprop -gvn -mem2reg -instcombine -dce -loop-bound -loop-merge -dce -bitwidthmin -deadargelim -dce -canonicalize-dataflow -dce -scalar-propagation -deadargelim -globaldce -mem2reg -read-loop-dep -interface-preproc -directive-preproc -interface-gen -bram-byte-enable -deadargelim -inst-simplify -dce -gvn -mem2reg -instcombine -dce -adse -loop-bound -instcombine -cfgopt -simplifycfg -loop-simplify -clean-region -io-protocol -find-region -mem2reg -bitop-raise -complex-op-raise -inst-simplify -inst-rectify -instcombine -adce -deadargelim -loop-simplify -phi-opt -bitop-raise -cfgopt -simplifycfg -strip-dead-prototypes -interface-lower -bitop-lower -intrinsic-lower -auto-function-inline -basicaa -aggrmodref-aa -globalsmodref-aa -aggr-aa -inst-simplify -simplifycfg -loop-simplify -mergereturn -inst-simplify -inst-rectify -dce -load-elim -bitop-lower -loop-rewind -pointer-simplify -dce -cfgopt -dce -loop-bound -loop-dep -read-loop-dep -dce -check-stream -norm-name -legalize -validate-dataflow -inst-clarity -bitwidth -dump-loop-dep-to-ir -check-all-ssdm -cdfg-build C:/formation_hls/video_vga_7511_zed/hls/mire/solution1/.autopilot/db/a.o.2.bc -o C:/formation_hls/video_vga_7511_zed/hls/mire/solution1/.autopilot/db/a.o.3.bc -f -phase build-ssdm 
INFO: [XFORM 203-541] Flattening a loop nest 'Loop-1' (mire/mire.cpp:12:14) in function 'mire'.
Command         transform done; 0.216 sec.
INFO: [HLS 200-111] Finished Architecture Synthesis Time (s): cpu = 00:00:04 ; elapsed = 00:00:26 . Memory (MB): peak = 257.797 ; gain = 165.371
INFO-FLOW: Finish building internal data model.
Command       opt_and_import_c done; 2.148 sec.
Command     elaborate done; 23.184 sec.
Execute     autosyn -from_csynth_design=1 
INFO: [HLS 200-10] Starting hardware synthesis ...
INFO-FLOW: Synthesizing C/C++ design ...
INFO: [HLS 200-10] Synthesizing 'mire' ...
Execute       ap_set_top_model mire 
Execute       get_model_list mire -filter all-wo-channel -topdown 
Execute       preproc_iomode -model mire 
Execute       get_model_list mire -filter all-wo-channel 
INFO-FLOW: Model list for configure: mire
INFO-FLOW: Configuring Module : mire ...
Execute       set_default_model mire 
Execute       apply_spec_resource_limit mire 
INFO-FLOW: Model list for preprocess: mire
INFO-FLOW: Preprocessing Module: mire ...
Execute       set_default_model mire 
Execute       cdfg_preprocess -model mire 
Execute       rtl_gen_preprocess mire 
INFO-FLOW: Model list for synthesis: mire
INFO: [HLS 200-10] ----------------------------------------------------------------
INFO: [HLS 200-42] -- Implementing module 'mire' 
INFO: [HLS 200-10] ----------------------------------------------------------------
Execute       set_default_model mire 
Execute       schedule -model mire 
INFO: [SCHED 204-11] Starting scheduling ...
INFO: [SCHED 204-61] Pipelining loop 'Loop 1'.
INFO: [SCHED 204-61] Pipelining result : Target II = 1, Final II = 1, Depth = 3.
INFO: [SCHED 204-11] Finished scheduling.
INFO: [HLS 200-111]  Elapsed time: 26.066 seconds; current allocated memory: 189.114 MB.
Execute       syn_report -verbosereport -o C:/formation_hls/video_vga_7511_zed/hls/mire/solution1/.autopilot/db/mire.verbose.sched.rpt 
Execute       db_write -o C:/formation_hls/video_vga_7511_zed/hls/mire/solution1/.autopilot/db/mire.sched.adb -f 
INFO-FLOW: Finish scheduling mire.
Execute       set_default_model mire 
Execute       bind -model mire 
BIND OPTION: model=mire
INFO: [BIND 205-100] Starting micro-architecture generation ...
INFO: [BIND 205-101] Performing variable lifetime analysis.
INFO: [BIND 205-101] Exploring resource sharing.
INFO: [BIND 205-101] Binding ...
INFO: [BIND 205-100] Finished micro-architecture generation.
INFO: [HLS 200-111]  Elapsed time: 0.099 seconds; current allocated memory: 189.351 MB.
Execute       syn_report -verbosereport -o C:/formation_hls/video_vga_7511_zed/hls/mire/solution1/.autopilot/db/mire.verbose.bind.rpt 
Execute       db_write -o C:/formation_hls/video_vga_7511_zed/hls/mire/solution1/.autopilot/db/mire.bind.adb -f 
INFO-FLOW: Finish binding mire.
Execute       get_model_list mire -filter all-wo-channel 
INFO-FLOW: Preprocessing for RTLGen ...
Execute       rtl_gen_preprocess mire 
INFO-FLOW: Model list for RTL generation: mire
INFO: [HLS 200-10] ----------------------------------------------------------------
INFO: [HLS 200-10] -- Generating RTL for module 'mire' 
INFO: [HLS 200-10] ----------------------------------------------------------------
Execute       get_config_rtl -module_prefix 
Execute       get_config_rtl -module_auto_prefix 
Execute       create_rtl_model mire -vendor xilinx -mg_file C:/formation_hls/video_vga_7511_zed/hls/mire/solution1/.autopilot/db/mire.compgen.tcl 
INFO: [RTGEN 206-500] Setting interface mode on port 'mire/mode_V' to 'ap_none'.
INFO: [RTGEN 206-500] Setting interface mode on port 'mire/m_axis_video_V_data_V' to 'axis' (register, both mode).
INFO: [RTGEN 206-500] Setting interface mode on port 'mire/m_axis_video_V_keep_V' to 'axis' (register, both mode).
INFO: [RTGEN 206-500] Setting interface mode on port 'mire/m_axis_video_V_strb_V' to 'axis' (register, both mode).
INFO: [RTGEN 206-500] Setting interface mode on port 'mire/m_axis_video_V_user_V' to 'axis' (register, both mode).
INFO: [RTGEN 206-500] Setting interface mode on port 'mire/m_axis_video_V_last_V' to 'axis' (register, both mode).
INFO: [RTGEN 206-500] Setting interface mode on port 'mire/m_axis_video_V_id_V' to 'axis' (register, both mode).
INFO: [RTGEN 206-500] Setting interface mode on port 'mire/m_axis_video_V_dest_V' to 'axis' (register, both mode).
INFO: [RTGEN 206-500] Setting interface mode on port 'mire/hsize_in' to 'ap_none'.
INFO: [RTGEN 206-500] Setting interface mode on port 'mire/vsize_in' to 'ap_none'.
INFO: [RTGEN 206-500] Setting interface mode on function 'mire' to 'ap_ctrl_hs'.
WARNING: [RTGEN 206-101] Port 'mire/mode_V' has no fanin or fanout and is left dangling.
               Please use C simulation to confirm this function argument can be read from or written to.
INFO: [RTGEN 206-100] Finished creating RTL model for 'mire'.
INFO: [HLS 200-111]  Elapsed time: 0.19 seconds; current allocated memory: 189.791 MB.
Execute       source C:/formation_hls/video_vga_7511_zed/hls/mire/solution1/.autopilot/db/mire.rtl_wrap.cfg.tcl 
Execute       gen_rtl mire -istop -style xilinx -tracefl mytrace -tracefmt vcd -traceopt all -f -lang sc -o C:/formation_hls/video_vga_7511_zed/hls/mire/solution1/syn/systemc/mire -synmodules mire 
Execute       gen_rtl mire -istop -style xilinx -f -lang vhdl -o C:/formation_hls/video_vga_7511_zed/hls/mire/solution1/syn/vhdl/mire 
Execute       gen_rtl mire -istop -style xilinx -f -lang vlog -o C:/formation_hls/video_vga_7511_zed/hls/mire/solution1/syn/verilog/mire 
Execute       syn_report -csynth -model mire -o C:/formation_hls/video_vga_7511_zed/hls/mire/solution1/syn/report/mire_csynth.rpt 
Execute       syn_report -rtlxml -model mire -o C:/formation_hls/video_vga_7511_zed/hls/mire/solution1/syn/report/mire_csynth.xml 
Execute       syn_report -verbosereport -model mire -o C:/formation_hls/video_vga_7511_zed/hls/mire/solution1/.autopilot/db/mire.verbose.rpt 
Execute       db_write -model mire -f -o C:/formation_hls/video_vga_7511_zed/hls/mire/solution1/.autopilot/db/mire.adb 
Execute       gen_tb_info mire -p C:/formation_hls/video_vga_7511_zed/hls/mire/solution1/.autopilot/db -o C:/formation_hls/video_vga_7511_zed/hls/mire/solution1/.autopilot/db/mire 
Execute       export_constraint_db -f -tool general -o C:/formation_hls/video_vga_7511_zed/hls/mire/solution1/.autopilot/db/mire.constraint.tcl 
Execute       syn_report -designview -model mire -o C:/formation_hls/video_vga_7511_zed/hls/mire/solution1/.autopilot/db/mire.design.xml 
Execute       get_config_rtl -disable_wave_debug 
Execute       syn_report -wcfg -model mire -o C:/formation_hls/video_vga_7511_zed/hls/mire/solution1/.autopilot/db/mire_dataflow_ana.wcfg 
Execute       syn_report -protoinst -model mire -o C:/formation_hls/video_vga_7511_zed/hls/mire/solution1/.autopilot/db/mire.protoinst 
Execute       get_config_debug -directory 
Execute       sc_get_clocks mire 
Execute       get_config_export -vivado_clock 
Execute       sc_get_portdomain mire 
INFO-FLOW: Model list for RTL component generation: mire
INFO-FLOW: Handling components in module [mire] ... 
Execute       source C:/formation_hls/video_vga_7511_zed/hls/mire/solution1/.autopilot/db/mire.compgen.tcl 
INFO-FLOW: Found component regslice_core.
INFO-FLOW: Append model regslice_core
INFO-FLOW: Append model mire
INFO-FLOW: Generating RTL model list ...
INFO-FLOW: All models in this session: regslice_core mire
INFO-FLOW: To file: write model regslice_core
INFO-FLOW: To file: write model mire
INFO-FLOW: Finished generating RTL model list.


INFO-FLOW: RTL Generation done.
INFO-FLOW: CAS Generation done.
INFO-FLOW: CBC Generation done.
Execute       syn_report -model mire -printsummary 
INFO: [HLS 200-790] **** Loop Constraint Status: All loop constraints were satisfied.
INFO: [HLS 200-789] **** Estimated Fmax: 117.51 MHz
INFO-FLOW: DBG:CMD: auto_generate_csynth_design
INFO-FLOW: DBG:CMD:     auto_generate --sim-model -phase csynth_design -d C:/formation_hls/video_vga_7511_zed/hls/mire/solution1
Execute       source C:/formation_hls/video_vga_7511_zed/hls/mire/solution1/.autopilot/db/global.setting.tcl 
INFO-FLOW: DBG:CMD: read_platform_lib C:/formation_hls/video_vga_7511_zed/hls/mire/solution1/.autopilot/db/global.setting.tcl
Execute       source C:/Xilinx/Vivado/2019.2/common/technology/generic/autopilot/common.gen 
Execute         source C:/Xilinx/Vivado/2019.2/common/technology/generic/autopilot/APCoreGen.gen 
Execute       source C:/Xilinx/Vivado/2019.2/common/technology/generic/autopilot/op.gen 
Execute       source C:/Xilinx/Vivado/2019.2/common/technology/generic/autopilot/op_simcore.gen 
Execute       source C:/Xilinx/Vivado/2019.2/common/technology/generic/autopilot/interface.gen 
Execute       source C:/formation_hls/video_vga_7511_zed/hls/mire/solution1/.autopilot/db/global.setting.tcl 
Execute       source C:/Xilinx/Vivado/2019.2/common/technology/xilinx/zynq/zynq.gen 
Execute         source C:/Xilinx/Vivado/2019.2/common/technology/xilinx/common/xilinx.gen 
Execute           source C:/Xilinx/Vivado/2019.2/common/technology/xilinx/interface/plb46.gen 
Execute           source C:/Xilinx/Vivado/2019.2/common/technology/xilinx/interface/fsl.gen 
Execute           source C:/Xilinx/Vivado/2019.2/common/technology/xilinx/interface/axi4.gen 
Execute           source C:/Xilinx/Vivado/2019.2/common/technology/xilinx/interface/nativeAXI4.gen 
Execute             source C:/Xilinx/Vivado/2019.2/common/technology/xilinx/interface/saxilite.gen 
Execute             source C:/Xilinx/Vivado/2019.2/common/technology/xilinx/interface/maxi.gen 
Execute           source C:/Xilinx/Vivado/2019.2/common/technology/xilinx/scripts/xilinxcoregen.gen 
Execute           source C:/Xilinx/Vivado/2019.2/common/technology/xilinx/interface/XilEDKCoreGen.gen 
Execute           source C:/Xilinx/Vivado/2019.2/common/technology/xilinx/ip/dds_compiler.gen 
Execute           source C:/Xilinx/Vivado/2019.2/common/technology/xilinx/ip/util.gen 
Execute           source C:/Xilinx/Vivado/2019.2/common/technology/xilinx/ip/xfft.gen 
Execute           source C:/Xilinx/Vivado/2019.2/common/technology/xilinx/ip/xfir.gen 
Execute           source C:/Xilinx/Vivado/2019.2/common/technology/xilinx/common/dsp48.gen 
Command         ap_source done; 0.151 sec.
Command       ap_source done; 0.152 sec.
Execute       source C:/Xilinx/Vivado/2019.2/common/technology/xilinx/zynq/zynq_fpv6.gen 
Execute         source C:/Xilinx/Vivado/2019.2/common/technology/xilinx/common/xilinx_fp.gen 
INFO-FLOW: DBG:CMD:   using AESL_AUTOCG::g_clock_period=10.000 (was NA)
INFO-FLOW: DBG:CMD:       generate_ip_cores sim=1 export=0 expOnly=0 dstVlogDir=syn/verilog
Execute       source C:/formation_hls/video_vga_7511_zed/hls/mire/solution1/.autopilot/db/global.setting.tcl 
Execute       ap_part_info -name xc7z020-clg484-1 -data names -quiet 
Execute       ap_part_info -name xc7z020-clg484-1 -data info -quiet 
Execute       source C:/formation_hls/video_vga_7511_zed/hls/mire/solution1/.autopilot/db/global.setting.tcl 
Execute       source C:/formation_hls/video_vga_7511_zed/hls/mire/solution1/.autopilot/db/global.setting.tcl 
Execute       source C:/formation_hls/video_vga_7511_zed/hls/mire/solution1/.autopilot/db/mire.compgen.tcl 
INFO-FLOW: DBG:CMD:     auto_generate -export -impltomg_flag -rtl both -tool Vivado -pcore_version 1.00.a -phase csynth_design -d C:/formation_hls/video_vga_7511_zed/hls/mire/solution1
Execute       source C:/formation_hls/video_vga_7511_zed/hls/mire/solution1/.autopilot/db/global.setting.tcl 
INFO-FLOW: DBG:CMD: read_platform_lib C:/formation_hls/video_vga_7511_zed/hls/mire/solution1/.autopilot/db/global.setting.tcl
Execute       source C:/Xilinx/Vivado/2019.2/common/technology/generic/autopilot/common.gen 
Execute         source C:/Xilinx/Vivado/2019.2/common/technology/generic/autopilot/APCoreGen.gen 
Execute       source C:/Xilinx/Vivado/2019.2/common/technology/generic/autopilot/op.gen 
Execute       source C:/Xilinx/Vivado/2019.2/common/technology/generic/autopilot/op_simcore.gen 
Execute       source C:/Xilinx/Vivado/2019.2/common/technology/generic/autopilot/interface.gen 
Execute       source C:/formation_hls/video_vga_7511_zed/hls/mire/solution1/.autopilot/db/global.setting.tcl 
Execute       source C:/Xilinx/Vivado/2019.2/common/technology/xilinx/zynq/zynq.gen 
Execute         source C:/Xilinx/Vivado/2019.2/common/technology/xilinx/common/xilinx.gen 
Execute           source C:/Xilinx/Vivado/2019.2/common/technology/xilinx/interface/plb46.gen 
Execute           source C:/Xilinx/Vivado/2019.2/common/technology/xilinx/interface/fsl.gen 
Execute           source C:/Xilinx/Vivado/2019.2/common/technology/xilinx/interface/axi4.gen 
Execute           source C:/Xilinx/Vivado/2019.2/common/technology/xilinx/interface/nativeAXI4.gen 
Execute             source C:/Xilinx/Vivado/2019.2/common/technology/xilinx/interface/saxilite.gen 
Execute             source C:/Xilinx/Vivado/2019.2/common/technology/xilinx/interface/maxi.gen 
Execute           source C:/Xilinx/Vivado/2019.2/common/technology/xilinx/scripts/xilinxcoregen.gen 
Execute           source C:/Xilinx/Vivado/2019.2/common/technology/xilinx/interface/XilEDKCoreGen.gen 
Execute           source C:/Xilinx/Vivado/2019.2/common/technology/xilinx/ip/dds_compiler.gen 
Execute           source C:/Xilinx/Vivado/2019.2/common/technology/xilinx/ip/util.gen 
Execute           source C:/Xilinx/Vivado/2019.2/common/technology/xilinx/ip/xfft.gen 
Command           ap_source done; 0.117 sec.
Execute           source C:/Xilinx/Vivado/2019.2/common/technology/xilinx/ip/xfir.gen 
Execute           source C:/Xilinx/Vivado/2019.2/common/technology/xilinx/common/dsp48.gen 
Command         ap_source done; 0.162 sec.
Command       ap_source done; 0.162 sec.
Execute       source C:/Xilinx/Vivado/2019.2/common/technology/xilinx/zynq/zynq_fpv6.gen 
Execute         source C:/Xilinx/Vivado/2019.2/common/technology/xilinx/common/xilinx_fp.gen 
INFO-FLOW: DBG:CMD:       initCTypeInfo top_module=mire xml_exists=0
Execute       source C:/formation_hls/video_vga_7511_zed/hls/mire/solution1/.autopilot/db/mire.rtl_wrap.cfg.tcl 
Execute       source C:/formation_hls/video_vga_7511_zed/hls/mire/solution1/.autopilot/db/mire.rtl_wrap.cfg.tcl 
Execute       source C:/formation_hls/video_vga_7511_zed/hls/mire/solution1/.autopilot/db/mire.rtl_wrap.cfg.tcl 
Execute       source C:/formation_hls/video_vga_7511_zed/hls/mire/solution1/.autopilot/db/mire.tbgen.tcl 
Execute       source C:/formation_hls/video_vga_7511_zed/hls/mire/solution1/.autopilot/db/mire.tbgen.tcl 
INFO-FLOW: DBG:CMD:       export_impl_rtl
INFO-FLOW: DBG:CMD:       generate_ip_cores sim=0 export=0 expOnly=0 dstVlogDir=impl/.verilog
Execute       source C:/formation_hls/video_vga_7511_zed/hls/mire/solution1/.autopilot/db/global.setting.tcl 
Execute       source C:/formation_hls/video_vga_7511_zed/hls/mire/solution1/.autopilot/db/mire.compgen.tcl 
INFO-FLOW: DBG:CMD:       generate_ip_cores sim=0 export=1 expOnly=1 dstVlogDir=impl/.pcores/verilog
Execute       source C:/formation_hls/video_vga_7511_zed/hls/mire/solution1/.autopilot/db/global.setting.tcl 
Execute       source C:/formation_hls/video_vga_7511_zed/hls/mire/solution1/.autopilot/db/mire.compgen.tcl 
Execute         ap_part_info -name xc7z020-clg484-1 -data names -quiet 
Execute         ap_part_info -name xc7z020-clg484-1 -data info -quiet 
Execute         ap_part_info -name xc7z020-clg484-1 -data names -quiet 
Execute         ap_part_info -name xc7z020-clg484-1 -data info -quiet 
Execute         ap_part_info -name xc7z020-clg484-1 -data names -quiet 
Execute         ap_part_info -name xc7z020-clg484-1 -data info -quiet 
Execute         ap_part_info -name xc7z020-clg484-1 -data names -quiet 
Execute         ap_part_info -name xc7z020-clg484-1 -data info -quiet 
Execute         ap_part_info -name xc7z020-clg484-1 -data names -quiet 
Execute         ap_part_info -name xc7z020-clg484-1 -data info -quiet 
Execute         ap_part_info -name xc7z020-clg484-1 -data names -quiet 
Execute         ap_part_info -name xc7z020-clg484-1 -data info -quiet 
Execute         ap_part_info -name xc7z020-clg484-1 -data names -quiet 
Execute         ap_part_info -name xc7z020-clg484-1 -data info -quiet 
Execute         ap_part_info -name xc7z020-clg484-1 -data names -quiet 
Execute         ap_part_info -name xc7z020-clg484-1 -data info -quiet 
Execute         ap_part_info -name xc7z020-clg484-1 -data names -quiet 
Execute         ap_part_info -name xc7z020-clg484-1 -data info -quiet 
Command       ap_source done; 0.332 sec.
Execute       ap_part_info -name xc7z020-clg484-1 -data names -quiet 
Execute       ap_part_info -name xc7z020-clg484-1 -data info -quiet 
INFO-FLOW: DBG:CMD:       generate_ip_cores sim=0 export=0 expOnly=0 dstVlogDir=impl/.pcores/verilog_sim
Execute       source C:/formation_hls/video_vga_7511_zed/hls/mire/solution1/.autopilot/db/global.setting.tcl 
Execute       source C:/formation_hls/video_vga_7511_zed/hls/mire/solution1/.autopilot/db/mire.compgen.tcl 
Execute       ap_part_info -name xc7z020-clg484-1 -data names -quiet 
Execute       ap_part_info -name xc7z020-clg484-1 -data info -quiet 
Execute       ap_part_info -name xc7z020-clg484-1 -data names -quiet 
Execute       ap_part_info -name xc7z020-clg484-1 -data info -quiet 
Execute       source C:/formation_hls/video_vga_7511_zed/hls/mire/solution1/.autopilot/db/global.setting.tcl 
Execute       ap_part_info -name xc7z020-clg484-1 -data names -quiet 
Execute       ap_part_info -name xc7z020-clg484-1 -data info -quiet 
Execute       source C:/formation_hls/video_vga_7511_zed/hls/mire/solution1/.autopilot/db/mire.constraint.tcl 
Execute       source C:/formation_hls/video_vga_7511_zed/hls/mire/solution1/.autopilot/db/mire.tbgen.tcl 
INFO-FLOW: DBG:CMD:       hasPcoreIpAdapter=false #gSsdmPorts=20
INFO-FLOW: DBG:CMD: Skipping loadAnalyze_DB, #g_database=10
INFO-FLOW: DBG:CMD:       generate_json is_phase_csynth=1 g_has_adaptors=false generate_bd_files=1 #modelList=2 #gSsdmPorts=20
Execute       source C:/Xilinx/Vivado/2019.2/tps/tcl/tcllib1.11.1/fileutil/fileutil.tcl 
Execute       source C:/formation_hls/video_vga_7511_zed/hls/mire/solution1/.autopilot/db/global.setting.tcl 
Execute       source C:/formation_hls/video_vga_7511_zed/hls/mire/solution1/.autopilot/db/global.setting.tcl 
Execute       get_config_export -xo 
Execute       source C:/formation_hls/video_vga_7511_zed/hls/mire/solution1/.autopilot/db/mire.tbgen.tcl 
Execute       source C:/formation_hls/video_vga_7511_zed/hls/mire/solution1/.autopilot/db/mire.tbgen.tcl 
Execute       source C:/formation_hls/video_vga_7511_zed/hls/mire/solution1/.autopilot/db/mire.tbgen.tcl 
Execute       source C:/formation_hls/video_vga_7511_zed/hls/mire/solution1/.autopilot/db/mire.tbgen.tcl 
Execute       source C:/formation_hls/video_vga_7511_zed/hls/mire/solution1/.autopilot/db/mire.tbgen.tcl 
Execute       source C:/formation_hls/video_vga_7511_zed/hls/mire/solution1/.autopilot/db/mire.tbgen.tcl 
Execute       source C:/formation_hls/video_vga_7511_zed/hls/mire/solution1/.autopilot/db/mire.tbgen.tcl 
Execute       source C:/formation_hls/video_vga_7511_zed/hls/mire/solution1/.autopilot/db/mire.tbgen.tcl 
Execute       source C:/formation_hls/video_vga_7511_zed/hls/mire/solution1/.autopilot/db/mire.tbgen.tcl 
Execute       source C:/formation_hls/video_vga_7511_zed/hls/mire/solution1/.autopilot/db/global.setting.tcl 
Execute       get_config_sdx -target 
Execute       source C:/formation_hls/video_vga_7511_zed/hls/mire/solution1/.autopilot/db/mire.rtl_wrap.cfg.tcl 
Execute       source C:/formation_hls/video_vga_7511_zed/hls/mire/solution1/.autopilot/db/mire.compgen.dataonly.tcl 
Execute       source C:/formation_hls/video_vga_7511_zed/hls/mire/solution1/.autopilot/db/global.setting.tcl 
Execute       ap_part_info -name xc7z020-clg484-1 -data names -quiet 
Execute       ap_part_info -name xc7z020-clg484-1 -data info -quiet 
Execute       source C:/formation_hls/video_vga_7511_zed/hls/mire/solution1/.autopilot/db/mire.constraint.tcl 
Execute       sc_get_clocks mire 
Execute       ap_part_info -name xc7z020-clg484-1 -data names -quiet 
Execute       ap_part_info -name xc7z020-clg484-1 -data info -quiet 
Execute       source C:/formation_hls/video_vga_7511_zed/hls/mire/solution1/.autopilot/db/global.setting.tcl 
Execute       get_config_debug -directory 
Execute       source C:/formation_hls/video_vga_7511_zed/hls/mire/solution1/.autopilot/db/mire.tbgen.tcl 
Execute       get_config_sdx -target 
Execute       get_config_sdx -profile 
Execute       get_config_rtl -kernel_profile 
Execute       get_config_rtl -stall_sig_gen 
Execute       get_config_rtl -profile 
INFO-FLOW: DBG:CMD: add_json_sdx_info kernel file does not exist, skipping opencl info: C:/formation_hls/video_vga_7511_zed/hls/mire/solution1/.autopilot/db/kernel.internal.xml
INFO-FLOW: DBG:CMD:       delete-temp-dirs (skipped for debug)
INFO: [HLS 200-111] Finished generating all RTL models Time (s): cpu = 00:00:05 ; elapsed = 00:00:28 . Memory (MB): peak = 273.488 ; gain = 181.062
INFO: [VHDL 208-304] Generating VHDL RTL for mire.
INFO: [VLOG 209-307] Generating Verilog RTL for mire.
Command     autosyn done; 2.099 sec.
Command   csynth_design done; 25.295 sec.
Command ap_source done; 27.516 sec.
Execute cleanup_all 
INFO-FLOW: Workspace C:/formation_hls/video_vga_7511_zed/hls/mire/solution1 opened at Wed Feb 23 16:32:42 +0100 2022
Execute     config_clock -quiet -name default -period 10 -default=false 
INFO: [SYN 201-201] Setting up clock 'default' with a period of 10ns.
Execute     open_platform DefaultPlatform 
Execute     import_lib C:/Xilinx/Vivado/2019.2/common/technology/xilinx/zynq/zynq 
Execute       source C:/Xilinx/Vivado/2019.2/common/technology/xilinx/common/xilinx.lib 
Execute         source C:/Xilinx/Vivado/2019.2/common/technology/xilinx/interface/xilinx_interface.lib 
Execute           source C:/Xilinx/Vivado/2019.2/common/technology/xilinx/interface/plb46.lib 
Execute           source C:/Xilinx/Vivado/2019.2/common/technology/xilinx/interface/fsl.lib 
Execute           source C:/Xilinx/Vivado/2019.2/common/technology/xilinx/interface/axi4.lib 
Execute           source C:/Xilinx/Vivado/2019.2/common/technology/xilinx/interface/maxi.lib 
Execute           source C:/Xilinx/Vivado/2019.2/common/technology/xilinx/interface/saxilite.lib 
Execute         source C:/Xilinx/Vivado/2019.2/common/technology/xilinx/common/dsp48.lib 
Execute         source C:/Xilinx/Vivado/2019.2/common/technology/xilinx/ip/dds_compiler.lib 
Execute         source C:/Xilinx/Vivado/2019.2/common/technology/xilinx/ip/xfft.lib 
Execute         source C:/Xilinx/Vivado/2019.2/common/technology/xilinx/ip/xfir.lib 
Execute       source C:/Xilinx/Vivado/2019.2/common/technology/xilinx/common/xilinx.hlp 
Execute         source C:/Xilinx/Vivado/2019.2/common/technology/xilinx/common/target_info.tcl 
Execute         source C:/Xilinx/Vivado/2019.2/common/technology/xilinx/interface/xilinx_interface.hlp 
Execute           source C:/Xilinx/Vivado/2019.2/common/technology/xilinx/interface/maxi.hlp 
Execute           source C:/Xilinx/Vivado/2019.2/common/technology/xilinx/interface/saxilite.hlp 
Execute         source C:/Xilinx/Vivado/2019.2/common/technology/xilinx/common/dsp48.hlp 
Execute       source C:/Xilinx/Vivado/2019.2/common/technology/xilinx/zynq/dsp48e1.hlp 
Execute       source C:/Xilinx/Vivado/2019.2/common/technology/xilinx/common/xilinx.hlp 
Execute         source C:/Xilinx/Vivado/2019.2/common/technology/xilinx/common/target_info.tcl 
Execute         source C:/Xilinx/Vivado/2019.2/common/technology/xilinx/interface/xilinx_interface.hlp 
Execute           source C:/Xilinx/Vivado/2019.2/common/technology/xilinx/interface/maxi.hlp 
Execute           source C:/Xilinx/Vivado/2019.2/common/technology/xilinx/interface/saxilite.hlp 
Execute         source C:/Xilinx/Vivado/2019.2/common/technology/xilinx/common/dsp48.hlp 
Execute     source C:/Xilinx/Vivado/2019.2/common/technology/xilinx/zynq/zynq.gen 
Execute       source C:/Xilinx/Vivado/2019.2/common/technology/xilinx/common/xilinx.gen 
Execute         source C:/Xilinx/Vivado/2019.2/common/technology/xilinx/interface/plb46.gen 
Execute         source C:/Xilinx/Vivado/2019.2/common/technology/xilinx/interface/fsl.gen 
Execute         source C:/Xilinx/Vivado/2019.2/common/technology/xilinx/interface/axi4.gen 
Execute         source C:/Xilinx/Vivado/2019.2/common/technology/xilinx/interface/nativeAXI4.gen 
Execute           source C:/Xilinx/Vivado/2019.2/common/technology/xilinx/interface/saxilite.gen 
Execute           source C:/Xilinx/Vivado/2019.2/common/technology/xilinx/interface/maxi.gen 
Execute         source C:/Xilinx/Vivado/2019.2/common/technology/xilinx/scripts/xilinxcoregen.gen 
Execute         source C:/Xilinx/Vivado/2019.2/common/technology/xilinx/interface/XilEDKCoreGen.gen 
Execute         source C:/Xilinx/Vivado/2019.2/common/technology/xilinx/ip/dds_compiler.gen 
Execute         source C:/Xilinx/Vivado/2019.2/common/technology/xilinx/ip/util.gen 
Execute         source C:/Xilinx/Vivado/2019.2/common/technology/xilinx/ip/xfft.gen 
Command         ap_source done; 0.102 sec.
Execute         source C:/Xilinx/Vivado/2019.2/common/technology/xilinx/ip/xfir.gen 
Execute         source C:/Xilinx/Vivado/2019.2/common/technology/xilinx/common/dsp48.gen 
Command       ap_source done; 0.15 sec.
Command     ap_source done; 0.15 sec.
Execute     open_platform DefaultPlatform 
Execute     import_lib C:/Xilinx/Vivado/2019.2/common/technology/xilinx/zynq/zynq_fpv6 
Execute       source C:/Xilinx/Vivado/2019.2/common/technology/xilinx/common/xilinx_fp.lib 
Execute       source C:/Xilinx/Vivado/2019.2/common/technology/xilinx/common/xilinx_fp.hlp 
Execute         source C:/Xilinx/Vivado/2019.2/common/technology/xilinx/common/xilinx.hlp 
Execute           source C:/Xilinx/Vivado/2019.2/common/technology/xilinx/common/target_info.tcl 
Execute           source C:/Xilinx/Vivado/2019.2/common/technology/xilinx/interface/xilinx_interface.hlp 
Execute             source C:/Xilinx/Vivado/2019.2/common/technology/xilinx/interface/maxi.hlp 
Execute             source C:/Xilinx/Vivado/2019.2/common/technology/xilinx/interface/saxilite.hlp 
Execute           source C:/Xilinx/Vivado/2019.2/common/technology/xilinx/common/dsp48.hlp 
Execute     source C:/Xilinx/Vivado/2019.2/common/technology/xilinx/zynq/zynq_fpv6.gen 
Execute       source C:/Xilinx/Vivado/2019.2/common/technology/xilinx/common/xilinx_fp.gen 
Execute     set_part xc7z020-clg484-1 
Execute       ap_part_info -name xc7z020-clg484-1 -data single -quiet 
Command       ap_part_info done; 1.33 sec.
Execute       ap_part_info -name xc7z020-clg484-1 -data info 
Execute       add_library xilinx/zynq/zynq:xc7z020:-clg484:-1 
Execute         get_default_platform 
Execute         ap_part_info -data single -name xc7z020-clg484-1 
Execute         ap_part_info -name xc7z020-clg484-1 -data resources 
Execute         ap_part_info -name xc7z020-clg484-1 -data info 
Execute         ap_part_info -name xc7z020-clg484-1 -data info 
Execute         config_chip_info -quiet -resource {SLICE 13300} {LUT 53200} {FF 106400} {DSP48E 220} {BRAM 280} {URAM 0} 
Execute         ap_part_info -name xc7z020-clg484-1 -data info 
Execute         config_chip_info -quiet -speed slow 
Execute       add_library xilinx/zynq/zynq_fpv6 
Execute         get_default_platform 
INFO: [HLS 200-10] Setting target device to 'xc7z020-clg484-1'
Execute       ap_part_info -name xc7z020-clg484-1 -data info 
Execute       get_default_platform 
Command     set_part done; 1.566 sec.
Execute     ap_part_info -data single -name xc7z020-clg484-1 
Execute     ap_part_info -name xc7z020-clg484-1 -data resources 
Execute     ap_part_info -name xc7z020-clg484-1 -data info 
Execute     ap_part_info -name xc7z020-clg484-1 -data info 
Execute     config_chip_info -quiet -resource {SLICE 13300} {LUT 53200} {FF 106400} {DSP48E 220} {BRAM 280} {URAM 0} 
Execute     ap_part_info -name xc7z020-clg484-1 -data info 
Execute     config_chip_info -quiet -speed slow 
Execute     config_export -format=ip_catalog 
Execute     config_export -rtl=vhdl 
Execute     config_export -version=1.1.1 
Command   open_solution done; 1.877 sec.
Execute   export_design -rtl vhdl -format ip_catalog -version 1.1.1 
Execute     get_config_export -acc 
Execute     get_config_export -clock_margin 
Execute     get_config_export -custom_script 
Execute     get_config_export -description 
Execute     get_config_export -display_name 
Execute     get_config_export -driver_input_dir 
Execute     get_config_export -ipname 
Execute     get_config_export -kernel_drc 
Execute     get_config_export -library 
Execute     get_config_export -qor_test 
Execute     get_config_export -sdaccel 
Execute     get_config_export -sim 
Execute     get_config_export -taxonomy 
Execute     get_config_export -use_ip 
Execute     get_config_export -use_netlist 
Execute     get_config_export -vendor 
Execute     get_config_export -xo 
Execute     config_export -format=ip_catalog -rtl=vhdl -version=1.1.1 
INFO-FLOW: DBG:CMD: export_design_wrap: -format ip_catalog -rtl vhdl -version 1.1.1
Execute     source C:/formation_hls/video_vga_7511_zed/hls/mire/solution1/.autopilot/db/global.setting.tcl 
Execute     get_config_export -vivado_clock 
Execute     get_top 
Execute     get_config_sdx -target 
Execute     get_config_rtl -module_auto_prefix 
Execute     get_config_sdx -target 
Execute     get_config_sdx -target 
INFO-FLOW: DBG:CMD:   auto_impl: pack: -export -tool vivado -rtl vhdl -sdx-target none
Execute     source C:/formation_hls/video_vga_7511_zed/hls/mire/solution1/.autopilot/db/global.setting.tcl 
INFO-FLOW: DBG:CMD: read_platform_lib C:/formation_hls/video_vga_7511_zed/hls/mire/solution1/.autopilot/db/global.setting.tcl
Execute     source C:/Xilinx/Vivado/2019.2/common/technology/generic/autopilot/common.gen 
Execute       source C:/Xilinx/Vivado/2019.2/common/technology/generic/autopilot/APCoreGen.gen 
Execute     source C:/Xilinx/Vivado/2019.2/common/technology/generic/autopilot/op.gen 
Execute     source C:/Xilinx/Vivado/2019.2/common/technology/generic/autopilot/op_simcore.gen 
Execute     source C:/Xilinx/Vivado/2019.2/common/technology/generic/autopilot/interface.gen 
Execute     source C:/formation_hls/video_vga_7511_zed/hls/mire/solution1/.autopilot/db/global.setting.tcl 
Execute     source C:/Xilinx/Vivado/2019.2/common/technology/xilinx/zynq/zynq.gen 
Execute       source C:/Xilinx/Vivado/2019.2/common/technology/xilinx/common/xilinx.gen 
Execute         source C:/Xilinx/Vivado/2019.2/common/technology/xilinx/interface/plb46.gen 
Execute         source C:/Xilinx/Vivado/2019.2/common/technology/xilinx/interface/fsl.gen 
Execute         source C:/Xilinx/Vivado/2019.2/common/technology/xilinx/interface/axi4.gen 
Execute         source C:/Xilinx/Vivado/2019.2/common/technology/xilinx/interface/nativeAXI4.gen 
Execute           source C:/Xilinx/Vivado/2019.2/common/technology/xilinx/interface/saxilite.gen 
Execute           source C:/Xilinx/Vivado/2019.2/common/technology/xilinx/interface/maxi.gen 
Execute         source C:/Xilinx/Vivado/2019.2/common/technology/xilinx/scripts/xilinxcoregen.gen 
Execute         source C:/Xilinx/Vivado/2019.2/common/technology/xilinx/interface/XilEDKCoreGen.gen 
Execute         source C:/Xilinx/Vivado/2019.2/common/technology/xilinx/ip/dds_compiler.gen 
Execute         source C:/Xilinx/Vivado/2019.2/common/technology/xilinx/ip/util.gen 
Execute         source C:/Xilinx/Vivado/2019.2/common/technology/xilinx/ip/xfft.gen 
Execute         source C:/Xilinx/Vivado/2019.2/common/technology/xilinx/ip/xfir.gen 
Execute         source C:/Xilinx/Vivado/2019.2/common/technology/xilinx/common/dsp48.gen 
Command       ap_source done; 0.143 sec.
Command     ap_source done; 0.143 sec.
Execute     source C:/Xilinx/Vivado/2019.2/common/technology/xilinx/zynq/zynq_fpv6.gen 
Execute       source C:/Xilinx/Vivado/2019.2/common/technology/xilinx/common/xilinx_fp.gen 
INFO-FLOW: DBG:CMD:   using AESL_AUTOCG::g_clock_period=10.000 (was NA)
Execute     ap_part_info -name xc7z020-clg484-1 -data names -quiet 
Execute     ap_part_info -name xc7z020-clg484-1 -data info -quiet 
Execute     source C:/formation_hls/video_vga_7511_zed/hls/mire/solution1/.autopilot/db/global.setting.tcl 
INFO: [IMPL 213-8] Exporting RTL as a Vivado IP.
Execute     source C:/formation_hls/video_vga_7511_zed/hls/mire/solution1/.autopilot/db/global.setting.tcl 
INFO-FLOW: DBG:CMD: automg_wrap -export -pcore_version 1.00.a -rtl vhdl -sdx-target none -tool Vivado -impltomg_flag
INFO-FLOW: DBG:CMD:     auto_generate -export -pcore_version 1.00.a -rtl vhdl -sdx-target none -tool Vivado -impltomg_flag
Execute     source C:/formation_hls/video_vga_7511_zed/hls/mire/solution1/.autopilot/db/global.setting.tcl 
INFO-FLOW: DBG:CMD: read_platform_lib C:/formation_hls/video_vga_7511_zed/hls/mire/solution1/.autopilot/db/global.setting.tcl
Execute     source C:/Xilinx/Vivado/2019.2/common/technology/generic/autopilot/common.gen 
Execute       source C:/Xilinx/Vivado/2019.2/common/technology/generic/autopilot/APCoreGen.gen 
Execute     source C:/Xilinx/Vivado/2019.2/common/technology/generic/autopilot/op.gen 
Execute     source C:/Xilinx/Vivado/2019.2/common/technology/generic/autopilot/op_simcore.gen 
Execute     source C:/Xilinx/Vivado/2019.2/common/technology/generic/autopilot/interface.gen 
Execute     source C:/formation_hls/video_vga_7511_zed/hls/mire/solution1/.autopilot/db/global.setting.tcl 
Execute     source C:/Xilinx/Vivado/2019.2/common/technology/xilinx/zynq/zynq.gen 
Execute       source C:/Xilinx/Vivado/2019.2/common/technology/xilinx/common/xilinx.gen 
Execute         source C:/Xilinx/Vivado/2019.2/common/technology/xilinx/interface/plb46.gen 
Execute         source C:/Xilinx/Vivado/2019.2/common/technology/xilinx/interface/fsl.gen 
Execute         source C:/Xilinx/Vivado/2019.2/common/technology/xilinx/interface/axi4.gen 
Execute         source C:/Xilinx/Vivado/2019.2/common/technology/xilinx/interface/nativeAXI4.gen 
Execute           source C:/Xilinx/Vivado/2019.2/common/technology/xilinx/interface/saxilite.gen 
Execute           source C:/Xilinx/Vivado/2019.2/common/technology/xilinx/interface/maxi.gen 
Execute         source C:/Xilinx/Vivado/2019.2/common/technology/xilinx/scripts/xilinxcoregen.gen 
Execute         source C:/Xilinx/Vivado/2019.2/common/technology/xilinx/interface/XilEDKCoreGen.gen 
Execute         source C:/Xilinx/Vivado/2019.2/common/technology/xilinx/ip/dds_compiler.gen 
Execute         source C:/Xilinx/Vivado/2019.2/common/technology/xilinx/ip/util.gen 
Execute         source C:/Xilinx/Vivado/2019.2/common/technology/xilinx/ip/xfft.gen 
Execute         source C:/Xilinx/Vivado/2019.2/common/technology/xilinx/ip/xfir.gen 
Execute         source C:/Xilinx/Vivado/2019.2/common/technology/xilinx/common/dsp48.gen 
Command       ap_source done; 0.141 sec.
Command     ap_source done; 0.141 sec.
Execute     source C:/Xilinx/Vivado/2019.2/common/technology/xilinx/zynq/zynq_fpv6.gen 
Execute       source C:/Xilinx/Vivado/2019.2/common/technology/xilinx/common/xilinx_fp.gen 
INFO-FLOW: DBG:CMD:       initCTypeInfo top_module=mire xml_exists=1
Execute     source C:/formation_hls/video_vga_7511_zed/hls/mire/solution1/.autopilot/db/mire.rtl_wrap.cfg.tcl 
Execute     source C:/formation_hls/video_vga_7511_zed/hls/mire/solution1/.autopilot/db/mire.rtl_wrap.cfg.tcl 
Execute     source C:/formation_hls/video_vga_7511_zed/hls/mire/solution1/.autopilot/db/mire.rtl_wrap.cfg.tcl 
Execute     source C:/formation_hls/video_vga_7511_zed/hls/mire/solution1/.autopilot/db/mire.tbgen.tcl 
Execute     source C:/formation_hls/video_vga_7511_zed/hls/mire/solution1/.autopilot/db/mire.tbgen.tcl 
INFO-FLOW: DBG:CMD:       export_impl_rtl
INFO-FLOW: DBG:CMD:       generate_ip_cores sim=0 export=0 expOnly=0 dstVlogDir=impl/.verilog
Execute     source C:/formation_hls/video_vga_7511_zed/hls/mire/solution1/.autopilot/db/global.setting.tcl 
Execute     source C:/formation_hls/video_vga_7511_zed/hls/mire/solution1/.autopilot/db/mire.compgen.tcl 
INFO-FLOW: DBG:CMD:       generate_ip_cores sim=0 export=1 expOnly=1 dstVlogDir=impl/.pcores/verilog
Execute     source C:/formation_hls/video_vga_7511_zed/hls/mire/solution1/.autopilot/db/global.setting.tcl 
Execute     source C:/formation_hls/video_vga_7511_zed/hls/mire/solution1/.autopilot/db/mire.compgen.tcl 
Execute       ap_part_info -name xc7z020-clg484-1 -data names -quiet 
Execute       ap_part_info -name xc7z020-clg484-1 -data info -quiet 
Execute       ap_part_info -name xc7z020-clg484-1 -data names -quiet 
Execute       ap_part_info -name xc7z020-clg484-1 -data info -quiet 
Execute       ap_part_info -name xc7z020-clg484-1 -data names -quiet 
Execute       ap_part_info -name xc7z020-clg484-1 -data info -quiet 
Execute       ap_part_info -name xc7z020-clg484-1 -data names -quiet 
Execute       ap_part_info -name xc7z020-clg484-1 -data info -quiet 
Execute       ap_part_info -name xc7z020-clg484-1 -data names -quiet 
Execute       ap_part_info -name xc7z020-clg484-1 -data info -quiet 
Execute       ap_part_info -name xc7z020-clg484-1 -data names -quiet 
Execute       ap_part_info -name xc7z020-clg484-1 -data info -quiet 
Execute       ap_part_info -name xc7z020-clg484-1 -data names -quiet 
Execute       ap_part_info -name xc7z020-clg484-1 -data info -quiet 
Execute       ap_part_info -name xc7z020-clg484-1 -data names -quiet 
Execute       ap_part_info -name xc7z020-clg484-1 -data info -quiet 
Execute       ap_part_info -name xc7z020-clg484-1 -data names -quiet 
Execute       ap_part_info -name xc7z020-clg484-1 -data info -quiet 
Command     ap_source done; 0.258 sec.
Execute     ap_part_info -name xc7z020-clg484-1 -data names -quiet 
Execute     ap_part_info -name xc7z020-clg484-1 -data info -quiet 
INFO-FLOW: DBG:CMD:       generate_ip_cores sim=0 export=0 expOnly=0 dstVlogDir=impl/.pcores/verilog_sim
Execute     source C:/formation_hls/video_vga_7511_zed/hls/mire/solution1/.autopilot/db/global.setting.tcl 
Execute     source C:/formation_hls/video_vga_7511_zed/hls/mire/solution1/.autopilot/db/mire.compgen.tcl 
Execute     ap_part_info -name xc7z020-clg484-1 -data names -quiet 
Execute     ap_part_info -name xc7z020-clg484-1 -data info -quiet 
Execute     ap_part_info -name xc7z020-clg484-1 -data names -quiet 
Execute     ap_part_info -name xc7z020-clg484-1 -data info -quiet 
Execute     source C:/formation_hls/video_vga_7511_zed/hls/mire/solution1/.autopilot/db/global.setting.tcl 
Execute     ap_part_info -name xc7z020-clg484-1 -data names -quiet 
Execute     ap_part_info -name xc7z020-clg484-1 -data info -quiet 
Execute     source C:/formation_hls/video_vga_7511_zed/hls/mire/solution1/.autopilot/db/mire.constraint.tcl 
Execute     source C:/formation_hls/video_vga_7511_zed/hls/mire/solution1/.autopilot/db/mire.tbgen.tcl 
INFO-FLOW: DBG:CMD:       hasPcoreIpAdapter=false #gSsdmPorts=20
INFO-FLOW: DBG:CMD: Skipping loadAnalyze_DB, #g_database=10
INFO-FLOW: DBG:CMD:       generate_json is_phase_csynth=0 g_has_adaptors=false generate_bd_files=1 #modelList=2 #gSsdmPorts=20
Execute     source C:/Xilinx/Vivado/2019.2/tps/tcl/tcllib1.11.1/fileutil/fileutil.tcl 
Execute       source C:/Xilinx/Vivado/2019.2/tps/tcl/tcllib1.11.1/cmdline/cmdline.tcl 
Execute     source C:/Xilinx/Vivado/2019.2/tps/tcl/tcllib1.11.1/yaml/huddle.tcl 
Execute     source C:/Xilinx/Vivado/2019.2/tps/tcl/tcllib1.11.1/yaml/json2huddle.tcl 
Execute       source C:/Xilinx/Vivado/2019.2/tps/tcl/tcllib1.11.1/try/try.tcl 
Execute     source C:/formation_hls/video_vga_7511_zed/hls/mire/solution1/.autopilot/db/global.setting.tcl 
Execute     source C:/formation_hls/video_vga_7511_zed/hls/mire/solution1/.autopilot/db/global.setting.tcl 
Execute     get_config_export -xo 
Execute     source C:/formation_hls/video_vga_7511_zed/hls/mire/solution1/.autopilot/db/mire.tbgen.tcl 
Execute     source C:/formation_hls/video_vga_7511_zed/hls/mire/solution1/.autopilot/db/mire.tbgen.tcl 
Execute     source C:/formation_hls/video_vga_7511_zed/hls/mire/solution1/.autopilot/db/mire.tbgen.tcl 
Execute     source C:/formation_hls/video_vga_7511_zed/hls/mire/solution1/.autopilot/db/mire.tbgen.tcl 
Execute     source C:/formation_hls/video_vga_7511_zed/hls/mire/solution1/.autopilot/db/mire.tbgen.tcl 
Execute     source C:/formation_hls/video_vga_7511_zed/hls/mire/solution1/.autopilot/db/mire.tbgen.tcl 
Execute     source C:/formation_hls/video_vga_7511_zed/hls/mire/solution1/.autopilot/db/mire.tbgen.tcl 
Execute     source C:/formation_hls/video_vga_7511_zed/hls/mire/solution1/.autopilot/db/mire.tbgen.tcl 
Execute     source C:/formation_hls/video_vga_7511_zed/hls/mire/solution1/.autopilot/db/mire.tbgen.tcl 
Execute     source C:/formation_hls/video_vga_7511_zed/hls/mire/solution1/.autopilot/db/global.setting.tcl 
Execute     get_config_sdx -target 
Execute     source C:/formation_hls/video_vga_7511_zed/hls/mire/solution1/.autopilot/db/mire.rtl_wrap.cfg.tcl 
Execute     source C:/formation_hls/video_vga_7511_zed/hls/mire/solution1/.autopilot/db/mire.compgen.dataonly.tcl 
Execute     source C:/formation_hls/video_vga_7511_zed/hls/mire/solution1/.autopilot/db/global.setting.tcl 
Execute     ap_part_info -name xc7z020-clg484-1 -data names -quiet 
Execute     ap_part_info -name xc7z020-clg484-1 -data info -quiet 
Execute     source C:/formation_hls/video_vga_7511_zed/hls/mire/solution1/.autopilot/db/mire.constraint.tcl 
Execute     sc_get_clocks mire 
Execute     ap_part_info -name xc7z020-clg484-1 -data names -quiet 
Execute     ap_part_info -name xc7z020-clg484-1 -data info -quiet 
Execute     source C:/formation_hls/video_vga_7511_zed/hls/mire/solution1/.autopilot/db/global.setting.tcl 
Execute     get_config_debug -directory 
Execute     source C:/formation_hls/video_vga_7511_zed/hls/mire/solution1/.autopilot/db/mire.tbgen.tcl 
Execute     get_config_sdx -target 
Execute     get_config_sdx -profile 
Execute     get_config_rtl -kernel_profile 
Execute     get_config_rtl -stall_sig_gen 
Execute     get_config_rtl -profile 
INFO-FLOW: DBG:CMD: add_json_sdx_info kernel file does not exist, skipping opencl info: C:/formation_hls/video_vga_7511_zed/hls/mire/solution1/.autopilot/db/kernel.internal.xml
INFO-FLOW: DBG:CMD:       copying IP vlog from C:/formation_hls/video_vga_7511_zed/hls/mire/solution1/impl/verilog
INFO-FLOW: DBG:CMD:       copying IP vhdl from C:/formation_hls/video_vga_7511_zed/hls/mire/solution1/impl/vhdl
INFO-FLOW: DBG:CMD:       generate_ip_script #gSsdmPorts=20
Execute     ap_part_info -name xc7z020-clg484-1 -data names -quiet 
Execute     ap_part_info -name xc7z020-clg484-1 -data info -quiet 
Execute     ap_part_info -name xc7z020-clg484-1 -data names -quiet 
Execute     ap_part_info -name xc7z020-clg484-1 -data info -quiet 
Execute     source C:/formation_hls/video_vga_7511_zed/hls/mire/solution1/.autopilot/db/mire.tbgen.tcl 
Execute     source C:/formation_hls/video_vga_7511_zed/hls/mire/solution1/.autopilot/db/mire.tbgen.tcl 
Execute     source C:/formation_hls/video_vga_7511_zed/hls/mire/solution1/.autopilot/db/mire.tbgen.tcl 
Execute     source C:/formation_hls/video_vga_7511_zed/hls/mire/solution1/.autopilot/db/mire.tbgen.tcl 
Execute     source C:/formation_hls/video_vga_7511_zed/hls/mire/solution1/.autopilot/db/mire.tbgen.tcl 
Execute     source C:/formation_hls/video_vga_7511_zed/hls/mire/solution1/.autopilot/db/mire.tbgen.tcl 
Execute     source C:/formation_hls/video_vga_7511_zed/hls/mire/solution1/.autopilot/db/mire.tbgen.tcl 
Execute     source C:/formation_hls/video_vga_7511_zed/hls/mire/solution1/.autopilot/db/mire.tbgen.tcl 
Execute     source C:/formation_hls/video_vga_7511_zed/hls/mire/solution1/.autopilot/db/global.setting.tcl 
Execute     get_config_sdx -target 
Execute     get_config_debug -directory 
INFO-FLOW: DBG:CMD:       generate_ip_auxiliary
Execute     ap_part_info -name xc7z020-clg484-1 -data names -quiet 
Execute     ap_part_info -name xc7z020-clg484-1 -data info -quiet 
Execute     source C:/formation_hls/video_vga_7511_zed/hls/mire/solution1/.autopilot/db/global.setting.tcl 
INFO-FLOW: DBG:CMD:       prepArgInfo -> loadAnalyze_DB top_module=mire
Execute     source C:/formation_hls/video_vga_7511_zed/hls/mire/solution1/.autopilot/db/mire.rtl_wrap.cfg.tcl 
Execute     source C:/formation_hls/video_vga_7511_zed/hls/mire/solution1/.autopilot/db/mire.rtl_wrap.cfg.tcl 
Execute     source C:/formation_hls/video_vga_7511_zed/hls/mire/solution1/.autopilot/db/mire.rtl_wrap.cfg.tcl 
Execute     source C:/formation_hls/video_vga_7511_zed/hls/mire/solution1/.autopilot/db/mire.tbgen.tcl 
Execute     source C:/formation_hls/video_vga_7511_zed/hls/mire/solution1/.autopilot/db/mire.tbgen.tcl 
Execute     source C:/formation_hls/video_vga_7511_zed/hls/mire/solution1/.autopilot/db/mire.tbgen.tcl 
INFO-FLOW: DBG:CMD:       generate_top_info
INFO-FLOW: DBG:CMD:       prepArgInfo -> loadAnalyze_DB top_module=mire
Execute     source C:/formation_hls/video_vga_7511_zed/hls/mire/solution1/.autopilot/db/mire.rtl_wrap.cfg.tcl 
Execute     source C:/formation_hls/video_vga_7511_zed/hls/mire/solution1/.autopilot/db/mire.rtl_wrap.cfg.tcl 
Execute     source C:/formation_hls/video_vga_7511_zed/hls/mire/solution1/.autopilot/db/mire.rtl_wrap.cfg.tcl 
Execute     source C:/formation_hls/video_vga_7511_zed/hls/mire/solution1/.autopilot/db/mire.tbgen.tcl 
Execute     source C:/formation_hls/video_vga_7511_zed/hls/mire/solution1/.autopilot/db/mire.tbgen.tcl 
Execute     ap_part_info -name xc7z020-clg484-1 -data names -quiet 
Execute     ap_part_info -name xc7z020-clg484-1 -data info -quiet 
INFO-FLOW: DBG:CMD:       generate_ip_bd_script
Execute     ap_part_info -name xc7z020-clg484-1 -data names -quiet 
Execute     ap_part_info -name xc7z020-clg484-1 -data info -quiet 
Execute     ap_part_info -name xc7z020-clg484-1 -data names -quiet 
Execute     ap_part_info -name xc7z020-clg484-1 -data info -quiet 
Execute     source C:/formation_hls/video_vga_7511_zed/hls/mire/solution1/.autopilot/db/mire.tbgen.tcl 
Execute     source C:/formation_hls/video_vga_7511_zed/hls/mire/solution1/.autopilot/db/global.setting.tcl 
Execute     source C:/formation_hls/video_vga_7511_zed/hls/mire/solution1/.autopilot/db/mire.constraint.tcl 
INFO-FLOW: DBG:CMD:       generate_ipi_example_script
Execute     ap_part_info -name xc7z020-clg484-1 -data names -quiet 
Execute     ap_part_info -name xc7z020-clg484-1 -data info -quiet 
Execute     ap_part_info -name xc7z020-clg484-1 -data names -quiet 
Execute     ap_part_info -name xc7z020-clg484-1 -data info -quiet 
INFO-FLOW: DBG:CMD:       generate_syn_sh
Execute     ap_part_info -name xc7z020-clg484-1 -data names -quiet 
Execute     ap_part_info -name xc7z020-clg484-1 -data info -quiet 
Execute     source C:/formation_hls/video_vga_7511_zed/hls/mire/solution1/.autopilot/db/global.setting.tcl 
INFO-FLOW: DBG:CMD:       generate_imp_constraints
Execute     ap_part_info -name xc7z020-clg484-1 -data names -quiet 
Execute     ap_part_info -name xc7z020-clg484-1 -data info -quiet 
Execute     source C:/formation_hls/video_vga_7511_zed/hls/mire/solution1/.autopilot/db/mire.constraint.tcl 
Execute     source C:/formation_hls/video_vga_7511_zed/hls/mire/solution1/.autopilot/db/mire.tbgen.tcl 
INFO-FLOW: DBG:CMD:       delete-temp-dirs (skipped for debug)
Execute     ap_part_info -name xc7z020-clg484-1 -data names -quiet 
Execute     ap_part_info -name xc7z020-clg484-1 -data info -quiet 
INFO-FLOW: DBG:CMD: read_platform_lib C:/formation_hls/video_vga_7511_zed/hls/mire/solution1/.autopilot/db/global.setting.tcl
Execute     source C:/Xilinx/Vivado/2019.2/common/technology/generic/autopilot/common.gen 
Execute       source C:/Xilinx/Vivado/2019.2/common/technology/generic/autopilot/APCoreGen.gen 
Execute     source C:/Xilinx/Vivado/2019.2/common/technology/generic/autopilot/op.gen 
Execute     source C:/Xilinx/Vivado/2019.2/common/technology/generic/autopilot/op_simcore.gen 
Execute     source C:/Xilinx/Vivado/2019.2/common/technology/generic/autopilot/interface.gen 
Execute     source C:/formation_hls/video_vga_7511_zed/hls/mire/solution1/.autopilot/db/global.setting.tcl 
Execute     source C:/Xilinx/Vivado/2019.2/common/technology/xilinx/zynq/zynq.gen 
Execute       source C:/Xilinx/Vivado/2019.2/common/technology/xilinx/common/xilinx.gen 
Execute         source C:/Xilinx/Vivado/2019.2/common/technology/xilinx/interface/plb46.gen 
Execute         source C:/Xilinx/Vivado/2019.2/common/technology/xilinx/interface/fsl.gen 
Execute         source C:/Xilinx/Vivado/2019.2/common/technology/xilinx/interface/axi4.gen 
Execute         source C:/Xilinx/Vivado/2019.2/common/technology/xilinx/interface/nativeAXI4.gen 
Execute           source C:/Xilinx/Vivado/2019.2/common/technology/xilinx/interface/saxilite.gen 
Execute           source C:/Xilinx/Vivado/2019.2/common/technology/xilinx/interface/maxi.gen 
Execute         source C:/Xilinx/Vivado/2019.2/common/technology/xilinx/scripts/xilinxcoregen.gen 
Execute         source C:/Xilinx/Vivado/2019.2/common/technology/xilinx/interface/XilEDKCoreGen.gen 
Execute         source C:/Xilinx/Vivado/2019.2/common/technology/xilinx/ip/dds_compiler.gen 
Execute         source C:/Xilinx/Vivado/2019.2/common/technology/xilinx/ip/util.gen 
Execute         source C:/Xilinx/Vivado/2019.2/common/technology/xilinx/ip/xfft.gen 
Execute         source C:/Xilinx/Vivado/2019.2/common/technology/xilinx/ip/xfir.gen 
Execute         source C:/Xilinx/Vivado/2019.2/common/technology/xilinx/common/dsp48.gen 
Command       ap_source done; 0.141 sec.
Command     ap_source done; 0.142 sec.
Execute     source C:/Xilinx/Vivado/2019.2/common/technology/xilinx/zynq/zynq_fpv6.gen 
Execute       source C:/Xilinx/Vivado/2019.2/common/technology/xilinx/common/xilinx_fp.gen 
Execute     ap_part_info -name xc7z020-clg484-1 -data names -quiet 
Execute     ap_part_info -name xc7z020-clg484-1 -data info -quiet 
INFO-FLOW: DBG:CMD:     exec C:/formation_hls/video_vga_7511_zed/hls/mire/solution1/impl/ip/pack.bat
Command   export_design done; 12.147 sec.
Command ap_source done; 14.034 sec.
Execute cleanup_all 
