==============================================================
Vivado(TM) HLS - High-Level Synthesis from C, C++ and SystemC v2019.2 (64-bit)
Copyright 1986-2019 Xilinx, Inc. All Rights Reserved.
==============================================================
INFO: [SYN 201-201] Setting up clock 'default' with a period of 10ns.
INFO: [HLS 200-10] Setting target device to 'xc7z020-clg484-1'
INFO: [SYN 201-201] Setting up clock 'default' with a period of 10ns.
INFO: [SCHED 204-61] Option 'relax_ii_for_timing' is enabled, will increase II to preserve clock frequency constraints.
INFO: [HLS 200-10] Analyzing design file 'ov7670_if/ov7670_if.cpp' ... 
ERROR: [HLS 200-70] Compilation errors found: In file included from ov7670_if/ov7670_if.cpp:1:
ov7670_if/ov7670_if.cpp:7:63: error: redefinition of parameter 'vsync'
void ov7670_if(ap_uint<8>video_in,ap_uint<8> vsync,ap_uint<8> vsync, ap_uint<8> *mem_ddr, int hsize_in, int vsize_in)
                                                              ^
ov7670_if/ov7670_if.cpp:7:46: note: previous declaration is here
void ov7670_if(ap_uint<8>video_in,ap_uint<8> vsync,ap_uint<8> vsync, ap_uint<8> *mem_ddr, int hsize_in, int vsize_in)
                                             ^
1 error generated.
==============================================================
Vivado(TM) HLS - High-Level Synthesis from C, C++ and SystemC v2019.2 (64-bit)
Copyright 1986-2019 Xilinx, Inc. All Rights Reserved.
==============================================================
INFO: [SYN 201-201] Setting up clock 'default' with a period of 10ns.
INFO: [HLS 200-10] Setting target device to 'xc7z020-clg484-1'
INFO: [SCHED 204-61] Option 'relax_ii_for_timing' is enabled, will increase II to preserve clock frequency constraints.
INFO: [HLS 200-10] Analyzing design file 'ov7670_if/ov7670_if.cpp' ... 
INFO: [HLS 200-111] Finished Linking Time (s): cpu = 00:00:03 ; elapsed = 00:00:24 . Memory (MB): peak = 197.879 ; gain = 105.656
INFO: [HLS 200-111] Finished Checking Pragmas Time (s): cpu = 00:00:03 ; elapsed = 00:00:24 . Memory (MB): peak = 197.879 ; gain = 105.656
INFO: [HLS 200-10] Starting code transformations ...
INFO: [HLS 200-111] Finished Standard Transforms Time (s): cpu = 00:00:03 ; elapsed = 00:00:25 . Memory (MB): peak = 197.879 ; gain = 105.656
INFO: [HLS 200-10] Checking synthesizability ...
WARNING: [SYNCHK 200-77] The top function 'ov7670_if' (ov7670_if/ov7670_if.cpp:7) has no outputs. Possible cause(s) are: (1) Output parameters are passed by value; (2) intended outputs (parameters or global variables) are never written; (3) there are infinite loops.
INFO: [SYNCHK 200-10] 0 error(s), 1 warning(s).
INFO: [HLS 200-111] Finished Checking Synthesizability Time (s): cpu = 00:00:03 ; elapsed = 00:00:26 . Memory (MB): peak = 204.262 ; gain = 112.039
INFO: [HLS 200-111] Finished Pre-synthesis Time (s): cpu = 00:00:03 ; elapsed = 00:00:26 . Memory (MB): peak = 248.051 ; gain = 155.828
ERROR: [XFORM 203-801] Cannot specify interface mode ap_fifo on a scalar argument 'video_in.V' for function 'ov7670_if' (ov7670_if/ov7670_if.cpp:7).
ERROR: [XFORM 203-801] Cannot specify interface mode 'ap_fifo' on a non-pointer argument 'video_in.V' for function 'ov7670_if' (ov7670_if/ov7670_if.cpp:7). Please use a pointer (or an array) instead.
ERROR: [HLS 200-70] Failed building synthesis data model.
==============================================================
Vivado(TM) HLS - High-Level Synthesis from C, C++ and SystemC v2019.2 (64-bit)
Copyright 1986-2019 Xilinx, Inc. All Rights Reserved.
==============================================================
INFO: [SYN 201-201] Setting up clock 'default' with a period of 10ns.
INFO: [HLS 200-10] Setting target device to 'xc7z020-clg484-1'
INFO: [SCHED 204-61] Option 'relax_ii_for_timing' is enabled, will increase II to preserve clock frequency constraints.
INFO: [HLS 200-10] Analyzing design file 'ov7670_if/ov7670_if.cpp' ... 
INFO: [HLS 200-111] Finished Linking Time (s): cpu = 00:00:02 ; elapsed = 00:00:25 . Memory (MB): peak = 197.785 ; gain = 105.531
INFO: [HLS 200-111] Finished Checking Pragmas Time (s): cpu = 00:00:02 ; elapsed = 00:00:25 . Memory (MB): peak = 197.785 ; gain = 105.531
INFO: [HLS 200-10] Starting code transformations ...
INFO: [HLS 200-111] Finished Standard Transforms Time (s): cpu = 00:00:03 ; elapsed = 00:00:26 . Memory (MB): peak = 197.785 ; gain = 105.531
INFO: [HLS 200-10] Checking synthesizability ...
WARNING: [SYNCHK 200-77] The top function 'ov7670_if' (ov7670_if/ov7670_if.cpp:7) has no outputs. Possible cause(s) are: (1) Output parameters are passed by value; (2) intended outputs (parameters or global variables) are never written; (3) there are infinite loops.
INFO: [SYNCHK 200-10] 0 error(s), 1 warning(s).
INFO: [HLS 200-111] Finished Checking Synthesizability Time (s): cpu = 00:00:03 ; elapsed = 00:00:26 . Memory (MB): peak = 203.930 ; gain = 111.676
INFO: [HLS 200-111] Finished Pre-synthesis Time (s): cpu = 00:00:03 ; elapsed = 00:00:27 . Memory (MB): peak = 248.598 ; gain = 156.344
INFO: [HLS 200-111] Finished Architecture Synthesis Time (s): cpu = 00:00:03 ; elapsed = 00:00:27 . Memory (MB): peak = 255.031 ; gain = 162.777
INFO: [HLS 200-10] Starting hardware synthesis ...
INFO: [HLS 200-10] Synthesizing 'ov7670_if' ...
INFO: [HLS 200-10] ----------------------------------------------------------------
INFO: [HLS 200-42] -- Implementing module 'ov7670_if' 
INFO: [HLS 200-10] ----------------------------------------------------------------
INFO: [SCHED 204-11] Starting scheduling ...
INFO: [SCHED 204-11] Finished scheduling.
INFO: [HLS 200-111]  Elapsed time: 26.89 seconds; current allocated memory: 187.318 MB.
INFO: [BIND 205-100] Starting micro-architecture generation ...
INFO: [BIND 205-101] Performing variable lifetime analysis.
INFO: [BIND 205-101] Exploring resource sharing.
INFO: [BIND 205-101] Binding ...
INFO: [BIND 205-100] Finished micro-architecture generation.
INFO: [HLS 200-111]  Elapsed time: 0.081 seconds; current allocated memory: 187.386 MB.
INFO: [HLS 200-10] ----------------------------------------------------------------
INFO: [HLS 200-10] -- Generating RTL for module 'ov7670_if' 
INFO: [HLS 200-10] ----------------------------------------------------------------
INFO: [RTGEN 206-500] Setting interface mode on port 'ov7670_if/gmem' to 'm_axi'.
INFO: [RTGEN 206-500] Setting interface mode on port 'ov7670_if/video_in_V' to 'ap_fifo'.
INFO: [RTGEN 206-500] Setting interface mode on port 'ov7670_if/vsync_V' to 'ap_none'.
INFO: [RTGEN 206-500] Setting interface mode on port 'ov7670_if/href_V' to 'ap_none'.
INFO: [RTGEN 206-500] Setting interface mode on port 'ov7670_if/mem_ddr_V' to 'ap_none'.
INFO: [RTGEN 206-500] Setting interface mode on port 'ov7670_if/hsize_in' to 'ap_none'.
INFO: [RTGEN 206-500] Setting interface mode on port 'ov7670_if/vsize_in' to 'ap_none'.
INFO: [RTGEN 206-500] Setting interface mode on function 'ov7670_if' to 'ap_ctrl_hs'.
WARNING: [RTGEN 206-101] Port 'ov7670_if/m_axi_gmem_AWVALID' has no fanin or fanout and is left dangling.
               Please use C simulation to confirm this function argument can be read from or written to.
WARNING: [RTGEN 206-101] Setting dangling out port 'ov7670_if/m_axi_gmem_AWVALID' to 0.
WARNING: [RTGEN 206-101] Port 'ov7670_if/m_axi_gmem_AWREADY' has no fanin or fanout and is left dangling.
               Please use C simulation to confirm this function argument can be read from or written to.
WARNING: [RTGEN 206-101] Port 'ov7670_if/m_axi_gmem_AWADDR' has no fanin or fanout and is left dangling.
               Please use C simulation to confirm this function argument can be read from or written to.
WARNING: [RTGEN 206-101] Setting dangling out port 'ov7670_if/m_axi_gmem_AWADDR' to 0.
WARNING: [RTGEN 206-101] Port 'ov7670_if/m_axi_gmem_AWID' has no fanin or fanout and is left dangling.
               Please use C simulation to confirm this function argument can be read from or written to.
WARNING: [RTGEN 206-101] Setting dangling out port 'ov7670_if/m_axi_gmem_AWID' to 0.
WARNING: [RTGEN 206-101] Port 'ov7670_if/m_axi_gmem_AWLEN' has no fanin or fanout and is left dangling.
               Please use C simulation to confirm this function argument can be read from or written to.
WARNING: [RTGEN 206-101] Setting dangling out port 'ov7670_if/m_axi_gmem_AWLEN' to 0.
WARNING: [RTGEN 206-101] Port 'ov7670_if/m_axi_gmem_AWSIZE' has no fanin or fanout and is left dangling.
               Please use C simulation to confirm this function argument can be read from or written to.
WARNING: [RTGEN 206-101] Setting dangling out port 'ov7670_if/m_axi_gmem_AWSIZE' to 0.
WARNING: [RTGEN 206-101] Port 'ov7670_if/m_axi_gmem_AWBURST' has no fanin or fanout and is left dangling.
               Please use C simulation to confirm this function argument can be read from or written to.
WARNING: [RTGEN 206-101] Setting dangling out port 'ov7670_if/m_axi_gmem_AWBURST' to 0.
WARNING: [RTGEN 206-101] Port 'ov7670_if/m_axi_gmem_AWLOCK' has no fanin or fanout and is left dangling.
               Please use C simulation to confirm this function argument can be read from or written to.
WARNING: [RTGEN 206-101] Setting dangling out port 'ov7670_if/m_axi_gmem_AWLOCK' to 0.
WARNING: [RTGEN 206-101] Port 'ov7670_if/m_axi_gmem_AWCACHE' has no fanin or fanout and is left dangling.
               Please use C simulation to confirm this function argument can be read from or written to.
WARNING: [RTGEN 206-101] Setting dangling out port 'ov7670_if/m_axi_gmem_AWCACHE' to 0.
WARNING: [RTGEN 206-101] Port 'ov7670_if/m_axi_gmem_AWPROT' has no fanin or fanout and is left dangling.
               Please use C simulation to confirm this function argument can be read from or written to.
WARNING: [RTGEN 206-101] Setting dangling out port 'ov7670_if/m_axi_gmem_AWPROT' to 0.
WARNING: [RTGEN 206-101] Port 'ov7670_if/m_axi_gmem_AWQOS' has no fanin or fanout and is left dangling.
               Please use C simulation to confirm this function argument can be read from or written to.
WARNING: [RTGEN 206-101] Setting dangling out port 'ov7670_if/m_axi_gmem_AWQOS' to 0.
WARNING: [RTGEN 206-101] Port 'ov7670_if/m_axi_gmem_AWREGION' has no fanin or fanout and is left dangling.
               Please use C simulation to confirm this function argument can be read from or written to.
WARNING: [RTGEN 206-101] Setting dangling out port 'ov7670_if/m_axi_gmem_AWREGION' to 0.
WARNING: [RTGEN 206-101] Port 'ov7670_if/m_axi_gmem_AWUSER' has no fanin or fanout and is left dangling.
               Please use C simulation to confirm this function argument can be read from or written to.
WARNING: [RTGEN 206-101] Setting dangling out port 'ov7670_if/m_axi_gmem_AWUSER' to 0.
WARNING: [RTGEN 206-101] Port 'ov7670_if/m_axi_gmem_WVALID' has no fanin or fanout and is left dangling.
               Please use C simulation to confirm this function argument can be read from or written to.
WARNING: [RTGEN 206-101] Setting dangling out port 'ov7670_if/m_axi_gmem_WVALID' to 0.
WARNING: [RTGEN 206-101] Port 'ov7670_if/m_axi_gmem_WREADY' has no fanin or fanout and is left dangling.
               Please use C simulation to confirm this function argument can be read from or written to.
WARNING: [RTGEN 206-101] Port 'ov7670_if/m_axi_gmem_WDATA' has no fanin or fanout and is left dangling.
               Please use C simulation to confirm this function argument can be read from or written to.
WARNING: [RTGEN 206-101] Setting dangling out port 'ov7670_if/m_axi_gmem_WDATA' to 0.
WARNING: [RTGEN 206-101] Port 'ov7670_if/m_axi_gmem_WSTRB' has no fanin or fanout and is left dangling.
               Please use C simulation to confirm this function argument can be read from or written to.
WARNING: [RTGEN 206-101] Setting dangling out port 'ov7670_if/m_axi_gmem_WSTRB' to 0.
WARNING: [RTGEN 206-101] Port 'ov7670_if/m_axi_gmem_WLAST' has no fanin or fanout and is left dangling.
               Please use C simulation to confirm this function argument can be read from or written to.
WARNING: [RTGEN 206-101] Setting dangling out port 'ov7670_if/m_axi_gmem_WLAST' to 0.
WARNING: [RTGEN 206-101] Port 'ov7670_if/m_axi_gmem_WID' has no fanin or fanout and is left dangling.
               Please use C simulation to confirm this function argument can be read from or written to.
WARNING: [RTGEN 206-101] Setting dangling out port 'ov7670_if/m_axi_gmem_WID' to 0.
WARNING: [RTGEN 206-101] Port 'ov7670_if/m_axi_gmem_WUSER' has no fanin or fanout and is left dangling.
               Please use C simulation to confirm this function argument can be read from or written to.
WARNING: [RTGEN 206-101] Setting dangling out port 'ov7670_if/m_axi_gmem_WUSER' to 0.
WARNING: [RTGEN 206-101] Port 'ov7670_if/m_axi_gmem_ARVALID' has no fanin or fanout and is left dangling.
               Please use C simulation to confirm this function argument can be read from or written to.
WARNING: [RTGEN 206-101] Setting dangling out port 'ov7670_if/m_axi_gmem_ARVALID' to 0.
WARNING: [RTGEN 206-101] Port 'ov7670_if/m_axi_gmem_ARREADY' has no fanin or fanout and is left dangling.
               Please use C simulation to confirm this function argument can be read from or written to.
WARNING: [RTGEN 206-101] Port 'ov7670_if/m_axi_gmem_ARADDR' has no fanin or fanout and is left dangling.
               Please use C simulation to confirm this function argument can be read from or written to.
WARNING: [RTGEN 206-101] Setting dangling out port 'ov7670_if/m_axi_gmem_ARADDR' to 0.
WARNING: [RTGEN 206-101] Port 'ov7670_if/m_axi_gmem_ARID' has no fanin or fanout and is left dangling.
               Please use C simulation to confirm this function argument can be read from or written to.
WARNING: [RTGEN 206-101] Setting dangling out port 'ov7670_if/m_axi_gmem_ARID' to 0.
WARNING: [RTGEN 206-101] Port 'ov7670_if/m_axi_gmem_ARLEN' has no fanin or fanout and is left dangling.
               Please use C simulation to confirm this function argument can be read from or written to.
WARNING: [RTGEN 206-101] Setting dangling out port 'ov7670_if/m_axi_gmem_ARLEN' to 0.
WARNING: [RTGEN 206-101] Port 'ov7670_if/m_axi_gmem_ARSIZE' has no fanin or fanout and is left dangling.
               Please use C simulation to confirm this function argument can be read from or written to.
WARNING: [RTGEN 206-101] Setting dangling out port 'ov7670_if/m_axi_gmem_ARSIZE' to 0.
WARNING: [RTGEN 206-101] Port 'ov7670_if/m_axi_gmem_ARBURST' has no fanin or fanout and is left dangling.
               Please use C simulation to confirm this function argument can be read from or written to.
WARNING: [RTGEN 206-101] Setting dangling out port 'ov7670_if/m_axi_gmem_ARBURST' to 0.
WARNING: [RTGEN 206-101] Port 'ov7670_if/m_axi_gmem_ARLOCK' has no fanin or fanout and is left dangling.
               Please use C simulation to confirm this function argument can be read from or written to.
WARNING: [RTGEN 206-101] Setting dangling out port 'ov7670_if/m_axi_gmem_ARLOCK' to 0.
WARNING: [RTGEN 206-101] Port 'ov7670_if/m_axi_gmem_ARCACHE' has no fanin or fanout and is left dangling.
               Please use C simulation to confirm this function argument can be read from or written to.
WARNING: [RTGEN 206-101] Setting dangling out port 'ov7670_if/m_axi_gmem_ARCACHE' to 0.
WARNING: [RTGEN 206-101] Port 'ov7670_if/m_axi_gmem_ARPROT' has no fanin or fanout and is left dangling.
               Please use C simulation to confirm this function argument can be read from or written to.
WARNING: [RTGEN 206-101] Setting dangling out port 'ov7670_if/m_axi_gmem_ARPROT' to 0.
WARNING: [RTGEN 206-101] Port 'ov7670_if/m_axi_gmem_ARQOS' has no fanin or fanout and is left dangling.
               Please use C simulation to confirm this function argument can be read from or written to.
WARNING: [RTGEN 206-101] Setting dangling out port 'ov7670_if/m_axi_gmem_ARQOS' to 0.
WARNING: [RTGEN 206-101] Port 'ov7670_if/m_axi_gmem_ARREGION' has no fanin or fanout and is left dangling.
               Please use C simulation to confirm this function argument can be read from or written to.
WARNING: [RTGEN 206-101] Setting dangling out port 'ov7670_if/m_axi_gmem_ARREGION' to 0.
WARNING: [RTGEN 206-101] Port 'ov7670_if/m_axi_gmem_ARUSER' has no fanin or fanout and is left dangling.
               Please use C simulation to confirm this function argument can be read from or written to.
WARNING: [RTGEN 206-101] Setting dangling out port 'ov7670_if/m_axi_gmem_ARUSER' to 0.
WARNING: [RTGEN 206-101] Port 'ov7670_if/m_axi_gmem_RVALID' has no fanin or fanout and is left dangling.
               Please use C simulation to confirm this function argument can be read from or written to.
WARNING: [RTGEN 206-101] Port 'ov7670_if/m_axi_gmem_RREADY' has no fanin or fanout and is left dangling.
               Please use C simulation to confirm this function argument can be read from or written to.
WARNING: [RTGEN 206-101] Setting dangling out port 'ov7670_if/m_axi_gmem_RREADY' to 0.
WARNING: [RTGEN 206-101] Port 'ov7670_if/m_axi_gmem_RDATA' has no fanin or fanout and is left dangling.
               Please use C simulation to confirm this function argument can be read from or written to.
WARNING: [RTGEN 206-101] Port 'ov7670_if/m_axi_gmem_RLAST' has no fanin or fanout and is left dangling.
               Please use C simulation to confirm this function argument can be read from or written to.
WARNING: [RTGEN 206-101] Port 'ov7670_if/m_axi_gmem_RID' has no fanin or fanout and is left dangling.
               Please use C simulation to confirm this function argument can be read from or written to.
WARNING: [RTGEN 206-101] Port 'ov7670_if/m_axi_gmem_RUSER' has no fanin or fanout and is left dangling.
               Please use C simulation to confirm this function argument can be read from or written to.
WARNING: [RTGEN 206-101] Port 'ov7670_if/m_axi_gmem_RRESP' has no fanin or fanout and is left dangling.
               Please use C simulation to confirm this function argument can be read from or written to.
WARNING: [RTGEN 206-101] Port 'ov7670_if/m_axi_gmem_BVALID' has no fanin or fanout and is left dangling.
               Please use C simulation to confirm this function argument can be read from or written to.
WARNING: [RTGEN 206-101] Port 'ov7670_if/m_axi_gmem_BREADY' has no fanin or fanout and is left dangling.
               Please use C simulation to confirm this function argument can be read from or written to.
WARNING: [RTGEN 206-101] Setting dangling out port 'ov7670_if/m_axi_gmem_BREADY' to 0.
WARNING: [RTGEN 206-101] Port 'ov7670_if/m_axi_gmem_BRESP' has no fanin or fanout and is left dangling.
               Please use C simulation to confirm this function argument can be read from or written to.
WARNING: [RTGEN 206-101] Port 'ov7670_if/m_axi_gmem_BID' has no fanin or fanout and is left dangling.
               Please use C simulation to confirm this function argument can be read from or written to.
WARNING: [RTGEN 206-101] Port 'ov7670_if/m_axi_gmem_BUSER' has no fanin or fanout and is left dangling.
               Please use C simulation to confirm this function argument can be read from or written to.
WARNING: [RTGEN 206-101] Port 'ov7670_if/video_in_V_dout' has no fanin or fanout and is left dangling.
               Please use C simulation to confirm this function argument can be read from or written to.
WARNING: [RTGEN 206-101] Port 'ov7670_if/video_in_V_empty_n' has no fanin or fanout and is left dangling.
               Please use C simulation to confirm this function argument can be read from or written to.
WARNING: [RTGEN 206-101] Port 'ov7670_if/video_in_V_read' has no fanin or fanout and is left dangling.
               Please use C simulation to confirm this function argument can be read from or written to.
WARNING: [RTGEN 206-101] Setting dangling out port 'ov7670_if/video_in_V_read' to 0.
WARNING: [RTGEN 206-101] Port 'ov7670_if/vsync_V' has no fanin or fanout and is left dangling.
               Please use C simulation to confirm this function argument can be read from or written to.
WARNING: [RTGEN 206-101] Port 'ov7670_if/href_V' has no fanin or fanout and is left dangling.
               Please use C simulation to confirm this function argument can be read from or written to.
WARNING: [RTGEN 206-101] Port 'ov7670_if/mem_ddr_V' has no fanin or fanout and is left dangling.
               Please use C simulation to confirm this function argument can be read from or written to.
WARNING: [RTGEN 206-101] Port 'ov7670_if/hsize_in' has no fanin or fanout and is left dangling.
               Please use C simulation to confirm this function argument can be read from or written to.
WARNING: [RTGEN 206-101] Port 'ov7670_if/vsize_in' has no fanin or fanout and is left dangling.
               Please use C simulation to confirm this function argument can be read from or written to.
INFO: [RTGEN 206-100] Finished creating RTL model for 'ov7670_if'.
INFO: [HLS 200-111]  Elapsed time: 1.131 seconds; current allocated memory: 187.664 MB.
INFO: [HLS 200-789] **** Estimated Fmax: 0.00 MHz
INFO: [HLS 200-111] Finished generating all RTL models Time (s): cpu = 00:00:05 ; elapsed = 00:00:29 . Memory (MB): peak = 268.953 ; gain = 176.699
INFO: [VHDL 208-304] Generating VHDL RTL for ov7670_if.
INFO: [VLOG 209-307] Generating Verilog RTL for ov7670_if.
INFO: [HLS 200-112] Total elapsed time: 29.533 seconds; peak allocated memory: 187.664 MB.
