

================================================================
== Vivado HLS Report for 'im_load'
================================================================
* Date:           Wed Oct  4 15:03:30 2023

* Version:        2019.2 (Build 2704478 on Wed Nov 06 22:10:23 MST 2019)
* Project:        im_load
* Solution:       solution1
* Product family: zynq
* Target device:  xc7z020-clg484-1


================================================================
== Performance Estimates
================================================================
+ Timing: 
    * Summary: 
    +--------+----------+----------+------------+
    |  Clock |  Target  | Estimated| Uncertainty|
    +--------+----------+----------+------------+
    |ap_clk  | 10.00 ns | 7.568 ns |   1.25 ns  |
    +--------+----------+----------+------------+

+ Latency: 
    * Summary: 
    +---------+---------+----------+----------+--------+--------+---------+
    |  Latency (cycles) |  Latency (absolute) |     Interval    | Pipeline|
    |   min   |   max   |    min   |    max   |   min  |   max  |   Type  |
    +---------+---------+----------+----------+--------+--------+---------+
    |   922561|   922561| 9.226 ms | 9.226 ms |  922561|  922561|   none  |
    +---------+---------+----------+----------+--------+--------+---------+

    + Detail: 
        * Instance: 
        N/A

        * Loop: 
        +-------------+---------+---------+----------+-----------+-----------+------+----------+
        |             |  Latency (cycles) | Iteration|  Initiation Interval  | Trip |          |
        |  Loop Name  |   min   |   max   |  Latency |  achieved |   target  | Count| Pipelined|
        +-------------+---------+---------+----------+-----------+-----------+------+----------+
        |- Loop 1     |   922560|   922560|      1922|          -|          -|   480|    no    |
        | + Loop 1.1  |     1920|     1920|         3|          -|          -|   640|    no    |
        +-------------+---------+---------+----------+-----------+-----------+------+----------+



================================================================
== Utilization Estimates
================================================================
* Summary: 
+-----------------+---------+-------+--------+-------+-----+
|       Name      | BRAM_18K| DSP48E|   FF   |  LUT  | URAM|
+-----------------+---------+-------+--------+-------+-----+
|DSP              |        -|      -|       -|      -|    -|
|Expression       |        -|      -|       0|    447|    -|
|FIFO             |        -|      -|       -|      -|    -|
|Instance         |        -|      -|       -|      -|    -|
|Memory           |        -|      -|       -|      -|    -|
|Multiplexer      |        -|      -|       -|     60|    -|
|Register         |        -|      -|      88|      -|    -|
+-----------------+---------+-------+--------+-------+-----+
|Total            |        0|      0|      88|    507|    0|
+-----------------+---------+-------+--------+-------+-----+
|Available        |      280|    220|  106400|  53200|    0|
+-----------------+---------+-------+--------+-------+-----+
|Utilization (%)  |        0|      0|   ~0   |   ~0  |    0|
+-----------------+---------+-------+--------+-------+-----+

+ Detail: 
    * Instance: 
    N/A

    * DSP48E: 
    N/A

    * Memory: 
    N/A

    * FIFO: 
    N/A

    * Expression: 
    +-------------------------+----------+-------+---+----+------------+------------+
    |      Variable Name      | Operation| DSP48E| FF| LUT| Bitwidth P0| Bitwidth P1|
    +-------------------------+----------+-------+---+----+------------+------------+
    |add_ln31_1_fu_256_p2     |     +    |      0|  0|  26|          19|          19|
    |add_ln31_fu_393_p2       |     +    |      0|  0|  26|          19|          19|
    |add_ln48_1_fu_302_p2     |     +    |      0|  0|  26|          19|          19|
    |add_ln48_fu_413_p2       |     +    |      0|  0|  26|          19|          19|
    |i_fu_226_p2              |     +    |      0|  0|  15|           9|           1|
    |j_fu_349_p2              |     +    |      0|  0|  14|          10|           1|
    |sub_ln39_fu_408_p2       |     -    |      0|  0|  27|          20|          20|
    |sub_ln48_fu_272_p2       |     -    |      0|  0|  15|           7|           9|
    |sub_ln57_fu_418_p2       |     -    |      0|  0|  26|          19|          19|
    |and_ln35_1_fu_434_p2     |    and   |      0|  0|   2|           1|           1|
    |and_ln35_fu_423_p2       |    and   |      0|  0|   2|           1|           1|
    |and_ln44_1_fu_319_p2     |    and   |      0|  0|   2|           1|           1|
    |and_ln44_2_fu_324_p2     |    and   |      0|  0|   2|           1|           1|
    |and_ln44_fu_308_p2       |    and   |      0|  0|   2|           1|           1|
    |and_ln879_1_fu_202_p2    |    and   |      0|  0|   2|           1|           1|
    |and_ln879_fu_184_p2      |    and   |      0|  0|   2|           1|           1|
    |icmp_ln16_fu_220_p2      |   icmp   |      0|  0|  13|           9|           7|
    |icmp_ln19_fu_343_p2      |   icmp   |      0|  0|  13|          10|          10|
    |icmp_ln35_fu_402_p2      |   icmp   |      0|  0|  13|          10|           9|
    |icmp_ln44_fu_266_p2      |   icmp   |      0|  0|  13|           9|           8|
    |icmp_ln879_1_fu_166_p2   |   icmp   |      0|  0|   8|           2|           1|
    |icmp_ln879_2_fu_172_p2   |   icmp   |      0|  0|   9|           2|           3|
    |icmp_ln879_fu_160_p2     |   icmp   |      0|  0|   8|           2|           1|
    |tmp_last_V_fu_387_p2     |   icmp   |      0|  0|  13|          10|          10|
    |tmp_user_V_fu_381_p2     |   icmp   |      0|  0|  13|          10|           1|
    |or_ln21_fu_359_p2        |    or    |      0|  0|   9|           9|           9|
    |or_ln44_1_fu_457_p2      |    or    |      0|  0|   2|           1|           1|
    |or_ln44_2_fu_462_p2      |    or    |      0|  0|   2|           1|           1|
    |or_ln44_3_fu_474_p2      |    or    |      0|  0|   2|           1|           1|
    |or_ln44_fu_329_p2        |    or    |      0|  0|   2|           1|           1|
    |or_ln879_1_fu_208_p2     |    or    |      0|  0|   2|           1|           1|
    |or_ln879_fu_190_p2       |    or    |      0|  0|   2|           1|           1|
    |select_ln44_1_fu_450_p3  |  select  |      0|  0|  20|           1|          20|
    |select_ln44_2_fu_467_p3  |  select  |      0|  0|  20|           1|          20|
    |select_ln44_3_fu_479_p3  |  select  |      0|  0|  19|           1|          19|
    |select_ln44_4_fu_491_p3  |  select  |      0|  0|  20|           1|          20|
    |select_ln44_fu_439_p3    |  select  |      0|  0|  19|           1|          19|
    |xor_ln35_fu_428_p2       |    xor   |      0|  0|   2|           1|           2|
    |xor_ln44_fu_313_p2       |    xor   |      0|  0|   2|           1|           2|
    |xor_ln879_1_fu_196_p2    |    xor   |      0|  0|   2|           1|           2|
    |xor_ln879_2_fu_214_p2    |    xor   |      0|  0|   2|           1|           2|
    |xor_ln879_fu_178_p2      |    xor   |      0|  0|   2|           1|           2|
    +-------------------------+----------+-------+---+----+------------+------------+
    |Total                    |          |      0|  0| 447|         237|         306|
    +-------------------------+----------+-------+---+----+------------+------------+

    * Multiplexer: 
    +--------------------------+----+-----------+-----+-----------+
    |           Name           | LUT| Input Size| Bits| Total Bits|
    +--------------------------+----+-----------+-----+-----------+
    |ap_NS_fsm                 |  33|          6|    1|          6|
    |i_0_reg_137               |   9|          2|    9|         18|
    |j_0_reg_149               |   9|          2|   10|         20|
    |m_axis_video_TDATA_blk_n  |   9|          2|    1|          2|
    +--------------------------+----+-----------+-----+-----------+
    |Total                     |  60|         12|   21|         46|
    +--------------------------+----+-----------+-----+-----------+

    * Register: 
    +---------------------+----+----+-----+-----------+
    |         Name        | FF | LUT| Bits| Const Bits|
    +---------------------+----+----+-----+-----------+
    |add_ln31_1_reg_534   |  12|   0|   19|          7|
    |add_ln48_1_reg_544   |  12|   0|   19|          7|
    |and_ln44_2_reg_556   |   1|   0|    1|          0|
    |and_ln44_reg_550     |   1|   0|    1|          0|
    |and_ln879_1_reg_515  |   1|   0|    1|          0|
    |and_ln879_reg_509    |   1|   0|    1|          0|
    |ap_CS_fsm            |   5|   0|    5|          0|
    |i_0_reg_137          |   9|   0|    9|          0|
    |i_reg_529            |   9|   0|    9|          0|
    |icmp_ln879_reg_504   |   1|   0|    1|          0|
    |j_0_reg_149          |  10|   0|   10|          0|
    |j_reg_570            |  10|   0|   10|          0|
    |or_ln44_reg_561      |   1|   0|    1|          0|
    |tmp_last_V_reg_580   |   1|   0|    1|          0|
    |tmp_user_V_reg_575   |   1|   0|    1|          0|
    |xor_ln879_2_reg_521  |   1|   0|    1|          0|
    |zext_ln31_2_reg_539  |  12|   0|   20|          8|
    +---------------------+----+----+-----+-----------+
    |Total                |  88|   0|  110|         22|
    +---------------------+----+----+-----+-----------+



================================================================
== Interface
================================================================
* Summary: 
+---------------------+-----+-----+------------+-----------------------+--------------+
|      RTL Ports      | Dir | Bits|  Protocol  |     Source Object     |    C Type    |
+---------------------+-----+-----+------------+-----------------------+--------------+
|ap_clk               |  in |    1| ap_ctrl_hs |        im_load        | return value |
|ap_rst_n             |  in |    1| ap_ctrl_hs |        im_load        | return value |
|ap_start             |  in |    1| ap_ctrl_hs |        im_load        | return value |
|ap_done              | out |    1| ap_ctrl_hs |        im_load        | return value |
|ap_idle              | out |    1| ap_ctrl_hs |        im_load        | return value |
|ap_ready             | out |    1| ap_ctrl_hs |        im_load        | return value |
|mode_V               |  in |    2|   ap_none  |         mode_V        |    scalar    |
|m_axis_video_TDATA   | out |    8|    axis    | m_axis_video_V_data_V |    pointer   |
|m_axis_video_TVALID  | out |    1|    axis    | m_axis_video_V_dest_V |    pointer   |
|m_axis_video_TREADY  |  in |    1|    axis    | m_axis_video_V_dest_V |    pointer   |
|m_axis_video_TDEST   | out |    1|    axis    | m_axis_video_V_dest_V |    pointer   |
|m_axis_video_TKEEP   | out |    1|    axis    | m_axis_video_V_keep_V |    pointer   |
|m_axis_video_TSTRB   | out |    1|    axis    | m_axis_video_V_strb_V |    pointer   |
|m_axis_video_TUSER   | out |    1|    axis    | m_axis_video_V_user_V |    pointer   |
|m_axis_video_TLAST   | out |    1|    axis    | m_axis_video_V_last_V |    pointer   |
|m_axis_video_TID     | out |    1|    axis    |  m_axis_video_V_id_V  |    pointer   |
|mem_V_address0       | out |   19|  ap_memory |         mem_V         |     array    |
|mem_V_ce0            | out |    1|  ap_memory |         mem_V         |     array    |
|mem_V_q0             |  in |    8|  ap_memory |         mem_V         |     array    |
+---------------------+-----+-----+------------+-----------------------+--------------+

