

================================================================
== Vivado HLS Report for 'incrust'
================================================================
* Date:           Mon Feb 21 19:14:53 2022

* Version:        2019.2 (Build 2704478 on Wed Nov 06 22:10:23 MST 2019)
* Project:        incrust
* Solution:       solution1
* Product family: zynq
* Target device:  xc7z020-clg484-1


================================================================
== Performance Estimates
================================================================
+ Timing: 
    * Summary: 
    +--------+----------+----------+------------+
    |  Clock |  Target  | Estimated| Uncertainty|
    +--------+----------+----------+------------+
    |ap_clk  | 10.00 ns | 8.510 ns |   1.25 ns  |
    +--------+----------+----------+------------+

+ Latency: 
    * Summary: 
    +---------+---------+----------+----------+-----+-----+---------+
    |  Latency (cycles) |  Latency (absolute) |  Interval | Pipeline|
    |   min   |   max   |    min   |    max   | min | max |   Type  |
    +---------+---------+----------+----------+-----+-----+---------+
    |        ?|        ?|         ?|         ?|    ?|    ?|   none  |
    +---------+---------+----------+----------+-----+-----+---------+

    + Detail: 
        * Instance: 
        N/A

        * Loop: 
        +----------+---------+---------+----------+-----------+-----------+------+----------+
        |          |  Latency (cycles) | Iteration|  Initiation Interval  | Trip |          |
        | Loop Name|   min   |   max   |  Latency |  achieved |   target  | Count| Pipelined|
        +----------+---------+---------+----------+-----------+-----------+------+----------+
        |- Loop 1  |        ?|        ?|         5|          1|          1|     ?|    yes   |
        +----------+---------+---------+----------+-----------+-----------+------+----------+



================================================================
== Utilization Estimates
================================================================
* Summary: 
+-----------------+---------+-------+--------+-------+-----+
|       Name      | BRAM_18K| DSP48E|   FF   |  LUT  | URAM|
+-----------------+---------+-------+--------+-------+-----+
|DSP              |        -|      -|       -|      -|    -|
|Expression       |        -|      6|       0|    550|    -|
|FIFO             |        -|      -|       -|      -|    -|
|Instance         |        -|      -|       -|      -|    -|
|Memory           |        8|      -|       0|      0|    -|
|Multiplexer      |        -|      -|       -|     93|    -|
|Register         |        0|      -|     915|    288|    -|
+-----------------+---------+-------+--------+-------+-----+
|Total            |        8|      6|     915|    931|    0|
+-----------------+---------+-------+--------+-------+-----+
|Available        |      280|    220|  106400|  53200|    0|
+-----------------+---------+-------+--------+-------+-----+
|Utilization (%)  |        2|      2|   ~0   |      1|    0|
+-----------------+---------+-------+--------+-------+-----+

+ Detail: 
    * Instance: 
    N/A

    * DSP48E: 
    N/A

    * Memory: 
    +----------------+----------------------+---------+---+----+-----+-------+-----+------+-------------+
    |     Memory     |        Module        | BRAM_18K| FF| LUT| URAM| Words | Bits| Banks| W*Bits*Banks|
    +----------------+----------------------+---------+---+----+-----+-------+-----+------+-------------+
    |im_incrust_V_U  |incrust_im_incrusbkb  |        8|  0|   0|    0|  10064|    8|     1|        80512|
    +----------------+----------------------+---------+---+----+-----+-------+-----+------+-------------+
    |Total           |                      |        8|  0|   0|    0|  10064|    8|     1|        80512|
    +----------------+----------------------+---------+---+----+-----+-------+-----+------+-------------+

    * FIFO: 
    N/A

    * Expression: 
    +----------------------------------+----------+-------+---+----+------------+------------+
    |           Variable Name          | Operation| DSP48E| FF| LUT| Bitwidth P0| Bitwidth P1|
    +----------------------------------+----------+-------+---+----+------------+------------+
    |bound_fu_191_p2                   |     *    |      4|  0|  20|          32|          32|
    |mul_ln13_fu_340_p2                |     *    |      2|  0|  24|          31|           8|
    |add_ln13_1_fu_243_p2              |     +    |      0|  0|  38|          31|           1|
    |add_ln13_fu_229_p2                |     +    |      0|  0|  71|          64|           1|
    |add_ln21_1_fu_358_p2              |     +    |      0|  0|  39|          32|          32|
    |add_ln21_fu_346_p2                |     +    |      0|  0|  39|          32|          16|
    |j_fu_331_p2                       |     +    |      0|  0|  38|          31|           1|
    |and_ln21_1_fu_319_p2              |    and   |      0|  0|   2|           1|           1|
    |and_ln21_2_fu_325_p2              |    and   |      0|  0|   2|           1|           1|
    |and_ln21_3_fu_269_p2              |    and   |      0|  0|   2|           1|           1|
    |and_ln21_fu_209_p2                |    and   |      0|  0|   2|           1|           1|
    |ap_block_pp0_stage0_01001         |    and   |      0|  0|   2|           1|           1|
    |ap_block_state2_pp0_stage0_iter0  |    and   |      0|  0|   2|           1|           1|
    |ap_block_state5_io                |    and   |      0|  0|   2|           1|           1|
    |ap_block_state6_io                |    and   |      0|  0|   2|           1|           1|
    |icmp_ln13_fu_224_p2               |   icmp   |      0|  0|  29|          64|          64|
    |icmp_ln16_fu_219_p2               |   icmp   |      0|  0|  18|          32|          32|
    |icmp_ln21_1_fu_203_p2             |   icmp   |      0|  0|  18|          31|           9|
    |icmp_ln21_2_fu_307_p2             |   icmp   |      0|  0|  18|          31|           9|
    |icmp_ln21_3_fu_313_p2             |   icmp   |      0|  0|  18|          31|           9|
    |icmp_ln21_4_fu_249_p2             |   icmp   |      0|  0|  18|          31|           8|
    |icmp_ln21_5_fu_255_p2             |   icmp   |      0|  0|  18|          31|           9|
    |icmp_ln21_fu_197_p2               |   icmp   |      0|  0|  18|          31|           8|
    |ap_block_pp0_stage0_11001         |    or    |      0|  0|   2|           1|           1|
    |m_axis_video_TDATA_int            |  select  |      0|  0|   8|           1|           8|
    |select_ln13_1_fu_261_p3           |  select  |      0|  0|  31|           1|          31|
    |select_ln13_2_fu_275_p3           |  select  |      0|  0|   2|           1|           1|
    |select_ln13_fu_235_p3             |  select  |      0|  0|  31|           1|          31|
    |select_ln21_fu_351_p3             |  select  |      0|  0|  32|           1|          32|
    |ap_enable_pp0                     |    xor   |      0|  0|   2|           1|           2|
    |ap_enable_reg_pp0_iter1           |    xor   |      0|  0|   2|           2|           1|
    +----------------------------------+----------+-------+---+----+------------+------------+
    |Total                             |          |      6|  0| 550|         552|         354|
    +----------------------------------+----------+-------+---+----+------------+------------+

    * Multiplexer: 
    +------------------------------+----+-----------+-----+-----------+
    |             Name             | LUT| Input Size| Bits| Total Bits|
    +------------------------------+----+-----------+-----+-----------+
    |ap_NS_fsm                     |  21|          4|    1|          4|
    |ap_enable_reg_pp0_iter1       |   9|          2|    1|          2|
    |ap_enable_reg_pp0_iter4       |   9|          2|    1|          2|
    |ap_phi_mux_i_0_phi_fu_165_p4  |   9|          2|   31|         62|
    |i_0_reg_161                   |   9|          2|   31|         62|
    |indvar_flatten_reg_150        |   9|          2|   64|        128|
    |j_0_reg_172                   |   9|          2|   31|         62|
    |m_axis_video_TDATA_blk_n      |   9|          2|    1|          2|
    |s_axis_video_TDATA_blk_n      |   9|          2|    1|          2|
    +------------------------------+----+-----------+-----+-----------+
    |Total                         |  93|         20|  162|        326|
    +------------------------------+----+-----------+-----+-----------+

    * Register: 
    +---------------------------------+----+----+-----+-----------+
    |               Name              | FF | LUT| Bits| Const Bits|
    +---------------------------------+----+----+-----+-----------+
    |and_ln21_2_reg_449               |   1|   0|    1|          0|
    |ap_CS_fsm                        |   3|   0|    3|          0|
    |ap_enable_reg_pp0_iter0          |   1|   0|    1|          0|
    |ap_enable_reg_pp0_iter1          |   1|   0|    1|          0|
    |ap_enable_reg_pp0_iter2          |   1|   0|    1|          0|
    |ap_enable_reg_pp0_iter3          |   1|   0|    1|          0|
    |ap_enable_reg_pp0_iter4          |   1|   0|    1|          0|
    |bound_reg_384                    |  64|   0|   64|          0|
    |empty_reg_414_0                  |   8|   0|    8|          0|
    |i_0_reg_161                      |  31|   0|   31|          0|
    |icmp_ln13_reg_399                |   1|   0|    1|          0|
    |icmp_ln16_reg_394                |   1|   0|    1|          0|
    |icmp_ln16_reg_394_pp0_iter1_reg  |   1|   0|    1|          0|
    |indvar_flatten_reg_150           |  64|   0|   64|          0|
    |j_0_reg_172                      |  31|   0|   31|          0|
    |mul_ln13_reg_459                 |  30|   0|   32|          2|
    |select_ln13_1_reg_408            |  31|   0|   31|          0|
    |tmp_dest_V_reg_444               |   1|   0|    1|          0|
    |tmp_id_V_reg_439                 |   1|   0|    1|          0|
    |tmp_keep_V_reg_419               |   1|   0|    1|          0|
    |tmp_last_V_reg_434               |   1|   0|    1|          0|
    |tmp_strb_V_reg_424               |   1|   0|    1|          0|
    |tmp_user_V_reg_429               |   1|   0|    1|          0|
    |zext_ln16_reg_389                |  31|   0|   32|          1|
    |zext_ln16_reg_389_pp0_iter1_reg  |  31|   0|   32|          1|
    |and_ln21_2_reg_449               |  64|  32|    1|          0|
    |empty_reg_414                    |  64|  32|    8|          0|
    |icmp_ln13_reg_399                |  64|  32|    1|          0|
    |tmp_dest_V_reg_444               |  64|  32|    1|          0|
    |tmp_id_V_reg_439                 |  64|  32|    1|          0|
    |tmp_keep_V_reg_419               |  64|  32|    1|          0|
    |tmp_last_V_reg_434               |  64|  32|    1|          0|
    |tmp_strb_V_reg_424               |  64|  32|    1|          0|
    |tmp_user_V_reg_429               |  64|  32|    1|          0|
    +---------------------------------+----+----+-----+-----------+
    |Total                            | 915| 288|  359|          4|
    +---------------------------------+----+----+-----+-----------+



================================================================
== Interface
================================================================
* Summary: 
+---------------------+-----+-----+------------+-----------------------+--------------+
|      RTL Ports      | Dir | Bits|  Protocol  |     Source Object     |    C Type    |
+---------------------+-----+-----+------------+-----------------------+--------------+
|ap_clk               |  in |    1| ap_ctrl_hs |        incrust        | return value |
|ap_rst_n             |  in |    1| ap_ctrl_hs |        incrust        | return value |
|ap_start             |  in |    1| ap_ctrl_hs |        incrust        | return value |
|ap_done              | out |    1| ap_ctrl_hs |        incrust        | return value |
|ap_idle              | out |    1| ap_ctrl_hs |        incrust        | return value |
|ap_ready             | out |    1| ap_ctrl_hs |        incrust        | return value |
|s_axis_video_TDATA   |  in |    8|    axis    | s_axis_video_V_data_V |    pointer   |
|s_axis_video_TVALID  |  in |    1|    axis    | s_axis_video_V_dest_V |    pointer   |
|s_axis_video_TREADY  | out |    1|    axis    | s_axis_video_V_dest_V |    pointer   |
|s_axis_video_TDEST   |  in |    1|    axis    | s_axis_video_V_dest_V |    pointer   |
|s_axis_video_TKEEP   |  in |    1|    axis    | s_axis_video_V_keep_V |    pointer   |
|s_axis_video_TSTRB   |  in |    1|    axis    | s_axis_video_V_strb_V |    pointer   |
|s_axis_video_TUSER   |  in |    1|    axis    | s_axis_video_V_user_V |    pointer   |
|s_axis_video_TLAST   |  in |    1|    axis    | s_axis_video_V_last_V |    pointer   |
|s_axis_video_TID     |  in |    1|    axis    |  s_axis_video_V_id_V  |    pointer   |
|m_axis_video_TDATA   | out |    8|    axis    | m_axis_video_V_data_V |    pointer   |
|m_axis_video_TVALID  | out |    1|    axis    | m_axis_video_V_dest_V |    pointer   |
|m_axis_video_TREADY  |  in |    1|    axis    | m_axis_video_V_dest_V |    pointer   |
|m_axis_video_TDEST   | out |    1|    axis    | m_axis_video_V_dest_V |    pointer   |
|m_axis_video_TKEEP   | out |    1|    axis    | m_axis_video_V_keep_V |    pointer   |
|m_axis_video_TSTRB   | out |    1|    axis    | m_axis_video_V_strb_V |    pointer   |
|m_axis_video_TUSER   | out |    1|    axis    | m_axis_video_V_user_V |    pointer   |
|m_axis_video_TLAST   | out |    1|    axis    | m_axis_video_V_last_V |    pointer   |
|m_axis_video_TID     | out |    1|    axis    |  m_axis_video_V_id_V  |    pointer   |
|hsize_in             |  in |   32|   ap_none  |        hsize_in       |    scalar    |
|vsize_in             |  in |   32|   ap_none  |        vsize_in       |    scalar    |
+---------------------+-----+-----+------------+-----------------------+--------------+

