10:40:01 INFO  : Launching XSCT server: xsct.bat -n  -interactive C:\Users\ap576391\Documents\TPBrost\tp4_vitis\temp_xsdb_launch_script.tcl
10:40:03 INFO  : XSCT server has started successfully.
10:40:03 INFO  : plnx-install-location is set to ''
10:40:04 INFO  : Successfully done setting XSCT server connection channel  
10:40:04 INFO  : Successfully done query RDI_DATADIR 
10:40:04 INFO  : Successfully done setting workspace for the tool. 
10:40:05 INFO  : Registering command handlers for Vitis TCF services
10:52:48 INFO  : Successfully done sdx_reload_mss "C:/Users/ap576391/Documents/TPBrost/tp4_vitis/Question1_plat/zynq_fsbl/zynq_fsbl_bsp/system.mss"
10:52:48 INFO  : Successfully done sdx_reload_mss "C:/Users/ap576391/Documents/TPBrost/tp4_vitis/Question1_plat/ps7_cortexa9_0/standalone_domain/bsp/system.mss"
10:55:16 INFO  : Checking for BSP changes to sync application flags for project 'Question1_app'...
11:02:51 INFO  : Checking for BSP changes to sync application flags for project 'Question1_app'...
11:03:13 INFO  : Checking for BSP changes to sync application flags for project 'Question1_app'...
11:06:18 INFO  : Checking for BSP changes to sync application flags for project 'Question1_app'...
11:06:25 INFO  : Checking for BSP changes to sync application flags for project 'Question1_app'...
11:09:15 INFO  : Connected to target on host '127.0.0.1' and port '3121'.
11:09:33 INFO  : ----------------XSDB Script----------------
connect -url tcp:127.0.0.1:3121
----------------End of Script----------------

11:09:33 ERROR : Could not find ARM device on the board for connection 'Local'.
Check if the target is in:
1. Split JTAG - No operations are possible with ARM DAP.
2. Non JTAG bootmode - Bootrom may need time to enable DAP.
Please try again.


Troubleshooting hints:
1. Check whether board is connected to system properly.
2. In case of zynq board, check whether Digilent/Xilinx cable switch settings are correct.
3. If you are using Xilinx Platform Cable USB, ensure that status LED is green.
14:31:13 INFO  : Launching XSCT server: xsct.bat -n  -interactive C:\Users\ap576391\Documents\TPBrost\tp4_vitis\temp_xsdb_launch_script.tcl
14:31:15 INFO  : XSCT server has started successfully.
14:31:15 INFO  : plnx-install-location is set to ''
14:31:15 INFO  : Successfully done setting XSCT server connection channel  
14:31:15 INFO  : Successfully done setting workspace for the tool. 
14:31:16 INFO  : Registering command handlers for Vitis TCF services
14:31:18 INFO  : Successfully done query RDI_DATADIR 
14:32:24 INFO  : Successfully done sdx_reload_mss "C:/Users/ap576391/Documents/TPBrost/tp4_vitis/PWM_plat/zynq_fsbl/zynq_fsbl_bsp/system.mss"
14:32:24 INFO  : Successfully done sdx_reload_mss "C:/Users/ap576391/Documents/TPBrost/tp4_vitis/PWM_plat/ps7_cortexa9_0/standalone_domain/bsp/system.mss"
14:47:08 INFO  : Checking for BSP changes to sync application flags for project 'PWM_app'...
14:48:02 INFO  : Checking for BSP changes to sync application flags for project 'PWM_app'...
14:53:06 INFO  : Checking for BSP changes to sync application flags for project 'PWM_app'...
