

================================================================
== Vivado HLS Report for 'c_grav'
================================================================
* Date:           Wed Nov 29 16:41:58 2023

* Version:        2019.2 (Build 2704478 on Wed Nov 06 22:10:23 MST 2019)
* Project:        c_grav
* Solution:       solution1
* Product family: zynq
* Target device:  xc7z020-clg484-1


================================================================
== Performance Estimates
================================================================
+ Timing: 
    * Summary: 
    +--------+----------+----------+------------+
    |  Clock |  Target  | Estimated| Uncertainty|
    +--------+----------+----------+------------+
    |ap_clk  | 10.00 ns | 8.510 ns |   1.25 ns  |
    +--------+----------+----------+------------+

+ Latency: 
    * Summary: 
    +---------+---------+----------+----------+-----+-----+---------+
    |  Latency (cycles) |  Latency (absolute) |  Interval | Pipeline|
    |   min   |   max   |    min   |    max   | min | max |   Type  |
    +---------+---------+----------+----------+-----+-----+---------+
    |        ?|        ?|         ?|         ?|    ?|    ?|   none  |
    +---------+---------+----------+----------+-----+-----+---------+

    + Detail: 
        * Instance: 
        N/A

        * Loop: 
        +----------+---------+---------+----------+-----------+-----------+------+----------+
        |          |  Latency (cycles) | Iteration|  Initiation Interval  | Trip |          |
        | Loop Name|   min   |   max   |  Latency |  achieved |   target  | Count| Pipelined|
        +----------+---------+---------+----------+-----------+-----------+------+----------+
        |- Loop 1  |        ?|        ?|         4|          2|          1|     ?|    yes   |
        +----------+---------+---------+----------+-----------+-----------+------+----------+



================================================================
== Utilization Estimates
================================================================
* Summary: 
+-----------------+---------+-------+--------+-------+-----+
|       Name      | BRAM_18K| DSP48E|   FF   |  LUT  | URAM|
+-----------------+---------+-------+--------+-------+-----+
|DSP              |        -|      -|       -|      -|    -|
|Expression       |        -|      4|       0|    779|    -|
|FIFO             |        -|      -|       -|      -|    -|
|Instance         |        -|      -|     788|    476|    -|
|Memory           |        -|      -|       -|      -|    -|
|Multiplexer      |        -|      -|       -|    330|    -|
|Register         |        -|      -|     734|      -|    -|
+-----------------+---------+-------+--------+-------+-----+
|Total            |        0|      4|    1522|   1585|    0|
+-----------------+---------+-------+--------+-------+-----+
|Available        |      280|    220|  106400|  53200|    0|
+-----------------+---------+-------+--------+-------+-----+
|Utilization (%)  |        0|      1|       1|      2|    0|
+-----------------+---------+-------+--------+-------+-----+

+ Detail: 
    * Instance: 
    +-------------------------+----------------------+---------+-------+-----+-----+-----+
    |         Instance        |        Module        | BRAM_18K| DSP48E|  FF | LUT | URAM|
    +-------------------------+----------------------+---------+-------+-----+-----+-----+
    |c_grav_udiv_32ns_bkb_U1  |c_grav_udiv_32ns_bkb  |        0|      0|  394|  238|    0|
    |c_grav_udiv_32ns_bkb_U2  |c_grav_udiv_32ns_bkb  |        0|      0|  394|  238|    0|
    +-------------------------+----------------------+---------+-------+-----+-----+-----+
    |Total                    |                      |        0|      0|  788|  476|    0|
    +-------------------------+----------------------+---------+-------+-----+-----+-----+

    * DSP48E: 
    N/A

    * Memory: 
    N/A

    * FIFO: 
    N/A

    * Expression: 
    +----------------------------------+----------+-------+---+----+------------+------------+
    |           Variable Name          | Operation| DSP48E| FF| LUT| Bitwidth P0| Bitwidth P1|
    +----------------------------------+----------+-------+---+----+------------+------------+
    |bound_fu_249_p2                   |     *    |      4|  0|  20|          32|          32|
    |add_ln14_1_fu_305_p2              |     +    |      0|  0|  38|          31|           1|
    |add_ln14_fu_269_p2                |     +    |      0|  0|  71|          64|           1|
    |add_ln17_fu_299_p2                |     +    |      0|  0|  38|          31|           1|
    |add_ln26_1_fu_397_p2              |     +    |      0|  0|  39|          32|           3|
    |add_ln26_2_fu_408_p2              |     +    |      0|  0|  39|          32|           4|
    |add_ln26_3_fu_426_p2              |     +    |      0|  0|  39|          32|           3|
    |add_ln26_fu_287_p2                |     +    |      0|  0|  39|          32|           4|
    |cgx_fu_362_p2                     |     +    |      0|  0|  39|          32|          32|
    |cgy_fu_356_p2                     |     +    |      0|  0|  39|          32|          32|
    |nb_fu_367_p2                      |     +    |      0|  0|  39|          32|           1|
    |ap_block_pp0_stage0_11001         |    and   |      0|  0|   2|           1|           1|
    |ap_block_state3_pp0_stage1_iter0  |    and   |      0|  0|   2|           1|           1|
    |ap_block_state4_io                |    and   |      0|  0|   2|           1|           1|
    |ap_block_state5_io                |    and   |      0|  0|   2|           1|           1|
    |icmp_ln14_fu_264_p2               |   icmp   |      0|  0|  29|          64|          64|
    |icmp_ln17_fu_259_p2               |   icmp   |      0|  0|  18|          32|          32|
    |icmp_ln26_1_fu_403_p2             |   icmp   |      0|  0|  18|          32|          32|
    |icmp_ln26_2_fu_414_p2             |   icmp   |      0|  0|  18|          32|          32|
    |icmp_ln26_3_fu_432_p2             |   icmp   |      0|  0|  18|          32|          32|
    |icmp_ln26_fu_293_p2               |   icmp   |      0|  0|  18|          32|          32|
    |icmp_ln887_fu_350_p2              |   icmp   |      0|  0|  11|           8|           7|
    |ap_block_pp0_stage1_11001         |    or    |      0|  0|   2|           1|           1|
    |cgx_2_fu_381_p3                   |  select  |      0|  0|  32|           1|          32|
    |cgy_2_fu_389_p3                   |  select  |      0|  0|  32|           1|          32|
    |j_fu_420_p3                       |  select  |      0|  0|  31|           1|          31|
    |nb_2_fu_373_p3                    |  select  |      0|  0|  32|           1|          32|
    |select_ln14_1_fu_275_p3           |  select  |      0|  0|  31|           1|          31|
    |select_ln14_fu_311_p3             |  select  |      0|  0|  31|           1|          31|
    |select_ln26_fu_437_p3             |  select  |      0|  0|   8|           1|           8|
    |ap_enable_pp0                     |    xor   |      0|  0|   2|           1|           2|
    +----------------------------------+----------+-------+---+----+------------+------------+
    |Total                             |          |      4|  0| 779|         627|         549|
    +----------------------------------+----------+-------+---+----+------------+------------+

    * Multiplexer: 
    +-----------------------------------------+-----+-----------+-----+-----------+
    |                   Name                  | LUT | Input Size| Bits| Total Bits|
    +-----------------------------------------+-----+-----------+-----+-----------+
    |ap_NS_fsm                                |  177|         40|    1|         40|
    |ap_enable_reg_pp0_iter1                  |    9|          2|    1|          2|
    |ap_phi_mux_cgx_1_phi_fu_184_p4           |    9|          2|   32|         64|
    |ap_phi_mux_cgy_1_phi_fu_196_p4           |    9|          2|   32|         64|
    |ap_phi_mux_i_0_phi_fu_160_p4             |    9|          2|   31|         62|
    |ap_phi_mux_indvar_flatten_phi_fu_149_p4  |    9|          2|   64|        128|
    |ap_phi_mux_j_0_phi_fu_208_p4             |    9|          2|   31|         62|
    |ap_phi_mux_nb_1_phi_fu_172_p4            |    9|          2|   32|         64|
    |ap_phi_mux_tmp_data_V_phi_fu_219_p10     |    9|          2|    8|         16|
    |ap_phi_reg_pp0_iter1_tmp_data_V_reg_215  |    9|          2|    8|         16|
    |cgx_1_reg_180                            |    9|          2|   32|         64|
    |cgy_1_reg_192                            |    9|          2|   32|         64|
    |i_0_reg_156                              |    9|          2|   31|         62|
    |indvar_flatten_reg_145                   |    9|          2|   64|        128|
    |j_0_reg_204                              |    9|          2|   31|         62|
    |m_axis_video_TDATA_blk_n                 |    9|          2|    1|          2|
    |nb_1_reg_168                             |    9|          2|   32|         64|
    |s_axis_video_TDATA_blk_n                 |    9|          2|    1|          2|
    +-----------------------------------------+-----+-----------+-----+-----------+
    |Total                                    |  330|         74|  464|        966|
    +-----------------------------------------+-----+-----------+-----+-----------+

    * Register: 
    +-----------------------------------------+----+----+-----+-----------+
    |                   Name                  | FF | LUT| Bits| Const Bits|
    +-----------------------------------------+----+----+-----+-----------+
    |add_ln14_reg_493                         |  64|   0|   64|          0|
    |add_ln17_reg_508                         |  31|   0|   31|          0|
    |ap_CS_fsm                                |  39|   0|   39|          0|
    |ap_enable_reg_pp0_iter0                  |   1|   0|    1|          0|
    |ap_enable_reg_pp0_iter1                  |   1|   0|    1|          0|
    |ap_phi_reg_pp0_iter1_tmp_data_V_reg_215  |   8|   0|    8|          0|
    |bound_reg_478                            |  64|   0|   64|          0|
    |cgx_1_reg_180                            |  32|   0|   32|          0|
    |cgx_2_reg_567                            |  32|   0|   32|          0|
    |cgx_r                                    |  32|   0|   32|          0|
    |cgy_1_reg_192                            |  32|   0|   32|          0|
    |cgy_2_reg_572                            |  32|   0|   32|          0|
    |cgy_r                                    |  32|   0|   32|          0|
    |i_0_reg_156                              |  31|   0|   31|          0|
    |icmp_ln14_reg_489                        |   1|   0|    1|          0|
    |icmp_ln14_reg_489_pp0_iter1_reg          |   1|   0|    1|          0|
    |icmp_ln17_reg_483                        |   1|   0|    1|          0|
    |icmp_ln26_1_reg_577                      |   1|   0|    1|          0|
    |icmp_ln26_2_reg_581                      |   1|   0|    1|          0|
    |icmp_ln26_reg_504                        |   1|   0|    1|          0|
    |indvar_flatten_reg_145                   |  64|   0|   64|          0|
    |j_0_reg_204                              |  31|   0|   31|          0|
    |j_reg_585                                |  31|   0|   31|          0|
    |nb_1_reg_168                             |  32|   0|   32|          0|
    |nb_2_reg_562                             |  32|   0|   32|          0|
    |select_ln14_reg_513                      |  31|   0|   31|          0|
    |tmp_data_V_1_reg_523                     |   8|   0|    8|          0|
    |tmp_dest_V_reg_557                       |   1|   0|    1|          0|
    |tmp_id_V_reg_552                         |   1|   0|    1|          0|
    |tmp_keep_V_reg_532                       |   1|   0|    1|          0|
    |tmp_last_V_reg_547                       |   1|   0|    1|          0|
    |tmp_strb_V_reg_537                       |   1|   0|    1|          0|
    |tmp_user_V_reg_542                       |   1|   0|    1|          0|
    |zext_ln14_1_reg_498                      |  31|   0|   32|          1|
    |zext_ln14_reg_518                        |  31|   0|   32|          1|
    +-----------------------------------------+----+----+-----+-----------+
    |Total                                    | 734|   0|  736|          2|
    +-----------------------------------------+----+----+-----+-----------+



================================================================
== Interface
================================================================
* Summary: 
+---------------------+-----+-----+------------+-----------------------+--------------+
|      RTL Ports      | Dir | Bits|  Protocol  |     Source Object     |    C Type    |
+---------------------+-----+-----+------------+-----------------------+--------------+
|ap_clk               |  in |    1| ap_ctrl_hs |         c_grav        | return value |
|ap_rst_n             |  in |    1| ap_ctrl_hs |         c_grav        | return value |
|ap_start             |  in |    1| ap_ctrl_hs |         c_grav        | return value |
|ap_done              | out |    1| ap_ctrl_hs |         c_grav        | return value |
|ap_idle              | out |    1| ap_ctrl_hs |         c_grav        | return value |
|ap_ready             | out |    1| ap_ctrl_hs |         c_grav        | return value |
|cg_on_V              |  in |    1|   ap_none  |        cg_on_V        |    scalar    |
|s_axis_video_TDATA   |  in |    8|    axis    | s_axis_video_V_data_V |    pointer   |
|s_axis_video_TVALID  |  in |    1|    axis    | s_axis_video_V_dest_V |    pointer   |
|s_axis_video_TREADY  | out |    1|    axis    | s_axis_video_V_dest_V |    pointer   |
|s_axis_video_TDEST   |  in |    1|    axis    | s_axis_video_V_dest_V |    pointer   |
|s_axis_video_TKEEP   |  in |    1|    axis    | s_axis_video_V_keep_V |    pointer   |
|s_axis_video_TSTRB   |  in |    1|    axis    | s_axis_video_V_strb_V |    pointer   |
|s_axis_video_TUSER   |  in |    1|    axis    | s_axis_video_V_user_V |    pointer   |
|s_axis_video_TLAST   |  in |    1|    axis    | s_axis_video_V_last_V |    pointer   |
|s_axis_video_TID     |  in |    1|    axis    |  s_axis_video_V_id_V  |    pointer   |
|m_axis_video_TDATA   | out |    8|    axis    | m_axis_video_V_data_V |    pointer   |
|m_axis_video_TVALID  | out |    1|    axis    | m_axis_video_V_dest_V |    pointer   |
|m_axis_video_TREADY  |  in |    1|    axis    | m_axis_video_V_dest_V |    pointer   |
|m_axis_video_TDEST   | out |    1|    axis    | m_axis_video_V_dest_V |    pointer   |
|m_axis_video_TKEEP   | out |    1|    axis    | m_axis_video_V_keep_V |    pointer   |
|m_axis_video_TSTRB   | out |    1|    axis    | m_axis_video_V_strb_V |    pointer   |
|m_axis_video_TUSER   | out |    1|    axis    | m_axis_video_V_user_V |    pointer   |
|m_axis_video_TLAST   | out |    1|    axis    | m_axis_video_V_last_V |    pointer   |
|m_axis_video_TID     | out |    1|    axis    |  m_axis_video_V_id_V  |    pointer   |
|hsize_in             |  in |   32|   ap_none  |        hsize_in       |    scalar    |
|vsize_in             |  in |   32|   ap_none  |        vsize_in       |    scalar    |
+---------------------+-----+-----+------------+-----------------------+--------------+

