

================================================================
== Vivado HLS Report for 'incrust'
================================================================
* Date:           Mon Feb 21 19:14:53 2022

* Version:        2019.2 (Build 2704478 on Wed Nov 06 22:10:23 MST 2019)
* Project:        incrust
* Solution:       solution1
* Product family: zynq
* Target device:  xc7z020-clg484-1


================================================================
== Performance Estimates
================================================================
+ Timing: 
    * Summary: 
    +--------+----------+----------+------------+
    |  Clock |  Target  | Estimated| Uncertainty|
    +--------+----------+----------+------------+
    |ap_clk  | 10.00 ns | 8.510 ns |   1.25 ns  |
    +--------+----------+----------+------------+

+ Latency: 
    * Summary: 
    +---------+---------+----------+----------+-----+-----+---------+
    |  Latency (cycles) |  Latency (absolute) |  Interval | Pipeline|
    |   min   |   max   |    min   |    max   | min | max |   Type  |
    +---------+---------+----------+----------+-----+-----+---------+
    |        ?|        ?|         ?|         ?|    ?|    ?|   none  |
    +---------+---------+----------+----------+-----+-----+---------+

    + Detail: 
        * Instance: 
        N/A

        * Loop: 
        +----------+---------+---------+----------+-----------+-----------+------+----------+
        |          |  Latency (cycles) | Iteration|  Initiation Interval  | Trip |          |
        | Loop Name|   min   |   max   |  Latency |  achieved |   target  | Count| Pipelined|
        +----------+---------+---------+----------+-----------+-----------+------+----------+
        |- Loop 1  |        ?|        ?|         5|          1|          1|     ?|    yes   |
        +----------+---------+---------+----------+-----------+-----------+------+----------+

============================================================
+ Verbose Summary: Synthesis Manager
============================================================
InlineROM: 1
ExposeGlobal: 0
============================================================
+ Verbose Summary: CDFG Model
============================================================
IsTopModel: 1
ResetActiveHigh: 1
IsCombinational: 0
IsDatapathOnly: 0
HasWiredReturn: 1
HasMFsm: 0
HasVarLatency: 1
IsPipeline: 0
IsRtlPipelined: 0
IsInstanceOverlapped: 0
IsDontTouch: 0
HasImplIP: 0
IsGatedGlobalClock: 0

+ Individual pipeline summary: 
  * Pipeline-0: initiation interval (II) = 1, depth = 5


============================================================
+ Verbose Summary: Schedule
============================================================
* Number of FSM states : 7
* Pipeline : 1
  Pipeline-0 : II = 1, D = 5, States = { 2 3 4 5 6 }
* Dataflow Pipeline: 0

* FSM state transitions: 
1 --> 2 
2 --> 7 3 
3 --> 4 
4 --> 5 
5 --> 6 
6 --> 2 
7 --> 

* FSM state operations: 

State 1 <SV = 0> <Delay = 8.51>
ST_1 : Operation 8 [1/1] (0.00ns)   --->   "call void (...)* @_ssdm_op_SpecBitsMap(i8* %s_axis_video_V_data_V), !map !43"   --->   Operation 8 'specbitsmap' <Predicate = true> <Delay = 0.00>
ST_1 : Operation 9 [1/1] (0.00ns)   --->   "call void (...)* @_ssdm_op_SpecBitsMap(i1* %s_axis_video_V_keep_V), !map !47"   --->   Operation 9 'specbitsmap' <Predicate = true> <Delay = 0.00>
ST_1 : Operation 10 [1/1] (0.00ns)   --->   "call void (...)* @_ssdm_op_SpecBitsMap(i1* %s_axis_video_V_strb_V), !map !51"   --->   Operation 10 'specbitsmap' <Predicate = true> <Delay = 0.00>
ST_1 : Operation 11 [1/1] (0.00ns)   --->   "call void (...)* @_ssdm_op_SpecBitsMap(i1* %s_axis_video_V_user_V), !map !55"   --->   Operation 11 'specbitsmap' <Predicate = true> <Delay = 0.00>
ST_1 : Operation 12 [1/1] (0.00ns)   --->   "call void (...)* @_ssdm_op_SpecBitsMap(i1* %s_axis_video_V_last_V), !map !59"   --->   Operation 12 'specbitsmap' <Predicate = true> <Delay = 0.00>
ST_1 : Operation 13 [1/1] (0.00ns)   --->   "call void (...)* @_ssdm_op_SpecBitsMap(i1* %s_axis_video_V_id_V), !map !63"   --->   Operation 13 'specbitsmap' <Predicate = true> <Delay = 0.00>
ST_1 : Operation 14 [1/1] (0.00ns)   --->   "call void (...)* @_ssdm_op_SpecBitsMap(i1* %s_axis_video_V_dest_V), !map !67"   --->   Operation 14 'specbitsmap' <Predicate = true> <Delay = 0.00>
ST_1 : Operation 15 [1/1] (0.00ns)   --->   "call void (...)* @_ssdm_op_SpecBitsMap(i8* %m_axis_video_V_data_V), !map !71"   --->   Operation 15 'specbitsmap' <Predicate = true> <Delay = 0.00>
ST_1 : Operation 16 [1/1] (0.00ns)   --->   "call void (...)* @_ssdm_op_SpecBitsMap(i1* %m_axis_video_V_keep_V), !map !75"   --->   Operation 16 'specbitsmap' <Predicate = true> <Delay = 0.00>
ST_1 : Operation 17 [1/1] (0.00ns)   --->   "call void (...)* @_ssdm_op_SpecBitsMap(i1* %m_axis_video_V_strb_V), !map !79"   --->   Operation 17 'specbitsmap' <Predicate = true> <Delay = 0.00>
ST_1 : Operation 18 [1/1] (0.00ns)   --->   "call void (...)* @_ssdm_op_SpecBitsMap(i1* %m_axis_video_V_user_V), !map !83"   --->   Operation 18 'specbitsmap' <Predicate = true> <Delay = 0.00>
ST_1 : Operation 19 [1/1] (0.00ns)   --->   "call void (...)* @_ssdm_op_SpecBitsMap(i1* %m_axis_video_V_last_V), !map !87"   --->   Operation 19 'specbitsmap' <Predicate = true> <Delay = 0.00>
ST_1 : Operation 20 [1/1] (0.00ns)   --->   "call void (...)* @_ssdm_op_SpecBitsMap(i1* %m_axis_video_V_id_V), !map !91"   --->   Operation 20 'specbitsmap' <Predicate = true> <Delay = 0.00>
ST_1 : Operation 21 [1/1] (0.00ns)   --->   "call void (...)* @_ssdm_op_SpecBitsMap(i1* %m_axis_video_V_dest_V), !map !95"   --->   Operation 21 'specbitsmap' <Predicate = true> <Delay = 0.00>
ST_1 : Operation 22 [1/1] (0.00ns)   --->   "call void (...)* @_ssdm_op_SpecBitsMap(i32 %hsize_in), !map !99"   --->   Operation 22 'specbitsmap' <Predicate = true> <Delay = 0.00>
ST_1 : Operation 23 [1/1] (0.00ns)   --->   "call void (...)* @_ssdm_op_SpecBitsMap(i32 %vsize_in), !map !105"   --->   Operation 23 'specbitsmap' <Predicate = true> <Delay = 0.00>
ST_1 : Operation 24 [1/1] (0.00ns)   --->   "call void (...)* @_ssdm_op_SpecTopModule([8 x i8]* @incrust_str) nounwind"   --->   Operation 24 'spectopmodule' <Predicate = true> <Delay = 0.00>
ST_1 : Operation 25 [1/1] (0.00ns)   --->   "%vsize_in_read = call i32 @_ssdm_op_Read.ap_auto.i32(i32 %vsize_in)"   --->   Operation 25 'read' 'vsize_in_read' <Predicate = true> <Delay = 0.00>
ST_1 : Operation 26 [1/1] (0.00ns)   --->   "%hsize_in_read = call i32 @_ssdm_op_Read.ap_auto.i32(i32 %hsize_in)"   --->   Operation 26 'read' 'hsize_in_read' <Predicate = true> <Delay = 0.00>
ST_1 : Operation 27 [1/1] (0.00ns)   --->   "call void (...)* @_ssdm_op_SpecInterface(i8* %s_axis_video_V_data_V, i1* %s_axis_video_V_keep_V, i1* %s_axis_video_V_strb_V, i1* %s_axis_video_V_user_V, i1* %s_axis_video_V_last_V, i1* %s_axis_video_V_id_V, i1* %s_axis_video_V_dest_V, [5 x i8]* @p_str, i32 1, i32 1, [5 x i8]* @p_str2, i32 0, i32 0, [1 x i8]* @p_str3, [1 x i8]* @p_str3, [1 x i8]* @p_str3, i32 0, i32 0, i32 0, i32 0, [1 x i8]* @p_str3, [1 x i8]* @p_str3) nounwind" [incrust/incrust.cpp:8]   --->   Operation 27 'specinterface' <Predicate = true> <Delay = 0.00>
ST_1 : Operation 28 [1/1] (0.00ns)   --->   "call void (...)* @_ssdm_op_SpecInterface(i8* %m_axis_video_V_data_V, i1* %m_axis_video_V_keep_V, i1* %m_axis_video_V_strb_V, i1* %m_axis_video_V_user_V, i1* %m_axis_video_V_last_V, i1* %m_axis_video_V_id_V, i1* %m_axis_video_V_dest_V, [5 x i8]* @p_str, i32 1, i32 1, [5 x i8]* @p_str2, i32 0, i32 0, [1 x i8]* @p_str3, [1 x i8]* @p_str3, [1 x i8]* @p_str3, i32 0, i32 0, i32 0, i32 0, [1 x i8]* @p_str3, [1 x i8]* @p_str3) nounwind" [incrust/incrust.cpp:9]   --->   Operation 28 'specinterface' <Predicate = true> <Delay = 0.00>
ST_1 : Operation 29 [1/1] (0.00ns)   --->   "%cast = zext i32 %vsize_in_read to i64"   --->   Operation 29 'zext' 'cast' <Predicate = true> <Delay = 0.00>
ST_1 : Operation 30 [1/1] (0.00ns)   --->   "%cast1 = zext i32 %hsize_in_read to i64"   --->   Operation 30 'zext' 'cast1' <Predicate = true> <Delay = 0.00>
ST_1 : Operation 31 [1/1] (8.51ns)   --->   "%bound = mul i64 %cast1, %cast"   --->   Operation 31 'mul' 'bound' <Predicate = true> <Delay = 8.51> <Core = "Mul">   --->   Core 16 'Mul' <Latency = 0> <II = 1> <Delay = 8.51> <FuncUnit> <Opcode : 'mul'> <InPorts = 2> <OutPorts = 1>
ST_1 : Operation 32 [1/1] (1.76ns)   --->   "br label %1" [incrust/incrust.cpp:13]   --->   Operation 32 'br' <Predicate = true> <Delay = 1.76>

State 2 <SV = 1> <Delay = 6.66>
ST_2 : Operation 33 [1/1] (0.00ns)   --->   "%indvar_flatten = phi i64 [ 0, %0 ], [ %add_ln13, %.reset ]" [incrust/incrust.cpp:13]   --->   Operation 33 'phi' 'indvar_flatten' <Predicate = true> <Delay = 0.00>
ST_2 : Operation 34 [1/1] (0.00ns)   --->   "%i_0 = phi i31 [ 0, %0 ], [ %select_ln13_1, %.reset ]" [incrust/incrust.cpp:13]   --->   Operation 34 'phi' 'i_0' <Predicate = true> <Delay = 0.00>
ST_2 : Operation 35 [1/1] (0.00ns)   --->   "%j_0 = phi i31 [ 0, %0 ], [ %j, %.reset ]"   --->   Operation 35 'phi' 'j_0' <Predicate = true> <Delay = 0.00>
ST_2 : Operation 36 [1/1] (0.00ns)   --->   "call void (...)* @_ssdm_op_SpecPipeline(i32 -1, i32 1, i32 1, i32 0, [1 x i8]* @p_str3) nounwind" [incrust/incrust.cpp:15]   --->   Operation 36 'specpipeline' <Predicate = true> <Delay = 0.00>
ST_2 : Operation 37 [1/1] (2.47ns)   --->   "%icmp_ln21 = icmp ugt i31 %i_0, 200" [incrust/incrust.cpp:21]   --->   Operation 37 'icmp' 'icmp_ln21' <Predicate = true> <Delay = 2.47> <Core = "Cmp">   --->   Core 25 'Cmp' <Latency = 0> <II = 1> <Delay = 2.47> <FuncUnit> <Opcode : 'icmp'> <InPorts = 2> <OutPorts = 1>
ST_2 : Operation 38 [1/1] (2.47ns)   --->   "%icmp_ln21_1 = icmp ult i31 %i_0, 270" [incrust/incrust.cpp:21]   --->   Operation 38 'icmp' 'icmp_ln21_1' <Predicate = true> <Delay = 2.47> <Core = "Cmp">   --->   Core 25 'Cmp' <Latency = 0> <II = 1> <Delay = 2.47> <FuncUnit> <Opcode : 'icmp'> <InPorts = 2> <OutPorts = 1>
ST_2 : Operation 39 [1/1] (0.97ns)   --->   "%and_ln21 = and i1 %icmp_ln21, %icmp_ln21_1" [incrust/incrust.cpp:21]   --->   Operation 39 'and' 'and_ln21' <Predicate = true> <Delay = 0.97> <Core = "LogicGate">   --->   Core 27 'LogicGate' <Latency = 0> <II = 1> <Delay = 0.97> <FuncUnit> <Opcode : 'and' 'or' 'xor'> <InPorts = 2> <OutPorts = 1>
ST_2 : Operation 40 [1/1] (0.00ns)   --->   "%zext_ln16 = zext i31 %j_0 to i32" [incrust/incrust.cpp:16]   --->   Operation 40 'zext' 'zext_ln16' <Predicate = true> <Delay = 0.00>
ST_2 : Operation 41 [1/1] (2.47ns)   --->   "%icmp_ln16 = icmp slt i32 %zext_ln16, %hsize_in_read" [incrust/incrust.cpp:16]   --->   Operation 41 'icmp' 'icmp_ln16' <Predicate = true> <Delay = 2.47> <Core = "Cmp">   --->   Core 25 'Cmp' <Latency = 0> <II = 1> <Delay = 2.47> <FuncUnit> <Opcode : 'icmp'> <InPorts = 2> <OutPorts = 1>
ST_2 : Operation 42 [1/1] (2.77ns)   --->   "%icmp_ln13 = icmp eq i64 %indvar_flatten, %bound" [incrust/incrust.cpp:13]   --->   Operation 42 'icmp' 'icmp_ln13' <Predicate = true> <Delay = 2.77> <Core = "Cmp">   --->   Core 25 'Cmp' <Latency = 0> <II = 1> <Delay = 2.47> <FuncUnit> <Opcode : 'icmp'> <InPorts = 2> <OutPorts = 1>
ST_2 : Operation 43 [1/1] (3.52ns)   --->   "%add_ln13 = add i64 %indvar_flatten, 1" [incrust/incrust.cpp:13]   --->   Operation 43 'add' 'add_ln13' <Predicate = true> <Delay = 3.52> <Core = "AddSub">   --->   Core 14 'AddSub' <Latency = 0> <II = 1> <Delay = 2.52> <FuncUnit> <Opcode : 'add' 'sub'> <InPorts = 2> <OutPorts = 1>
ST_2 : Operation 44 [1/1] (0.00ns)   --->   "br i1 %icmp_ln13, label %2, label %.reset" [incrust/incrust.cpp:13]   --->   Operation 44 'br' <Predicate = true> <Delay = 0.00>
ST_2 : Operation 45 [1/1] (0.73ns)   --->   "%select_ln13 = select i1 %icmp_ln16, i31 %j_0, i31 0" [incrust/incrust.cpp:13]   --->   Operation 45 'select' 'select_ln13' <Predicate = (!icmp_ln13)> <Delay = 0.73> <Core = "Sel">   --->   Core 26 'Sel' <Latency = 0> <II = 1> <Delay = 1.24> <FuncUnit> <Opcode : 'select'> <InPorts = 3> <OutPorts = 1>
ST_2 : Operation 46 [1/1] (2.52ns)   --->   "%add_ln13_1 = add i31 %i_0, 1" [incrust/incrust.cpp:13]   --->   Operation 46 'add' 'add_ln13_1' <Predicate = (!icmp_ln13)> <Delay = 2.52> <Core = "AddSub">   --->   Core 14 'AddSub' <Latency = 0> <II = 1> <Delay = 2.52> <FuncUnit> <Opcode : 'add' 'sub'> <InPorts = 2> <OutPorts = 1>
ST_2 : Operation 47 [1/1] (2.47ns)   --->   "%icmp_ln21_4 = icmp ugt i31 %add_ln13_1, 200" [incrust/incrust.cpp:21]   --->   Operation 47 'icmp' 'icmp_ln21_4' <Predicate = (!icmp_ln13)> <Delay = 2.47> <Core = "Cmp">   --->   Core 25 'Cmp' <Latency = 0> <II = 1> <Delay = 2.47> <FuncUnit> <Opcode : 'icmp'> <InPorts = 2> <OutPorts = 1>
ST_2 : Operation 48 [1/1] (2.47ns)   --->   "%icmp_ln21_5 = icmp ult i31 %add_ln13_1, 270" [incrust/incrust.cpp:21]   --->   Operation 48 'icmp' 'icmp_ln21_5' <Predicate = (!icmp_ln13)> <Delay = 2.47> <Core = "Cmp">   --->   Core 25 'Cmp' <Latency = 0> <II = 1> <Delay = 2.47> <FuncUnit> <Opcode : 'icmp'> <InPorts = 2> <OutPorts = 1>
ST_2 : Operation 49 [1/1] (0.73ns)   --->   "%select_ln13_1 = select i1 %icmp_ln16, i31 %i_0, i31 %add_ln13_1" [incrust/incrust.cpp:13]   --->   Operation 49 'select' 'select_ln13_1' <Predicate = (!icmp_ln13)> <Delay = 0.73> <Core = "Sel">   --->   Core 26 'Sel' <Latency = 0> <II = 1> <Delay = 1.24> <FuncUnit> <Opcode : 'select'> <InPorts = 3> <OutPorts = 1>
ST_2 : Operation 50 [1/1] (0.00ns) (grouped into LUT with out node and_ln21_2)   --->   "%and_ln21_3 = and i1 %icmp_ln21_4, %icmp_ln21_5" [incrust/incrust.cpp:21]   --->   Operation 50 'and' 'and_ln21_3' <Predicate = (!icmp_ln13)> <Delay = 0.00> <Core = "LogicGate">   --->   Core 27 'LogicGate' <Latency = 0> <II = 1> <Delay = 0.97> <FuncUnit> <Opcode : 'and' 'or' 'xor'> <InPorts = 2> <OutPorts = 1>
ST_2 : Operation 51 [1/1] (0.00ns) (grouped into LUT with out node and_ln21_2)   --->   "%select_ln13_2 = select i1 %icmp_ln16, i1 %and_ln21, i1 %and_ln21_3" [incrust/incrust.cpp:13]   --->   Operation 51 'select' 'select_ln13_2' <Predicate = (!icmp_ln13)> <Delay = 0.00> <Core = "Sel">   --->   Core 26 'Sel' <Latency = 0> <II = 1> <Delay = 1.24> <FuncUnit> <Opcode : 'select'> <InPorts = 3> <OutPorts = 1>
ST_2 : Operation 52 [1/1] (0.00ns)   --->   "%empty = call { i8, i1, i1, i1, i1, i1, i1 } @_ssdm_op_Read.axis.volatile.i8P.i1P.i1P.i1P.i1P.i1P.i1P(i8* %s_axis_video_V_data_V, i1* %s_axis_video_V_keep_V, i1* %s_axis_video_V_strb_V, i1* %s_axis_video_V_user_V, i1* %s_axis_video_V_last_V, i1* %s_axis_video_V_id_V, i1* %s_axis_video_V_dest_V)" [incrust/incrust.cpp:18]   --->   Operation 52 'read' 'empty' <Predicate = (!icmp_ln13)> <Delay = 0.00> <Core = "AXI4Stream">   --->   Core 5 'AXI4Stream' <Latency = 0> <II = 1> <Delay = 1.00> <Adapter> <Opcode : >
ST_2 : Operation 53 [1/1] (0.00ns)   --->   "%tmp_keep_V = extractvalue { i8, i1, i1, i1, i1, i1, i1 } %empty, 1" [incrust/incrust.cpp:18]   --->   Operation 53 'extractvalue' 'tmp_keep_V' <Predicate = (!icmp_ln13)> <Delay = 0.00>
ST_2 : Operation 54 [1/1] (0.00ns)   --->   "%tmp_strb_V = extractvalue { i8, i1, i1, i1, i1, i1, i1 } %empty, 2" [incrust/incrust.cpp:18]   --->   Operation 54 'extractvalue' 'tmp_strb_V' <Predicate = (!icmp_ln13)> <Delay = 0.00>
ST_2 : Operation 55 [1/1] (0.00ns)   --->   "%tmp_user_V = extractvalue { i8, i1, i1, i1, i1, i1, i1 } %empty, 3" [incrust/incrust.cpp:18]   --->   Operation 55 'extractvalue' 'tmp_user_V' <Predicate = (!icmp_ln13)> <Delay = 0.00>
ST_2 : Operation 56 [1/1] (0.00ns)   --->   "%tmp_last_V = extractvalue { i8, i1, i1, i1, i1, i1, i1 } %empty, 4" [incrust/incrust.cpp:18]   --->   Operation 56 'extractvalue' 'tmp_last_V' <Predicate = (!icmp_ln13)> <Delay = 0.00>
ST_2 : Operation 57 [1/1] (0.00ns)   --->   "%tmp_id_V = extractvalue { i8, i1, i1, i1, i1, i1, i1 } %empty, 5" [incrust/incrust.cpp:18]   --->   Operation 57 'extractvalue' 'tmp_id_V' <Predicate = (!icmp_ln13)> <Delay = 0.00>
ST_2 : Operation 58 [1/1] (0.00ns)   --->   "%tmp_dest_V = extractvalue { i8, i1, i1, i1, i1, i1, i1 } %empty, 6" [incrust/incrust.cpp:18]   --->   Operation 58 'extractvalue' 'tmp_dest_V' <Predicate = (!icmp_ln13)> <Delay = 0.00>
ST_2 : Operation 59 [1/1] (2.47ns)   --->   "%icmp_ln21_2 = icmp ugt i31 %select_ln13, 300" [incrust/incrust.cpp:21]   --->   Operation 59 'icmp' 'icmp_ln21_2' <Predicate = (!icmp_ln13)> <Delay = 2.47> <Core = "Cmp">   --->   Core 25 'Cmp' <Latency = 0> <II = 1> <Delay = 2.47> <FuncUnit> <Opcode : 'icmp'> <InPorts = 2> <OutPorts = 1>
ST_2 : Operation 60 [1/1] (2.47ns)   --->   "%icmp_ln21_3 = icmp ult i31 %select_ln13, 450" [incrust/incrust.cpp:21]   --->   Operation 60 'icmp' 'icmp_ln21_3' <Predicate = (!icmp_ln13)> <Delay = 2.47> <Core = "Cmp">   --->   Core 25 'Cmp' <Latency = 0> <II = 1> <Delay = 2.47> <FuncUnit> <Opcode : 'icmp'> <InPorts = 2> <OutPorts = 1>
ST_2 : Operation 61 [1/1] (0.00ns) (grouped into LUT with out node and_ln21_2)   --->   "%and_ln21_1 = and i1 %icmp_ln21_2, %icmp_ln21_3" [incrust/incrust.cpp:21]   --->   Operation 61 'and' 'and_ln21_1' <Predicate = (!icmp_ln13)> <Delay = 0.00> <Core = "LogicGate">   --->   Core 27 'LogicGate' <Latency = 0> <II = 1> <Delay = 0.97> <FuncUnit> <Opcode : 'and' 'or' 'xor'> <InPorts = 2> <OutPorts = 1>
ST_2 : Operation 62 [1/1] (0.99ns) (out node of the LUT)   --->   "%and_ln21_2 = and i1 %and_ln21_1, %select_ln13_2" [incrust/incrust.cpp:21]   --->   Operation 62 'and' 'and_ln21_2' <Predicate = (!icmp_ln13)> <Delay = 0.99> <Core = "LogicGate">   --->   Core 27 'LogicGate' <Latency = 0> <II = 1> <Delay = 0.97> <FuncUnit> <Opcode : 'and' 'or' 'xor'> <InPorts = 2> <OutPorts = 1>
ST_2 : Operation 63 [1/1] (2.52ns)   --->   "%j = add i31 %select_ln13, 1" [incrust/incrust.cpp:16]   --->   Operation 63 'add' 'j' <Predicate = (!icmp_ln13)> <Delay = 2.52> <Core = "AddSub">   --->   Core 14 'AddSub' <Latency = 0> <II = 1> <Delay = 2.52> <FuncUnit> <Opcode : 'add' 'sub'> <InPorts = 2> <OutPorts = 1>

State 3 <SV = 2> <Delay = 8.24>
ST_3 : Operation 64 [1/1] (0.00ns)   --->   "%zext_ln13 = zext i31 %select_ln13_1 to i32" [incrust/incrust.cpp:13]   --->   Operation 64 'zext' 'zext_ln13' <Predicate = (!icmp_ln13 & and_ln21_2)> <Delay = 0.00>
ST_3 : Operation 65 [1/1] (8.24ns)   --->   "%mul_ln13 = mul i32 %zext_ln13, 148" [incrust/incrust.cpp:13]   --->   Operation 65 'mul' 'mul_ln13' <Predicate = (!icmp_ln13 & and_ln21_2)> <Delay = 8.24> <Core = "Mul">   --->   Core 16 'Mul' <Latency = 0> <II = 1> <Delay = 8.51> <FuncUnit> <Opcode : 'mul'> <InPorts = 2> <OutPorts = 1>

State 4 <SV = 3> <Delay = 8.32>
ST_4 : Operation 66 [1/1] (2.52ns)   --->   "%add_ln21 = add i32 %zext_ln16, -30049" [incrust/incrust.cpp:21]   --->   Operation 66 'add' 'add_ln21' <Predicate = (!icmp_ln13 & icmp_ln16 & and_ln21_2)> <Delay = 2.52> <Core = "AddSub">   --->   Core 14 'AddSub' <Latency = 0> <II = 1> <Delay = 2.52> <FuncUnit> <Opcode : 'add' 'sub'> <InPorts = 2> <OutPorts = 1>
ST_4 : Operation 67 [1/1] (0.00ns) (grouped into LUT with out node add_ln21_1)   --->   "%select_ln21 = select i1 %icmp_ln16, i32 %add_ln21, i32 -30049" [incrust/incrust.cpp:21]   --->   Operation 67 'select' 'select_ln21' <Predicate = (!icmp_ln13 & and_ln21_2)> <Delay = 0.00> <Core = "Sel">   --->   Core 26 'Sel' <Latency = 0> <II = 1> <Delay = 1.24> <FuncUnit> <Opcode : 'select'> <InPorts = 3> <OutPorts = 1>
ST_4 : Operation 68 [1/1] (2.55ns) (out node of the LUT)   --->   "%add_ln21_1 = add i32 %select_ln21, %mul_ln13" [incrust/incrust.cpp:21]   --->   Operation 68 'add' 'add_ln21_1' <Predicate = (!icmp_ln13 & and_ln21_2)> <Delay = 2.55> <Core = "AddSub">   --->   Core 14 'AddSub' <Latency = 0> <II = 1> <Delay = 2.52> <FuncUnit> <Opcode : 'add' 'sub'> <InPorts = 2> <OutPorts = 1>
ST_4 : Operation 69 [1/1] (0.00ns)   --->   "%zext_ln21 = zext i32 %add_ln21_1 to i64" [incrust/incrust.cpp:21]   --->   Operation 69 'zext' 'zext_ln21' <Predicate = (!icmp_ln13 & and_ln21_2)> <Delay = 0.00>
ST_4 : Operation 70 [1/1] (0.00ns)   --->   "%im_incrust_V_addr = getelementptr [10064 x i8]* @im_incrust_V, i64 0, i64 %zext_ln21" [incrust/incrust.cpp:21]   --->   Operation 70 'getelementptr' 'im_incrust_V_addr' <Predicate = (!icmp_ln13 & and_ln21_2)> <Delay = 0.00>
ST_4 : Operation 71 [2/2] (3.25ns)   --->   "%video_data_V_1 = load i8* %im_incrust_V_addr, align 1" [incrust/incrust.cpp:21]   --->   Operation 71 'load' 'video_data_V_1' <Predicate = (!icmp_ln13 & and_ln21_2)> <Delay = 3.25> <Core = "ROM_nP">   --->   Core 52 'ROM_nP' <Latency = 1> <II = 1> <Delay = 3.25> <Storage> <Opcode : 'load'> <Ports = 0> <Width = 8> <Depth = 10064> <ROM>

State 5 <SV = 4> <Delay = 4.50>
ST_5 : Operation 72 [1/1] (0.00ns) (grouped into LUT with out node video_data_V)   --->   "%tmp_data_V_1 = extractvalue { i8, i1, i1, i1, i1, i1, i1 } %empty, 0" [incrust/incrust.cpp:18]   --->   Operation 72 'extractvalue' 'tmp_data_V_1' <Predicate = (!icmp_ln13 & !and_ln21_2)> <Delay = 0.00>
ST_5 : Operation 73 [1/2] (3.25ns)   --->   "%video_data_V_1 = load i8* %im_incrust_V_addr, align 1" [incrust/incrust.cpp:21]   --->   Operation 73 'load' 'video_data_V_1' <Predicate = (!icmp_ln13 & and_ln21_2)> <Delay = 3.25> <Core = "ROM_nP">   --->   Core 52 'ROM_nP' <Latency = 1> <II = 1> <Delay = 3.25> <Storage> <Opcode : 'load'> <Ports = 0> <Width = 8> <Depth = 10064> <ROM>
ST_5 : Operation 74 [1/1] (1.24ns) (out node of the LUT)   --->   "%video_data_V = select i1 %and_ln21_2, i8 %video_data_V_1, i8 %tmp_data_V_1" [incrust/incrust.cpp:21]   --->   Operation 74 'select' 'video_data_V' <Predicate = (!icmp_ln13)> <Delay = 1.24> <Core = "Sel">   --->   Core 26 'Sel' <Latency = 0> <II = 1> <Delay = 1.24> <FuncUnit> <Opcode : 'select'> <InPorts = 3> <OutPorts = 1>
ST_5 : Operation 75 [2/2] (0.00ns)   --->   "call void @_ssdm_op_Write.axis.volatile.i8P.i1P.i1P.i1P.i1P.i1P.i1P(i8* %m_axis_video_V_data_V, i1* %m_axis_video_V_keep_V, i1* %m_axis_video_V_strb_V, i1* %m_axis_video_V_user_V, i1* %m_axis_video_V_last_V, i1* %m_axis_video_V_id_V, i1* %m_axis_video_V_dest_V, i8 %video_data_V, i1 %tmp_keep_V, i1 %tmp_strb_V, i1 %tmp_user_V, i1 %tmp_last_V, i1 %tmp_id_V, i1 %tmp_dest_V)" [incrust/incrust.cpp:24]   --->   Operation 75 'write' <Predicate = (!icmp_ln13)> <Delay = 0.00> <Core = "AXI4Stream">   --->   Core 5 'AXI4Stream' <Latency = 0> <II = 1> <Delay = 1.00> <Adapter> <Opcode : >

State 6 <SV = 5> <Delay = 0.00>
ST_6 : Operation 76 [1/1] (0.00ns)   --->   "call void (...)* @_ssdm_op_SpecPipeline(i32 -1, i32 1, i32 1, i32 0, [1 x i8]* @p_str3) nounwind" [incrust/incrust.cpp:15]   --->   Operation 76 'specpipeline' <Predicate = (!icmp_ln13)> <Delay = 0.00>
ST_6 : Operation 77 [1/1] (0.00ns)   --->   "call void (...)* @_ssdm_op_SpecPipeline(i32 -1, i32 1, i32 1, i32 0, [1 x i8]* @p_str3) nounwind" [incrust/incrust.cpp:15]   --->   Operation 77 'specpipeline' <Predicate = (!icmp_ln13)> <Delay = 0.00>
ST_6 : Operation 78 [1/2] (0.00ns)   --->   "call void @_ssdm_op_Write.axis.volatile.i8P.i1P.i1P.i1P.i1P.i1P.i1P(i8* %m_axis_video_V_data_V, i1* %m_axis_video_V_keep_V, i1* %m_axis_video_V_strb_V, i1* %m_axis_video_V_user_V, i1* %m_axis_video_V_last_V, i1* %m_axis_video_V_id_V, i1* %m_axis_video_V_dest_V, i8 %video_data_V, i1 %tmp_keep_V, i1 %tmp_strb_V, i1 %tmp_user_V, i1 %tmp_last_V, i1 %tmp_id_V, i1 %tmp_dest_V)" [incrust/incrust.cpp:24]   --->   Operation 78 'write' <Predicate = (!icmp_ln13)> <Delay = 0.00> <Core = "AXI4Stream">   --->   Core 5 'AXI4Stream' <Latency = 0> <II = 1> <Delay = 1.00> <Adapter> <Opcode : >
ST_6 : Operation 79 [1/1] (0.00ns)   --->   "br label %1" [incrust/incrust.cpp:16]   --->   Operation 79 'br' <Predicate = (!icmp_ln13)> <Delay = 0.00>

State 7 <SV = 2> <Delay = 0.00>
ST_7 : Operation 80 [1/1] (0.00ns)   --->   "ret void" [incrust/incrust.cpp:31]   --->   Operation 80 'ret' <Predicate = true> <Delay = 0.00>


============================================================
+ Verbose Summary: Timing violations
============================================================
Target clock period: 10ns, clock uncertainty: 1.25ns.

 <State 1>: 8.51ns
The critical path consists of the following:
	wire read on port 'vsize_in' [36]  (0 ns)
	'mul' operation ('bound') [42]  (8.51 ns)

 <State 2>: 6.67ns
The critical path consists of the following:
	'phi' operation ('j') with incoming values : ('j', incrust/incrust.cpp:16) [47]  (0 ns)
	'icmp' operation ('icmp_ln16', incrust/incrust.cpp:16) [53]  (2.47 ns)
	'select' operation ('select_ln13', incrust/incrust.cpp:13) [59]  (0.733 ns)
	'icmp' operation ('icmp_ln21_2', incrust/incrust.cpp:21) [77]  (2.47 ns)
	'and' operation ('and_ln21_1', incrust/incrust.cpp:21) [79]  (0 ns)
	'and' operation ('and_ln21_2', incrust/incrust.cpp:21) [80]  (0.993 ns)

 <State 3>: 8.24ns
The critical path consists of the following:
	'mul' operation ('mul_ln13', incrust/incrust.cpp:13) [66]  (8.24 ns)

 <State 4>: 8.33ns
The critical path consists of the following:
	'add' operation ('add_ln21', incrust/incrust.cpp:21) [81]  (2.52 ns)
	'select' operation ('select_ln21', incrust/incrust.cpp:21) [82]  (0 ns)
	'add' operation ('add_ln21_1', incrust/incrust.cpp:21) [83]  (2.55 ns)
	'getelementptr' operation ('im_incrust_V_addr', incrust/incrust.cpp:21) [85]  (0 ns)
	'load' operation ('video.data.V', incrust/incrust.cpp:21) on array 'im_incrust_V' [86]  (3.25 ns)

 <State 5>: 4.5ns
The critical path consists of the following:
	'load' operation ('video.data.V', incrust/incrust.cpp:21) on array 'im_incrust_V' [86]  (3.25 ns)
	'select' operation ('video.data.V', incrust/incrust.cpp:21) [87]  (1.25 ns)

 <State 6>: 0ns
The critical path consists of the following:

 <State 7>: 0ns
The critical path consists of the following:


============================================================
+ Verbose Summary: Binding
============================================================
N/A
* FSMD analyzer results:
  - Output states:
 - Input state : 
  - Chain level:
	State 1
	State 2
	State 3
	State 4
	State 5
	State 6
	State 7


============================================================
+ Verbose Summary: Datapath Resource usage 
============================================================
N/A
