Copyright 1986-2019 Xilinx, Inc. All Rights Reserved.
------------------------------------------------------------------------------------
| Tool Version : Vivado v.2019.2 (win64) Build 2708876 Wed Nov  6 21:40:23 MST 2019
| Date         : Tue Nov 24 00:38:06 2020
| Host         : DESKTOP-AACLAV7 running 64-bit major release  (build 9200)
| Command      : upgrade_ip
| Device       : xc7z020clg484-1
------------------------------------------------------------------------------------

Upgrade Log for IP 'design_1_mire_0_0'

1. Summary
----------

SUCCESS in the upgrade of design_1_mire_0_0 (xilinx.com:hls:mire:1.0) from (Rev. 2011232338) to (Rev. 2011240037)






Copyright 1986-2019 Xilinx, Inc. All Rights Reserved.
------------------------------------------------------------------------------------
| Tool Version : Vivado v.2019.2 (win64) Build 2708876 Wed Nov  6 21:40:23 MST 2019
| Date         : Mon Nov 23 23:38:53 2020
| Host         : DESKTOP-AACLAV7 running 64-bit major release  (build 9200)
| Command      : upgrade_ip
| Device       : xc7z020clg484-1
------------------------------------------------------------------------------------

Upgrade Log for IP 'design_1_mire_0_0'

1. Summary
----------

SUCCESS in the upgrade of design_1_mire_0_0 (xilinx.com:hls:mire:1.0) from (Rev. 2011232323) to (Rev. 2011232338)






Copyright 1986-2019 Xilinx, Inc. All Rights Reserved.
------------------------------------------------------------------------------------
| Tool Version : Vivado v.2019.2 (win64) Build 2708876 Wed Nov  6 21:40:23 MST 2019
| Date         : Mon Nov 23 23:24:12 2020
| Host         : DESKTOP-AACLAV7 running 64-bit major release  (build 9200)
| Command      : upgrade_ip
| Device       : xc7z020clg484-1
------------------------------------------------------------------------------------

Upgrade Log for IP 'design_1_mire_0_0'

1. Summary
----------

SUCCESS in the upgrade of design_1_mire_0_0 (xilinx.com:hls:mire:1.0) from (Rev. 2011232052) to (Rev. 2011232323)






Copyright 1986-2019 Xilinx, Inc. All Rights Reserved.
------------------------------------------------------------------------------------
| Tool Version : Vivado v.2019.2 (win64) Build 2708876 Wed Nov  6 21:40:23 MST 2019
| Date         : Mon Nov 23 20:58:19 2020
| Host         : DESKTOP-AACLAV7 running 64-bit major release  (build 9200)
| Command      : upgrade_ip
| Device       : xc7z020clg484-1
------------------------------------------------------------------------------------

Upgrade Log for IP 'design_1_mire_0_0'

1. Summary
----------

SUCCESS in the upgrade of design_1_mire_0_0 (xilinx.com:hls:mire:1.0) from (Rev. 2011232014) to (Rev. 2011232052)






Copyright 1986-2019 Xilinx, Inc. All Rights Reserved.
------------------------------------------------------------------------------------
| Tool Version : Vivado v.2019.2 (win64) Build 2708876 Wed Nov  6 21:40:23 MST 2019
| Date         : Mon Nov 23 20:14:49 2020
| Host         : DESKTOP-AACLAV7 running 64-bit major release  (build 9200)
| Command      : upgrade_ip
| Device       : xc7z020clg484-1
------------------------------------------------------------------------------------

Upgrade Log for IP 'design_1_mire_0_0'

1. Summary
----------

SUCCESS in the upgrade of design_1_mire_0_0 (xilinx.com:hls:mire:1.0) from (Rev. 2011231521) to (Rev. 2011232014)

