

================================================================
== Vivado HLS Report for 'axis_to_aximm'
================================================================
* Date:           Mon Feb 21 15:14:49 2022

* Version:        2019.2 (Build 2704478 on Wed Nov 06 22:10:23 MST 2019)
* Project:        axis-to-aximm
* Solution:       solution1
* Product family: zynq
* Target device:  xc7z020-clg484-1


================================================================
== Performance Estimates
================================================================
+ Timing: 
    * Summary: 
    +--------+----------+----------+------------+
    |  Clock |  Target  | Estimated| Uncertainty|
    +--------+----------+----------+------------+
    |ap_clk  | 10.00 ns | 8.750 ns |   1.25 ns  |
    +--------+----------+----------+------------+

+ Latency: 
    * Summary: 
    +---------+---------+----------+----------+-----+-----+---------+
    |  Latency (cycles) |  Latency (absolute) |  Interval | Pipeline|
    |   min   |   max   |    min   |    max   | min | max |   Type  |
    +---------+---------+----------+----------+-----+-----+---------+
    |        ?|        ?|         ?|         ?|    ?|    ?|   none  |
    +---------+---------+----------+----------+-----+-----+---------+

    + Detail: 
        * Instance: 
        N/A

        * Loop: 
        +---------------------------------------+---------+---------+----------+-----------+-----------+------+----------+
        |                                       |  Latency (cycles) | Iteration|  Initiation Interval  | Trip |          |
        |               Loop Name               |   min   |   max   |  Latency |  achieved |   target  | Count| Pipelined|
        +---------------------------------------+---------+---------+----------+-----------+-----------+------+----------+
        |- Loop 1                               |        ?|        ?|         ?|          -|          -|     ?|    no    |
        | + Loop 1.1                            |        ?|        ?|         1|          -|          -|     ?|    no    |
        | + memcpy.mem_ddr.V.mem_locale.V.addr  |        ?|        ?|         3|          1|          1|     ?|    yes   |
        +---------------------------------------+---------+---------+----------+-----------+-----------+------+----------+



================================================================
== Utilization Estimates
================================================================
* Summary: 
+-----------------+---------+-------+--------+-------+-----+
|       Name      | BRAM_18K| DSP48E|   FF   |  LUT  | URAM|
+-----------------+---------+-------+--------+-------+-----+
|DSP              |        -|      -|       -|      -|    -|
|Expression       |        -|      -|       0|    258|    -|
|FIFO             |        -|      -|       -|      -|    -|
|Instance         |        2|      -|     548|    700|    -|
|Memory           |        1|      -|       0|      0|    0|
|Multiplexer      |        -|      -|       -|    155|    -|
|Register         |        -|      -|     277|      -|    -|
+-----------------+---------+-------+--------+-------+-----+
|Total            |        3|      0|     825|   1113|    0|
+-----------------+---------+-------+--------+-------+-----+
|Available        |      280|    220|  106400|  53200|    0|
+-----------------+---------+-------+--------+-------+-----+
|Utilization (%)  |        1|      0|   ~0   |      2|    0|
+-----------------+---------+-------+--------+-------+-----+

+ Detail: 
    * Instance: 
    +----------------------------+--------------------------+---------+-------+-----+-----+-----+
    |          Instance          |          Module          | BRAM_18K| DSP48E|  FF | LUT | URAM|
    +----------------------------+--------------------------+---------+-------+-----+-----+-----+
    |axis_to_aximm_gmem_m_axi_U  |axis_to_aximm_gmem_m_axi  |        2|      0|  548|  700|    0|
    +----------------------------+--------------------------+---------+-------+-----+-----+-----+
    |Total                       |                          |        2|      0|  548|  700|    0|
    +----------------------------+--------------------------+---------+-------+-----+-----+-----+

    * DSP48E: 
    N/A

    * Memory: 
    +----------------+----------------------+---------+---+----+-----+------+-----+------+-------------+
    |     Memory     |        Module        | BRAM_18K| FF| LUT| URAM| Words| Bits| Banks| W*Bits*Banks|
    +----------------+----------------------+---------+---+----+-----+------+-----+------+-------------+
    |mem_locale_V_U  |axis_to_aximm_membkb  |        1|  0|   0|    0|   640|    8|     1|         5120|
    +----------------+----------------------+---------+---+----+-----+------+-----+------+-------------+
    |Total           |                      |        1|  0|   0|    0|   640|    8|     1|         5120|
    +----------------+----------------------+---------+---+----+-----+------+-----+------+-------------+

    * FIFO: 
    N/A

    * Expression: 
    +---------------------------+----------+-------+---+----+------------+------------+
    |       Variable Name       | Operation| DSP48E| FF| LUT| Bitwidth P0| Bitwidth P1|
    +---------------------------+----------+-------+---+----+------------+------------+
    |add_ln15_fu_207_p2         |     +    |      0|  0|  39|          32|          32|
    |add_ln29_1_fu_256_p2       |     +    |      0|  0|  40|          33|          33|
    |add_ln29_fu_276_p2         |     +    |      0|  0|  39|          32|           1|
    |i_fu_221_p2                |     +    |      0|  0|  38|          31|           1|
    |j_fu_236_p2                |     +    |      0|  0|  38|          31|           1|
    |ap_block_pp0_stage0_11001  |    and   |      0|  0|   2|           1|           1|
    |ap_block_state3            |    and   |      0|  0|   2|           1|           1|
    |ap_block_state7_io         |    and   |      0|  0|   2|           1|           1|
    |icmp_ln15_fu_216_p2        |   icmp   |      0|  0|  18|          32|          32|
    |icmp_ln18_fu_231_p2        |   icmp   |      0|  0|  18|          32|          32|
    |icmp_ln29_fu_271_p2        |   icmp   |      0|  0|  18|          32|          32|
    |ap_enable_pp0              |    xor   |      0|  0|   2|           1|           2|
    |ap_enable_reg_pp0_iter1    |    xor   |      0|  0|   2|           2|           1|
    +---------------------------+----------+-------+---+----+------------+------------+
    |Total                      |          |      0|  0| 258|         261|         170|
    +---------------------------+----------+-------+---+----+------------+------------+

    * Multiplexer: 
    +--------------------------+----+-----------+-----+-----------+
    |           Name           | LUT| Input Size| Bits| Total Bits|
    +--------------------------+----+-----------+-----+-----------+
    |ap_NS_fsm                 |  50|         11|    1|         11|
    |ap_enable_reg_pp0_iter1   |   9|          2|    1|          2|
    |ap_enable_reg_pp0_iter2   |   9|          2|    1|          2|
    |gmem_blk_n_AW             |   9|          2|    1|          2|
    |gmem_blk_n_B              |   9|          2|    1|          2|
    |gmem_blk_n_W              |   9|          2|    1|          2|
    |i_0_reg_158               |   9|          2|   31|         62|
    |j_0_reg_181               |   9|          2|   31|         62|
    |mem_locale_V_address0     |  15|          3|   10|         30|
    |phi_ln29_reg_192          |   9|          2|   32|         64|
    |phi_mul_reg_169           |   9|          2|   32|         64|
    |s_axis_video_TDATA_blk_n  |   9|          2|    1|          2|
    +--------------------------+----+-----------+-----+-----------+
    |Total                     | 155|         34|  143|        305|
    +--------------------------+----+-----------+-----+-----------+

    * Register: 
    +---------------------------------+----+----+-----+-----------+
    |               Name              | FF | LUT| Bits| Const Bits|
    +---------------------------------+----+----+-----+-----------+
    |add_ln15_reg_305                 |  32|   0|   32|          0|
    |ap_CS_fsm                        |  10|   0|   10|          0|
    |ap_enable_reg_pp0_iter0          |   1|   0|    1|          0|
    |ap_enable_reg_pp0_iter1          |   1|   0|    1|          0|
    |ap_enable_reg_pp0_iter2          |   1|   0|    1|          0|
    |gmem_addr_reg_326                |  32|   0|   32|          0|
    |i_0_reg_158                      |  31|   0|   31|          0|
    |i_reg_313                        |  31|   0|   31|          0|
    |icmp_ln29_reg_332                |   1|   0|    1|          0|
    |icmp_ln29_reg_332_pp0_iter1_reg  |   1|   0|    1|          0|
    |j_0_reg_181                      |  31|   0|   31|          0|
    |mem_locale_V_load_reg_346        |   8|   0|    8|          0|
    |p_cast_reg_300                   |  33|   0|   33|          0|
    |phi_ln29_reg_192                 |  32|   0|   32|          0|
    |phi_mul_reg_169                  |  32|   0|   32|          0|
    +---------------------------------+----+----+-----+-----------+
    |Total                            | 277|   0|  277|          0|
    +---------------------------------+----+----+-----+-----------+



================================================================
== Interface
================================================================
* Summary: 
+---------------------+-----+-----+------------+-----------------------+--------------+
|      RTL Ports      | Dir | Bits|  Protocol  |     Source Object     |    C Type    |
+---------------------+-----+-----+------------+-----------------------+--------------+
|ap_clk               |  in |    1| ap_ctrl_hs |     axis_to_aximm     | return value |
|ap_rst_n             |  in |    1| ap_ctrl_hs |     axis_to_aximm     | return value |
|ap_start             |  in |    1| ap_ctrl_hs |     axis_to_aximm     | return value |
|ap_done              | out |    1| ap_ctrl_hs |     axis_to_aximm     | return value |
|ap_idle              | out |    1| ap_ctrl_hs |     axis_to_aximm     | return value |
|ap_ready             | out |    1| ap_ctrl_hs |     axis_to_aximm     | return value |
|m_axi_gmem_AWVALID   | out |    1|    m_axi   |          gmem         |    pointer   |
|m_axi_gmem_AWREADY   |  in |    1|    m_axi   |          gmem         |    pointer   |
|m_axi_gmem_AWADDR    | out |   32|    m_axi   |          gmem         |    pointer   |
|m_axi_gmem_AWID      | out |    1|    m_axi   |          gmem         |    pointer   |
|m_axi_gmem_AWLEN     | out |    8|    m_axi   |          gmem         |    pointer   |
|m_axi_gmem_AWSIZE    | out |    3|    m_axi   |          gmem         |    pointer   |
|m_axi_gmem_AWBURST   | out |    2|    m_axi   |          gmem         |    pointer   |
|m_axi_gmem_AWLOCK    | out |    2|    m_axi   |          gmem         |    pointer   |
|m_axi_gmem_AWCACHE   | out |    4|    m_axi   |          gmem         |    pointer   |
|m_axi_gmem_AWPROT    | out |    3|    m_axi   |          gmem         |    pointer   |
|m_axi_gmem_AWQOS     | out |    4|    m_axi   |          gmem         |    pointer   |
|m_axi_gmem_AWREGION  | out |    4|    m_axi   |          gmem         |    pointer   |
|m_axi_gmem_AWUSER    | out |    1|    m_axi   |          gmem         |    pointer   |
|m_axi_gmem_WVALID    | out |    1|    m_axi   |          gmem         |    pointer   |
|m_axi_gmem_WREADY    |  in |    1|    m_axi   |          gmem         |    pointer   |
|m_axi_gmem_WDATA     | out |   32|    m_axi   |          gmem         |    pointer   |
|m_axi_gmem_WSTRB     | out |    4|    m_axi   |          gmem         |    pointer   |
|m_axi_gmem_WLAST     | out |    1|    m_axi   |          gmem         |    pointer   |
|m_axi_gmem_WID       | out |    1|    m_axi   |          gmem         |    pointer   |
|m_axi_gmem_WUSER     | out |    1|    m_axi   |          gmem         |    pointer   |
|m_axi_gmem_ARVALID   | out |    1|    m_axi   |          gmem         |    pointer   |
|m_axi_gmem_ARREADY   |  in |    1|    m_axi   |          gmem         |    pointer   |
|m_axi_gmem_ARADDR    | out |   32|    m_axi   |          gmem         |    pointer   |
|m_axi_gmem_ARID      | out |    1|    m_axi   |          gmem         |    pointer   |
|m_axi_gmem_ARLEN     | out |    8|    m_axi   |          gmem         |    pointer   |
|m_axi_gmem_ARSIZE    | out |    3|    m_axi   |          gmem         |    pointer   |
|m_axi_gmem_ARBURST   | out |    2|    m_axi   |          gmem         |    pointer   |
|m_axi_gmem_ARLOCK    | out |    2|    m_axi   |          gmem         |    pointer   |
|m_axi_gmem_ARCACHE   | out |    4|    m_axi   |          gmem         |    pointer   |
|m_axi_gmem_ARPROT    | out |    3|    m_axi   |          gmem         |    pointer   |
|m_axi_gmem_ARQOS     | out |    4|    m_axi   |          gmem         |    pointer   |
|m_axi_gmem_ARREGION  | out |    4|    m_axi   |          gmem         |    pointer   |
|m_axi_gmem_ARUSER    | out |    1|    m_axi   |          gmem         |    pointer   |
|m_axi_gmem_RVALID    |  in |    1|    m_axi   |          gmem         |    pointer   |
|m_axi_gmem_RREADY    | out |    1|    m_axi   |          gmem         |    pointer   |
|m_axi_gmem_RDATA     |  in |   32|    m_axi   |          gmem         |    pointer   |
|m_axi_gmem_RLAST     |  in |    1|    m_axi   |          gmem         |    pointer   |
|m_axi_gmem_RID       |  in |    1|    m_axi   |          gmem         |    pointer   |
|m_axi_gmem_RUSER     |  in |    1|    m_axi   |          gmem         |    pointer   |
|m_axi_gmem_RRESP     |  in |    2|    m_axi   |          gmem         |    pointer   |
|m_axi_gmem_BVALID    |  in |    1|    m_axi   |          gmem         |    pointer   |
|m_axi_gmem_BREADY    | out |    1|    m_axi   |          gmem         |    pointer   |
|m_axi_gmem_BRESP     |  in |    2|    m_axi   |          gmem         |    pointer   |
|m_axi_gmem_BID       |  in |    1|    m_axi   |          gmem         |    pointer   |
|m_axi_gmem_BUSER     |  in |    1|    m_axi   |          gmem         |    pointer   |
|s_axis_video_TDATA   |  in |    8|    axis    | s_axis_video_V_data_V |    pointer   |
|s_axis_video_TVALID  |  in |    1|    axis    | s_axis_video_V_dest_V |    pointer   |
|s_axis_video_TREADY  | out |    1|    axis    | s_axis_video_V_dest_V |    pointer   |
|s_axis_video_TDEST   |  in |    1|    axis    | s_axis_video_V_dest_V |    pointer   |
|s_axis_video_TKEEP   |  in |    1|    axis    | s_axis_video_V_keep_V |    pointer   |
|s_axis_video_TSTRB   |  in |    1|    axis    | s_axis_video_V_strb_V |    pointer   |
|s_axis_video_TUSER   |  in |    1|    axis    | s_axis_video_V_user_V |    pointer   |
|s_axis_video_TLAST   |  in |    1|    axis    | s_axis_video_V_last_V |    pointer   |
|s_axis_video_TID     |  in |    1|    axis    |  s_axis_video_V_id_V  |    pointer   |
|mem_ddr_V            |  in |   32|   ap_none  |       mem_ddr_V       |    scalar    |
|hsize_in             |  in |   32|   ap_none  |        hsize_in       |    scalar    |
|vsize_in             |  in |   32|   ap_none  |        vsize_in       |    scalar    |
+---------------------+-----+-----+------------+-----------------------+--------------+

