

================================================================
== Vivado HLS Report for 'switch_axis'
================================================================
* Date:           Sat Feb 19 21:13:13 2022

* Version:        2019.2 (Build 2704478 on Wed Nov 06 22:10:23 MST 2019)
* Project:        switch_axis
* Solution:       solution1
* Product family: zynq
* Target device:  xc7z020-clg484-1


================================================================
== Performance Estimates
================================================================
+ Timing: 
    * Summary: 
    +--------+----------+----------+------------+
    |  Clock |  Target  | Estimated| Uncertainty|
    +--------+----------+----------+------------+
    |ap_clk  | 10.00 ns | 8.510 ns |   1.25 ns  |
    +--------+----------+----------+------------+

+ Latency: 
    * Summary: 
    +---------+---------+----------+----------+-----+-----+---------+
    |  Latency (cycles) |  Latency (absolute) |  Interval | Pipeline|
    |   min   |   max   |    min   |    max   | min | max |   Type  |
    +---------+---------+----------+----------+-----+-----+---------+
    |        ?|        ?|         ?|         ?|    ?|    ?|   none  |
    +---------+---------+----------+----------+-----+-----+---------+

    + Detail: 
        * Instance: 
        N/A

        * Loop: 
        +----------+---------+---------+----------+-----------+-----------+------+----------+
        |          |  Latency (cycles) | Iteration|  Initiation Interval  | Trip |          |
        | Loop Name|   min   |   max   |  Latency |  achieved |   target  | Count| Pipelined|
        +----------+---------+---------+----------+-----------+-----------+------+----------+
        |- Loop 1  |        ?|        ?|         3|          1|          1|     ?|    yes   |
        +----------+---------+---------+----------+-----------+-----------+------+----------+

============================================================
+ Verbose Summary: Synthesis Manager
============================================================
InlineROM: 1
ExposeGlobal: 0
============================================================
+ Verbose Summary: CDFG Model
============================================================
IsTopModel: 1
ResetActiveHigh: 1
IsCombinational: 0
IsDatapathOnly: 0
HasWiredReturn: 1
HasMFsm: 0
HasVarLatency: 1
IsPipeline: 0
IsRtlPipelined: 0
IsInstanceOverlapped: 0
IsDontTouch: 0
HasImplIP: 0
IsGatedGlobalClock: 0

+ Individual pipeline summary: 
  * Pipeline-0: initiation interval (II) = 1, depth = 3


============================================================
+ Verbose Summary: Schedule
============================================================
* Number of FSM states : 5
* Pipeline : 1
  Pipeline-0 : II = 1, D = 3, States = { 2 3 4 }
* Dataflow Pipeline: 0

* FSM state transitions: 
1 --> 2 
2 --> 5 3 
3 --> 4 
4 --> 2 
5 --> 

* FSM state operations: 

State 1 <SV = 0> <Delay = 8.51>
ST_1 : Operation 6 [1/1] (0.00ns)   --->   "call void (...)* @_ssdm_op_SpecBitsMap(i1 %select_V), !map !52"   --->   Operation 6 'specbitsmap' <Predicate = true> <Delay = 0.00>
ST_1 : Operation 7 [1/1] (0.00ns)   --->   "call void (...)* @_ssdm_op_SpecBitsMap(i8* %s0_axis_video_V_data_V), !map !58"   --->   Operation 7 'specbitsmap' <Predicate = true> <Delay = 0.00>
ST_1 : Operation 8 [1/1] (0.00ns)   --->   "call void (...)* @_ssdm_op_SpecBitsMap(i1* %s0_axis_video_V_keep_V), !map !62"   --->   Operation 8 'specbitsmap' <Predicate = true> <Delay = 0.00>
ST_1 : Operation 9 [1/1] (0.00ns)   --->   "call void (...)* @_ssdm_op_SpecBitsMap(i1* %s0_axis_video_V_strb_V), !map !66"   --->   Operation 9 'specbitsmap' <Predicate = true> <Delay = 0.00>
ST_1 : Operation 10 [1/1] (0.00ns)   --->   "call void (...)* @_ssdm_op_SpecBitsMap(i1* %s0_axis_video_V_user_V), !map !70"   --->   Operation 10 'specbitsmap' <Predicate = true> <Delay = 0.00>
ST_1 : Operation 11 [1/1] (0.00ns)   --->   "call void (...)* @_ssdm_op_SpecBitsMap(i1* %s0_axis_video_V_last_V), !map !74"   --->   Operation 11 'specbitsmap' <Predicate = true> <Delay = 0.00>
ST_1 : Operation 12 [1/1] (0.00ns)   --->   "call void (...)* @_ssdm_op_SpecBitsMap(i1* %s0_axis_video_V_id_V), !map !78"   --->   Operation 12 'specbitsmap' <Predicate = true> <Delay = 0.00>
ST_1 : Operation 13 [1/1] (0.00ns)   --->   "call void (...)* @_ssdm_op_SpecBitsMap(i1* %s0_axis_video_V_dest_V), !map !82"   --->   Operation 13 'specbitsmap' <Predicate = true> <Delay = 0.00>
ST_1 : Operation 14 [1/1] (0.00ns)   --->   "call void (...)* @_ssdm_op_SpecBitsMap(i8* %s1_axis_video_V_data_V), !map !86"   --->   Operation 14 'specbitsmap' <Predicate = true> <Delay = 0.00>
ST_1 : Operation 15 [1/1] (0.00ns)   --->   "call void (...)* @_ssdm_op_SpecBitsMap(i1* %s1_axis_video_V_keep_V), !map !90"   --->   Operation 15 'specbitsmap' <Predicate = true> <Delay = 0.00>
ST_1 : Operation 16 [1/1] (0.00ns)   --->   "call void (...)* @_ssdm_op_SpecBitsMap(i1* %s1_axis_video_V_strb_V), !map !94"   --->   Operation 16 'specbitsmap' <Predicate = true> <Delay = 0.00>
ST_1 : Operation 17 [1/1] (0.00ns)   --->   "call void (...)* @_ssdm_op_SpecBitsMap(i1* %s1_axis_video_V_user_V), !map !98"   --->   Operation 17 'specbitsmap' <Predicate = true> <Delay = 0.00>
ST_1 : Operation 18 [1/1] (0.00ns)   --->   "call void (...)* @_ssdm_op_SpecBitsMap(i1* %s1_axis_video_V_last_V), !map !102"   --->   Operation 18 'specbitsmap' <Predicate = true> <Delay = 0.00>
ST_1 : Operation 19 [1/1] (0.00ns)   --->   "call void (...)* @_ssdm_op_SpecBitsMap(i1* %s1_axis_video_V_id_V), !map !106"   --->   Operation 19 'specbitsmap' <Predicate = true> <Delay = 0.00>
ST_1 : Operation 20 [1/1] (0.00ns)   --->   "call void (...)* @_ssdm_op_SpecBitsMap(i1* %s1_axis_video_V_dest_V), !map !110"   --->   Operation 20 'specbitsmap' <Predicate = true> <Delay = 0.00>
ST_1 : Operation 21 [1/1] (0.00ns)   --->   "call void (...)* @_ssdm_op_SpecBitsMap(i8* %m_axis_video_V_data_V), !map !114"   --->   Operation 21 'specbitsmap' <Predicate = true> <Delay = 0.00>
ST_1 : Operation 22 [1/1] (0.00ns)   --->   "call void (...)* @_ssdm_op_SpecBitsMap(i1* %m_axis_video_V_keep_V), !map !118"   --->   Operation 22 'specbitsmap' <Predicate = true> <Delay = 0.00>
ST_1 : Operation 23 [1/1] (0.00ns)   --->   "call void (...)* @_ssdm_op_SpecBitsMap(i1* %m_axis_video_V_strb_V), !map !122"   --->   Operation 23 'specbitsmap' <Predicate = true> <Delay = 0.00>
ST_1 : Operation 24 [1/1] (0.00ns)   --->   "call void (...)* @_ssdm_op_SpecBitsMap(i1* %m_axis_video_V_user_V), !map !126"   --->   Operation 24 'specbitsmap' <Predicate = true> <Delay = 0.00>
ST_1 : Operation 25 [1/1] (0.00ns)   --->   "call void (...)* @_ssdm_op_SpecBitsMap(i1* %m_axis_video_V_last_V), !map !130"   --->   Operation 25 'specbitsmap' <Predicate = true> <Delay = 0.00>
ST_1 : Operation 26 [1/1] (0.00ns)   --->   "call void (...)* @_ssdm_op_SpecBitsMap(i1* %m_axis_video_V_id_V), !map !134"   --->   Operation 26 'specbitsmap' <Predicate = true> <Delay = 0.00>
ST_1 : Operation 27 [1/1] (0.00ns)   --->   "call void (...)* @_ssdm_op_SpecBitsMap(i1* %m_axis_video_V_dest_V), !map !138"   --->   Operation 27 'specbitsmap' <Predicate = true> <Delay = 0.00>
ST_1 : Operation 28 [1/1] (0.00ns)   --->   "call void (...)* @_ssdm_op_SpecBitsMap(i32 %hsize_in), !map !142"   --->   Operation 28 'specbitsmap' <Predicate = true> <Delay = 0.00>
ST_1 : Operation 29 [1/1] (0.00ns)   --->   "call void (...)* @_ssdm_op_SpecBitsMap(i32 %vsize_in), !map !146"   --->   Operation 29 'specbitsmap' <Predicate = true> <Delay = 0.00>
ST_1 : Operation 30 [1/1] (0.00ns)   --->   "call void (...)* @_ssdm_op_SpecTopModule([12 x i8]* @switch_axis_str) nounwind"   --->   Operation 30 'spectopmodule' <Predicate = true> <Delay = 0.00>
ST_1 : Operation 31 [1/1] (0.00ns)   --->   "%vsize_in_read = call i32 @_ssdm_op_Read.ap_auto.i32(i32 %vsize_in)"   --->   Operation 31 'read' 'vsize_in_read' <Predicate = true> <Delay = 0.00>
ST_1 : Operation 32 [1/1] (0.00ns)   --->   "%hsize_in_read = call i32 @_ssdm_op_Read.ap_auto.i32(i32 %hsize_in)"   --->   Operation 32 'read' 'hsize_in_read' <Predicate = true> <Delay = 0.00>
ST_1 : Operation 33 [1/1] (0.00ns)   --->   "%select_V_read = call i1 @_ssdm_op_Read.ap_auto.i1(i1 %select_V)"   --->   Operation 33 'read' 'select_V_read' <Predicate = true> <Delay = 0.00>
ST_1 : Operation 34 [1/1] (0.00ns)   --->   "call void (...)* @_ssdm_op_SpecInterface(i8* %s0_axis_video_V_data_V, i1* %s0_axis_video_V_keep_V, i1* %s0_axis_video_V_strb_V, i1* %s0_axis_video_V_user_V, i1* %s0_axis_video_V_last_V, i1* %s0_axis_video_V_id_V, i1* %s0_axis_video_V_dest_V, [5 x i8]* @p_str, i32 1, i32 1, [5 x i8]* @p_str1, i32 0, i32 0, [1 x i8]* @p_str2, [1 x i8]* @p_str2, [1 x i8]* @p_str2, i32 0, i32 0, i32 0, i32 0, [1 x i8]* @p_str2, [1 x i8]* @p_str2) nounwind" [switch_axis/switch_axis.cpp:7]   --->   Operation 34 'specinterface' <Predicate = true> <Delay = 0.00>
ST_1 : Operation 35 [1/1] (0.00ns)   --->   "call void (...)* @_ssdm_op_SpecInterface(i8* %s1_axis_video_V_data_V, i1* %s1_axis_video_V_keep_V, i1* %s1_axis_video_V_strb_V, i1* %s1_axis_video_V_user_V, i1* %s1_axis_video_V_last_V, i1* %s1_axis_video_V_id_V, i1* %s1_axis_video_V_dest_V, [5 x i8]* @p_str, i32 1, i32 1, [5 x i8]* @p_str1, i32 0, i32 0, [1 x i8]* @p_str2, [1 x i8]* @p_str2, [1 x i8]* @p_str2, i32 0, i32 0, i32 0, i32 0, [1 x i8]* @p_str2, [1 x i8]* @p_str2) nounwind" [switch_axis/switch_axis.cpp:8]   --->   Operation 35 'specinterface' <Predicate = true> <Delay = 0.00>
ST_1 : Operation 36 [1/1] (0.00ns)   --->   "call void (...)* @_ssdm_op_SpecInterface(i8* %m_axis_video_V_data_V, i1* %m_axis_video_V_keep_V, i1* %m_axis_video_V_strb_V, i1* %m_axis_video_V_user_V, i1* %m_axis_video_V_last_V, i1* %m_axis_video_V_id_V, i1* %m_axis_video_V_dest_V, [5 x i8]* @p_str, i32 1, i32 1, [5 x i8]* @p_str1, i32 0, i32 0, [1 x i8]* @p_str2, [1 x i8]* @p_str2, [1 x i8]* @p_str2, i32 0, i32 0, i32 0, i32 0, [1 x i8]* @p_str2, [1 x i8]* @p_str2) nounwind" [switch_axis/switch_axis.cpp:9]   --->   Operation 36 'specinterface' <Predicate = true> <Delay = 0.00>
ST_1 : Operation 37 [1/1] (0.00ns)   --->   "%cast = zext i32 %vsize_in_read to i64"   --->   Operation 37 'zext' 'cast' <Predicate = true> <Delay = 0.00>
ST_1 : Operation 38 [1/1] (0.00ns)   --->   "%cast1 = zext i32 %hsize_in_read to i64"   --->   Operation 38 'zext' 'cast1' <Predicate = true> <Delay = 0.00>
ST_1 : Operation 39 [1/1] (8.51ns)   --->   "%bound = mul i64 %cast1, %cast"   --->   Operation 39 'mul' 'bound' <Predicate = true> <Delay = 8.51> <Core = "Mul">   --->   Core 16 'Mul' <Latency = 0> <II = 1> <Delay = 8.51> <FuncUnit> <Opcode : 'mul'> <InPorts = 2> <OutPorts = 1>
ST_1 : Operation 40 [1/1] (1.76ns)   --->   "br label %1" [switch_axis/switch_axis.cpp:13]   --->   Operation 40 'br' <Predicate = true> <Delay = 1.76>

State 2 <SV = 1> <Delay = 3.75>
ST_2 : Operation 41 [1/1] (0.00ns)   --->   "%indvar_flatten = phi i64 [ 0, %0 ], [ %add_ln13, %4 ]" [switch_axis/switch_axis.cpp:13]   --->   Operation 41 'phi' 'indvar_flatten' <Predicate = true> <Delay = 0.00>
ST_2 : Operation 42 [1/1] (0.00ns)   --->   "call void (...)* @_ssdm_op_SpecPipeline(i32 -1, i32 1, i32 1, i32 0, [1 x i8]* @p_str2) nounwind" [switch_axis/switch_axis.cpp:15]   --->   Operation 42 'specpipeline' <Predicate = true> <Delay = 0.00>
ST_2 : Operation 43 [1/1] (2.77ns)   --->   "%icmp_ln13 = icmp eq i64 %indvar_flatten, %bound" [switch_axis/switch_axis.cpp:13]   --->   Operation 43 'icmp' 'icmp_ln13' <Predicate = true> <Delay = 2.77> <Core = "Cmp">   --->   Core 25 'Cmp' <Latency = 0> <II = 1> <Delay = 2.77> <FuncUnit> <Opcode : 'icmp'> <InPorts = 2> <OutPorts = 1>
ST_2 : Operation 44 [1/1] (3.52ns)   --->   "%add_ln13 = add i64 %indvar_flatten, 1" [switch_axis/switch_axis.cpp:13]   --->   Operation 44 'add' 'add_ln13' <Predicate = true> <Delay = 3.52> <Core = "AddSub">   --->   Core 14 'AddSub' <Latency = 0> <II = 1> <Delay = 3.52> <FuncUnit> <Opcode : 'add' 'sub'> <InPorts = 2> <OutPorts = 1>
ST_2 : Operation 45 [1/1] (0.00ns)   --->   "br i1 %icmp_ln13, label %5, label %.reset" [switch_axis/switch_axis.cpp:13]   --->   Operation 45 'br' <Predicate = true> <Delay = 0.00>
ST_2 : Operation 46 [1/1] (0.00ns)   --->   "br i1 %select_V_read, label %3, label %2" [switch_axis/switch_axis.cpp:18]   --->   Operation 46 'br' <Predicate = (!icmp_ln13)> <Delay = 0.00>
ST_2 : Operation 47 [1/1] (0.00ns)   --->   "%empty = call { i8, i1, i1, i1, i1, i1, i1 } @_ssdm_op_Read.axis.volatile.i8P.i1P.i1P.i1P.i1P.i1P.i1P(i8* %s0_axis_video_V_data_V, i1* %s0_axis_video_V_keep_V, i1* %s0_axis_video_V_strb_V, i1* %s0_axis_video_V_user_V, i1* %s0_axis_video_V_last_V, i1* %s0_axis_video_V_id_V, i1* %s0_axis_video_V_dest_V)" [switch_axis/switch_axis.cpp:18]   --->   Operation 47 'read' 'empty' <Predicate = (!icmp_ln13 & !select_V_read)> <Delay = 0.00> <Core = "AXI4Stream">   --->   Core 5 'AXI4Stream' <Latency = 0> <II = 1> <Delay = 1.00> <Adapter> <Opcode : >
ST_2 : Operation 48 [1/1] (0.00ns)   --->   "%tmp_data_V_1 = extractvalue { i8, i1, i1, i1, i1, i1, i1 } %empty, 0" [switch_axis/switch_axis.cpp:18]   --->   Operation 48 'extractvalue' 'tmp_data_V_1' <Predicate = (!icmp_ln13 & !select_V_read)> <Delay = 0.00>
ST_2 : Operation 49 [1/1] (0.00ns)   --->   "%tmp_keep_V_1 = extractvalue { i8, i1, i1, i1, i1, i1, i1 } %empty, 1" [switch_axis/switch_axis.cpp:18]   --->   Operation 49 'extractvalue' 'tmp_keep_V_1' <Predicate = (!icmp_ln13 & !select_V_read)> <Delay = 0.00>
ST_2 : Operation 50 [1/1] (0.00ns)   --->   "%tmp_strb_V_1 = extractvalue { i8, i1, i1, i1, i1, i1, i1 } %empty, 2" [switch_axis/switch_axis.cpp:18]   --->   Operation 50 'extractvalue' 'tmp_strb_V_1' <Predicate = (!icmp_ln13 & !select_V_read)> <Delay = 0.00>
ST_2 : Operation 51 [1/1] (0.00ns)   --->   "%tmp_user_V_1 = extractvalue { i8, i1, i1, i1, i1, i1, i1 } %empty, 3" [switch_axis/switch_axis.cpp:18]   --->   Operation 51 'extractvalue' 'tmp_user_V_1' <Predicate = (!icmp_ln13 & !select_V_read)> <Delay = 0.00>
ST_2 : Operation 52 [1/1] (0.00ns)   --->   "%tmp_last_V_1 = extractvalue { i8, i1, i1, i1, i1, i1, i1 } %empty, 4" [switch_axis/switch_axis.cpp:18]   --->   Operation 52 'extractvalue' 'tmp_last_V_1' <Predicate = (!icmp_ln13 & !select_V_read)> <Delay = 0.00>
ST_2 : Operation 53 [1/1] (0.00ns)   --->   "%tmp_id_V_1 = extractvalue { i8, i1, i1, i1, i1, i1, i1 } %empty, 5" [switch_axis/switch_axis.cpp:18]   --->   Operation 53 'extractvalue' 'tmp_id_V_1' <Predicate = (!icmp_ln13 & !select_V_read)> <Delay = 0.00>
ST_2 : Operation 54 [1/1] (0.00ns)   --->   "%tmp_dest_V_1 = extractvalue { i8, i1, i1, i1, i1, i1, i1 } %empty, 6" [switch_axis/switch_axis.cpp:18]   --->   Operation 54 'extractvalue' 'tmp_dest_V_1' <Predicate = (!icmp_ln13 & !select_V_read)> <Delay = 0.00>
ST_2 : Operation 55 [1/1] (1.76ns)   --->   "br label %4" [switch_axis/switch_axis.cpp:18]   --->   Operation 55 'br' <Predicate = (!icmp_ln13 & !select_V_read)> <Delay = 1.76>
ST_2 : Operation 56 [1/1] (0.00ns)   --->   "%empty_2 = call { i8, i1, i1, i1, i1, i1, i1 } @_ssdm_op_Read.axis.volatile.i8P.i1P.i1P.i1P.i1P.i1P.i1P(i8* %s1_axis_video_V_data_V, i1* %s1_axis_video_V_keep_V, i1* %s1_axis_video_V_strb_V, i1* %s1_axis_video_V_user_V, i1* %s1_axis_video_V_last_V, i1* %s1_axis_video_V_id_V, i1* %s1_axis_video_V_dest_V)" [switch_axis/switch_axis.cpp:19]   --->   Operation 56 'read' 'empty_2' <Predicate = (!icmp_ln13 & select_V_read)> <Delay = 0.00> <Core = "AXI4Stream">   --->   Core 5 'AXI4Stream' <Latency = 0> <II = 1> <Delay = 1.00> <Adapter> <Opcode : >
ST_2 : Operation 57 [1/1] (0.00ns)   --->   "%tmp_data_V_2 = extractvalue { i8, i1, i1, i1, i1, i1, i1 } %empty_2, 0" [switch_axis/switch_axis.cpp:19]   --->   Operation 57 'extractvalue' 'tmp_data_V_2' <Predicate = (!icmp_ln13 & select_V_read)> <Delay = 0.00>
ST_2 : Operation 58 [1/1] (0.00ns)   --->   "%tmp_keep_V_2 = extractvalue { i8, i1, i1, i1, i1, i1, i1 } %empty_2, 1" [switch_axis/switch_axis.cpp:19]   --->   Operation 58 'extractvalue' 'tmp_keep_V_2' <Predicate = (!icmp_ln13 & select_V_read)> <Delay = 0.00>
ST_2 : Operation 59 [1/1] (0.00ns)   --->   "%tmp_strb_V_2 = extractvalue { i8, i1, i1, i1, i1, i1, i1 } %empty_2, 2" [switch_axis/switch_axis.cpp:19]   --->   Operation 59 'extractvalue' 'tmp_strb_V_2' <Predicate = (!icmp_ln13 & select_V_read)> <Delay = 0.00>
ST_2 : Operation 60 [1/1] (0.00ns)   --->   "%tmp_user_V_2 = extractvalue { i8, i1, i1, i1, i1, i1, i1 } %empty_2, 3" [switch_axis/switch_axis.cpp:19]   --->   Operation 60 'extractvalue' 'tmp_user_V_2' <Predicate = (!icmp_ln13 & select_V_read)> <Delay = 0.00>
ST_2 : Operation 61 [1/1] (0.00ns)   --->   "%tmp_last_V_2 = extractvalue { i8, i1, i1, i1, i1, i1, i1 } %empty_2, 4" [switch_axis/switch_axis.cpp:19]   --->   Operation 61 'extractvalue' 'tmp_last_V_2' <Predicate = (!icmp_ln13 & select_V_read)> <Delay = 0.00>
ST_2 : Operation 62 [1/1] (0.00ns)   --->   "%tmp_id_V_2 = extractvalue { i8, i1, i1, i1, i1, i1, i1 } %empty_2, 5" [switch_axis/switch_axis.cpp:19]   --->   Operation 62 'extractvalue' 'tmp_id_V_2' <Predicate = (!icmp_ln13 & select_V_read)> <Delay = 0.00>
ST_2 : Operation 63 [1/1] (0.00ns)   --->   "%tmp_dest_V = extractvalue { i8, i1, i1, i1, i1, i1, i1 } %empty_2, 6" [switch_axis/switch_axis.cpp:19]   --->   Operation 63 'extractvalue' 'tmp_dest_V' <Predicate = (!icmp_ln13 & select_V_read)> <Delay = 0.00>
ST_2 : Operation 64 [1/1] (1.76ns)   --->   "br label %4"   --->   Operation 64 'br' <Predicate = (!icmp_ln13 & select_V_read)> <Delay = 1.76>

State 3 <SV = 2> <Delay = 0.00>
ST_3 : Operation 65 [1/1] (0.00ns)   --->   "%tmp_id_V = phi i1 [ %tmp_id_V_2, %3 ], [ %tmp_id_V_1, %2 ]"   --->   Operation 65 'phi' 'tmp_id_V' <Predicate = (!icmp_ln13)> <Delay = 0.00>
ST_3 : Operation 66 [1/1] (0.00ns)   --->   "%tmp_last_V = phi i1 [ %tmp_last_V_2, %3 ], [ %tmp_last_V_1, %2 ]"   --->   Operation 66 'phi' 'tmp_last_V' <Predicate = (!icmp_ln13)> <Delay = 0.00>
ST_3 : Operation 67 [1/1] (0.00ns)   --->   "%tmp_user_V = phi i1 [ %tmp_user_V_2, %3 ], [ %tmp_user_V_1, %2 ]"   --->   Operation 67 'phi' 'tmp_user_V' <Predicate = (!icmp_ln13)> <Delay = 0.00>
ST_3 : Operation 68 [1/1] (0.00ns)   --->   "%tmp_strb_V = phi i1 [ %tmp_strb_V_2, %3 ], [ %tmp_strb_V_1, %2 ]"   --->   Operation 68 'phi' 'tmp_strb_V' <Predicate = (!icmp_ln13)> <Delay = 0.00>
ST_3 : Operation 69 [1/1] (0.00ns)   --->   "%tmp_keep_V = phi i1 [ %tmp_keep_V_2, %3 ], [ %tmp_keep_V_1, %2 ]"   --->   Operation 69 'phi' 'tmp_keep_V' <Predicate = (!icmp_ln13)> <Delay = 0.00>
ST_3 : Operation 70 [1/1] (0.00ns)   --->   "%tmp_data_V = phi i8 [ %tmp_data_V_2, %3 ], [ %tmp_data_V_1, %2 ]"   --->   Operation 70 'phi' 'tmp_data_V' <Predicate = (!icmp_ln13)> <Delay = 0.00>
ST_3 : Operation 71 [1/1] (0.00ns)   --->   "%video_dest_V = phi i1 [ %tmp_dest_V, %3 ], [ %tmp_dest_V_1, %2 ]"   --->   Operation 71 'phi' 'video_dest_V' <Predicate = (!icmp_ln13)> <Delay = 0.00>
ST_3 : Operation 72 [2/2] (0.00ns)   --->   "call void @_ssdm_op_Write.axis.volatile.i8P.i1P.i1P.i1P.i1P.i1P.i1P(i8* %m_axis_video_V_data_V, i1* %m_axis_video_V_keep_V, i1* %m_axis_video_V_strb_V, i1* %m_axis_video_V_user_V, i1* %m_axis_video_V_last_V, i1* %m_axis_video_V_id_V, i1* %m_axis_video_V_dest_V, i8 %tmp_data_V, i1 %tmp_keep_V, i1 %tmp_strb_V, i1 %tmp_user_V, i1 %tmp_last_V, i1 %tmp_id_V, i1 %video_dest_V)" [switch_axis/switch_axis.cpp:24]   --->   Operation 72 'write' <Predicate = (!icmp_ln13)> <Delay = 0.00> <Core = "AXI4Stream">   --->   Core 5 'AXI4Stream' <Latency = 0> <II = 1> <Delay = 1.00> <Adapter> <Opcode : >

State 4 <SV = 3> <Delay = 0.00>
ST_4 : Operation 73 [1/1] (0.00ns)   --->   "call void (...)* @_ssdm_op_SpecPipeline(i32 -1, i32 1, i32 1, i32 0, [1 x i8]* @p_str2) nounwind" [switch_axis/switch_axis.cpp:15]   --->   Operation 73 'specpipeline' <Predicate = true> <Delay = 0.00>
ST_4 : Operation 74 [1/1] (0.00ns)   --->   "call void (...)* @_ssdm_op_SpecPipeline(i32 -1, i32 1, i32 1, i32 0, [1 x i8]* @p_str2) nounwind" [switch_axis/switch_axis.cpp:15]   --->   Operation 74 'specpipeline' <Predicate = true> <Delay = 0.00>
ST_4 : Operation 75 [1/2] (0.00ns)   --->   "call void @_ssdm_op_Write.axis.volatile.i8P.i1P.i1P.i1P.i1P.i1P.i1P(i8* %m_axis_video_V_data_V, i1* %m_axis_video_V_keep_V, i1* %m_axis_video_V_strb_V, i1* %m_axis_video_V_user_V, i1* %m_axis_video_V_last_V, i1* %m_axis_video_V_id_V, i1* %m_axis_video_V_dest_V, i8 %tmp_data_V, i1 %tmp_keep_V, i1 %tmp_strb_V, i1 %tmp_user_V, i1 %tmp_last_V, i1 %tmp_id_V, i1 %video_dest_V)" [switch_axis/switch_axis.cpp:24]   --->   Operation 75 'write' <Predicate = (!icmp_ln13)> <Delay = 0.00> <Core = "AXI4Stream">   --->   Core 5 'AXI4Stream' <Latency = 0> <II = 1> <Delay = 1.00> <Adapter> <Opcode : >
ST_4 : Operation 76 [1/1] (0.00ns)   --->   "br label %1" [switch_axis/switch_axis.cpp:16]   --->   Operation 76 'br' <Predicate = (!icmp_ln13)> <Delay = 0.00>

State 5 <SV = 2> <Delay = 0.00>
ST_5 : Operation 77 [1/1] (0.00ns)   --->   "ret void" [switch_axis/switch_axis.cpp:31]   --->   Operation 77 'ret' <Predicate = true> <Delay = 0.00>


============================================================
+ Verbose Summary: Timing violations
============================================================
Target clock period: 10ns, clock uncertainty: 1.25ns.

 <State 1>: 8.51ns
The critical path consists of the following:
	wire read on port 'vsize_in' [50]  (0 ns)
	'mul' operation ('bound') [58]  (8.51 ns)

 <State 2>: 3.75ns
The critical path consists of the following:
	'icmp' operation ('icmp_ln13', switch_axis/switch_axis.cpp:13) [63]  (2.78 ns)
	blocking operation 0.978 ns on control path)

 <State 3>: 0ns
The critical path consists of the following:

 <State 4>: 0ns
The critical path consists of the following:

 <State 5>: 0ns
The critical path consists of the following:


============================================================
+ Verbose Summary: Binding
============================================================
N/A
* FSMD analyzer results:
  - Output states:
 - Input state : 
  - Chain level:
	State 1
	State 2
	State 3
	State 4
	State 5


============================================================
+ Verbose Summary: Datapath Resource usage 
============================================================
N/A
