

================================================================
== Vivado HLS Report for 'switch_axis'
================================================================
* Date:           Sat Feb 19 21:13:13 2022

* Version:        2019.2 (Build 2704478 on Wed Nov 06 22:10:23 MST 2019)
* Project:        switch_axis
* Solution:       solution1
* Product family: zynq
* Target device:  xc7z020-clg484-1


================================================================
== Performance Estimates
================================================================
+ Timing: 
    * Summary: 
    +--------+----------+----------+------------+
    |  Clock |  Target  | Estimated| Uncertainty|
    +--------+----------+----------+------------+
    |ap_clk  | 10.00 ns | 8.510 ns |   1.25 ns  |
    +--------+----------+----------+------------+

+ Latency: 
    * Summary: 
    +---------+---------+----------+----------+-----+-----+---------+
    |  Latency (cycles) |  Latency (absolute) |  Interval | Pipeline|
    |   min   |   max   |    min   |    max   | min | max |   Type  |
    +---------+---------+----------+----------+-----+-----+---------+
    |        ?|        ?|         ?|         ?|    ?|    ?|   none  |
    +---------+---------+----------+----------+-----+-----+---------+

    + Detail: 
        * Instance: 
        N/A

        * Loop: 
        +----------+---------+---------+----------+-----------+-----------+------+----------+
        |          |  Latency (cycles) | Iteration|  Initiation Interval  | Trip |          |
        | Loop Name|   min   |   max   |  Latency |  achieved |   target  | Count| Pipelined|
        +----------+---------+---------+----------+-----------+-----------+------+----------+
        |- Loop 1  |        ?|        ?|         3|          1|          1|     ?|    yes   |
        +----------+---------+---------+----------+-----------+-----------+------+----------+

============================================================
+ Verbose Summary: Synthesis Manager
============================================================
InlineROM: 1
ExposeGlobal: 0
============================================================
+ Verbose Summary: CDFG Model
============================================================
IsTopModel: 1
ResetActiveHigh: 1
IsCombinational: 0
IsDatapathOnly: 0
HasWiredReturn: 1
HasMFsm: 0
HasVarLatency: 1
IsPipeline: 0
IsRtlPipelined: 0
IsInstanceOverlapped: 0
IsDontTouch: 0
HasImplIP: 0
IsGatedGlobalClock: 0

+ Individual pipeline summary: 
  * Pipeline-0: initiation interval (II) = 1, depth = 3


============================================================
+ Verbose Summary: Schedule
============================================================
* Number of FSM states : 5
* Pipeline : 1
  Pipeline-0 : II = 1, D = 3, States = { 2 3 4 }
* Dataflow Pipeline: 0

* FSM state transitions: 
1 --> 2 
2 --> 5 3 
3 --> 4 
4 --> 2 
5 --> 

* FSM state operations: 

State 1 <SV = 0> <Delay = 8.51>
ST_1 : Operation 6 [1/1] (0.00ns)   --->   "call void (...)* @_ssdm_op_SpecBitsMap(i1 %select_V), !map !52"   --->   Operation 6 'specbitsmap' <Predicate = true> <Delay = 0.00>
ST_1 : Operation 7 [1/1] (0.00ns)   --->   "call void (...)* @_ssdm_op_SpecBitsMap(i8* %s0_axis_video_V_data_V), !map !58"   --->   Operation 7 'specbitsmap' <Predicate = true> <Delay = 0.00>
ST_1 : Operation 8 [1/1] (0.00ns)   --->   "call void (...)* @_ssdm_op_SpecBitsMap(i1* %s0_axis_video_V_keep_V), !map !62"   --->   Operation 8 'specbitsmap' <Predicate = true> <Delay = 0.00>
ST_1 : Operation 9 [1/1] (0.00ns)   --->   "call void (...)* @_ssdm_op_SpecBitsMap(i1* %s0_axis_video_V_strb_V), !map !66"   --->   Operation 9 'specbitsmap' <Predicate = true> <Delay = 0.00>
ST_1 : Operation 10 [1/1] (0.00ns)   --->   "call void (...)* @_ssdm_op_SpecBitsMap(i1* %s0_axis_video_V_user_V), !map !70"   --->   Operation 10 'specbitsmap' <Predicate = true> <Delay = 0.00>
ST_1 : Operation 11 [1/1] (0.00ns)   --->   "call void (...)* @_ssdm_op_SpecBitsMap(i1* %s0_axis_video_V_last_V), !map !74"   --->   Operation 11 'specbitsmap' <Predicate = true> <Delay = 0.00>
ST_1 : Operation 12 [1/1] (0.00ns)   --->   "call void (...)* @_ssdm_op_SpecBitsMap(i1* %s0_axis_video_V_id_V), !map !78"   --->   Operation 12 'specbitsmap' <Predicate = true> <Delay = 0.00>
ST_1 : Operation 13 [1/1] (0.00ns)   --->   "call void (...)* @_ssdm_op_SpecBitsMap(i1* %s0_axis_video_V_dest_V), !map !82"   --->   Operation 13 'specbitsmap' <Predicate = true> <Delay = 0.00>
ST_1 : Operation 14 [1/1] (0.00ns)   --->   "call void (...)* @_ssdm_op_SpecBitsMap(i8* %s1_axis_video_V_data_V), !map !86"   --->   Operation 14 'specbitsmap' <Predicate = true> <Delay = 0.00>
ST_1 : Operation 15 [1/1] (0.00ns)   --->   "call void (...)* @_ssdm_op_SpecBitsMap(i1* %s1_axis_video_V_keep_V), !map !90"   --->   Operation 15 'specbitsmap' <Predicate = true> <Delay = 0.00>
ST_1 : Operation 16 [1/1] (0.00ns)   --->   "call void (...)* @_ssdm_op_SpecBitsMap(i1* %s1_axis_video_V_strb_V), !map !94"   --->   Operation 16 'specbitsmap' <Predicate = true> <Delay = 0.00>
ST_1 : Operation 17 [1/1] (0.00ns)   --->   "call void (...)* @_ssdm_op_SpecBitsMap(i1* %s1_axis_video_V_user_V), !map !98"   --->   Operation 17 'specbitsmap' <Predicate = true> <Delay = 0.00>
ST_1 : Operation 18 [1/1] (0.00ns)   --->   "call void (...)* @_ssdm_op_SpecBitsMap(i1* %s1_axis_video_V_last_V), !map !102"   --->   Operation 18 'specbitsmap' <Predicate = true> <Delay = 0.00>
ST_1 : Operation 19 [1/1] (0.00ns)   --->   "call void (...)* @_ssdm_op_SpecBitsMap(i1* %s1_axis_video_V_id_V), !map !106"   --->   Operation 19 'specbitsmap' <Predicate = true> <Delay = 0.00>
ST_1 : Operation 20 [1/1] (0.00ns)   --->   "call void (...)* @_ssdm_op_SpecBitsMap(i1* %s1_axis_video_V_dest_V), !map !110"   --->   Operation 20 'specbitsmap' <Predicate = true> <Delay = 0.00>
ST_1 : Operation 21 [1/1] (0.00ns)   --->   "call void (...)* @_ssdm_op_SpecBitsMap(i8* %m_axis_video_V_data_V), !map !114"   --->   Operation 21 'specbitsmap' <Predicate = true> <Delay = 0.00>
ST_1 : Operation 22 [1/1] (0.00ns)   --->   "call void (...)* @_ssdm_op_SpecBitsMap(i1* %m_axis_video_V_keep_V), !map !118"   --->   Operation 22 'specbitsmap' <Predicate = true> <Delay = 0.00>
ST_1 : Operation 23 [1/1] (0.00ns)   --->   "call void (...)* @_ssdm_op_SpecBitsMap(i1* %m_axis_video_V_strb_V), !map !122"   --->   Operation 23 'specbitsmap' <Predicate = true> <Delay = 0.00>
ST_1 : Operation 24 [1/1] (0.00ns)   --->   "call void (...)* @_ssdm_op_SpecBitsMap(i1* %m_axis_video_V_user_V), !map !126"   --->   Operation 24 'specbitsmap' <Predicate = true> <Delay = 0.00>
ST_1 : Operation 25 [1/1] (0.00ns)   --->   "call void (...)* @_ssdm_op_SpecBitsMap(i1* %m_axis_video_V_last_V), !map !130"   --->   Operation 25 'specbitsmap' <Predicate = true> <Delay = 0.00>
ST_1 : Operation 26 [1/1] (0.00ns)   --->   "call void (...)* @_ssdm_op_SpecBitsMap(i1* %m_axis_video_V_id_V), !map !134"   --->   Operation 26 'specbitsmap' <Predicate = true> <Delay = 0.00>
ST_1 : Operation 27 [1/1] (0.00ns)   --->   "call void (...)* @_ssdm_op_SpecBitsMap(i1* %m_axis_video_V_dest_V), !map !138"   --->   Operation 27 'specbitsmap' <Predicate = true> <Delay = 0.00>
ST_1 : Operation 28 [1/1] (0.00ns)   --->   "call void (...)* @_ssdm_op_SpecBitsMap(i32 %hsize_in), !map !142"   --->   Operation 28 'specbitsmap' <Predicate = true> <Delay = 0.00>
ST_1 : Operation 29 [1/1] (0.00ns)   --->   "call void (...)* @_ssdm_op_SpecBitsMap(i32 %vsize_in), !map !146"   --->   Operation 29 'specbitsmap' <Predicate = true> <Delay = 0.00>
ST_1 : Operation 30 [1/1] (0.00ns)   --->   "call void (...)* @_ssdm_op_SpecTopModule([12 x i8]* @switch_axis_str) nounwind"   --->   Operation 30 'spectopmodule' <Predicate = true> <Delay = 0.00>
ST_1 : Operation 31 [1/1] (0.00ns)   --->   "%vsize_in_read = call i32 @_ssdm_op_Read.ap_auto.i32(i32 %vsize_in)"   --->   Operation 31 'read' 'vsize_in_read' <Predicate = true> <Delay = 0.00>
ST_1 : Operation 32 [1/1] (0.00ns)   --->   "%hsize_in_read = call i32 @_ssdm_op_Read.ap_auto.i32(i32 %hsize_in)"   --->   Operation 32 'read' 'hsize_in_read' <Predicate = true> <Delay = 0.00>
ST_1 : Operation 33 [1/1] (0.00ns)   --->   "%select_V_read = call i1 @_ssdm_op_Read.ap_auto.i1(i1 %select_V)"   --->   Operation 33 'read' 'select_V_read' <Predicate = true> <Delay = 0.00>
ST_1 : Operation 34 [1/1] (0.00ns)   --->   "call void (...)* @_ssdm_op_SpecInterface(i8* %s0_axis_video_V_data_V, i1* %s0_axis_video_V_keep_V, i1* %s0_axis_video_V_strb_V, i1* %s0_axis_video_V_user_V, i1* %s0_axis_video_V_last_V, i1* %s0_axis_video_V_id_V, i1* %s0_axis_video_V_dest_V, [5 x i8]* @p_str, i32 1, i32 1, [5 x i8]* @p_str1, i32 0, i32 0, [1 x i8]* @p_str2, [1 x i8]* @p_str2, [1 x i8]* @p_str2, i32 0, i32 0, i32 0, i32 0, [1 x i8]* @p_str2, [1 x i8]* @p_str2) nounwind" [switch_axis/switch_axis.cpp:7]   --->   Operation 34 'specinterface' <Predicate = true> <Delay = 0.00>
ST_1 : Operation 35 [1/1] (0.00ns)   --->   "call void (...)* @_ssdm_op_SpecInterface(i8* %s1_axis_video_V_data_V, i1* %s1_axis_video_V_keep_V, i1* %s1_axis_video_V_strb_V, i1* %s1_axis_video_V_user_V, i1* %s1_axis_video_V_last_V, i1* %s1_axis_video_V_id_V, i1* %s1_axis_video_V_dest_V, [5 x i8]* @p_str, i32 1, i32 1, [5 x i8]* @p_str1, i32 0, i32 0, [1 x i8]* @p_str2, [1 x i8]* @p_str2, [1 x i8]* @p_str2, i32 0, i32 0, i32 0, i32 0, [1 x i8]* @p_str2, [1 x i8]* @p_str2) nounwind" [switch_axis/switch_axis.cpp:8]   --->   Operation 35 'specinterface' <Predicate = true> <Delay = 0.00>
ST_1 : Operation 36 [1/1] (0.00ns)   --->   "call void (...)* @_ssdm_op_SpecInterface(i8* %m_axis_video_V_data_V, i1* %m_axis_video_V_keep_V, i1* %m_axis_video_V_strb_V, i1* %m_axis_video_V_user_V, i1* %m_axis_video_V_last_V, i1* %m_axis_video_V_id_V, i1* %m_axis_video_V_dest_V, [5 x i8]* @p_str, i32 1, i32 1, [5 x i8]* @p_str1, i32 0, i32 0, [1 x i8]* @p_str2, [1 x i8]* @p_str2, [1 x i8]* @p_str2, i32 0, i32 0, i32 0, i32 0, [1 x i8]* @p_str2, [1 x i8]* @p_str2) nounwind" [switch_axis/switch_axis.cpp:9]   --->   Operation 36 'specinterface' <Predicate = true> <Delay = 0.00>
ST_1 : Operation 37 [1/1] (0.00ns)   --->   "%cast = zext i32 %vsize_in_read to i64"   --->   Operation 37 'zext' 'cast' <Predicate = true> <Delay = 0.00>
ST_1 : Operation 38 [1/1] (0.00ns)   --->   "%cast1 = zext i32 %hsize_in_read to i64"   --->   Operation 38 'zext' 'cast1' <Predicate = true> <Delay = 0.00>
ST_1 : Operation 39 [1/1] (8.51ns)   --->   "%bound = mul i64 %cast1, %cast"   --->   Operation 39 'mul' 'bound' <Predicate = true> <Delay = 8.51> <Core = "Mul">   --->   Core 16 'Mul' <Latency = 0> <II = 1> <Delay = 8.51> <FuncUnit> <Opcode : 'mul'> <InPorts = 2> <OutPorts = 1>
ST_1 : Operation 40 [1/1] (1.76ns)   --->   "br label %1" [switch_axis/switch_axis.cpp:13]   --->   Operation 40 'br' <Predicate = true> <Delay = 1.76>

State 2 <SV = 1> <Delay = 3.75>
ST_2 : Operation 41 [1/1] (0.00ns)   --->   "%indvar_flatten = phi i64 [ 0, %0 ], [ %add_ln13, %4 ]" [switch_axis/switch_axis.cpp:13]   --->   Operation 41 'phi' 'indvar_flatten' <Predicate = true> <Delay = 0.00>
ST_2 : Operation 42 [1/1] (0.00ns)   --->   "call void (...)* @_ssdm_op_SpecPipeline(i32 -1, i32 1, i32 1, i32 0, [1 x i8]* @p_str2) nounwind" [switch_axis/switch_axis.cpp:15]   --->   Operation 42 'specpipeline' <Predicate = true> <Delay = 0.00>
ST_2 : Operation 43 [1/1] (2.77ns)   --->   "%icmp_ln13 = icmp eq i64 %indvar_flatten, %bound" [switch_axis/switch_axis.cpp:13]   --->   Operation 43 'icmp' 'icmp_ln13' <Predicate = true> <Delay = 2.77> <Core = "Cmp">   --->   Core 25 'Cmp' <Latency = 0> <II = 1> <Delay = 2.77> <FuncUnit> <Opcode : 'icmp'> <InPorts = 2> <OutPorts = 1>
ST_2 : Operation 44 [1/1] (3.52ns)   --->   "%add_ln13 = add i64 %indvar_flatten, 1" [switch_axis/switch_axis.cpp:13]   --->   Operation 44 'add' 'add_ln13' <Predicate = true> <Delay = 3.52> <Core = "AddSub">   --->   Core 14 'AddSub' <Latency = 0> <II = 1> <Delay = 3.52> <FuncUnit> <Opcode : 'add' 'sub'> <InPorts = 2> <OutPorts = 1>
ST_2 : Operation 45 [1/1] (0.00ns)   --->   "br i1 %icmp_ln13, label %5, label %.reset" [switch_axis/switch_axis.cpp:13]   --->   Operation 45 'br' <Predicate = true> <Delay = 0.00>
ST_2 : Operation 46 [1/1] (0.00ns)   --->   "br i1 %select_V_read, label %3, label %2" [switch_axis/switch_axis.cpp:18]   --->   Operation 46 'br' <Predicate = (!icmp_ln13)> <Delay = 0.00>
ST_2 : Operation 47 [1/1] (0.00ns)   --->   "%empty = call { i8, i1, i1, i1, i1, i1, i1 } @_ssdm_op_Read.axis.volatile.i8P.i1P.i1P.i1P.i1P.i1P.i1P(i8* %s0_axis_video_V_data_V, i1* %s0_axis_video_V_keep_V, i1* %s0_axis_video_V_strb_V, i1* %s0_axis_video_V_user_V, i1* %s0_axis_video_V_last_V, i1* %s0_axis_video_V_id_V, i1* %s0_axis_video_V_dest_V)" [switch_axis/switch_axis.cpp:18]   --->   Operation 47 'read' 'empty' <Predicate = (!icmp_ln13 & !select_V_read)> <Delay = 0.00> <Core = "AXI4Stream">   --->   Core 5 'AXI4Stream' <Latency = 0> <II = 1> <Delay = 1.00> <Adapter> <Opcode : >
ST_2 : Operation 48 [1/1] (0.00ns)   --->   "%tmp_data_V_1 = extractvalue { i8, i1, i1, i1, i1, i1, i1 } %empty, 0" [switch_axis/switch_axis.cpp:18]   --->   Operation 48 'extractvalue' 'tmp_data_V_1' <Predicate = (!icmp_ln13 & !select_V_read)> <Delay = 0.00>
ST_2 : Operation 49 [1/1] (0.00ns)   --->   "%tmp_keep_V_1 = extractvalue { i8, i1, i1, i1, i1, i1, i1 } %empty, 1" [switch_axis/switch_axis.cpp:18]   --->   Operation 49 'extractvalue' 'tmp_keep_V_1' <Predicate = (!icmp_ln13 & !select_V_read)> <Delay = 0.00>
ST_2 : Operation 50 [1/1] (0.00ns)   --->   "%tmp_strb_V_1 = extractvalue { i8, i1, i1, i1, i1, i1, i1 } %empty, 2" [switch_axis/switch_axis.cpp:18]   --->   Operation 50 'extractvalue' 'tmp_strb_V_1' <Predicate = (!icmp_ln13 & !select_V_read)> <Delay = 0.00>
ST_2 : Operation 51 [1/1] (0.00ns)   --->   "%tmp_user_V_1 = extractvalue { i8, i1, i1, i1, i1, i1, i1 } %empty, 3" [switch_axis/switch_axis.cpp:18]   --->   Operation 51 'extractvalue' 'tmp_user_V_1' <Predicate = (!icmp_ln13 & !select_V_read)> <Delay = 0.00>
ST_2 : Operation 52 [1/1] (0.00ns)   --->   "%tmp_last_V_1 = extractvalue { i8, i1, i1, i1, i1, i1, i1 } %empty, 4" [switch_axis/switch_axis.cpp:18]   --->   Operation 52 'extractvalue' 'tmp_last_V_1' <Predicate = (!icmp_ln13 & !select_V_read)> <Delay = 0.00>
ST_2 : Operation 53 [1/1] (0.00ns)   --->   "%tmp_id_V_1 = extractvalue { i8, i1, i1, i1, i1, i1, i1 } %empty, 5" [switch_axis/switch_axis.cpp:18]   --->   Operation 53 'extractvalue' 'tmp_id_V_1' <Predicate = (!icmp_ln13 & !select_V_read)> <Delay = 0.00>
ST_2 : Operation 54 [1/1] (0.00ns)   --->   "%tmp_dest_V_1 = extractvalue { i8, i1, i1, i1, i1, i1, i1 } %empty, 6" [switch_axis/switch_axis.cpp:18]   --->   Operation 54 'extractvalue' 'tmp_dest_V_1' <Predicate = (!icmp_ln13 & !select_V_read)> <Delay = 0.00>
ST_2 : Operation 55 [1/1] (1.76ns)   --->   "br label %4" [switch_axis/switch_axis.cpp:18]   --->   Operation 55 'br' <Predicate = (!icmp_ln13 & !select_V_read)> <Delay = 1.76>
ST_2 : Operation 56 [1/1] (0.00ns)   --->   "%empty_2 = call { i8, i1, i1, i1, i1, i1, i1 } @_ssdm_op_Read.axis.volatile.i8P.i1P.i1P.i1P.i1P.i1P.i1P(i8* %s1_axis_video_V_data_V, i1* %s1_axis_video_V_keep_V, i1* %s1_axis_video_V_strb_V, i1* %s1_axis_video_V_user_V, i1* %s1_axis_video_V_last_V, i1* %s1_axis_video_V_id_V, i1* %s1_axis_video_V_dest_V)" [switch_axis/switch_axis.cpp:19]   --->   Operation 56 'read' 'empty_2' <Predicate = (!icmp_ln13 & select_V_read)> <Delay = 0.00> <Core = "AXI4Stream">   --->   Core 5 'AXI4Stream' <Latency = 0> <II = 1> <Delay = 1.00> <Adapter> <Opcode : >
ST_2 : Operation 57 [1/1] (0.00ns)   --->   "%tmp_data_V_2 = extractvalue { i8, i1, i1, i1, i1, i1, i1 } %empty_2, 0" [switch_axis/switch_axis.cpp:19]   --->   Operation 57 'extractvalue' 'tmp_data_V_2' <Predicate = (!icmp_ln13 & select_V_read)> <Delay = 0.00>
ST_2 : Operation 58 [1/1] (0.00ns)   --->   "%tmp_keep_V_2 = extractvalue { i8, i1, i1, i1, i1, i1, i1 } %empty_2, 1" [switch_axis/switch_axis.cpp:19]   --->   Operation 58 'extractvalue' 'tmp_keep_V_2' <Predicate = (!icmp_ln13 & select_V_read)> <Delay = 0.00>
ST_2 : Operation 59 [1/1] (0.00ns)   --->   "%tmp_strb_V_2 = extractvalue { i8, i1, i1, i1, i1, i1, i1 } %empty_2, 2" [switch_axis/switch_axis.cpp:19]   --->   Operation 59 'extractvalue' 'tmp_strb_V_2' <Predicate = (!icmp_ln13 & select_V_read)> <Delay = 0.00>
ST_2 : Operation 60 [1/1] (0.00ns)   --->   "%tmp_user_V_2 = extractvalue { i8, i1, i1, i1, i1, i1, i1 } %empty_2, 3" [switch_axis/switch_axis.cpp:19]   --->   Operation 60 'extractvalue' 'tmp_user_V_2' <Predicate = (!icmp_ln13 & select_V_read)> <Delay = 0.00>
ST_2 : Operation 61 [1/1] (0.00ns)   --->   "%tmp_last_V_2 = extractvalue { i8, i1, i1, i1, i1, i1, i1 } %empty_2, 4" [switch_axis/switch_axis.cpp:19]   --->   Operation 61 'extractvalue' 'tmp_last_V_2' <Predicate = (!icmp_ln13 & select_V_read)> <Delay = 0.00>
ST_2 : Operation 62 [1/1] (0.00ns)   --->   "%tmp_id_V_2 = extractvalue { i8, i1, i1, i1, i1, i1, i1 } %empty_2, 5" [switch_axis/switch_axis.cpp:19]   --->   Operation 62 'extractvalue' 'tmp_id_V_2' <Predicate = (!icmp_ln13 & select_V_read)> <Delay = 0.00>
ST_2 : Operation 63 [1/1] (0.00ns)   --->   "%tmp_dest_V = extractvalue { i8, i1, i1, i1, i1, i1, i1 } %empty_2, 6" [switch_axis/switch_axis.cpp:19]   --->   Operation 63 'extractvalue' 'tmp_dest_V' <Predicate = (!icmp_ln13 & select_V_read)> <Delay = 0.00>
ST_2 : Operation 64 [1/1] (1.76ns)   --->   "br label %4"   --->   Operation 64 'br' <Predicate = (!icmp_ln13 & select_V_read)> <Delay = 1.76>

State 3 <SV = 2> <Delay = 0.00>
ST_3 : Operation 65 [1/1] (0.00ns)   --->   "%tmp_id_V = phi i1 [ %tmp_id_V_2, %3 ], [ %tmp_id_V_1, %2 ]"   --->   Operation 65 'phi' 'tmp_id_V' <Predicate = (!icmp_ln13)> <Delay = 0.00>
ST_3 : Operation 66 [1/1] (0.00ns)   --->   "%tmp_last_V = phi i1 [ %tmp_last_V_2, %3 ], [ %tmp_last_V_1, %2 ]"   --->   Operation 66 'phi' 'tmp_last_V' <Predicate = (!icmp_ln13)> <Delay = 0.00>
ST_3 : Operation 67 [1/1] (0.00ns)   --->   "%tmp_user_V = phi i1 [ %tmp_user_V_2, %3 ], [ %tmp_user_V_1, %2 ]"   --->   Operation 67 'phi' 'tmp_user_V' <Predicate = (!icmp_ln13)> <Delay = 0.00>
ST_3 : Operation 68 [1/1] (0.00ns)   --->   "%tmp_strb_V = phi i1 [ %tmp_strb_V_2, %3 ], [ %tmp_strb_V_1, %2 ]"   --->   Operation 68 'phi' 'tmp_strb_V' <Predicate = (!icmp_ln13)> <Delay = 0.00>
ST_3 : Operation 69 [1/1] (0.00ns)   --->   "%tmp_keep_V = phi i1 [ %tmp_keep_V_2, %3 ], [ %tmp_keep_V_1, %2 ]"   --->   Operation 69 'phi' 'tmp_keep_V' <Predicate = (!icmp_ln13)> <Delay = 0.00>
ST_3 : Operation 70 [1/1] (0.00ns)   --->   "%tmp_data_V = phi i8 [ %tmp_data_V_2, %3 ], [ %tmp_data_V_1, %2 ]"   --->   Operation 70 'phi' 'tmp_data_V' <Predicate = (!icmp_ln13)> <Delay = 0.00>
ST_3 : Operation 71 [1/1] (0.00ns)   --->   "%video_dest_V = phi i1 [ %tmp_dest_V, %3 ], [ %tmp_dest_V_1, %2 ]"   --->   Operation 71 'phi' 'video_dest_V' <Predicate = (!icmp_ln13)> <Delay = 0.00>
ST_3 : Operation 72 [2/2] (0.00ns)   --->   "call void @_ssdm_op_Write.axis.volatile.i8P.i1P.i1P.i1P.i1P.i1P.i1P(i8* %m_axis_video_V_data_V, i1* %m_axis_video_V_keep_V, i1* %m_axis_video_V_strb_V, i1* %m_axis_video_V_user_V, i1* %m_axis_video_V_last_V, i1* %m_axis_video_V_id_V, i1* %m_axis_video_V_dest_V, i8 %tmp_data_V, i1 %tmp_keep_V, i1 %tmp_strb_V, i1 %tmp_user_V, i1 %tmp_last_V, i1 %tmp_id_V, i1 %video_dest_V)" [switch_axis/switch_axis.cpp:24]   --->   Operation 72 'write' <Predicate = (!icmp_ln13)> <Delay = 0.00> <Core = "AXI4Stream">   --->   Core 5 'AXI4Stream' <Latency = 0> <II = 1> <Delay = 1.00> <Adapter> <Opcode : >

State 4 <SV = 3> <Delay = 0.00>
ST_4 : Operation 73 [1/1] (0.00ns)   --->   "call void (...)* @_ssdm_op_SpecPipeline(i32 -1, i32 1, i32 1, i32 0, [1 x i8]* @p_str2) nounwind" [switch_axis/switch_axis.cpp:15]   --->   Operation 73 'specpipeline' <Predicate = true> <Delay = 0.00>
ST_4 : Operation 74 [1/1] (0.00ns)   --->   "call void (...)* @_ssdm_op_SpecPipeline(i32 -1, i32 1, i32 1, i32 0, [1 x i8]* @p_str2) nounwind" [switch_axis/switch_axis.cpp:15]   --->   Operation 74 'specpipeline' <Predicate = true> <Delay = 0.00>
ST_4 : Operation 75 [1/2] (0.00ns)   --->   "call void @_ssdm_op_Write.axis.volatile.i8P.i1P.i1P.i1P.i1P.i1P.i1P(i8* %m_axis_video_V_data_V, i1* %m_axis_video_V_keep_V, i1* %m_axis_video_V_strb_V, i1* %m_axis_video_V_user_V, i1* %m_axis_video_V_last_V, i1* %m_axis_video_V_id_V, i1* %m_axis_video_V_dest_V, i8 %tmp_data_V, i1 %tmp_keep_V, i1 %tmp_strb_V, i1 %tmp_user_V, i1 %tmp_last_V, i1 %tmp_id_V, i1 %video_dest_V)" [switch_axis/switch_axis.cpp:24]   --->   Operation 75 'write' <Predicate = (!icmp_ln13)> <Delay = 0.00> <Core = "AXI4Stream">   --->   Core 5 'AXI4Stream' <Latency = 0> <II = 1> <Delay = 1.00> <Adapter> <Opcode : >
ST_4 : Operation 76 [1/1] (0.00ns)   --->   "br label %1" [switch_axis/switch_axis.cpp:16]   --->   Operation 76 'br' <Predicate = (!icmp_ln13)> <Delay = 0.00>

State 5 <SV = 2> <Delay = 0.00>
ST_5 : Operation 77 [1/1] (0.00ns)   --->   "ret void" [switch_axis/switch_axis.cpp:31]   --->   Operation 77 'ret' <Predicate = true> <Delay = 0.00>


============================================================
+ Verbose Summary: Binding
============================================================
STG Binding: 
---------------- STG Properties BEGIN ----------------
- Is combinational: 0
- Is one-state seq: 0
- Is datapath-only: 0
- Is pipelined: 0
- Is top level: 1
Port [ Return ] is wired: 1; IO mode=ap_ctrl_hs:ce=0
Port [ select_V]:  wired=1; compound=0; hidden=0; nouse=0; global=0; static=0; extern=0; dir=0; type=0; pingpong=0; private_global=0; IO mode=ap_none:ce=0
Port [ s0_axis_video_V_data_V]:  wired=1; compound=1; hidden=0; nouse=0; global=0; static=0; extern=0; dir=0; type=0; pingpong=0; private_global=0; IO mode=axis:ce=0
Port [ s0_axis_video_V_keep_V]:  wired=1; compound=1; hidden=0; nouse=0; global=0; static=0; extern=0; dir=0; type=0; pingpong=0; private_global=0; IO mode=axis:ce=0
Port [ s0_axis_video_V_strb_V]:  wired=1; compound=1; hidden=0; nouse=0; global=0; static=0; extern=0; dir=0; type=0; pingpong=0; private_global=0; IO mode=axis:ce=0
Port [ s0_axis_video_V_user_V]:  wired=1; compound=1; hidden=0; nouse=0; global=0; static=0; extern=0; dir=0; type=0; pingpong=0; private_global=0; IO mode=axis:ce=0
Port [ s0_axis_video_V_last_V]:  wired=1; compound=1; hidden=0; nouse=0; global=0; static=0; extern=0; dir=0; type=0; pingpong=0; private_global=0; IO mode=axis:ce=0
Port [ s0_axis_video_V_id_V]:  wired=1; compound=1; hidden=0; nouse=0; global=0; static=0; extern=0; dir=0; type=0; pingpong=0; private_global=0; IO mode=axis:ce=0
Port [ s0_axis_video_V_dest_V]:  wired=1; compound=1; hidden=0; nouse=0; global=0; static=0; extern=0; dir=0; type=0; pingpong=0; private_global=0; IO mode=axis:ce=0
Port [ s1_axis_video_V_data_V]:  wired=1; compound=1; hidden=0; nouse=0; global=0; static=0; extern=0; dir=0; type=0; pingpong=0; private_global=0; IO mode=axis:ce=0
Port [ s1_axis_video_V_keep_V]:  wired=1; compound=1; hidden=0; nouse=0; global=0; static=0; extern=0; dir=0; type=0; pingpong=0; private_global=0; IO mode=axis:ce=0
Port [ s1_axis_video_V_strb_V]:  wired=1; compound=1; hidden=0; nouse=0; global=0; static=0; extern=0; dir=0; type=0; pingpong=0; private_global=0; IO mode=axis:ce=0
Port [ s1_axis_video_V_user_V]:  wired=1; compound=1; hidden=0; nouse=0; global=0; static=0; extern=0; dir=0; type=0; pingpong=0; private_global=0; IO mode=axis:ce=0
Port [ s1_axis_video_V_last_V]:  wired=1; compound=1; hidden=0; nouse=0; global=0; static=0; extern=0; dir=0; type=0; pingpong=0; private_global=0; IO mode=axis:ce=0
Port [ s1_axis_video_V_id_V]:  wired=1; compound=1; hidden=0; nouse=0; global=0; static=0; extern=0; dir=0; type=0; pingpong=0; private_global=0; IO mode=axis:ce=0
Port [ s1_axis_video_V_dest_V]:  wired=1; compound=1; hidden=0; nouse=0; global=0; static=0; extern=0; dir=0; type=0; pingpong=0; private_global=0; IO mode=axis:ce=0
Port [ m_axis_video_V_data_V]:  wired=1; compound=1; hidden=0; nouse=0; global=0; static=0; extern=0; dir=1; type=0; pingpong=0; private_global=0; IO mode=axis:ce=0
Port [ m_axis_video_V_keep_V]:  wired=1; compound=1; hidden=0; nouse=0; global=0; static=0; extern=0; dir=1; type=0; pingpong=0; private_global=0; IO mode=axis:ce=0
Port [ m_axis_video_V_strb_V]:  wired=1; compound=1; hidden=0; nouse=0; global=0; static=0; extern=0; dir=1; type=0; pingpong=0; private_global=0; IO mode=axis:ce=0
Port [ m_axis_video_V_user_V]:  wired=1; compound=1; hidden=0; nouse=0; global=0; static=0; extern=0; dir=1; type=0; pingpong=0; private_global=0; IO mode=axis:ce=0
Port [ m_axis_video_V_last_V]:  wired=1; compound=1; hidden=0; nouse=0; global=0; static=0; extern=0; dir=1; type=0; pingpong=0; private_global=0; IO mode=axis:ce=0
Port [ m_axis_video_V_id_V]:  wired=1; compound=1; hidden=0; nouse=0; global=0; static=0; extern=0; dir=1; type=0; pingpong=0; private_global=0; IO mode=axis:ce=0
Port [ m_axis_video_V_dest_V]:  wired=1; compound=1; hidden=0; nouse=0; global=0; static=0; extern=0; dir=1; type=0; pingpong=0; private_global=0; IO mode=axis:ce=0
Port [ hsize_in]:  wired=1; compound=0; hidden=0; nouse=0; global=0; static=0; extern=0; dir=0; type=0; pingpong=0; private_global=0; IO mode=ap_none:ce=0
Port [ vsize_in]:  wired=1; compound=0; hidden=0; nouse=0; global=0; static=0; extern=0; dir=0; type=0; pingpong=0; private_global=0; IO mode=ap_none:ce=0
---------------- STG Properties END ------------------

---------------- Datapath Model BEGIN ----------------

<LifeTime>
<method=bitvector/>
specbitsmap_ln0   (specbitsmap  ) [ 000000]
specbitsmap_ln0   (specbitsmap  ) [ 000000]
specbitsmap_ln0   (specbitsmap  ) [ 000000]
specbitsmap_ln0   (specbitsmap  ) [ 000000]
specbitsmap_ln0   (specbitsmap  ) [ 000000]
specbitsmap_ln0   (specbitsmap  ) [ 000000]
specbitsmap_ln0   (specbitsmap  ) [ 000000]
specbitsmap_ln0   (specbitsmap  ) [ 000000]
specbitsmap_ln0   (specbitsmap  ) [ 000000]
specbitsmap_ln0   (specbitsmap  ) [ 000000]
specbitsmap_ln0   (specbitsmap  ) [ 000000]
specbitsmap_ln0   (specbitsmap  ) [ 000000]
specbitsmap_ln0   (specbitsmap  ) [ 000000]
specbitsmap_ln0   (specbitsmap  ) [ 000000]
specbitsmap_ln0   (specbitsmap  ) [ 000000]
specbitsmap_ln0   (specbitsmap  ) [ 000000]
specbitsmap_ln0   (specbitsmap  ) [ 000000]
specbitsmap_ln0   (specbitsmap  ) [ 000000]
specbitsmap_ln0   (specbitsmap  ) [ 000000]
specbitsmap_ln0   (specbitsmap  ) [ 000000]
specbitsmap_ln0   (specbitsmap  ) [ 000000]
specbitsmap_ln0   (specbitsmap  ) [ 000000]
specbitsmap_ln0   (specbitsmap  ) [ 000000]
specbitsmap_ln0   (specbitsmap  ) [ 000000]
spectopmodule_ln0 (spectopmodule) [ 000000]
vsize_in_read     (read         ) [ 000000]
hsize_in_read     (read         ) [ 000000]
select_V_read     (read         ) [ 001110]
specinterface_ln7 (specinterface) [ 000000]
specinterface_ln8 (specinterface) [ 000000]
specinterface_ln9 (specinterface) [ 000000]
cast              (zext         ) [ 000000]
cast1             (zext         ) [ 000000]
bound             (mul          ) [ 001110]
br_ln13           (br           ) [ 011110]
indvar_flatten    (phi          ) [ 001000]
specpipeline_ln15 (specpipeline ) [ 000000]
icmp_ln13         (icmp         ) [ 001110]
add_ln13          (add          ) [ 011110]
br_ln13           (br           ) [ 000000]
br_ln18           (br           ) [ 000000]
empty             (read         ) [ 000000]
tmp_data_V_1      (extractvalue ) [ 001110]
tmp_keep_V_1      (extractvalue ) [ 001110]
tmp_strb_V_1      (extractvalue ) [ 001110]
tmp_user_V_1      (extractvalue ) [ 001110]
tmp_last_V_1      (extractvalue ) [ 001110]
tmp_id_V_1        (extractvalue ) [ 001110]
tmp_dest_V_1      (extractvalue ) [ 001110]
br_ln18           (br           ) [ 001110]
empty_2           (read         ) [ 000000]
tmp_data_V_2      (extractvalue ) [ 001110]
tmp_keep_V_2      (extractvalue ) [ 001110]
tmp_strb_V_2      (extractvalue ) [ 001110]
tmp_user_V_2      (extractvalue ) [ 001110]
tmp_last_V_2      (extractvalue ) [ 001110]
tmp_id_V_2        (extractvalue ) [ 001110]
tmp_dest_V        (extractvalue ) [ 001110]
br_ln0            (br           ) [ 001110]
tmp_id_V          (phi          ) [ 001110]
tmp_last_V        (phi          ) [ 001110]
tmp_user_V        (phi          ) [ 001110]
tmp_strb_V        (phi          ) [ 001110]
tmp_keep_V        (phi          ) [ 001110]
tmp_data_V        (phi          ) [ 001110]
video_dest_V      (phi          ) [ 001110]
specpipeline_ln15 (specpipeline ) [ 000000]
specpipeline_ln15 (specpipeline ) [ 000000]
write_ln24        (write        ) [ 000000]
br_ln16           (br           ) [ 011110]
ret_ln31          (ret          ) [ 000000]
</LifeTime>

<model>

<comp_list>
<comp id="0" class="1000" name="select_V">
<pin_list>
<pin id="1" dir="1" index="0" bw="1" slack="0"/>
</pin_list>
<bind>
<StgValue><ssdm name="select_V"/></StgValue>
</bind>
</comp>

<comp id="2" class="1000" name="s0_axis_video_V_data_V">
<pin_list>
<pin id="3" dir="1" index="0" bw="1" slack="0"/>
</pin_list>
<bind>
<StgValue><ssdm name="s0_axis_video_V_data_V"/></StgValue>
</bind>
</comp>

<comp id="4" class="1000" name="s0_axis_video_V_keep_V">
<pin_list>
<pin id="5" dir="1" index="0" bw="1" slack="0"/>
</pin_list>
<bind>
<StgValue><ssdm name="s0_axis_video_V_keep_V"/></StgValue>
</bind>
</comp>

<comp id="6" class="1000" name="s0_axis_video_V_strb_V">
<pin_list>
<pin id="7" dir="1" index="0" bw="1" slack="0"/>
</pin_list>
<bind>
<StgValue><ssdm name="s0_axis_video_V_strb_V"/></StgValue>
</bind>
</comp>

<comp id="8" class="1000" name="s0_axis_video_V_user_V">
<pin_list>
<pin id="9" dir="1" index="0" bw="1" slack="0"/>
</pin_list>
<bind>
<StgValue><ssdm name="s0_axis_video_V_user_V"/></StgValue>
</bind>
</comp>

<comp id="10" class="1000" name="s0_axis_video_V_last_V">
<pin_list>
<pin id="11" dir="1" index="0" bw="1" slack="0"/>
</pin_list>
<bind>
<StgValue><ssdm name="s0_axis_video_V_last_V"/></StgValue>
</bind>
</comp>

<comp id="12" class="1000" name="s0_axis_video_V_id_V">
<pin_list>
<pin id="13" dir="1" index="0" bw="1" slack="0"/>
</pin_list>
<bind>
<StgValue><ssdm name="s0_axis_video_V_id_V"/></StgValue>
</bind>
</comp>

<comp id="14" class="1000" name="s0_axis_video_V_dest_V">
<pin_list>
<pin id="15" dir="1" index="0" bw="1" slack="0"/>
</pin_list>
<bind>
<StgValue><ssdm name="s0_axis_video_V_dest_V"/></StgValue>
</bind>
</comp>

<comp id="16" class="1000" name="s1_axis_video_V_data_V">
<pin_list>
<pin id="17" dir="1" index="0" bw="1" slack="0"/>
</pin_list>
<bind>
<StgValue><ssdm name="s1_axis_video_V_data_V"/></StgValue>
</bind>
</comp>

<comp id="18" class="1000" name="s1_axis_video_V_keep_V">
<pin_list>
<pin id="19" dir="1" index="0" bw="1" slack="0"/>
</pin_list>
<bind>
<StgValue><ssdm name="s1_axis_video_V_keep_V"/></StgValue>
</bind>
</comp>

<comp id="20" class="1000" name="s1_axis_video_V_strb_V">
<pin_list>
<pin id="21" dir="1" index="0" bw="1" slack="0"/>
</pin_list>
<bind>
<StgValue><ssdm name="s1_axis_video_V_strb_V"/></StgValue>
</bind>
</comp>

<comp id="22" class="1000" name="s1_axis_video_V_user_V">
<pin_list>
<pin id="23" dir="1" index="0" bw="1" slack="0"/>
</pin_list>
<bind>
<StgValue><ssdm name="s1_axis_video_V_user_V"/></StgValue>
</bind>
</comp>

<comp id="24" class="1000" name="s1_axis_video_V_last_V">
<pin_list>
<pin id="25" dir="1" index="0" bw="1" slack="0"/>
</pin_list>
<bind>
<StgValue><ssdm name="s1_axis_video_V_last_V"/></StgValue>
</bind>
</comp>

<comp id="26" class="1000" name="s1_axis_video_V_id_V">
<pin_list>
<pin id="27" dir="1" index="0" bw="1" slack="0"/>
</pin_list>
<bind>
<StgValue><ssdm name="s1_axis_video_V_id_V"/></StgValue>
</bind>
</comp>

<comp id="28" class="1000" name="s1_axis_video_V_dest_V">
<pin_list>
<pin id="29" dir="1" index="0" bw="1" slack="0"/>
</pin_list>
<bind>
<StgValue><ssdm name="s1_axis_video_V_dest_V"/></StgValue>
</bind>
</comp>

<comp id="30" class="1000" name="m_axis_video_V_data_V">
<pin_list>
<pin id="31" dir="1" index="0" bw="1" slack="0"/>
</pin_list>
<bind>
<StgValue><ssdm name="m_axis_video_V_data_V"/></StgValue>
</bind>
</comp>

<comp id="32" class="1000" name="m_axis_video_V_keep_V">
<pin_list>
<pin id="33" dir="1" index="0" bw="1" slack="0"/>
</pin_list>
<bind>
<StgValue><ssdm name="m_axis_video_V_keep_V"/></StgValue>
</bind>
</comp>

<comp id="34" class="1000" name="m_axis_video_V_strb_V">
<pin_list>
<pin id="35" dir="1" index="0" bw="1" slack="0"/>
</pin_list>
<bind>
<StgValue><ssdm name="m_axis_video_V_strb_V"/></StgValue>
</bind>
</comp>

<comp id="36" class="1000" name="m_axis_video_V_user_V">
<pin_list>
<pin id="37" dir="1" index="0" bw="1" slack="0"/>
</pin_list>
<bind>
<StgValue><ssdm name="m_axis_video_V_user_V"/></StgValue>
</bind>
</comp>

<comp id="38" class="1000" name="m_axis_video_V_last_V">
<pin_list>
<pin id="39" dir="1" index="0" bw="1" slack="0"/>
</pin_list>
<bind>
<StgValue><ssdm name="m_axis_video_V_last_V"/></StgValue>
</bind>
</comp>

<comp id="40" class="1000" name="m_axis_video_V_id_V">
<pin_list>
<pin id="41" dir="1" index="0" bw="1" slack="0"/>
</pin_list>
<bind>
<StgValue><ssdm name="m_axis_video_V_id_V"/></StgValue>
</bind>
</comp>

<comp id="42" class="1000" name="m_axis_video_V_dest_V">
<pin_list>
<pin id="43" dir="1" index="0" bw="1" slack="0"/>
</pin_list>
<bind>
<StgValue><ssdm name="m_axis_video_V_dest_V"/></StgValue>
</bind>
</comp>

<comp id="44" class="1000" name="hsize_in">
<pin_list>
<pin id="45" dir="1" index="0" bw="1" slack="0"/>
</pin_list>
<bind>
<StgValue><ssdm name="hsize_in"/></StgValue>
</bind>
</comp>

<comp id="46" class="1000" name="vsize_in">
<pin_list>
<pin id="47" dir="1" index="0" bw="1" slack="0"/>
</pin_list>
<bind>
<StgValue><ssdm name="vsize_in"/></StgValue>
</bind>
</comp>

<comp id="48" class="1001" name="const_48">
<pin_list>
<pin id="49" dir="1" index="0" bw="1" slack="2147483647"/>
</pin_list>
<bind>
<StgValue><ssdm name="_ssdm_op_SpecBitsMap"/></StgValue>
</bind>
</comp>

<comp id="50" class="1001" name="const_50">
<pin_list>
<pin id="51" dir="1" index="0" bw="1" slack="2147483647"/>
</pin_list>
<bind>
<StgValue><ssdm name="_ssdm_op_SpecTopModule"/></StgValue>
</bind>
</comp>

<comp id="52" class="1001" name="const_52">
<pin_list>
<pin id="53" dir="1" index="0" bw="1" slack="2147483647"/>
</pin_list>
<bind>
<StgValue><ssdm name="switch_axis_str"/></StgValue>
</bind>
</comp>

<comp id="54" class="1001" name="const_54">
<pin_list>
<pin id="55" dir="1" index="0" bw="1" slack="0"/>
</pin_list>
<bind>
<StgValue><ssdm name="_ssdm_op_Read.ap_auto.i32"/></StgValue>
</bind>
</comp>

<comp id="56" class="1001" name="const_56">
<pin_list>
<pin id="57" dir="1" index="0" bw="1" slack="0"/>
</pin_list>
<bind>
<StgValue><ssdm name="_ssdm_op_Read.ap_auto.i1"/></StgValue>
</bind>
</comp>

<comp id="58" class="1001" name="const_58">
<pin_list>
<pin id="59" dir="1" index="0" bw="1" slack="2147483647"/>
</pin_list>
<bind>
<StgValue><ssdm name="_ssdm_op_SpecInterface"/></StgValue>
</bind>
</comp>

<comp id="60" class="1001" name="const_60">
<pin_list>
<pin id="61" dir="1" index="0" bw="1" slack="2147483647"/>
</pin_list>
<bind>
<StgValue><ssdm name="p_str"/></StgValue>
</bind>
</comp>

<comp id="62" class="1001" name="const_62">
<pin_list>
<pin id="63" dir="1" index="0" bw="1" slack="2147483647"/>
</pin_list>
<bind>
<StgValue><ssdm name=""/></StgValue>
</bind>
</comp>

<comp id="64" class="1001" name="const_64">
<pin_list>
<pin id="65" dir="1" index="0" bw="1" slack="2147483647"/>
</pin_list>
<bind>
<StgValue><ssdm name="p_str1"/></StgValue>
</bind>
</comp>

<comp id="66" class="1001" name="const_66">
<pin_list>
<pin id="67" dir="1" index="0" bw="1" slack="2147483647"/>
</pin_list>
<bind>
<StgValue><ssdm name=""/></StgValue>
</bind>
</comp>

<comp id="68" class="1001" name="const_68">
<pin_list>
<pin id="69" dir="1" index="0" bw="1" slack="2147483647"/>
</pin_list>
<bind>
<StgValue><ssdm name="p_str2"/></StgValue>
</bind>
</comp>

<comp id="70" class="1001" name="const_70">
<pin_list>
<pin id="71" dir="1" index="0" bw="1" slack="1"/>
</pin_list>
<bind>
<StgValue><ssdm name=""/></StgValue>
</bind>
</comp>

<comp id="72" class="1001" name="const_72">
<pin_list>
<pin id="73" dir="1" index="0" bw="1" slack="2147483647"/>
</pin_list>
<bind>
<StgValue><ssdm name="_ssdm_op_SpecPipeline"/></StgValue>
</bind>
</comp>

<comp id="74" class="1001" name="const_74">
<pin_list>
<pin id="75" dir="1" index="0" bw="1" slack="2147483647"/>
</pin_list>
<bind>
<StgValue><ssdm name=""/></StgValue>
</bind>
</comp>

<comp id="76" class="1001" name="const_76">
<pin_list>
<pin id="77" dir="1" index="0" bw="1" slack="0"/>
</pin_list>
<bind>
<StgValue><ssdm name=""/></StgValue>
</bind>
</comp>

<comp id="78" class="1001" name="const_78">
<pin_list>
<pin id="79" dir="1" index="0" bw="1" slack="0"/>
</pin_list>
<bind>
<StgValue><ssdm name="_ssdm_op_Read.axis.volatile.i8P.i1P.i1P.i1P.i1P.i1P.i1P"/></StgValue>
</bind>
</comp>

<comp id="80" class="1001" name="const_80">
<pin_list>
<pin id="81" dir="1" index="0" bw="1" slack="0"/>
</pin_list>
<bind>
<StgValue><ssdm name="_ssdm_op_Write.axis.volatile.i8P.i1P.i1P.i1P.i1P.i1P.i1P"/></StgValue>
</bind>
</comp>

<comp id="82" class="1004" name="vsize_in_read_read_fu_82">
<pin_list>
<pin id="83" dir="0" index="0" bw="32" slack="0"/>
<pin id="84" dir="0" index="1" bw="32" slack="0"/>
<pin id="85" dir="1" index="2" bw="32" slack="0"/>
</pin_list>
<bind>
<opcode="read(1150) " fcode="read"/>
<opset="vsize_in_read/1 "/>
</bind>
</comp>

<comp id="88" class="1004" name="hsize_in_read_read_fu_88">
<pin_list>
<pin id="89" dir="0" index="0" bw="32" slack="0"/>
<pin id="90" dir="0" index="1" bw="32" slack="0"/>
<pin id="91" dir="1" index="2" bw="32" slack="0"/>
</pin_list>
<bind>
<opcode="read(1150) " fcode="read"/>
<opset="hsize_in_read/1 "/>
</bind>
</comp>

<comp id="94" class="1004" name="select_V_read_read_fu_94">
<pin_list>
<pin id="95" dir="0" index="0" bw="1" slack="0"/>
<pin id="96" dir="0" index="1" bw="1" slack="0"/>
<pin id="97" dir="1" index="2" bw="1" slack="1"/>
</pin_list>
<bind>
<opcode="read(1150) " fcode="read"/>
<opset="select_V_read/1 "/>
</bind>
</comp>

<comp id="100" class="1004" name="empty_read_fu_100">
<pin_list>
<pin id="101" dir="0" index="0" bw="14" slack="0"/>
<pin id="102" dir="0" index="1" bw="8" slack="0"/>
<pin id="103" dir="0" index="2" bw="1" slack="0"/>
<pin id="104" dir="0" index="3" bw="1" slack="0"/>
<pin id="105" dir="0" index="4" bw="1" slack="0"/>
<pin id="106" dir="0" index="5" bw="1" slack="0"/>
<pin id="107" dir="0" index="6" bw="1" slack="0"/>
<pin id="108" dir="0" index="7" bw="1" slack="0"/>
<pin id="109" dir="1" index="8" bw="14" slack="0"/>
</pin_list>
<bind>
<opcode="read(1150) " fcode="read"/>
<opset="empty/2 "/>
</bind>
</comp>

<comp id="118" class="1004" name="empty_2_read_fu_118">
<pin_list>
<pin id="119" dir="0" index="0" bw="14" slack="0"/>
<pin id="120" dir="0" index="1" bw="8" slack="0"/>
<pin id="121" dir="0" index="2" bw="1" slack="0"/>
<pin id="122" dir="0" index="3" bw="1" slack="0"/>
<pin id="123" dir="0" index="4" bw="1" slack="0"/>
<pin id="124" dir="0" index="5" bw="1" slack="0"/>
<pin id="125" dir="0" index="6" bw="1" slack="0"/>
<pin id="126" dir="0" index="7" bw="1" slack="0"/>
<pin id="127" dir="1" index="8" bw="14" slack="0"/>
</pin_list>
<bind>
<opcode="read(1150) " fcode="read"/>
<opset="empty_2/2 "/>
</bind>
</comp>

<comp id="136" class="1004" name="grp_write_fu_136">
<pin_list>
<pin id="137" dir="0" index="0" bw="0" slack="0"/>
<pin id="138" dir="0" index="1" bw="8" slack="0"/>
<pin id="139" dir="0" index="2" bw="1" slack="0"/>
<pin id="140" dir="0" index="3" bw="1" slack="0"/>
<pin id="141" dir="0" index="4" bw="1" slack="0"/>
<pin id="142" dir="0" index="5" bw="1" slack="0"/>
<pin id="143" dir="0" index="6" bw="1" slack="0"/>
<pin id="144" dir="0" index="7" bw="1" slack="0"/>
<pin id="145" dir="0" index="8" bw="8" slack="0"/>
<pin id="146" dir="0" index="9" bw="1" slack="0"/>
<pin id="147" dir="0" index="10" bw="1" slack="0"/>
<pin id="148" dir="0" index="11" bw="1" slack="0"/>
<pin id="149" dir="0" index="12" bw="1" slack="0"/>
<pin id="150" dir="0" index="13" bw="1" slack="0"/>
<pin id="151" dir="0" index="14" bw="1" slack="0"/>
<pin id="152" dir="1" index="15" bw="0" slack="2147483647"/>
</pin_list>
<bind>
<opcode="write(1151) " fcode="write"/>
<opset="write_ln24/3 "/>
</bind>
</comp>

<comp id="161" class="1005" name="indvar_flatten_reg_161">
<pin_list>
<pin id="162" dir="0" index="0" bw="64" slack="1"/>
<pin id="163" dir="1" index="1" bw="64" slack="1"/>
</pin_list>
<bind>
<opset="indvar_flatten (phireg) "/>
</bind>
</comp>

<comp id="165" class="1004" name="indvar_flatten_phi_fu_165">
<pin_list>
<pin id="166" dir="0" index="0" bw="1" slack="1"/>
<pin id="167" dir="0" index="1" bw="0" slack="2147483647"/>
<pin id="168" dir="0" index="2" bw="64" slack="0"/>
<pin id="169" dir="0" index="3" bw="0" slack="2147483647"/>
<pin id="170" dir="1" index="4" bw="64" slack="0"/>
</pin_list>
<bind>
<opcode="phi(47) " fcode="phi"/>
<opset="indvar_flatten/2 "/>
</bind>
</comp>

<comp id="172" class="1005" name="tmp_id_V_reg_172">
<pin_list>
<pin id="173" dir="0" index="0" bw="1" slack="1"/>
<pin id="174" dir="1" index="1" bw="1" slack="1"/>
</pin_list>
<bind>
<opset="tmp_id_V (phireg) "/>
</bind>
</comp>

<comp id="176" class="1004" name="tmp_id_V_phi_fu_176">
<pin_list>
<pin id="177" dir="0" index="0" bw="1" slack="1"/>
<pin id="178" dir="0" index="1" bw="0" slack="2147483647"/>
<pin id="179" dir="0" index="2" bw="1" slack="1"/>
<pin id="180" dir="0" index="3" bw="0" slack="2147483647"/>
<pin id="181" dir="1" index="4" bw="1" slack="0"/>
</pin_list>
<bind>
<opcode="phi(47) " fcode="phi"/>
<opset="tmp_id_V/3 "/>
</bind>
</comp>

<comp id="184" class="1005" name="tmp_last_V_reg_184">
<pin_list>
<pin id="185" dir="0" index="0" bw="1" slack="1"/>
<pin id="186" dir="1" index="1" bw="1" slack="1"/>
</pin_list>
<bind>
<opset="tmp_last_V (phireg) "/>
</bind>
</comp>

<comp id="188" class="1004" name="tmp_last_V_phi_fu_188">
<pin_list>
<pin id="189" dir="0" index="0" bw="1" slack="1"/>
<pin id="190" dir="0" index="1" bw="0" slack="2147483647"/>
<pin id="191" dir="0" index="2" bw="1" slack="1"/>
<pin id="192" dir="0" index="3" bw="0" slack="2147483647"/>
<pin id="193" dir="1" index="4" bw="1" slack="0"/>
</pin_list>
<bind>
<opcode="phi(47) " fcode="phi"/>
<opset="tmp_last_V/3 "/>
</bind>
</comp>

<comp id="196" class="1005" name="tmp_user_V_reg_196">
<pin_list>
<pin id="197" dir="0" index="0" bw="1" slack="1"/>
<pin id="198" dir="1" index="1" bw="1" slack="1"/>
</pin_list>
<bind>
<opset="tmp_user_V (phireg) "/>
</bind>
</comp>

<comp id="200" class="1004" name="tmp_user_V_phi_fu_200">
<pin_list>
<pin id="201" dir="0" index="0" bw="1" slack="1"/>
<pin id="202" dir="0" index="1" bw="0" slack="2147483647"/>
<pin id="203" dir="0" index="2" bw="1" slack="1"/>
<pin id="204" dir="0" index="3" bw="0" slack="2147483647"/>
<pin id="205" dir="1" index="4" bw="1" slack="0"/>
</pin_list>
<bind>
<opcode="phi(47) " fcode="phi"/>
<opset="tmp_user_V/3 "/>
</bind>
</comp>

<comp id="208" class="1005" name="tmp_strb_V_reg_208">
<pin_list>
<pin id="209" dir="0" index="0" bw="1" slack="1"/>
<pin id="210" dir="1" index="1" bw="1" slack="1"/>
</pin_list>
<bind>
<opset="tmp_strb_V (phireg) "/>
</bind>
</comp>

<comp id="212" class="1004" name="tmp_strb_V_phi_fu_212">
<pin_list>
<pin id="213" dir="0" index="0" bw="1" slack="1"/>
<pin id="214" dir="0" index="1" bw="0" slack="2147483647"/>
<pin id="215" dir="0" index="2" bw="1" slack="1"/>
<pin id="216" dir="0" index="3" bw="0" slack="2147483647"/>
<pin id="217" dir="1" index="4" bw="1" slack="0"/>
</pin_list>
<bind>
<opcode="phi(47) " fcode="phi"/>
<opset="tmp_strb_V/3 "/>
</bind>
</comp>

<comp id="220" class="1005" name="tmp_keep_V_reg_220">
<pin_list>
<pin id="221" dir="0" index="0" bw="1" slack="1"/>
<pin id="222" dir="1" index="1" bw="1" slack="1"/>
</pin_list>
<bind>
<opset="tmp_keep_V (phireg) "/>
</bind>
</comp>

<comp id="224" class="1004" name="tmp_keep_V_phi_fu_224">
<pin_list>
<pin id="225" dir="0" index="0" bw="1" slack="1"/>
<pin id="226" dir="0" index="1" bw="0" slack="2147483647"/>
<pin id="227" dir="0" index="2" bw="1" slack="1"/>
<pin id="228" dir="0" index="3" bw="0" slack="2147483647"/>
<pin id="229" dir="1" index="4" bw="1" slack="0"/>
</pin_list>
<bind>
<opcode="phi(47) " fcode="phi"/>
<opset="tmp_keep_V/3 "/>
</bind>
</comp>

<comp id="232" class="1005" name="tmp_data_V_reg_232">
<pin_list>
<pin id="233" dir="0" index="0" bw="8" slack="1"/>
<pin id="234" dir="1" index="1" bw="8" slack="1"/>
</pin_list>
<bind>
<opset="tmp_data_V (phireg) "/>
</bind>
</comp>

<comp id="236" class="1004" name="tmp_data_V_phi_fu_236">
<pin_list>
<pin id="237" dir="0" index="0" bw="8" slack="1"/>
<pin id="238" dir="0" index="1" bw="0" slack="2147483647"/>
<pin id="239" dir="0" index="2" bw="8" slack="1"/>
<pin id="240" dir="0" index="3" bw="0" slack="2147483647"/>
<pin id="241" dir="1" index="4" bw="8" slack="0"/>
</pin_list>
<bind>
<opcode="phi(47) " fcode="phi"/>
<opset="tmp_data_V/3 "/>
</bind>
</comp>

<comp id="244" class="1005" name="video_dest_V_reg_244">
<pin_list>
<pin id="245" dir="0" index="0" bw="1" slack="1"/>
<pin id="246" dir="1" index="1" bw="1" slack="1"/>
</pin_list>
<bind>
<opset="video_dest_V (phireg) "/>
</bind>
</comp>

<comp id="248" class="1004" name="video_dest_V_phi_fu_248">
<pin_list>
<pin id="249" dir="0" index="0" bw="1" slack="1"/>
<pin id="250" dir="0" index="1" bw="0" slack="2147483647"/>
<pin id="251" dir="0" index="2" bw="1" slack="1"/>
<pin id="252" dir="0" index="3" bw="0" slack="2147483647"/>
<pin id="253" dir="1" index="4" bw="1" slack="0"/>
</pin_list>
<bind>
<opcode="phi(47) " fcode="phi"/>
<opset="video_dest_V/3 "/>
</bind>
</comp>

<comp id="256" class="1004" name="cast_fu_256">
<pin_list>
<pin id="257" dir="0" index="0" bw="32" slack="0"/>
<pin id="258" dir="1" index="1" bw="64" slack="0"/>
</pin_list>
<bind>
<opcode="zext(34) " fcode="zext"/>
<opset="cast/1 "/>
</bind>
</comp>

<comp id="260" class="1004" name="cast1_fu_260">
<pin_list>
<pin id="261" dir="0" index="0" bw="32" slack="0"/>
<pin id="262" dir="1" index="1" bw="64" slack="0"/>
</pin_list>
<bind>
<opcode="zext(34) " fcode="zext"/>
<opset="cast1/1 "/>
</bind>
</comp>

<comp id="264" class="1004" name="bound_fu_264">
<pin_list>
<pin id="265" dir="0" index="0" bw="32" slack="0"/>
<pin id="266" dir="0" index="1" bw="32" slack="0"/>
<pin id="267" dir="1" index="2" bw="64" slack="1"/>
</pin_list>
<bind>
<opcode="mul(12) " fcode="mul"/>
<opset="bound/1 "/>
</bind>
</comp>

<comp id="270" class="1004" name="icmp_ln13_fu_270">
<pin_list>
<pin id="271" dir="0" index="0" bw="64" slack="0"/>
<pin id="272" dir="0" index="1" bw="64" slack="1"/>
<pin id="273" dir="1" index="2" bw="1" slack="1"/>
</pin_list>
<bind>
<opcode="icmp(45) " fcode="icmp"/>
<opset="icmp_ln13/2 "/>
</bind>
</comp>

<comp id="275" class="1004" name="add_ln13_fu_275">
<pin_list>
<pin id="276" dir="0" index="0" bw="64" slack="0"/>
<pin id="277" dir="0" index="1" bw="1" slack="0"/>
<pin id="278" dir="1" index="2" bw="64" slack="0"/>
</pin_list>
<bind>
<opcode="add(8) " fcode="add"/>
<opset="add_ln13/2 "/>
</bind>
</comp>

<comp id="281" class="1004" name="tmp_data_V_1_fu_281">
<pin_list>
<pin id="282" dir="0" index="0" bw="14" slack="0"/>
<pin id="283" dir="1" index="1" bw="8" slack="1"/>
</pin_list>
<bind>
<opcode="extractvalue(56) " fcode="extractvalue"/>
<opset="tmp_data_V_1/2 "/>
</bind>
</comp>

<comp id="285" class="1004" name="tmp_keep_V_1_fu_285">
<pin_list>
<pin id="286" dir="0" index="0" bw="14" slack="0"/>
<pin id="287" dir="1" index="1" bw="1" slack="1"/>
</pin_list>
<bind>
<opcode="extractvalue(56) " fcode="extractvalue"/>
<opset="tmp_keep_V_1/2 "/>
</bind>
</comp>

<comp id="289" class="1004" name="tmp_strb_V_1_fu_289">
<pin_list>
<pin id="290" dir="0" index="0" bw="14" slack="0"/>
<pin id="291" dir="1" index="1" bw="1" slack="1"/>
</pin_list>
<bind>
<opcode="extractvalue(56) " fcode="extractvalue"/>
<opset="tmp_strb_V_1/2 "/>
</bind>
</comp>

<comp id="293" class="1004" name="tmp_user_V_1_fu_293">
<pin_list>
<pin id="294" dir="0" index="0" bw="14" slack="0"/>
<pin id="295" dir="1" index="1" bw="1" slack="1"/>
</pin_list>
<bind>
<opcode="extractvalue(56) " fcode="extractvalue"/>
<opset="tmp_user_V_1/2 "/>
</bind>
</comp>

<comp id="297" class="1004" name="tmp_last_V_1_fu_297">
<pin_list>
<pin id="298" dir="0" index="0" bw="14" slack="0"/>
<pin id="299" dir="1" index="1" bw="1" slack="1"/>
</pin_list>
<bind>
<opcode="extractvalue(56) " fcode="extractvalue"/>
<opset="tmp_last_V_1/2 "/>
</bind>
</comp>

<comp id="301" class="1004" name="tmp_id_V_1_fu_301">
<pin_list>
<pin id="302" dir="0" index="0" bw="14" slack="0"/>
<pin id="303" dir="1" index="1" bw="1" slack="1"/>
</pin_list>
<bind>
<opcode="extractvalue(56) " fcode="extractvalue"/>
<opset="tmp_id_V_1/2 "/>
</bind>
</comp>

<comp id="305" class="1004" name="tmp_dest_V_1_fu_305">
<pin_list>
<pin id="306" dir="0" index="0" bw="14" slack="0"/>
<pin id="307" dir="1" index="1" bw="1" slack="1"/>
</pin_list>
<bind>
<opcode="extractvalue(56) " fcode="extractvalue"/>
<opset="tmp_dest_V_1/2 "/>
</bind>
</comp>

<comp id="309" class="1004" name="tmp_data_V_2_fu_309">
<pin_list>
<pin id="310" dir="0" index="0" bw="14" slack="0"/>
<pin id="311" dir="1" index="1" bw="8" slack="1"/>
</pin_list>
<bind>
<opcode="extractvalue(56) " fcode="extractvalue"/>
<opset="tmp_data_V_2/2 "/>
</bind>
</comp>

<comp id="313" class="1004" name="tmp_keep_V_2_fu_313">
<pin_list>
<pin id="314" dir="0" index="0" bw="14" slack="0"/>
<pin id="315" dir="1" index="1" bw="1" slack="1"/>
</pin_list>
<bind>
<opcode="extractvalue(56) " fcode="extractvalue"/>
<opset="tmp_keep_V_2/2 "/>
</bind>
</comp>

<comp id="317" class="1004" name="tmp_strb_V_2_fu_317">
<pin_list>
<pin id="318" dir="0" index="0" bw="14" slack="0"/>
<pin id="319" dir="1" index="1" bw="1" slack="1"/>
</pin_list>
<bind>
<opcode="extractvalue(56) " fcode="extractvalue"/>
<opset="tmp_strb_V_2/2 "/>
</bind>
</comp>

<comp id="321" class="1004" name="tmp_user_V_2_fu_321">
<pin_list>
<pin id="322" dir="0" index="0" bw="14" slack="0"/>
<pin id="323" dir="1" index="1" bw="1" slack="1"/>
</pin_list>
<bind>
<opcode="extractvalue(56) " fcode="extractvalue"/>
<opset="tmp_user_V_2/2 "/>
</bind>
</comp>

<comp id="325" class="1004" name="tmp_last_V_2_fu_325">
<pin_list>
<pin id="326" dir="0" index="0" bw="14" slack="0"/>
<pin id="327" dir="1" index="1" bw="1" slack="1"/>
</pin_list>
<bind>
<opcode="extractvalue(56) " fcode="extractvalue"/>
<opset="tmp_last_V_2/2 "/>
</bind>
</comp>

<comp id="329" class="1004" name="tmp_id_V_2_fu_329">
<pin_list>
<pin id="330" dir="0" index="0" bw="14" slack="0"/>
<pin id="331" dir="1" index="1" bw="1" slack="1"/>
</pin_list>
<bind>
<opcode="extractvalue(56) " fcode="extractvalue"/>
<opset="tmp_id_V_2/2 "/>
</bind>
</comp>

<comp id="333" class="1004" name="tmp_dest_V_fu_333">
<pin_list>
<pin id="334" dir="0" index="0" bw="14" slack="0"/>
<pin id="335" dir="1" index="1" bw="1" slack="1"/>
</pin_list>
<bind>
<opcode="extractvalue(56) " fcode="extractvalue"/>
<opset="tmp_dest_V/2 "/>
</bind>
</comp>

<comp id="337" class="1005" name="select_V_read_reg_337">
<pin_list>
<pin id="338" dir="0" index="0" bw="1" slack="1"/>
<pin id="339" dir="1" index="1" bw="1" slack="2147483647"/>
</pin_list>
<bind>
<opset="select_V_read "/>
</bind>
</comp>

<comp id="341" class="1005" name="bound_reg_341">
<pin_list>
<pin id="342" dir="0" index="0" bw="64" slack="1"/>
<pin id="343" dir="1" index="1" bw="64" slack="1"/>
</pin_list>
<bind>
<opset="bound "/>
</bind>
</comp>

<comp id="346" class="1005" name="icmp_ln13_reg_346">
<pin_list>
<pin id="347" dir="0" index="0" bw="1" slack="1"/>
<pin id="348" dir="1" index="1" bw="1" slack="2147483647"/>
</pin_list>
<bind>
<opset="icmp_ln13 "/>
</bind>
</comp>

<comp id="350" class="1005" name="add_ln13_reg_350">
<pin_list>
<pin id="351" dir="0" index="0" bw="64" slack="0"/>
<pin id="352" dir="1" index="1" bw="64" slack="0"/>
</pin_list>
<bind>
<opset="add_ln13 "/>
</bind>
</comp>

<comp id="355" class="1005" name="tmp_data_V_1_reg_355">
<pin_list>
<pin id="356" dir="0" index="0" bw="8" slack="1"/>
<pin id="357" dir="1" index="1" bw="8" slack="1"/>
</pin_list>
<bind>
<opset="tmp_data_V_1 "/>
</bind>
</comp>

<comp id="360" class="1005" name="tmp_keep_V_1_reg_360">
<pin_list>
<pin id="361" dir="0" index="0" bw="1" slack="1"/>
<pin id="362" dir="1" index="1" bw="1" slack="1"/>
</pin_list>
<bind>
<opset="tmp_keep_V_1 "/>
</bind>
</comp>

<comp id="365" class="1005" name="tmp_strb_V_1_reg_365">
<pin_list>
<pin id="366" dir="0" index="0" bw="1" slack="1"/>
<pin id="367" dir="1" index="1" bw="1" slack="1"/>
</pin_list>
<bind>
<opset="tmp_strb_V_1 "/>
</bind>
</comp>

<comp id="370" class="1005" name="tmp_user_V_1_reg_370">
<pin_list>
<pin id="371" dir="0" index="0" bw="1" slack="1"/>
<pin id="372" dir="1" index="1" bw="1" slack="1"/>
</pin_list>
<bind>
<opset="tmp_user_V_1 "/>
</bind>
</comp>

<comp id="375" class="1005" name="tmp_last_V_1_reg_375">
<pin_list>
<pin id="376" dir="0" index="0" bw="1" slack="1"/>
<pin id="377" dir="1" index="1" bw="1" slack="1"/>
</pin_list>
<bind>
<opset="tmp_last_V_1 "/>
</bind>
</comp>

<comp id="380" class="1005" name="tmp_id_V_1_reg_380">
<pin_list>
<pin id="381" dir="0" index="0" bw="1" slack="1"/>
<pin id="382" dir="1" index="1" bw="1" slack="1"/>
</pin_list>
<bind>
<opset="tmp_id_V_1 "/>
</bind>
</comp>

<comp id="385" class="1005" name="tmp_dest_V_1_reg_385">
<pin_list>
<pin id="386" dir="0" index="0" bw="1" slack="1"/>
<pin id="387" dir="1" index="1" bw="1" slack="1"/>
</pin_list>
<bind>
<opset="tmp_dest_V_1 "/>
</bind>
</comp>

<comp id="390" class="1005" name="tmp_data_V_2_reg_390">
<pin_list>
<pin id="391" dir="0" index="0" bw="8" slack="1"/>
<pin id="392" dir="1" index="1" bw="8" slack="1"/>
</pin_list>
<bind>
<opset="tmp_data_V_2 "/>
</bind>
</comp>

<comp id="395" class="1005" name="tmp_keep_V_2_reg_395">
<pin_list>
<pin id="396" dir="0" index="0" bw="1" slack="1"/>
<pin id="397" dir="1" index="1" bw="1" slack="1"/>
</pin_list>
<bind>
<opset="tmp_keep_V_2 "/>
</bind>
</comp>

<comp id="400" class="1005" name="tmp_strb_V_2_reg_400">
<pin_list>
<pin id="401" dir="0" index="0" bw="1" slack="1"/>
<pin id="402" dir="1" index="1" bw="1" slack="1"/>
</pin_list>
<bind>
<opset="tmp_strb_V_2 "/>
</bind>
</comp>

<comp id="405" class="1005" name="tmp_user_V_2_reg_405">
<pin_list>
<pin id="406" dir="0" index="0" bw="1" slack="1"/>
<pin id="407" dir="1" index="1" bw="1" slack="1"/>
</pin_list>
<bind>
<opset="tmp_user_V_2 "/>
</bind>
</comp>

<comp id="410" class="1005" name="tmp_last_V_2_reg_410">
<pin_list>
<pin id="411" dir="0" index="0" bw="1" slack="1"/>
<pin id="412" dir="1" index="1" bw="1" slack="1"/>
</pin_list>
<bind>
<opset="tmp_last_V_2 "/>
</bind>
</comp>

<comp id="415" class="1005" name="tmp_id_V_2_reg_415">
<pin_list>
<pin id="416" dir="0" index="0" bw="1" slack="1"/>
<pin id="417" dir="1" index="1" bw="1" slack="1"/>
</pin_list>
<bind>
<opset="tmp_id_V_2 "/>
</bind>
</comp>

<comp id="420" class="1005" name="tmp_dest_V_reg_420">
<pin_list>
<pin id="421" dir="0" index="0" bw="1" slack="1"/>
<pin id="422" dir="1" index="1" bw="1" slack="1"/>
</pin_list>
<bind>
<opset="tmp_dest_V "/>
</bind>
</comp>

</comp_list>

<net_list>
<net id="86"><net_src comp="54" pin="0"/><net_sink comp="82" pin=0"/></net>

<net id="87"><net_src comp="46" pin="0"/><net_sink comp="82" pin=1"/></net>

<net id="92"><net_src comp="54" pin="0"/><net_sink comp="88" pin=0"/></net>

<net id="93"><net_src comp="44" pin="0"/><net_sink comp="88" pin=1"/></net>

<net id="98"><net_src comp="56" pin="0"/><net_sink comp="94" pin=0"/></net>

<net id="99"><net_src comp="0" pin="0"/><net_sink comp="94" pin=1"/></net>

<net id="110"><net_src comp="78" pin="0"/><net_sink comp="100" pin=0"/></net>

<net id="111"><net_src comp="2" pin="0"/><net_sink comp="100" pin=1"/></net>

<net id="112"><net_src comp="4" pin="0"/><net_sink comp="100" pin=2"/></net>

<net id="113"><net_src comp="6" pin="0"/><net_sink comp="100" pin=3"/></net>

<net id="114"><net_src comp="8" pin="0"/><net_sink comp="100" pin=4"/></net>

<net id="115"><net_src comp="10" pin="0"/><net_sink comp="100" pin=5"/></net>

<net id="116"><net_src comp="12" pin="0"/><net_sink comp="100" pin=6"/></net>

<net id="117"><net_src comp="14" pin="0"/><net_sink comp="100" pin=7"/></net>

<net id="128"><net_src comp="78" pin="0"/><net_sink comp="118" pin=0"/></net>

<net id="129"><net_src comp="16" pin="0"/><net_sink comp="118" pin=1"/></net>

<net id="130"><net_src comp="18" pin="0"/><net_sink comp="118" pin=2"/></net>

<net id="131"><net_src comp="20" pin="0"/><net_sink comp="118" pin=3"/></net>

<net id="132"><net_src comp="22" pin="0"/><net_sink comp="118" pin=4"/></net>

<net id="133"><net_src comp="24" pin="0"/><net_sink comp="118" pin=5"/></net>

<net id="134"><net_src comp="26" pin="0"/><net_sink comp="118" pin=6"/></net>

<net id="135"><net_src comp="28" pin="0"/><net_sink comp="118" pin=7"/></net>

<net id="153"><net_src comp="80" pin="0"/><net_sink comp="136" pin=0"/></net>

<net id="154"><net_src comp="30" pin="0"/><net_sink comp="136" pin=1"/></net>

<net id="155"><net_src comp="32" pin="0"/><net_sink comp="136" pin=2"/></net>

<net id="156"><net_src comp="34" pin="0"/><net_sink comp="136" pin=3"/></net>

<net id="157"><net_src comp="36" pin="0"/><net_sink comp="136" pin=4"/></net>

<net id="158"><net_src comp="38" pin="0"/><net_sink comp="136" pin=5"/></net>

<net id="159"><net_src comp="40" pin="0"/><net_sink comp="136" pin=6"/></net>

<net id="160"><net_src comp="42" pin="0"/><net_sink comp="136" pin=7"/></net>

<net id="164"><net_src comp="70" pin="0"/><net_sink comp="161" pin=0"/></net>

<net id="171"><net_src comp="161" pin="1"/><net_sink comp="165" pin=0"/></net>

<net id="175"><net_src comp="172" pin="1"/><net_sink comp="136" pin=13"/></net>

<net id="182"><net_src comp="176" pin="4"/><net_sink comp="136" pin=13"/></net>

<net id="183"><net_src comp="176" pin="4"/><net_sink comp="172" pin=0"/></net>

<net id="187"><net_src comp="184" pin="1"/><net_sink comp="136" pin=12"/></net>

<net id="194"><net_src comp="188" pin="4"/><net_sink comp="136" pin=12"/></net>

<net id="195"><net_src comp="188" pin="4"/><net_sink comp="184" pin=0"/></net>

<net id="199"><net_src comp="196" pin="1"/><net_sink comp="136" pin=11"/></net>

<net id="206"><net_src comp="200" pin="4"/><net_sink comp="136" pin=11"/></net>

<net id="207"><net_src comp="200" pin="4"/><net_sink comp="196" pin=0"/></net>

<net id="211"><net_src comp="208" pin="1"/><net_sink comp="136" pin=10"/></net>

<net id="218"><net_src comp="212" pin="4"/><net_sink comp="136" pin=10"/></net>

<net id="219"><net_src comp="212" pin="4"/><net_sink comp="208" pin=0"/></net>

<net id="223"><net_src comp="220" pin="1"/><net_sink comp="136" pin=9"/></net>

<net id="230"><net_src comp="224" pin="4"/><net_sink comp="136" pin=9"/></net>

<net id="231"><net_src comp="224" pin="4"/><net_sink comp="220" pin=0"/></net>

<net id="235"><net_src comp="232" pin="1"/><net_sink comp="136" pin=8"/></net>

<net id="242"><net_src comp="236" pin="4"/><net_sink comp="136" pin=8"/></net>

<net id="243"><net_src comp="236" pin="4"/><net_sink comp="232" pin=0"/></net>

<net id="247"><net_src comp="244" pin="1"/><net_sink comp="136" pin=14"/></net>

<net id="254"><net_src comp="248" pin="4"/><net_sink comp="136" pin=14"/></net>

<net id="255"><net_src comp="248" pin="4"/><net_sink comp="244" pin=0"/></net>

<net id="259"><net_src comp="82" pin="2"/><net_sink comp="256" pin=0"/></net>

<net id="263"><net_src comp="88" pin="2"/><net_sink comp="260" pin=0"/></net>

<net id="268"><net_src comp="260" pin="1"/><net_sink comp="264" pin=0"/></net>

<net id="269"><net_src comp="256" pin="1"/><net_sink comp="264" pin=1"/></net>

<net id="274"><net_src comp="165" pin="4"/><net_sink comp="270" pin=0"/></net>

<net id="279"><net_src comp="165" pin="4"/><net_sink comp="275" pin=0"/></net>

<net id="280"><net_src comp="76" pin="0"/><net_sink comp="275" pin=1"/></net>

<net id="284"><net_src comp="100" pin="8"/><net_sink comp="281" pin=0"/></net>

<net id="288"><net_src comp="100" pin="8"/><net_sink comp="285" pin=0"/></net>

<net id="292"><net_src comp="100" pin="8"/><net_sink comp="289" pin=0"/></net>

<net id="296"><net_src comp="100" pin="8"/><net_sink comp="293" pin=0"/></net>

<net id="300"><net_src comp="100" pin="8"/><net_sink comp="297" pin=0"/></net>

<net id="304"><net_src comp="100" pin="8"/><net_sink comp="301" pin=0"/></net>

<net id="308"><net_src comp="100" pin="8"/><net_sink comp="305" pin=0"/></net>

<net id="312"><net_src comp="118" pin="8"/><net_sink comp="309" pin=0"/></net>

<net id="316"><net_src comp="118" pin="8"/><net_sink comp="313" pin=0"/></net>

<net id="320"><net_src comp="118" pin="8"/><net_sink comp="317" pin=0"/></net>

<net id="324"><net_src comp="118" pin="8"/><net_sink comp="321" pin=0"/></net>

<net id="328"><net_src comp="118" pin="8"/><net_sink comp="325" pin=0"/></net>

<net id="332"><net_src comp="118" pin="8"/><net_sink comp="329" pin=0"/></net>

<net id="336"><net_src comp="118" pin="8"/><net_sink comp="333" pin=0"/></net>

<net id="340"><net_src comp="94" pin="2"/><net_sink comp="337" pin=0"/></net>

<net id="344"><net_src comp="264" pin="2"/><net_sink comp="341" pin=0"/></net>

<net id="345"><net_src comp="341" pin="1"/><net_sink comp="270" pin=1"/></net>

<net id="349"><net_src comp="270" pin="2"/><net_sink comp="346" pin=0"/></net>

<net id="353"><net_src comp="275" pin="2"/><net_sink comp="350" pin=0"/></net>

<net id="354"><net_src comp="350" pin="1"/><net_sink comp="165" pin=2"/></net>

<net id="358"><net_src comp="281" pin="1"/><net_sink comp="355" pin=0"/></net>

<net id="359"><net_src comp="355" pin="1"/><net_sink comp="236" pin=2"/></net>

<net id="363"><net_src comp="285" pin="1"/><net_sink comp="360" pin=0"/></net>

<net id="364"><net_src comp="360" pin="1"/><net_sink comp="224" pin=2"/></net>

<net id="368"><net_src comp="289" pin="1"/><net_sink comp="365" pin=0"/></net>

<net id="369"><net_src comp="365" pin="1"/><net_sink comp="212" pin=2"/></net>

<net id="373"><net_src comp="293" pin="1"/><net_sink comp="370" pin=0"/></net>

<net id="374"><net_src comp="370" pin="1"/><net_sink comp="200" pin=2"/></net>

<net id="378"><net_src comp="297" pin="1"/><net_sink comp="375" pin=0"/></net>

<net id="379"><net_src comp="375" pin="1"/><net_sink comp="188" pin=2"/></net>

<net id="383"><net_src comp="301" pin="1"/><net_sink comp="380" pin=0"/></net>

<net id="384"><net_src comp="380" pin="1"/><net_sink comp="176" pin=2"/></net>

<net id="388"><net_src comp="305" pin="1"/><net_sink comp="385" pin=0"/></net>

<net id="389"><net_src comp="385" pin="1"/><net_sink comp="248" pin=2"/></net>

<net id="393"><net_src comp="309" pin="1"/><net_sink comp="390" pin=0"/></net>

<net id="394"><net_src comp="390" pin="1"/><net_sink comp="236" pin=0"/></net>

<net id="398"><net_src comp="313" pin="1"/><net_sink comp="395" pin=0"/></net>

<net id="399"><net_src comp="395" pin="1"/><net_sink comp="224" pin=0"/></net>

<net id="403"><net_src comp="317" pin="1"/><net_sink comp="400" pin=0"/></net>

<net id="404"><net_src comp="400" pin="1"/><net_sink comp="212" pin=0"/></net>

<net id="408"><net_src comp="321" pin="1"/><net_sink comp="405" pin=0"/></net>

<net id="409"><net_src comp="405" pin="1"/><net_sink comp="200" pin=0"/></net>

<net id="413"><net_src comp="325" pin="1"/><net_sink comp="410" pin=0"/></net>

<net id="414"><net_src comp="410" pin="1"/><net_sink comp="188" pin=0"/></net>

<net id="418"><net_src comp="329" pin="1"/><net_sink comp="415" pin=0"/></net>

<net id="419"><net_src comp="415" pin="1"/><net_sink comp="176" pin=0"/></net>

<net id="423"><net_src comp="333" pin="1"/><net_sink comp="420" pin=0"/></net>

<net id="424"><net_src comp="420" pin="1"/><net_sink comp="248" pin=0"/></net>

</net_list>

</model> 
---------------- Datapath Model END ------------------

* FSMD analyzer results:
  - Output states:
	Port: m_axis_video_V_data_V | {4 }
	Port: m_axis_video_V_keep_V | {4 }
	Port: m_axis_video_V_strb_V | {4 }
	Port: m_axis_video_V_user_V | {4 }
	Port: m_axis_video_V_last_V | {4 }
	Port: m_axis_video_V_id_V | {4 }
	Port: m_axis_video_V_dest_V | {4 }
 - Input state : 
	Port: switch_axis : select_V | {1 }
	Port: switch_axis : s0_axis_video_V_data_V | {2 }
	Port: switch_axis : s0_axis_video_V_keep_V | {2 }
	Port: switch_axis : s0_axis_video_V_strb_V | {2 }
	Port: switch_axis : s0_axis_video_V_user_V | {2 }
	Port: switch_axis : s0_axis_video_V_last_V | {2 }
	Port: switch_axis : s0_axis_video_V_id_V | {2 }
	Port: switch_axis : s0_axis_video_V_dest_V | {2 }
	Port: switch_axis : s1_axis_video_V_data_V | {2 }
	Port: switch_axis : s1_axis_video_V_keep_V | {2 }
	Port: switch_axis : s1_axis_video_V_strb_V | {2 }
	Port: switch_axis : s1_axis_video_V_user_V | {2 }
	Port: switch_axis : s1_axis_video_V_last_V | {2 }
	Port: switch_axis : s1_axis_video_V_id_V | {2 }
	Port: switch_axis : s1_axis_video_V_dest_V | {2 }
	Port: switch_axis : hsize_in | {1 }
	Port: switch_axis : vsize_in | {1 }
  - Chain level:
	State 1
		bound : 1
	State 2
		icmp_ln13 : 1
		add_ln13 : 1
		br_ln13 : 2
	State 3
		write_ln24 : 1
	State 4
	State 5


============================================================
+ Verbose Summary: Datapath Resource usage 
============================================================

* Functional unit list:
|----------|--------------------------|---------|---------|---------|
| Operation|      Functional Unit     |  DSP48E |    FF   |   LUT   |
|----------|--------------------------|---------|---------|---------|
|    add   |      add_ln13_fu_275     |    0    |    0    |    71   |
|----------|--------------------------|---------|---------|---------|
|   icmp   |     icmp_ln13_fu_270     |    0    |    0    |    29   |
|----------|--------------------------|---------|---------|---------|
|    mul   |       bound_fu_264       |    4    |    0    |    20   |
|----------|--------------------------|---------|---------|---------|
|          | vsize_in_read_read_fu_82 |    0    |    0    |    0    |
|          | hsize_in_read_read_fu_88 |    0    |    0    |    0    |
|   read   | select_V_read_read_fu_94 |    0    |    0    |    0    |
|          |     empty_read_fu_100    |    0    |    0    |    0    |
|          |    empty_2_read_fu_118   |    0    |    0    |    0    |
|----------|--------------------------|---------|---------|---------|
|   write  |     grp_write_fu_136     |    0    |    0    |    0    |
|----------|--------------------------|---------|---------|---------|
|   zext   |        cast_fu_256       |    0    |    0    |    0    |
|          |       cast1_fu_260       |    0    |    0    |    0    |
|----------|--------------------------|---------|---------|---------|
|          |    tmp_data_V_1_fu_281   |    0    |    0    |    0    |
|          |    tmp_keep_V_1_fu_285   |    0    |    0    |    0    |
|          |    tmp_strb_V_1_fu_289   |    0    |    0    |    0    |
|          |    tmp_user_V_1_fu_293   |    0    |    0    |    0    |
|          |    tmp_last_V_1_fu_297   |    0    |    0    |    0    |
|          |     tmp_id_V_1_fu_301    |    0    |    0    |    0    |
|extractvalue|    tmp_dest_V_1_fu_305   |    0    |    0    |    0    |
|          |    tmp_data_V_2_fu_309   |    0    |    0    |    0    |
|          |    tmp_keep_V_2_fu_313   |    0    |    0    |    0    |
|          |    tmp_strb_V_2_fu_317   |    0    |    0    |    0    |
|          |    tmp_user_V_2_fu_321   |    0    |    0    |    0    |
|          |    tmp_last_V_2_fu_325   |    0    |    0    |    0    |
|          |     tmp_id_V_2_fu_329    |    0    |    0    |    0    |
|          |     tmp_dest_V_fu_333    |    0    |    0    |    0    |
|----------|--------------------------|---------|---------|---------|
|   Total  |                          |    4    |    0    |   120   |
|----------|--------------------------|---------|---------|---------|

Memories:
N/A

* Register list:
+----------------------+--------+
|                      |   FF   |
+----------------------+--------+
|   add_ln13_reg_350   |   64   |
|     bound_reg_341    |   64   |
|   icmp_ln13_reg_346  |    1   |
|indvar_flatten_reg_161|   64   |
| select_V_read_reg_337|    1   |
| tmp_data_V_1_reg_355 |    8   |
| tmp_data_V_2_reg_390 |    8   |
|  tmp_data_V_reg_232  |    8   |
| tmp_dest_V_1_reg_385 |    1   |
|  tmp_dest_V_reg_420  |    1   |
|  tmp_id_V_1_reg_380  |    1   |
|  tmp_id_V_2_reg_415  |    1   |
|   tmp_id_V_reg_172   |    1   |
| tmp_keep_V_1_reg_360 |    1   |
| tmp_keep_V_2_reg_395 |    1   |
|  tmp_keep_V_reg_220  |    1   |
| tmp_last_V_1_reg_375 |    1   |
| tmp_last_V_2_reg_410 |    1   |
|  tmp_last_V_reg_184  |    1   |
| tmp_strb_V_1_reg_365 |    1   |
| tmp_strb_V_2_reg_400 |    1   |
|  tmp_strb_V_reg_208  |    1   |
| tmp_user_V_1_reg_370 |    1   |
| tmp_user_V_2_reg_405 |    1   |
|  tmp_user_V_reg_196  |    1   |
| video_dest_V_reg_244 |    1   |
+----------------------+--------+
|         Total        |   236  |
+----------------------+--------+

* Multiplexer (MUX) list: 
|------------------|------|------|------|--------||---------||---------|
|       Comp       |  Pin | Size |  BW  | S x BW ||  Delay  ||   LUT   |
|------------------|------|------|------|--------||---------||---------|
| grp_write_fu_136 |  p8  |   2  |   8  |   16   ||    9    |
| grp_write_fu_136 |  p9  |   2  |   1  |    2   ||    9    |
| grp_write_fu_136 |  p10 |   2  |   1  |    2   ||    9    |
| grp_write_fu_136 |  p11 |   2  |   1  |    2   ||    9    |
| grp_write_fu_136 |  p12 |   2  |   1  |    2   ||    9    |
| grp_write_fu_136 |  p13 |   2  |   1  |    2   ||    9    |
| grp_write_fu_136 |  p14 |   2  |   1  |    2   ||    9    |
|------------------|------|------|------|--------||---------||---------|
|       Total      |      |      |      |   28   ||  12.383 ||    63   |
|------------------|------|------|------|--------||---------||---------|



* Summary:
+-----------+--------+--------+--------+--------+
|           | DSP48E |  Delay |   FF   |   LUT  |
+-----------+--------+--------+--------+--------+
|  Function |    4   |    -   |    0   |   120  |
|   Memory  |    -   |    -   |    -   |    -   |
|Multiplexer|    -   |   12   |    -   |   63   |
|  Register |    -   |    -   |   236  |    -   |
+-----------+--------+--------+--------+--------+
|   Total   |    4   |   12   |   236  |   183  |
+-----------+--------+--------+--------+--------+
