#-----------------------------------------------------------
# Vivado v2019.2 (64-bit)
# SW Build 2708876 on Wed Nov  6 21:40:23 MST 2019
# IP Build 2700528 on Thu Nov  7 00:09:20 MST 2019
# Start of session at: Wed Feb 23 12:51:09 2022
# Process ID: 32212
# Current directory: C:/formation_hls/video_vga_7511_zed/hls/mire/solution1/sim/vhdl
# Command line: vivado.exe -source open_wave.tcl
# Log file: C:/formation_hls/video_vga_7511_zed/hls/mire/solution1/sim/vhdl/vivado.log
# Journal file: C:/formation_hls/video_vga_7511_zed/hls/mire/solution1/sim/vhdl\vivado.jou
#-----------------------------------------------------------
start_gui
source open_wave.tcl
# current_fileset
INFO: [IP_Flow 19-234] Refreshing IP repositories
INFO: [IP_Flow 19-1704] No user IP repositories specified
INFO: [IP_Flow 19-2313] Loaded Vivado IP repository 'C:/Xilinx/Vivado/2019.2/data/ip'.
current_fileset: Time (s): cpu = 00:00:12 ; elapsed = 00:00:06 . Memory (MB): peak = 862.531 ; gain = 212.543
# open_wave_database mire.wdb
open_wave_config C:/formation_hls/video_vga_7511_zed/hls/mire/solution1/sim/vhdl/mire.wcfg
close_sim
INFO: [Simtcl 6-16] Simulation closed
exit
INFO: [Common 17-206] Exiting Vivado at Wed Feb 23 16:22:57 2022...
