

================================================================
== Vivado HLS Report for 'CmpS'
================================================================
* Date:           Thu Feb 24 01:30:59 2022

* Version:        2019.2 (Build 2704478 on Wed Nov 06 22:10:23 MST 2019)
* Project:        image_filter
* Solution:       solution1
* Product family: zynq
* Target device:  xc7z020-clg484-1


================================================================
== Performance Estimates
================================================================
+ Timing: 
    * Summary: 
    +--------+----------+----------+------------+
    |  Clock |  Target  | Estimated| Uncertainty|
    +--------+----------+----------+------------+
    |ap_clk  | 10.00 ns | 5.185 ns |   1.25 ns  |
    +--------+----------+----------+------------+

+ Latency: 
    * Summary: 
    +---------+---------+----------+----------+--------+--------+---------+
    |  Latency (cycles) |  Latency (absolute) |     Interval    | Pipeline|
    |   min   |   max   |    min   |    max   |   min  |   max  |   Type  |
    +---------+---------+----------+----------+--------+--------+---------+
    |   309121|   309121| 3.091 ms | 3.091 ms |  309121|  309121|   none  |
    +---------+---------+----------+----------+--------+--------+---------+

    + Detail: 
        * Instance: 
        N/A

        * Loop: 
        +---------------+---------+---------+----------+-----------+-----------+------+----------+
        |               |  Latency (cycles) | Iteration|  Initiation Interval  | Trip |          |
        |   Loop Name   |   min   |   max   |  Latency |  achieved |   target  | Count| Pipelined|
        +---------------+---------+---------+----------+-----------+-----------+------+----------+
        |- loop_height  |   309120|   309120|       644|          -|          -|   480|    no    |
        | + loop_width  |      641|      641|         3|          1|          1|   640|    yes   |
        +---------------+---------+---------+----------+-----------+-----------+------+----------+



================================================================
== Utilization Estimates
================================================================
* Summary: 
+-----------------+---------+-------+--------+-------+-----+
|       Name      | BRAM_18K| DSP48E|   FF   |  LUT  | URAM|
+-----------------+---------+-------+--------+-------+-----+
|DSP              |        -|      -|       -|      -|    -|
|Expression       |        -|      -|       0|     80|    -|
|FIFO             |        -|      -|       -|      -|    -|
|Instance         |        -|      -|       -|      -|    -|
|Memory           |        -|      -|       -|      -|    -|
|Multiplexer      |        -|      -|       -|    108|    -|
|Register         |        -|      -|      39|      -|    -|
+-----------------+---------+-------+--------+-------+-----+
|Total            |        0|      0|      39|    188|    0|
+-----------------+---------+-------+--------+-------+-----+
|Available        |      280|    220|  106400|  53200|    0|
+-----------------+---------+-------+--------+-------+-----+
|Utilization (%)  |        0|      0|   ~0   |   ~0  |    0|
+-----------------+---------+-------+--------+-------+-----+

+ Detail: 
    * Instance: 
    N/A

    * DSP48E: 
    N/A

    * Memory: 
    N/A

    * FIFO: 
    N/A

    * Expression: 
    +----------------------------------+----------+-------+---+----+------------+------------+
    |           Variable Name          | Operation| DSP48E| FF| LUT| Bitwidth P0| Bitwidth P1|
    +----------------------------------+----------+-------+---+----+------------+------------+
    |i_V_fu_179_p2                     |     +    |      0|  0|  15|           9|           1|
    |j_V_fu_191_p2                     |     +    |      0|  0|  14|          10|           1|
    |ap_block_state5_pp0_stage0_iter2  |    and   |      0|  0|   2|           1|           1|
    |icmp_ln302_fu_197_p2              |   icmp   |      0|  0|  11|           8|           8|
    |icmp_ln426_fu_173_p2              |   icmp   |      0|  0|  13|           9|           7|
    |icmp_ln427_fu_185_p2              |   icmp   |      0|  0|  13|          10|          10|
    |ap_block_pp0_stage0_01001         |    or    |      0|  0|   2|           1|           1|
    |ap_block_state1                   |    or    |      0|  0|   2|           1|           1|
    |ap_block_state4_pp0_stage0_iter1  |    or    |      0|  0|   2|           1|           1|
    |dst_data_stream_V_din             |  select  |      0|  0|   2|           1|           2|
    |ap_enable_pp0                     |    xor   |      0|  0|   2|           1|           2|
    |ap_enable_reg_pp0_iter1           |    xor   |      0|  0|   2|           2|           1|
    +----------------------------------+----------+-------+---+----+------------+------------+
    |Total                             |          |      0|  0|  80|          54|          36|
    +----------------------------------+----------+-------+---+----+------------+------------+

    * Multiplexer: 
    +---------------------------+----+-----------+-----+-----------+
    |            Name           | LUT| Input Size| Bits| Total Bits|
    +---------------------------+----+-----------+-----+-----------+
    |ap_NS_fsm                  |  27|          5|    1|          5|
    |ap_done                    |   9|          2|    1|          2|
    |ap_enable_reg_pp0_iter1    |   9|          2|    1|          2|
    |ap_enable_reg_pp0_iter2    |   9|          2|    1|          2|
    |dst_data_stream_V_blk_n    |   9|          2|    1|          2|
    |src_data_stream_0_V_blk_n  |   9|          2|    1|          2|
    |src_data_stream_1_V_blk_n  |   9|          2|    1|          2|
    |src_data_stream_2_V_blk_n  |   9|          2|    1|          2|
    |t_V_7_reg_162              |   9|          2|   10|         20|
    |t_V_reg_151                |   9|          2|    9|         18|
    +---------------------------+----+-----------+-----+-----------+
    |Total                      | 108|         23|   27|         57|
    +---------------------------+----+-----------+-----+-----------+

    * Register: 
    +----------------------------------+----+----+-----+-----------+
    |               Name               | FF | LUT| Bits| Const Bits|
    +----------------------------------+----+----+-----+-----------+
    |ap_CS_fsm                         |   4|   0|    4|          0|
    |ap_done_reg                       |   1|   0|    1|          0|
    |ap_enable_reg_pp0_iter0           |   1|   0|    1|          0|
    |ap_enable_reg_pp0_iter1           |   1|   0|    1|          0|
    |ap_enable_reg_pp0_iter2           |   1|   0|    1|          0|
    |i_V_reg_219                       |   9|   0|    9|          0|
    |icmp_ln302_reg_233                |   1|   0|    1|          0|
    |icmp_ln427_reg_224                |   1|   0|    1|          0|
    |icmp_ln427_reg_224_pp0_iter1_reg  |   1|   0|    1|          0|
    |t_V_7_reg_162                     |  10|   0|   10|          0|
    |t_V_reg_151                       |   9|   0|    9|          0|
    +----------------------------------+----+----+-----+-----------+
    |Total                             |  39|   0|   39|          0|
    +----------------------------------+----+----+-----+-----------+



================================================================
== Interface
================================================================
* Summary: 
+-----------------------------+-----+-----+------------+---------------------+--------------+
|          RTL Ports          | Dir | Bits|  Protocol  |    Source Object    |    C Type    |
+-----------------------------+-----+-----+------------+---------------------+--------------+
|ap_clk                       |  in |    1| ap_ctrl_hs |         CmpS        | return value |
|ap_rst                       |  in |    1| ap_ctrl_hs |         CmpS        | return value |
|ap_start                     |  in |    1| ap_ctrl_hs |         CmpS        | return value |
|ap_done                      | out |    1| ap_ctrl_hs |         CmpS        | return value |
|ap_continue                  |  in |    1| ap_ctrl_hs |         CmpS        | return value |
|ap_idle                      | out |    1| ap_ctrl_hs |         CmpS        | return value |
|ap_ready                     | out |    1| ap_ctrl_hs |         CmpS        | return value |
|src_data_stream_0_V_dout     |  in |    8|   ap_fifo  | src_data_stream_0_V |    pointer   |
|src_data_stream_0_V_empty_n  |  in |    1|   ap_fifo  | src_data_stream_0_V |    pointer   |
|src_data_stream_0_V_read     | out |    1|   ap_fifo  | src_data_stream_0_V |    pointer   |
|src_data_stream_1_V_dout     |  in |    8|   ap_fifo  | src_data_stream_1_V |    pointer   |
|src_data_stream_1_V_empty_n  |  in |    1|   ap_fifo  | src_data_stream_1_V |    pointer   |
|src_data_stream_1_V_read     | out |    1|   ap_fifo  | src_data_stream_1_V |    pointer   |
|src_data_stream_2_V_dout     |  in |    8|   ap_fifo  | src_data_stream_2_V |    pointer   |
|src_data_stream_2_V_empty_n  |  in |    1|   ap_fifo  | src_data_stream_2_V |    pointer   |
|src_data_stream_2_V_read     | out |    1|   ap_fifo  | src_data_stream_2_V |    pointer   |
|value_r                      |  in |    8|   ap_none  |       value_r       |    scalar    |
|dst_data_stream_V_din        | out |    8|   ap_fifo  |  dst_data_stream_V  |    pointer   |
|dst_data_stream_V_full_n     |  in |    1|   ap_fifo  |  dst_data_stream_V  |    pointer   |
|dst_data_stream_V_write      | out |    1|   ap_fifo  |  dst_data_stream_V  |    pointer   |
+-----------------------------+-----+-----+------------+---------------------+--------------+

