

================================================================
== Vivado HLS Report for 'Duplicate183'
================================================================
* Date:           Thu Feb 24 01:30:58 2022

* Version:        2019.2 (Build 2704478 on Wed Nov 06 22:10:23 MST 2019)
* Project:        image_filter
* Solution:       solution1
* Product family: zynq
* Target device:  xc7z020-clg484-1


================================================================
== Performance Estimates
================================================================
+ Timing: 
    * Summary: 
    +--------+----------+----------+------------+
    |  Clock |  Target  | Estimated| Uncertainty|
    +--------+----------+----------+------------+
    |ap_clk  | 10.00 ns | 7.268 ns |   1.25 ns  |
    +--------+----------+----------+------------+

+ Latency: 
    * Summary: 
    +---------+---------+----------+----------+--------+--------+---------+
    |  Latency (cycles) |  Latency (absolute) |     Interval    | Pipeline|
    |   min   |   max   |    min   |    max   |   min  |   max  |   Type  |
    +---------+---------+----------+----------+--------+--------+---------+
    |   308641|   308641| 3.086 ms | 3.086 ms |  308641|  308641|   none  |
    +---------+---------+----------+----------+--------+--------+---------+

    + Detail: 
        * Instance: 
        N/A

        * Loop: 
        +---------------+---------+---------+----------+-----------+-----------+------+----------+
        |               |  Latency (cycles) | Iteration|  Initiation Interval  | Trip |          |
        |   Loop Name   |   min   |   max   |  Latency |  achieved |   target  | Count| Pipelined|
        +---------------+---------+---------+----------+-----------+-----------+------+----------+
        |- loop_height  |   308640|   308640|       643|          -|          -|   480|    no    |
        | + loop_width  |      640|      640|         2|          1|          1|   640|    yes   |
        +---------------+---------+---------+----------+-----------+-----------+------+----------+



================================================================
== Utilization Estimates
================================================================
* Summary: 
+-----------------+---------+-------+--------+-------+-----+
|       Name      | BRAM_18K| DSP48E|   FF   |  LUT  | URAM|
+-----------------+---------+-------+--------+-------+-----+
|DSP              |        -|      -|       -|      -|    -|
|Expression       |        -|      -|       0|     65|    -|
|FIFO             |        -|      -|       -|      -|    -|
|Instance         |        -|      -|       -|      -|    -|
|Memory           |        -|      -|       -|      -|    -|
|Multiplexer      |        -|      -|       -|    159|    -|
|Register         |        -|      -|      37|      -|    -|
+-----------------+---------+-------+--------+-------+-----+
|Total            |        0|      0|      37|    224|    0|
+-----------------+---------+-------+--------+-------+-----+
|Available        |      280|    220|  106400|  53200|    0|
+-----------------+---------+-------+--------+-------+-----+
|Utilization (%)  |        0|      0|   ~0   |   ~0  |    0|
+-----------------+---------+-------+--------+-------+-----+

+ Detail: 
    * Instance: 
    N/A

    * DSP48E: 
    N/A

    * Memory: 
    N/A

    * FIFO: 
    N/A

    * Expression: 
    +----------------------------------+----------+-------+---+----+------------+------------+
    |           Variable Name          | Operation| DSP48E| FF| LUT| Bitwidth P0| Bitwidth P1|
    +----------------------------------+----------+-------+---+----+------------+------------+
    |i_V_fu_274_p2                     |     +    |      0|  0|  15|           9|           1|
    |j_V_fu_286_p2                     |     +    |      0|  0|  14|          10|           1|
    |ap_block_pp0_stage0_01001         |    and   |      0|  0|   2|           1|           1|
    |icmp_ln1557_fu_268_p2             |   icmp   |      0|  0|  13|           9|           7|
    |icmp_ln1558_fu_280_p2             |   icmp   |      0|  0|  13|          10|          10|
    |ap_block_state1                   |    or    |      0|  0|   2|           1|           1|
    |ap_block_state4_pp0_stage0_iter1  |    or    |      0|  0|   2|           1|           1|
    |ap_enable_pp0                     |    xor   |      0|  0|   2|           1|           2|
    |ap_enable_reg_pp0_iter1           |    xor   |      0|  0|   2|           2|           1|
    +----------------------------------+----------+-------+---+----+------------+------------+
    |Total                             |          |      0|  0|  65|          44|          25|
    +----------------------------------+----------+-------+---+----+------------+------------+

    * Multiplexer: 
    +---------------------------+----+-----------+-----+-----------+
    |            Name           | LUT| Input Size| Bits| Total Bits|
    +---------------------------+----+-----------+-----+-----------+
    |ap_NS_fsm                  |  27|          5|    1|          5|
    |ap_done                    |   9|          2|    1|          2|
    |ap_enable_reg_pp0_iter1    |  15|          3|    1|          3|
    |dst1_data_stream_V3_blk_n  |   9|          2|    1|          2|
    |dst1_data_stream_V4_blk_n  |   9|          2|    1|          2|
    |dst1_data_stream_V_blk_n   |   9|          2|    1|          2|
    |dst2_data_stream_V5_blk_n  |   9|          2|    1|          2|
    |dst2_data_stream_V6_blk_n  |   9|          2|    1|          2|
    |dst2_data_stream_V_blk_n   |   9|          2|    1|          2|
    |real_start                 |   9|          2|    1|          2|
    |src_data_stream_V1_blk_n   |   9|          2|    1|          2|
    |src_data_stream_V2_blk_n   |   9|          2|    1|          2|
    |src_data_stream_V_blk_n    |   9|          2|    1|          2|
    |t_V_5_reg_257              |   9|          2|   10|         20|
    |t_V_reg_246                |   9|          2|    9|         18|
    +---------------------------+----+-----------+-----+-----------+
    |Total                      | 159|         34|   32|         68|
    +---------------------------+----+-----------+-----+-----------+

    * Register: 
    +-------------------------+----+----+-----+-----------+
    |           Name          | FF | LUT| Bits| Const Bits|
    +-------------------------+----+----+-----+-----------+
    |ap_CS_fsm                |   4|   0|    4|          0|
    |ap_done_reg              |   1|   0|    1|          0|
    |ap_enable_reg_pp0_iter0  |   1|   0|    1|          0|
    |ap_enable_reg_pp0_iter1  |   1|   0|    1|          0|
    |i_V_reg_296              |   9|   0|    9|          0|
    |icmp_ln1558_reg_301      |   1|   0|    1|          0|
    |start_once_reg           |   1|   0|    1|          0|
    |t_V_5_reg_257            |  10|   0|   10|          0|
    |t_V_reg_246              |   9|   0|    9|          0|
    +-------------------------+----+----+-----+-----------+
    |Total                    |  37|   0|   37|          0|
    +-------------------------+----+----+-----+-----------+



================================================================
== Interface
================================================================
* Summary: 
+----------------------------+-----+-----+------------+---------------------+--------------+
|          RTL Ports         | Dir | Bits|  Protocol  |    Source Object    |    C Type    |
+----------------------------+-----+-----+------------+---------------------+--------------+
|ap_clk                      |  in |    1| ap_ctrl_hs |     Duplicate183    | return value |
|ap_rst                      |  in |    1| ap_ctrl_hs |     Duplicate183    | return value |
|ap_start                    |  in |    1| ap_ctrl_hs |     Duplicate183    | return value |
|start_full_n                |  in |    1| ap_ctrl_hs |     Duplicate183    | return value |
|ap_done                     | out |    1| ap_ctrl_hs |     Duplicate183    | return value |
|ap_continue                 |  in |    1| ap_ctrl_hs |     Duplicate183    | return value |
|ap_idle                     | out |    1| ap_ctrl_hs |     Duplicate183    | return value |
|ap_ready                    | out |    1| ap_ctrl_hs |     Duplicate183    | return value |
|start_out                   | out |    1| ap_ctrl_hs |     Duplicate183    | return value |
|start_write                 | out |    1| ap_ctrl_hs |     Duplicate183    | return value |
|src_data_stream_V_dout      |  in |    8|   ap_fifo  |  src_data_stream_V  |    pointer   |
|src_data_stream_V_empty_n   |  in |    1|   ap_fifo  |  src_data_stream_V  |    pointer   |
|src_data_stream_V_read      | out |    1|   ap_fifo  |  src_data_stream_V  |    pointer   |
|src_data_stream_V1_dout     |  in |    8|   ap_fifo  |  src_data_stream_V1 |    pointer   |
|src_data_stream_V1_empty_n  |  in |    1|   ap_fifo  |  src_data_stream_V1 |    pointer   |
|src_data_stream_V1_read     | out |    1|   ap_fifo  |  src_data_stream_V1 |    pointer   |
|src_data_stream_V2_dout     |  in |    8|   ap_fifo  |  src_data_stream_V2 |    pointer   |
|src_data_stream_V2_empty_n  |  in |    1|   ap_fifo  |  src_data_stream_V2 |    pointer   |
|src_data_stream_V2_read     | out |    1|   ap_fifo  |  src_data_stream_V2 |    pointer   |
|dst1_data_stream_V_din      | out |    8|   ap_fifo  |  dst1_data_stream_V |    pointer   |
|dst1_data_stream_V_full_n   |  in |    1|   ap_fifo  |  dst1_data_stream_V |    pointer   |
|dst1_data_stream_V_write    | out |    1|   ap_fifo  |  dst1_data_stream_V |    pointer   |
|dst1_data_stream_V3_din     | out |    8|   ap_fifo  | dst1_data_stream_V3 |    pointer   |
|dst1_data_stream_V3_full_n  |  in |    1|   ap_fifo  | dst1_data_stream_V3 |    pointer   |
|dst1_data_stream_V3_write   | out |    1|   ap_fifo  | dst1_data_stream_V3 |    pointer   |
|dst1_data_stream_V4_din     | out |    8|   ap_fifo  | dst1_data_stream_V4 |    pointer   |
|dst1_data_stream_V4_full_n  |  in |    1|   ap_fifo  | dst1_data_stream_V4 |    pointer   |
|dst1_data_stream_V4_write   | out |    1|   ap_fifo  | dst1_data_stream_V4 |    pointer   |
|dst2_data_stream_V_din      | out |    8|   ap_fifo  |  dst2_data_stream_V |    pointer   |
|dst2_data_stream_V_full_n   |  in |    1|   ap_fifo  |  dst2_data_stream_V |    pointer   |
|dst2_data_stream_V_write    | out |    1|   ap_fifo  |  dst2_data_stream_V |    pointer   |
|dst2_data_stream_V5_din     | out |    8|   ap_fifo  | dst2_data_stream_V5 |    pointer   |
|dst2_data_stream_V5_full_n  |  in |    1|   ap_fifo  | dst2_data_stream_V5 |    pointer   |
|dst2_data_stream_V5_write   | out |    1|   ap_fifo  | dst2_data_stream_V5 |    pointer   |
|dst2_data_stream_V6_din     | out |    8|   ap_fifo  | dst2_data_stream_V6 |    pointer   |
|dst2_data_stream_V6_full_n  |  in |    1|   ap_fifo  | dst2_data_stream_V6 |    pointer   |
|dst2_data_stream_V6_write   | out |    1|   ap_fifo  | dst2_data_stream_V6 |    pointer   |
+----------------------------+-----+-----+------------+---------------------+--------------+

