

================================================================
== Vivado HLS Report for 'image_filter'
================================================================
* Date:           Thu Feb 24 01:31:01 2022

* Version:        2019.2 (Build 2704478 on Wed Nov 06 22:10:23 MST 2019)
* Project:        image_filter
* Solution:       solution1
* Product family: zynq
* Target device:  xc7z020-clg484-1


================================================================
== Performance Estimates
================================================================
+ Timing: 
    * Summary: 
    +--------+----------+----------+------------+
    |  Clock |  Target  | Estimated| Uncertainty|
    +--------+----------+----------+------------+
    |ap_clk  | 10.00 ns | 9.400 ns |   1.25 ns  |
    +--------+----------+----------+------------+

+ Latency: 
    * Summary: 
    +---------+---------+----------+----------+--------+--------+----------+
    |  Latency (cycles) |  Latency (absolute) |     Interval    | Pipeline |
    |   min   |   max   |    min   |    max   |   min  |   max  |   Type   |
    +---------+---------+----------+----------+--------+--------+----------+
    |   309139|   317198| 3.091 ms | 3.172 ms |  309122|  317196| dataflow |
    +---------+---------+----------+----------+--------+--------+----------+

    + Detail: 
        * Instance: 
        +------------------+---------------+---------+---------+-----------+----------+--------+--------+---------+
        |                  |               |  Latency (cycles) |  Latency (absolute)  |     Interval    | Pipeline|
        |     Instance     |     Module    |   min   |   max   |    min    |    max   |   min  |   max  |   Type  |
        +------------------+---------------+---------+---------+-----------+----------+--------+--------+---------+
        |GaussianBlur_U0   |GaussianBlur   |      203|   317195|  2.030 us | 3.172 ms |     203|  317195|   none  |
        |AXIvideo2Mat_U0   |AXIvideo2Mat   |        3|   309603| 30.000 ns | 3.096 ms |       3|  309603|   none  |
        |Mat2AXIvideo_U0   |Mat2AXIvideo   |   309121|   309121|  3.091 ms | 3.091 ms |  309121|  309121|   none  |
        |PaintMask_U0      |PaintMask      |   309121|   309121|  3.091 ms | 3.091 ms |  309121|  309121|   none  |
        |MinMaxLoc_U0      |MinMaxLoc      |   308641|   308641|  3.086 ms | 3.086 ms |  308641|  308641|   none  |
        |CmpS_U0           |CmpS           |   309121|   309121|  3.091 ms | 3.091 ms |  309121|  309121|   none  |
        |Duplicate183_U0   |Duplicate183   |   308641|   308641|  3.086 ms | 3.086 ms |  308641|  308641|   none  |
        |Duplicate_U0      |Duplicate      |   308641|   308641|  3.086 ms | 3.086 ms |  308641|  308641|   none  |
        |Block_proc_U0     |Block_proc     |        0|        0|    0 ns   |   0 ns   |       0|       0|   none  |
        |Block_proc222_U0  |Block_proc222  |        0|        0|    0 ns   |   0 ns   |       0|       0|   none  |
        +------------------+---------------+---------+---------+-----------+----------+--------+--------+---------+

        * Loop: 
        N/A



================================================================
== Utilization Estimates
================================================================
* Summary: 
+-----------------+---------+-------+--------+-------+-----+
|       Name      | BRAM_18K| DSP48E|   FF   |  LUT  | URAM|
+-----------------+---------+-------+--------+-------+-----+
|DSP              |        -|      -|       -|      -|    -|
|Expression       |        -|      -|       0|     50|    -|
|FIFO             |        0|      -|     135|    550|    -|
|Instance         |       15|     57|    3858|   6792|    0|
|Memory           |        -|      -|       -|      -|    -|
|Multiplexer      |        -|      -|       -|     54|    -|
|Register         |        -|      -|       9|      -|    -|
+-----------------+---------+-------+--------+-------+-----+
|Total            |       15|     57|    4002|   7446|    0|
+-----------------+---------+-------+--------+-------+-----+
|Available        |      280|    220|  106400|  53200|    0|
+-----------------+---------+-------+--------+-------+-----+
|Utilization (%)  |        5|     25|       3|     13|    0|
+-----------------+---------+-------+--------+-------+-----+

+ Detail: 
    * Instance: 
    +----------------------------------+--------------------------------+---------+-------+------+------+-----+
    |             Instance             |             Module             | BRAM_18K| DSP48E|  FF  |  LUT | URAM|
    +----------------------------------+--------------------------------+---------+-------+------+------+-----+
    |AXIvideo2Mat_U0                   |AXIvideo2Mat                    |        0|      0|   325|   445|    0|
    |Block_proc_U0                     |Block_proc                      |        0|      0|     2|    29|    0|
    |Block_proc222_U0                  |Block_proc222                   |        0|      0|     2|    11|    0|
    |CmpS_U0                           |CmpS                            |        0|      0|    39|   188|    0|
    |Duplicate_U0                      |Duplicate                       |        0|      0|    37|   224|    0|
    |Duplicate183_U0                   |Duplicate183                    |        0|      0|    37|   224|    0|
    |GaussianBlur_U0                   |GaussianBlur                    |       15|     57|  3163|  4876|    0|
    |Mat2AXIvideo_U0                   |Mat2AXIvideo                    |        0|      0|    40|   192|    0|
    |MinMaxLoc_U0                      |MinMaxLoc                       |        0|      0|    44|   189|    0|
    |PaintMask_U0                      |PaintMask                       |        0|      0|    63|   246|    0|
    |image_filter_CONTROL_BUS_s_axi_U  |image_filter_CONTROL_BUS_s_axi  |        0|      0|   106|   168|    0|
    +----------------------------------+--------------------------------+---------+-------+------+------+-----+
    |Total                             |                                |       15|     57|  3858|  6792|    0|
    +----------------------------------+--------------------------------+---------+-------+------+------+-----+

    * DSP48E: 
    N/A

    * Memory: 
    N/A

    * FIFO: 
    +-------------------------+---------+---+----+-----+------+-----+---------+
    |           Name          | BRAM_18K| FF| LUT| URAM| Depth| Bits| Size:D*B|
    +-------------------------+---------+---+----+-----+------+-----+---------+
    |img_0_data_stream_0_U    |        0|  5|   0|    -|     2|    8|       16|
    |img_0_data_stream_1_U    |        0|  5|   0|    -|     2|    8|       16|
    |img_0_data_stream_2_U    |        0|  5|   0|    -|     2|    8|       16|
    |img_1_data_stream_0_U    |        0|  5|   0|    -|     2|    8|       16|
    |img_1_data_stream_1_U    |        0|  5|   0|    -|     2|    8|       16|
    |img_1_data_stream_2_U    |        0|  5|   0|    -|     2|    8|       16|
    |img_2_data_stream_0_U    |        0|  5|   0|    -|     2|    8|       16|
    |img_2_data_stream_1_U    |        0|  5|   0|    -|     2|    8|       16|
    |img_2_data_stream_2_U    |        0|  5|   0|    -|     2|    8|       16|
    |img_3_data_stream_0_U    |        0|  5|   0|    -|     2|    8|       16|
    |img_3_data_stream_1_U    |        0|  5|   0|    -|     2|    8|       16|
    |img_3_data_stream_2_U    |        0|  5|   0|    -|     2|    8|       16|
    |img_in2_data_stream_1_U  |        0|  5|   0|    -|     2|    8|       16|
    |img_in2_data_stream_2_U  |        0|  5|   0|    -|     2|    8|       16|
    |img_in2_data_stream_s_U  |        0|  5|   0|    -|     2|    8|       16|
    |img_in_cols_V_c20_U      |        0|  5|   0|    -|     2|   11|       22|
    |img_in_cols_V_c_U        |        0|  5|   0|    -|     2|   11|       22|
    |img_in_data_stream_0_U   |        0|  5|   0|    -|     2|    8|       16|
    |img_in_data_stream_1_U   |        0|  5|   0|    -|     2|    8|       16|
    |img_in_data_stream_2_U   |        0|  5|   0|    -|     2|    8|       16|
    |img_in_rows_V_c19_U      |        0|  5|   0|    -|     2|   10|       20|
    |img_in_rows_V_c_U        |        0|  5|   0|    -|     2|   10|       20|
    |img_out_data_stream_1_U  |        0|  5|   0|    -|     2|    8|       16|
    |img_out_data_stream_2_U  |        0|  5|   0|    -|     2|    8|       16|
    |img_out_data_stream_s_U  |        0|  5|   0|    -|     2|    8|       16|
    |mask_data_stream_0_s_U   |        0|  5|   0|    -|     2|    8|       16|
    |max_U                    |        0|  5|   0|    -|     2|    8|       16|
    +-------------------------+---------+---+----+-----+------+-----+---------+
    |Total                    |        0|135|   0|    0|    54|  226|      452|
    +-------------------------+---------+---+----+-----+------+-----+---------+

    * Expression: 
    +-----------------------------------+----------+-------+---+----+------------+------------+
    |           Variable Name           | Operation| DSP48E| FF| LUT| Bitwidth P0| Bitwidth P1|
    +-----------------------------------+----------+-------+---+----+------------+------------+
    |AXIvideo2Mat_U0_ap_ready_count     |     +    |      0|  0|  10|           2|           1|
    |Block_proc222_U0_ap_ready_count    |     +    |      0|  0|  10|           2|           1|
    |Block_proc_U0_ap_ready_count       |     +    |      0|  0|  10|           2|           1|
    |AXIvideo2Mat_U0_ap_start           |    and   |      0|  0|   2|           1|           1|
    |Block_proc222_U0_ap_start          |    and   |      0|  0|   2|           1|           1|
    |Block_proc_U0_ap_start             |    and   |      0|  0|   2|           1|           1|
    |Duplicate183_U0_start_full_n       |    and   |      0|  0|   2|           1|           1|
    |ap_idle                            |    and   |      0|  0|   2|           1|           1|
    |ap_sync_done                       |    and   |      0|  0|   2|           1|           1|
    |ap_sync_ready                      |    and   |      0|  0|   2|           1|           1|
    |ap_sync_AXIvideo2Mat_U0_ap_ready   |    or    |      0|  0|   2|           1|           1|
    |ap_sync_Block_proc222_U0_ap_ready  |    or    |      0|  0|   2|           1|           1|
    |ap_sync_Block_proc_U0_ap_ready     |    or    |      0|  0|   2|           1|           1|
    +-----------------------------------+----------+-------+---+----+------------+------------+
    |Total                              |          |      0|  0|  50|          16|          13|
    +-----------------------------------+----------+-------+---+----+------------+------------+

    * Multiplexer: 
    +---------------------------------------+----+-----------+-----+-----------+
    |                  Name                 | LUT| Input Size| Bits| Total Bits|
    +---------------------------------------+----+-----------+-----+-----------+
    |AXIvideo2Mat_U0_ap_ready_count         |   9|          2|    2|          4|
    |Block_proc222_U0_ap_ready_count        |   9|          2|    2|          4|
    |Block_proc_U0_ap_ready_count           |   9|          2|    2|          4|
    |ap_sync_reg_AXIvideo2Mat_U0_ap_ready   |   9|          2|    1|          2|
    |ap_sync_reg_Block_proc222_U0_ap_ready  |   9|          2|    1|          2|
    |ap_sync_reg_Block_proc_U0_ap_ready     |   9|          2|    1|          2|
    +---------------------------------------+----+-----------+-----+-----------+
    |Total                                  |  54|         12|    9|         18|
    +---------------------------------------+----+-----------+-----+-----------+

    * Register: 
    +---------------------------------------+---+----+-----+-----------+
    |                  Name                 | FF| LUT| Bits| Const Bits|
    +---------------------------------------+---+----+-----+-----------+
    |AXIvideo2Mat_U0_ap_ready_count         |  2|   0|    2|          0|
    |Block_proc222_U0_ap_ready_count        |  2|   0|    2|          0|
    |Block_proc_U0_ap_ready_count           |  2|   0|    2|          0|
    |ap_sync_reg_AXIvideo2Mat_U0_ap_ready   |  1|   0|    1|          0|
    |ap_sync_reg_Block_proc222_U0_ap_ready  |  1|   0|    1|          0|
    |ap_sync_reg_Block_proc_U0_ap_ready     |  1|   0|    1|          0|
    +---------------------------------------+---+----+-----+-----------+
    |Total                                  |  9|   0|    9|          0|
    +---------------------------------------+---+----+-----+-----------+



================================================================
== Interface
================================================================
* Summary: 
+---------------------------+-----+-----+------------+------------------------+--------------+
|         RTL Ports         | Dir | Bits|  Protocol  |      Source Object     |    C Type    |
+---------------------------+-----+-----+------------+------------------------+--------------+
|s_axi_CONTROL_BUS_AWVALID  |  in |    1|    s_axi   |       CONTROL_BUS      |    pointer   |
|s_axi_CONTROL_BUS_AWREADY  | out |    1|    s_axi   |       CONTROL_BUS      |    pointer   |
|s_axi_CONTROL_BUS_AWADDR   |  in |    6|    s_axi   |       CONTROL_BUS      |    pointer   |
|s_axi_CONTROL_BUS_WVALID   |  in |    1|    s_axi   |       CONTROL_BUS      |    pointer   |
|s_axi_CONTROL_BUS_WREADY   | out |    1|    s_axi   |       CONTROL_BUS      |    pointer   |
|s_axi_CONTROL_BUS_WDATA    |  in |   32|    s_axi   |       CONTROL_BUS      |    pointer   |
|s_axi_CONTROL_BUS_WSTRB    |  in |    4|    s_axi   |       CONTROL_BUS      |    pointer   |
|s_axi_CONTROL_BUS_ARVALID  |  in |    1|    s_axi   |       CONTROL_BUS      |    pointer   |
|s_axi_CONTROL_BUS_ARREADY  | out |    1|    s_axi   |       CONTROL_BUS      |    pointer   |
|s_axi_CONTROL_BUS_ARADDR   |  in |    6|    s_axi   |       CONTROL_BUS      |    pointer   |
|s_axi_CONTROL_BUS_RVALID   | out |    1|    s_axi   |       CONTROL_BUS      |    pointer   |
|s_axi_CONTROL_BUS_RREADY   |  in |    1|    s_axi   |       CONTROL_BUS      |    pointer   |
|s_axi_CONTROL_BUS_RDATA    | out |   32|    s_axi   |       CONTROL_BUS      |    pointer   |
|s_axi_CONTROL_BUS_RRESP    | out |    2|    s_axi   |       CONTROL_BUS      |    pointer   |
|s_axi_CONTROL_BUS_BVALID   | out |    1|    s_axi   |       CONTROL_BUS      |    pointer   |
|s_axi_CONTROL_BUS_BREADY   |  in |    1|    s_axi   |       CONTROL_BUS      |    pointer   |
|s_axi_CONTROL_BUS_BRESP    | out |    2|    s_axi   |       CONTROL_BUS      |    pointer   |
|ap_clk                     |  in |    1| ap_ctrl_hs |      image_filter      | return value |
|ap_rst_n                   |  in |    1| ap_ctrl_hs |      image_filter      | return value |
|ap_start                   |  in |    1| ap_ctrl_hs |      image_filter      | return value |
|ap_done                    | out |    1| ap_ctrl_hs |      image_filter      | return value |
|ap_ready                   | out |    1| ap_ctrl_hs |      image_filter      | return value |
|ap_idle                    | out |    1| ap_ctrl_hs |      image_filter      | return value |
|video_in_TDATA             |  in |   24|    axis    |  INPUT_STREAM_V_data_V |    pointer   |
|video_in_TKEEP             |  in |    3|    axis    |  INPUT_STREAM_V_keep_V |    pointer   |
|video_in_TSTRB             |  in |    3|    axis    |  INPUT_STREAM_V_strb_V |    pointer   |
|video_in_TUSER             |  in |    1|    axis    |  INPUT_STREAM_V_user_V |    pointer   |
|video_in_TLAST             |  in |    1|    axis    |  INPUT_STREAM_V_last_V |    pointer   |
|video_in_TID               |  in |    1|    axis    |   INPUT_STREAM_V_id_V  |    pointer   |
|video_in_TDEST             |  in |    1|    axis    |  INPUT_STREAM_V_dest_V |    pointer   |
|video_in_TVALID            |  in |    1|    axis    |  INPUT_STREAM_V_dest_V |    pointer   |
|video_in_TREADY            | out |    1|    axis    |  INPUT_STREAM_V_dest_V |    pointer   |
|video_out_TDATA            | out |   24|    axis    | OUTPUT_STREAM_V_data_V |    pointer   |
|video_out_TKEEP            | out |    3|    axis    | OUTPUT_STREAM_V_keep_V |    pointer   |
|video_out_TSTRB            | out |    3|    axis    | OUTPUT_STREAM_V_strb_V |    pointer   |
|video_out_TUSER            | out |    1|    axis    | OUTPUT_STREAM_V_user_V |    pointer   |
|video_out_TLAST            | out |    1|    axis    | OUTPUT_STREAM_V_last_V |    pointer   |
|video_out_TID              | out |    1|    axis    |  OUTPUT_STREAM_V_id_V  |    pointer   |
|video_out_TDEST            | out |    1|    axis    | OUTPUT_STREAM_V_dest_V |    pointer   |
|video_out_TVALID           | out |    1|    axis    | OUTPUT_STREAM_V_dest_V |    pointer   |
|video_out_TREADY           |  in |    1|    axis    | OUTPUT_STREAM_V_dest_V |    pointer   |
+---------------------------+-----+-----+------------+------------------------+--------------+

