

================================================================
== Vivado HLS Report for 'MinMaxLoc'
================================================================
* Date:           Thu Feb 24 01:30:59 2022

* Version:        2019.2 (Build 2704478 on Wed Nov 06 22:10:23 MST 2019)
* Project:        image_filter
* Solution:       solution1
* Product family: zynq
* Target device:  xc7z020-clg484-1


================================================================
== Performance Estimates
================================================================
+ Timing: 
    * Summary: 
    +--------+----------+----------+------------+
    |  Clock |  Target  | Estimated| Uncertainty|
    +--------+----------+----------+------------+
    |ap_clk  | 10.00 ns | 8.202 ns |   1.25 ns  |
    +--------+----------+----------+------------+

+ Latency: 
    * Summary: 
    +---------+---------+----------+----------+--------+--------+---------+
    |  Latency (cycles) |  Latency (absolute) |     Interval    | Pipeline|
    |   min   |   max   |    min   |    max   |   min  |   max  |   Type  |
    +---------+---------+----------+----------+--------+--------+---------+
    |   308641|   308641| 3.086 ms | 3.086 ms |  308641|  308641|   none  |
    +---------+---------+----------+----------+--------+--------+---------+

    + Detail: 
        * Instance: 
        N/A

        * Loop: 
        +---------------+---------+---------+----------+-----------+-----------+------+----------+
        |               |  Latency (cycles) | Iteration|  Initiation Interval  | Trip |          |
        |   Loop Name   |   min   |   max   |  Latency |  achieved |   target  | Count| Pipelined|
        +---------------+---------+---------+----------+-----------+-----------+------+----------+
        |- loop_height  |   308640|   308640|       643|          -|          -|   480|    no    |
        | + loop_width  |      640|      640|         2|          1|          1|   640|    yes   |
        +---------------+---------+---------+----------+-----------+-----------+------+----------+



================================================================
== Utilization Estimates
================================================================
* Summary: 
+-----------------+---------+-------+--------+-------+-----+
|       Name      | BRAM_18K| DSP48E|   FF   |  LUT  | URAM|
+-----------------+---------+-------+--------+-------+-----+
|DSP              |        -|      -|       -|      -|    -|
|Expression       |        -|      -|       0|     84|    -|
|FIFO             |        -|      -|       -|      -|    -|
|Instance         |        -|      -|       -|      -|    -|
|Memory           |        -|      -|       -|      -|    -|
|Multiplexer      |        -|      -|       -|    105|    -|
|Register         |        -|      -|      44|      -|    -|
+-----------------+---------+-------+--------+-------+-----+
|Total            |        0|      0|      44|    189|    0|
+-----------------+---------+-------+--------+-------+-----+
|Available        |      280|    220|  106400|  53200|    0|
+-----------------+---------+-------+--------+-------+-----+
|Utilization (%)  |        0|      0|   ~0   |   ~0  |    0|
+-----------------+---------+-------+--------+-------+-----+

+ Detail: 
    * Instance: 
    N/A

    * DSP48E: 
    N/A

    * Memory: 
    N/A

    * FIFO: 
    N/A

    * Expression: 
    +----------------------------------+----------+-------+---+----+------------+------------+
    |           Variable Name          | Operation| DSP48E| FF| LUT| Bitwidth P0| Bitwidth P1|
    +----------------------------------+----------+-------+---+----+------------+------------+
    |i_V_fu_152_p2                     |     +    |      0|  0|  15|           9|           1|
    |j_V_fu_164_p2                     |     +    |      0|  0|  14|          10|           1|
    |ap_block_pp0_stage0_11001         |    and   |      0|  0|   2|           1|           1|
    |icmp_ln1232_fu_146_p2             |   icmp   |      0|  0|  13|           9|           7|
    |icmp_ln1233_fu_158_p2             |   icmp   |      0|  0|  13|          10|          10|
    |icmp_ln1242_fu_170_p2             |   icmp   |      0|  0|  11|           8|           8|
    |ap_block_state1                   |    or    |      0|  0|   2|           1|           1|
    |ap_block_state4_pp0_stage0_iter1  |    or    |      0|  0|   2|           1|           1|
    |p_min_val_fu_176_p3               |  select  |      0|  0|   8|           1|           8|
    |ap_enable_pp0                     |    xor   |      0|  0|   2|           1|           2|
    |ap_enable_reg_pp0_iter1           |    xor   |      0|  0|   2|           2|           1|
    +----------------------------------+----------+-------+---+----+------------+------------+
    |Total                             |          |      0|  0|  84|          53|          41|
    +----------------------------------+----------+-------+---+----+------------+------------+

    * Multiplexer: 
    +---------------------------+----+-----------+-----+-----------+
    |            Name           | LUT| Input Size| Bits| Total Bits|
    +---------------------------+----+-----------+-----+-----------+
    |ap_NS_fsm                  |  27|          5|    1|          5|
    |ap_done                    |   9|          2|    1|          2|
    |ap_enable_reg_pp0_iter1    |  15|          3|    1|          3|
    |ret_V_fu_94                |   9|          2|    8|         16|
    |src_data_stream_0_V_blk_n  |   9|          2|    1|          2|
    |src_data_stream_1_V_blk_n  |   9|          2|    1|          2|
    |src_data_stream_2_V_blk_n  |   9|          2|    1|          2|
    |t_V_2_reg_127              |   9|          2|   10|         20|
    |t_V_reg_116                |   9|          2|    9|         18|
    +---------------------------+----+-----------+-----+-----------+
    |Total                      | 105|         22|   33|         70|
    +---------------------------+----+-----------+-----+-----------+

    * Register: 
    +-------------------------+----+----+-----+-----------+
    |           Name          | FF | LUT| Bits| Const Bits|
    +-------------------------+----+----+-----+-----------+
    |ap_CS_fsm                |   4|   0|    4|          0|
    |ap_done_reg              |   1|   0|    1|          0|
    |ap_enable_reg_pp0_iter0  |   1|   0|    1|          0|
    |ap_enable_reg_pp0_iter1  |   1|   0|    1|          0|
    |i_V_reg_200              |   9|   0|    9|          0|
    |icmp_ln1233_reg_205      |   1|   0|    1|          0|
    |ret_V_fu_94              |   8|   0|    8|          0|
    |t_V_2_reg_127            |  10|   0|   10|          0|
    |t_V_reg_116              |   9|   0|    9|          0|
    +-------------------------+----+----+-----+-----------+
    |Total                    |  44|   0|   44|          0|
    +-------------------------+----+----+-----+-----------+



================================================================
== Interface
================================================================
* Summary: 
+-----------------------------+-----+-----+------------+---------------------+--------------+
|          RTL Ports          | Dir | Bits|  Protocol  |    Source Object    |    C Type    |
+-----------------------------+-----+-----+------------+---------------------+--------------+
|ap_clk                       |  in |    1| ap_ctrl_hs |      MinMaxLoc      | return value |
|ap_rst                       |  in |    1| ap_ctrl_hs |      MinMaxLoc      | return value |
|ap_start                     |  in |    1| ap_ctrl_hs |      MinMaxLoc      | return value |
|ap_done                      | out |    1| ap_ctrl_hs |      MinMaxLoc      | return value |
|ap_continue                  |  in |    1| ap_ctrl_hs |      MinMaxLoc      | return value |
|ap_idle                      | out |    1| ap_ctrl_hs |      MinMaxLoc      | return value |
|ap_ready                     | out |    1| ap_ctrl_hs |      MinMaxLoc      | return value |
|ap_return                    | out |    8| ap_ctrl_hs |      MinMaxLoc      | return value |
|src_data_stream_0_V_dout     |  in |    8|   ap_fifo  | src_data_stream_0_V |    pointer   |
|src_data_stream_0_V_empty_n  |  in |    1|   ap_fifo  | src_data_stream_0_V |    pointer   |
|src_data_stream_0_V_read     | out |    1|   ap_fifo  | src_data_stream_0_V |    pointer   |
|src_data_stream_1_V_dout     |  in |    8|   ap_fifo  | src_data_stream_1_V |    pointer   |
|src_data_stream_1_V_empty_n  |  in |    1|   ap_fifo  | src_data_stream_1_V |    pointer   |
|src_data_stream_1_V_read     | out |    1|   ap_fifo  | src_data_stream_1_V |    pointer   |
|src_data_stream_2_V_dout     |  in |    8|   ap_fifo  | src_data_stream_2_V |    pointer   |
|src_data_stream_2_V_empty_n  |  in |    1|   ap_fifo  | src_data_stream_2_V |    pointer   |
|src_data_stream_2_V_read     | out |    1|   ap_fifo  | src_data_stream_2_V |    pointer   |
+-----------------------------+-----+-----+------------+---------------------+--------------+

