

================================================================
== Vivado HLS Report for 'Filter2D'
================================================================
* Date:           Tue Feb 22 14:12:58 2022

* Version:        2019.2 (Build 2704478 on Wed Nov 06 22:10:23 MST 2019)
* Project:        sobel
* Solution:       solution1
* Product family: zynq
* Target device:  xc7z020-clg484-1


================================================================
== Performance Estimates
================================================================
+ Timing: 
    * Summary: 
    +--------+----------+----------+------------+
    |  Clock |  Target  | Estimated| Uncertainty|
    +--------+----------+----------+------------+
    |ap_clk  | 10.00 ns | 8.625 ns |   1.25 ns  |
    +--------+----------+----------+------------+

+ Latency: 
    * Summary: 
    +---------+---------+----------+----------+-----+--------+---------+
    |  Latency (cycles) |  Latency (absolute) |   Interval   | Pipeline|
    |   min   |   max   |    min   |    max   | min |   max  |   Type  |
    +---------+---------+----------+----------+-----+--------+---------+
    |      154|   313468| 1.540 us | 3.135 ms |  154|  313468|   none  |
    +---------+---------+----------+----------+-----+--------+---------+

    + Detail: 
        * Instance: 
        N/A

        * Loop: 
        +---------------+---------+---------+----------+-----------+-----------+----------+----------+
        |               |  Latency (cycles) | Iteration|  Initiation Interval  |   Trip   |          |
        |   Loop Name   |   min   |   max   |  Latency |  achieved |   target  |   Count  | Pipelined|
        +---------------+---------+---------+----------+-----------+-----------+----------+----------+
        |- loop_height  |      153|   313467| 17 ~ 649 |          -|          -|  9 ~ 483 |    no    |
        | + loop_width  |       13|      645|         5|          1|          1| 10 ~ 642 |    yes   |
        +---------------+---------+---------+----------+-----------+-----------+----------+----------+



================================================================
== Utilization Estimates
================================================================
* Summary: 
+-----------------+---------+-------+--------+-------+-----+
|       Name      | BRAM_18K| DSP48E|   FF   |  LUT  | URAM|
+-----------------+---------+-------+--------+-------+-----+
|DSP              |        -|      -|       -|      -|    -|
|Expression       |        -|      -|       0|   1869|    -|
|FIFO             |        -|      -|       -|      -|    -|
|Instance         |        -|      -|       0|     90|    -|
|Memory           |        3|      -|       0|      0|    0|
|Multiplexer      |        -|      -|       -|     96|    -|
|Register         |        0|      -|     746|     64|    -|
+-----------------+---------+-------+--------+-------+-----+
|Total            |        3|      0|     746|   2119|    0|
+-----------------+---------+-------+--------+-------+-----+
|Available        |      280|    220|  106400|  53200|    0|
+-----------------+---------+-------+--------+-------+-----+
|Utilization (%)  |        1|      0|   ~0   |      3|    0|
+-----------------+---------+-------+--------+-------+-----+

+ Detail: 
    * Instance: 
    +------------------------+--------------------+---------+-------+---+----+-----+
    |        Instance        |       Module       | BRAM_18K| DSP48E| FF| LUT| URAM|
    +------------------------+--------------------+---------+-------+---+----+-----+
    |sobel_mux_32_8_1_1_U20  |sobel_mux_32_8_1_1  |        0|      0|  0|  15|    0|
    |sobel_mux_32_8_1_1_U21  |sobel_mux_32_8_1_1  |        0|      0|  0|  15|    0|
    |sobel_mux_32_8_1_1_U22  |sobel_mux_32_8_1_1  |        0|      0|  0|  15|    0|
    |sobel_mux_32_8_1_1_U23  |sobel_mux_32_8_1_1  |        0|      0|  0|  15|    0|
    |sobel_mux_32_8_1_1_U24  |sobel_mux_32_8_1_1  |        0|      0|  0|  15|    0|
    |sobel_mux_32_8_1_1_U25  |sobel_mux_32_8_1_1  |        0|      0|  0|  15|    0|
    +------------------------+--------------------+---------+-------+---+----+-----+
    |Total                   |                    |        0|      0|  0|  90|    0|
    +------------------------+--------------------+---------+-------+---+----+-----+

    * DSP48E: 
    N/A

    * Memory: 
    +-----------------+----------------------+---------+---+----+-----+------+-----+------+-------------+
    |      Memory     |        Module        | BRAM_18K| FF| LUT| URAM| Words| Bits| Banks| W*Bits*Banks|
    +-----------------+----------------------+---------+---+----+-----+------+-----+------+-------------+
    |k_buf_0_val_3_U  |Filter2D_k_buf_0_bkb  |        1|  0|   0|    0|   640|    8|     1|         5120|
    |k_buf_0_val_4_U  |Filter2D_k_buf_0_bkb  |        1|  0|   0|    0|   640|    8|     1|         5120|
    |k_buf_0_val_5_U  |Filter2D_k_buf_0_bkb  |        1|  0|   0|    0|   640|    8|     1|         5120|
    +-----------------+----------------------+---------+---+----+-----+------+-----+------+-------------+
    |Total            |                      |        3|  0|   0|    0|  1920|   24|     3|        15360|
    +-----------------+----------------------+---------+---+----+-----+------+-----+------+-------------+

    * FIFO: 
    N/A

    * Expression: 
    +-----------------------------------+----------+-------+---+----+------------+------------+
    |           Variable Name           | Operation| DSP48E| FF| LUT| Bitwidth P0| Bitwidth P1|
    +-----------------------------------+----------+-------+---+----+------------+------------+
    |ImagLoc_x_fu_680_p2                |     +    |      0|  0|  39|           2|          32|
    |add_ln147_1_fu_320_p2              |     +    |      0|  0|  39|           2|          32|
    |add_ln147_fu_332_p2                |     +    |      0|  0|  39|           3|          32|
    |add_ln443_1_fu_296_p2              |     +    |      0|  0|  39|           2|          32|
    |add_ln443_fu_290_p2                |     +    |      0|  0|  39|           2|          32|
    |add_ln458_fu_308_p2                |     +    |      0|  0|  39|           2|          32|
    |add_ln506_1_fu_387_p2              |     +    |      0|  0|  39|           2|          32|
    |add_ln506_2_fu_450_p2              |     +    |      0|  0|  39|           3|          32|
    |add_ln506_3_fu_513_p2              |     +    |      0|  0|  39|           3|          32|
    |add_ln506_fu_302_p2                |     +    |      0|  0|  39|           2|          32|
    |add_ln703_1_fu_1056_p2             |     +    |      0|  0|  14|          10|          10|
    |add_ln703_2_fu_1066_p2             |     +    |      0|  0|   8|          11|          11|
    |add_ln703_4_fu_1086_p2             |     +    |      0|  0|   8|           8|           8|
    |add_ln703_5_fu_1092_p2             |     +    |      0|  0|  15|           8|           8|
    |add_ln703_6_fu_1154_p2             |     +    |      0|  0|   8|           8|           8|
    |add_ln703_fu_1050_p2               |     +    |      0|  0|  13|          11|          11|
    |i_V_fu_343_p2                      |     +    |      0|  0|  39|          32|           1|
    |j_V_fu_658_p2                      |     +    |      0|  0|  39|          32|           1|
    |p_Val2_1_fu_1159_p2                |     +    |      0|  0|   8|           8|           8|
    |p_Val2_s_fu_1072_p2                |     +    |      0|  0|   8|          11|          11|
    |sub_ln1118_1_fu_1033_p2            |     -    |      0|  0|  15|           1|           9|
    |sub_ln1118_fu_999_p2               |     -    |      0|  0|  14|           1|          10|
    |sub_ln142_1_fu_489_p2              |     -    |      0|  0|  39|           2|          32|
    |sub_ln142_2_fu_552_p2              |     -    |      0|  0|  39|           2|          32|
    |sub_ln142_3_fu_719_p2              |     -    |      0|  0|  39|           1|          32|
    |sub_ln142_fu_426_p2                |     -    |      0|  0|  39|           1|          32|
    |sub_ln147_1_fu_508_p2              |     -    |      0|  0|  39|          32|          32|
    |sub_ln147_2_fu_571_p2              |     -    |      0|  0|  39|          32|          32|
    |sub_ln147_3_fu_738_p2              |     -    |      0|  0|  39|          32|          32|
    |sub_ln147_fu_445_p2                |     -    |      0|  0|  39|          32|          32|
    |sub_ln458_fu_790_p2                |     -    |      0|  0|  39|          32|          32|
    |sub_ln507_1_fu_637_p2              |     -    |      0|  0|  39|          32|          32|
    |sub_ln507_2_fu_645_p2              |     -    |      0|  0|  39|          32|          32|
    |sub_ln507_fu_629_p2                |     -    |      0|  0|  39|          32|          32|
    |sub_ln703_1_fu_1009_p2             |     -    |      0|  0|   8|           8|           8|
    |sub_ln703_fu_977_p2                |     -    |      0|  0|  15|           9|           9|
    |and_ln118_1_fu_412_p2              |    and   |      0|  0|   2|           1|           1|
    |and_ln118_2_fu_475_p2              |    and   |      0|  0|   2|           1|           1|
    |and_ln118_3_fu_538_p2              |    and   |      0|  0|   2|           1|           1|
    |and_ln118_fu_705_p2                |    and   |      0|  0|   2|           1|           1|
    |and_ln144_fu_763_p2                |    and   |      0|  0|   2|           1|           1|
    |and_ln512_fu_782_p2                |    and   |      0|  0|   2|           1|           1|
    |ap_block_pp0                       |    and   |      0|  0|   2|           1|           1|
    |ap_block_state8_pp0_stage0_iter4   |    and   |      0|  0|   2|           1|           1|
    |ap_enable_state5_pp0_iter1_stage0  |    and   |      0|  0|   2|           1|           1|
    |ap_enable_state6_pp0_iter2_stage0  |    and   |      0|  0|   2|           1|           1|
    |ap_predicate_op139_load_state5     |    and   |      0|  0|   2|           1|           1|
    |ap_predicate_op140_read_state5     |    and   |      0|  0|   2|           1|           1|
    |ap_predicate_op141_store_state5    |    and   |      0|  0|   2|           1|           1|
    |ap_predicate_op143_store_state5    |    and   |      0|  0|   2|           1|           1|
    |ap_predicate_op147_read_state5     |    and   |      0|  0|   2|           1|           1|
    |ap_predicate_op169_store_state6    |    and   |      0|  0|   2|           1|           1|
    |overflow_fu_1169_p2                |    and   |      0|  0|   2|           1|           1|
    |icmp_ln118_1_fu_700_p2             |   icmp   |      0|  0|  18|          32|          32|
    |icmp_ln118_2_fu_470_p2             |   icmp   |      0|  0|  18|          32|          32|
    |icmp_ln118_3_fu_533_p2             |   icmp   |      0|  0|  18|          32|          32|
    |icmp_ln118_fu_407_p2               |   icmp   |      0|  0|  18|          32|          32|
    |icmp_ln144_1_fu_440_p2             |   icmp   |      0|  0|  18|          32|          32|
    |icmp_ln144_2_fu_503_p2             |   icmp   |      0|  0|  18|          32|          32|
    |icmp_ln144_3_fu_566_p2             |   icmp   |      0|  0|  18|          32|          32|
    |icmp_ln144_fu_733_p2               |   icmp   |      0|  0|  18|          32|          32|
    |icmp_ln443_fu_338_p2               |   icmp   |      0|  0|  18|          32|          32|
    |icmp_ln444_fu_653_p2               |   icmp   |      0|  0|  18|          32|          32|
    |icmp_ln785_fu_1107_p2              |   icmp   |      0|  0|   9|           3|           1|
    |icmp_ln879_1_fu_376_p2             |   icmp   |      0|  0|  18|          32|           1|
    |icmp_ln879_fu_370_p2               |   icmp   |      0|  0|  18|          32|           1|
    |icmp_ln887_fu_349_p2               |   icmp   |      0|  0|  18|          32|          32|
    |icmp_ln891_fu_674_p2               |   icmp   |      0|  0|  18|          31|           1|
    |icmp_ln899_1_fu_382_p2             |   icmp   |      0|  0|  18|          32|          32|
    |icmp_ln899_fu_364_p2               |   icmp   |      0|  0|  18|          31|           1|
    |ap_block_pp0_stage0_01001          |    or    |      0|  0|   2|           1|           1|
    |ap_block_state5_pp0_stage0_iter1   |    or    |      0|  0|   2|           1|           1|
    |or_ln118_fu_757_p2                 |    or    |      0|  0|   2|           1|           1|
    |or_ln340_fu_1182_p2                |    or    |      0|  0|   2|           1|           1|
    |or_ln457_fu_777_p2                 |    or    |      0|  0|   2|           1|           1|
    |col_buf_0_val_0_0_fu_830_p3        |  select  |      0|  0|   8|           1|           8|
    |col_buf_0_val_1_0_fu_848_p3        |  select  |      0|  0|   8|           1|           8|
    |col_buf_0_val_2_0_fu_865_p3        |  select  |      0|  0|   8|           1|           8|
    |p_dst_data_stream_V_din            |  select  |      0|  0|   8|           1|           8|
    |select_ln118_1_fu_600_p3           |  select  |      0|  0|  32|           1|          32|
    |select_ln118_2_fu_616_p3           |  select  |      0|  0|  32|           1|          32|
    |select_ln118_3_fu_743_p3           |  select  |      0|  0|  32|           1|          32|
    |select_ln118_fu_584_p3             |  select  |      0|  0|  32|           1|          32|
    |select_ln139_1_fu_432_p3           |  select  |      0|  0|  32|           1|          32|
    |select_ln139_2_fu_495_p3           |  select  |      0|  0|  32|           1|          32|
    |select_ln139_3_fu_558_p3           |  select  |      0|  0|  32|           1|          32|
    |select_ln139_fu_725_p3             |  select  |      0|  0|  32|           1|          32|
    |select_ln144_1_fu_592_p3           |  select  |      0|  0|  32|           1|          32|
    |select_ln144_2_fu_608_p3           |  select  |      0|  0|  32|           1|          32|
    |select_ln144_fu_576_p3             |  select  |      0|  0|  32|           1|          32|
    |select_ln340_fu_1174_p3            |  select  |      0|  0|   2|           1|           2|
    |src_kernel_win_0_va_6_fu_918_p3    |  select  |      0|  0|   8|           1|           8|
    |src_kernel_win_0_va_7_fu_936_p3    |  select  |      0|  0|   8|           1|           8|
    |src_kernel_win_0_va_8_fu_954_p3    |  select  |      0|  0|   8|           1|           8|
    |x_fu_769_p3                        |  select  |      0|  0|  32|           1|          32|
    |ap_enable_pp0                      |    xor   |      0|  0|   2|           1|           2|
    |xor_ln118_1_fu_401_p2              |    xor   |      0|  0|   2|           1|           2|
    |xor_ln118_2_fu_464_p2              |    xor   |      0|  0|   2|           1|           2|
    |xor_ln118_3_fu_527_p2              |    xor   |      0|  0|   2|           1|           2|
    |xor_ln118_4_fu_694_p2              |    xor   |      0|  0|   2|           1|           2|
    |xor_ln118_5_fu_751_p2              |    xor   |      0|  0|   2|           1|           2|
    |xor_ln457_fu_624_p2                |    xor   |      0|  0|   2|           1|           2|
    |xor_ln785_fu_1164_p2               |    xor   |      0|  0|   2|           1|           2|
    +-----------------------------------+----------+-------+---+----+------------+------------+
    |Total                              |          |      0|  0|1869|        1006|        1686|
    +-----------------------------------+----------+-------+---+----+------------+------------+

    * Multiplexer: 
    +---------------------------------------+----+-----------+-----+-----------+
    |                  Name                 | LUT| Input Size| Bits| Total Bits|
    +---------------------------------------+----+-----------+-----+-----------+
    |ap_NS_fsm                              |  33|          6|    1|          6|
    |ap_enable_reg_pp0_iter2                |   9|          2|    1|          2|
    |ap_enable_reg_pp0_iter4                |   9|          2|    1|          2|
    |ap_sig_allocacmp_right_border_buf_0_6  |   9|          2|    8|         16|
    |p_dst_data_stream_V_blk_n              |   9|          2|    1|          2|
    |p_src_data_stream_V_blk_n              |   9|          2|    1|          2|
    |t_V_2_reg_279                          |   9|          2|   32|         64|
    |t_V_reg_268                            |   9|          2|   32|         64|
    +---------------------------------------+----+-----------+-----+-----------+
    |Total                                  |  96|         20|   77|        158|
    +---------------------------------------+----+-----------+-----+-----------+

    * Register: 
    +----------------------------------------------+----+----+-----+-----------+
    |                     Name                     | FF | LUT| Bits| Const Bits|
    +----------------------------------------------+----+----+-----+-----------+
    |add_ln147_1_reg_1310                          |  31|   0|   32|          1|
    |add_ln147_reg_1317                            |  31|   0|   32|          1|
    |add_ln443_1_reg_1293                          |  32|   0|   32|          0|
    |add_ln443_reg_1288                            |  32|   0|   32|          0|
    |add_ln458_reg_1305                            |  32|   0|   32|          0|
    |add_ln506_reg_1298                            |  32|   0|   32|          0|
    |add_ln703_4_reg_1477                          |   8|   0|    8|          0|
    |add_ln703_5_reg_1482                          |   8|   0|    8|          0|
    |and_ln118_reg_1399                            |   1|   0|    1|          0|
    |and_ln118_reg_1399_pp0_iter1_reg              |   1|   0|    1|          0|
    |and_ln512_reg_1416                            |   1|   0|    1|          0|
    |ap_CS_fsm                                     |   5|   0|    5|          0|
    |ap_enable_reg_pp0_iter0                       |   1|   0|    1|          0|
    |ap_enable_reg_pp0_iter1                       |   1|   0|    1|          0|
    |ap_enable_reg_pp0_iter2                       |   1|   0|    1|          0|
    |ap_enable_reg_pp0_iter3                       |   1|   0|    1|          0|
    |ap_enable_reg_pp0_iter4                       |   1|   0|    1|          0|
    |i_V_reg_1325                                  |  32|   0|   32|          0|
    |icmp_ln444_reg_1390                           |   1|   0|    1|          0|
    |icmp_ln785_reg_1487                           |   1|   0|    1|          0|
    |icmp_ln879_1_reg_1344                         |   1|   0|    1|          0|
    |icmp_ln879_reg_1340                           |   1|   0|    1|          0|
    |icmp_ln887_reg_1330                           |   1|   0|    1|          0|
    |icmp_ln899_1_reg_1348                         |   1|   0|    1|          0|
    |icmp_ln899_reg_1335                           |   1|   0|    1|          0|
    |k_buf_0_val_4_addr_reg_1438                   |  10|   0|   10|          0|
    |k_buf_0_val_5_addr_reg_1444                   |  10|   0|   10|          0|
    |or_ln457_reg_1409                             |   1|   0|    1|          0|
    |or_ln457_reg_1409_pp0_iter1_reg               |   1|   0|    1|          0|
    |p_Result_s_reg_1471                           |   1|   0|    1|          0|
    |right_border_buf_0_1_fu_156                   |   8|   0|    8|          0|
    |right_border_buf_0_2_fu_160                   |   8|   0|    8|          0|
    |right_border_buf_0_3_fu_164                   |   8|   0|    8|          0|
    |right_border_buf_0_4_fu_168                   |   8|   0|    8|          0|
    |right_border_buf_0_5_fu_172                   |   8|   0|    8|          0|
    |right_border_buf_0_6_reg_1420                 |   8|   0|    8|          0|
    |right_border_buf_0_s_fu_152                   |   8|   0|    8|          0|
    |select_ln118_1_reg_1360                       |  32|   0|   32|          0|
    |select_ln118_2_reg_1365                       |  32|   0|   32|          0|
    |select_ln118_reg_1355                         |  32|   0|   32|          0|
    |src_kernel_win_0_va_1_fu_132                  |   8|   0|    8|          0|
    |src_kernel_win_0_va_2_fu_136                  |   8|   0|    8|          0|
    |src_kernel_win_0_va_3_fu_140                  |   8|   0|    8|          0|
    |src_kernel_win_0_va_4_fu_144                  |   8|   0|    8|          0|
    |src_kernel_win_0_va_5_fu_148                  |   8|   0|    8|          0|
    |src_kernel_win_0_va_6_reg_1450                |   8|   0|    8|          0|
    |src_kernel_win_0_va_7_reg_1457                |   8|   0|    8|          0|
    |src_kernel_win_0_va_7_reg_1457_pp0_iter3_reg  |   8|   0|    8|          0|
    |src_kernel_win_0_va_8_reg_1464                |   8|   0|    8|          0|
    |src_kernel_win_0_va_fu_128                    |   8|   0|    8|          0|
    |t_V_2_reg_279                                 |  32|   0|   32|          0|
    |t_V_reg_268                                   |  32|   0|   32|          0|
    |trunc_ln493_1_reg_1380                        |   2|   0|    2|          0|
    |trunc_ln493_2_reg_1385                        |   2|   0|    2|          0|
    |trunc_ln493_3_reg_1431                        |   2|   0|    2|          0|
    |trunc_ln493_reg_1375                          |   2|   0|    2|          0|
    |x_reg_1403                                    |  32|   0|   32|          0|
    |xor_ln457_reg_1370                            |   1|   0|    1|          0|
    |and_ln512_reg_1416                            |  64|  32|    1|          0|
    |icmp_ln444_reg_1390                           |  64|  32|    1|          0|
    +----------------------------------------------+----+----+-----+-----------+
    |Total                                         | 746|  64|  622|          2|
    +----------------------------------------------+----+----+-----+-----------+



================================================================
== Interface
================================================================
* Summary: 
+-----------------------------+-----+-----+------------+---------------------+--------------+
|          RTL Ports          | Dir | Bits|  Protocol  |    Source Object    |    C Type    |
+-----------------------------+-----+-----+------------+---------------------+--------------+
|ap_clk                       |  in |    1| ap_ctrl_hs |       Filter2D      | return value |
|ap_rst                       |  in |    1| ap_ctrl_hs |       Filter2D      | return value |
|ap_start                     |  in |    1| ap_ctrl_hs |       Filter2D      | return value |
|ap_done                      | out |    1| ap_ctrl_hs |       Filter2D      | return value |
|ap_idle                      | out |    1| ap_ctrl_hs |       Filter2D      | return value |
|ap_ready                     | out |    1| ap_ctrl_hs |       Filter2D      | return value |
|p_src_rows_V_read            |  in |   32|   ap_none  |  p_src_rows_V_read  |    scalar    |
|p_src_cols_V_read            |  in |   32|   ap_none  |  p_src_cols_V_read  |    scalar    |
|p_src_data_stream_V_dout     |  in |    8|   ap_fifo  | p_src_data_stream_V |    pointer   |
|p_src_data_stream_V_empty_n  |  in |    1|   ap_fifo  | p_src_data_stream_V |    pointer   |
|p_src_data_stream_V_read     | out |    1|   ap_fifo  | p_src_data_stream_V |    pointer   |
|p_dst_data_stream_V_din      | out |    8|   ap_fifo  | p_dst_data_stream_V |    pointer   |
|p_dst_data_stream_V_full_n   |  in |    1|   ap_fifo  | p_dst_data_stream_V |    pointer   |
|p_dst_data_stream_V_write    | out |    1|   ap_fifo  | p_dst_data_stream_V |    pointer   |
+-----------------------------+-----+-----+------------+---------------------+--------------+

