

================================================================
== Vivado HLS Report for 'Sobel_1'
================================================================
* Date:           Tue Feb 22 14:12:59 2022

* Version:        2019.2 (Build 2704478 on Wed Nov 06 22:10:23 MST 2019)
* Project:        sobel
* Solution:       solution1
* Product family: zynq
* Target device:  xc7z020-clg484-1


================================================================
== Performance Estimates
================================================================
+ Timing: 
    * Summary: 
    +--------+----------+----------+------------+
    |  Clock |  Target  | Estimated| Uncertainty|
    +--------+----------+----------+------------+
    |ap_clk  | 10.00 ns | 8.625 ns |   1.25 ns  |
    +--------+----------+----------+------------+

+ Latency: 
    * Summary: 
    +---------+---------+----------+----------+-----+--------+---------+
    |  Latency (cycles) |  Latency (absolute) |   Interval   | Pipeline|
    |   min   |   max   |    min   |    max   | min |   max  |   Type  |
    +---------+---------+----------+----------+-----+--------+---------+
    |      155|   313469| 1.550 us | 3.135 ms |  155|  313469|   none  |
    +---------+---------+----------+----------+-----+--------+---------+

    + Detail: 
        * Instance: 
        +--------------------+----------+---------+---------+----------+----------+-----+--------+---------+
        |                    |          |  Latency (cycles) |  Latency (absolute) |   Interval   | Pipeline|
        |      Instance      |  Module  |   min   |   max   |    min   |    max   | min |   max  |   Type  |
        +--------------------+----------+---------+---------+----------+----------+-----+--------+---------+
        |grp_Filter2D_fu_80  |Filter2D  |      154|   313468| 1.540 us | 3.135 ms |  154|  313468|   none  |
        +--------------------+----------+---------+---------+----------+----------+-----+--------+---------+

        * Loop: 
        N/A



================================================================
== Utilization Estimates
================================================================
* Summary: 
+-----------------+---------+-------+--------+-------+-----+
|       Name      | BRAM_18K| DSP48E|   FF   |  LUT  | URAM|
+-----------------+---------+-------+--------+-------+-----+
|DSP              |        -|      -|       -|      -|    -|
|Expression       |        -|      -|       0|      2|    -|
|FIFO             |        -|      -|       -|      -|    -|
|Instance         |        3|      -|     746|   2119|    0|
|Memory           |        -|      -|       -|      -|    -|
|Multiplexer      |        -|      -|       -|     60|    -|
|Register         |        -|      -|      68|      -|    -|
+-----------------+---------+-------+--------+-------+-----+
|Total            |        3|      0|     814|   2181|    0|
+-----------------+---------+-------+--------+-------+-----+
|Available        |      280|    220|  106400|  53200|    0|
+-----------------+---------+-------+--------+-------+-----+
|Utilization (%)  |        1|      0|   ~0   |      4|    0|
+-----------------+---------+-------+--------+-------+-----+

+ Detail: 
    * Instance: 
    +--------------------+----------+---------+-------+-----+------+-----+
    |      Instance      |  Module  | BRAM_18K| DSP48E|  FF |  LUT | URAM|
    +--------------------+----------+---------+-------+-----+------+-----+
    |grp_Filter2D_fu_80  |Filter2D  |        3|      0|  746|  2119|    0|
    +--------------------+----------+---------+-------+-----+------+-----+
    |Total               |          |        3|      0|  746|  2119|    0|
    +--------------------+----------+---------+-------+-----+------+-----+

    * DSP48E: 
    N/A

    * Memory: 
    N/A

    * FIFO: 
    N/A

    * Expression: 
    +-----------------+----------+-------+---+----+------------+------------+
    |  Variable Name  | Operation| DSP48E| FF| LUT| Bitwidth P0| Bitwidth P1|
    +-----------------+----------+-------+---+----+------------+------------+
    |ap_block_state1  |    or    |      0|  0|   2|           1|           1|
    +-----------------+----------+-------+---+----+------------+------------+
    |Total            |          |      0|  0|   2|           1|           1|
    +-----------------+----------+-------+---+----+------------+------------+

    * Multiplexer: 
    +---------------------------+----+-----------+-----+-----------+
    |            Name           | LUT| Input Size| Bits| Total Bits|
    +---------------------------+----+-----------+-----+-----------+
    |ap_NS_fsm                  |  15|          3|    1|          3|
    |ap_done                    |   9|          2|    1|          2|
    |p_dst_data_stream_V_write  |   9|          2|    1|          2|
    |p_src_cols_V_blk_n         |   9|          2|    1|          2|
    |p_src_data_stream_V_read   |   9|          2|    1|          2|
    |p_src_rows_V_blk_n         |   9|          2|    1|          2|
    +---------------------------+----+-----------+-----+-----------+
    |Total                      |  60|         13|    6|         13|
    +---------------------------+----+-----------+-----+-----------+

    * Register: 
    +---------------------------------+----+----+-----+-----------+
    |               Name              | FF | LUT| Bits| Const Bits|
    +---------------------------------+----+----+-----+-----------+
    |ap_CS_fsm                        |   2|   0|    2|          0|
    |ap_done_reg                      |   1|   0|    1|          0|
    |grp_Filter2D_fu_80_ap_start_reg  |   1|   0|    1|          0|
    |p_src_cols_V_read_reg_97         |  32|   0|   32|          0|
    |p_src_rows_V_read_reg_92         |  32|   0|   32|          0|
    +---------------------------------+----+----+-----+-----------+
    |Total                            |  68|   0|   68|          0|
    +---------------------------------+----+----+-----+-----------+



================================================================
== Interface
================================================================
* Summary: 
+-----------------------------+-----+-----+------------+---------------------+--------------+
|          RTL Ports          | Dir | Bits|  Protocol  |    Source Object    |    C Type    |
+-----------------------------+-----+-----+------------+---------------------+--------------+
|ap_clk                       |  in |    1| ap_ctrl_hs |       Sobel.1       | return value |
|ap_rst                       |  in |    1| ap_ctrl_hs |       Sobel.1       | return value |
|ap_start                     |  in |    1| ap_ctrl_hs |       Sobel.1       | return value |
|ap_done                      | out |    1| ap_ctrl_hs |       Sobel.1       | return value |
|ap_continue                  |  in |    1| ap_ctrl_hs |       Sobel.1       | return value |
|ap_idle                      | out |    1| ap_ctrl_hs |       Sobel.1       | return value |
|ap_ready                     | out |    1| ap_ctrl_hs |       Sobel.1       | return value |
|p_src_rows_V_dout            |  in |   32|   ap_fifo  |     p_src_rows_V    |    pointer   |
|p_src_rows_V_empty_n         |  in |    1|   ap_fifo  |     p_src_rows_V    |    pointer   |
|p_src_rows_V_read            | out |    1|   ap_fifo  |     p_src_rows_V    |    pointer   |
|p_src_cols_V_dout            |  in |   32|   ap_fifo  |     p_src_cols_V    |    pointer   |
|p_src_cols_V_empty_n         |  in |    1|   ap_fifo  |     p_src_cols_V    |    pointer   |
|p_src_cols_V_read            | out |    1|   ap_fifo  |     p_src_cols_V    |    pointer   |
|p_src_data_stream_V_dout     |  in |    8|   ap_fifo  | p_src_data_stream_V |    pointer   |
|p_src_data_stream_V_empty_n  |  in |    1|   ap_fifo  | p_src_data_stream_V |    pointer   |
|p_src_data_stream_V_read     | out |    1|   ap_fifo  | p_src_data_stream_V |    pointer   |
|p_dst_data_stream_V_din      | out |    8|   ap_fifo  | p_dst_data_stream_V |    pointer   |
|p_dst_data_stream_V_full_n   |  in |    1|   ap_fifo  | p_dst_data_stream_V |    pointer   |
|p_dst_data_stream_V_write    | out |    1|   ap_fifo  | p_dst_data_stream_V |    pointer   |
+-----------------------------+-----+-----+------------+---------------------+--------------+

