

================================================================
== Vivado HLS Report for 'sobel'
================================================================
* Date:           Tue Feb 22 14:12:57 2022

* Version:        2019.2 (Build 2704478 on Wed Nov 06 22:10:23 MST 2019)
* Project:        sobel
* Solution:       solution1
* Product family: zynq
* Target device:  xc7z020-clg484-1


================================================================
== Performance Estimates
================================================================
+ Timing: 
    * Summary: 
    +--------+----------+----------+------------+
    |  Clock |  Target  | Estimated| Uncertainty|
    +--------+----------+----------+------------+
    |ap_clk  | 10.00 ns | 8.625 ns |   1.25 ns  |
    +--------+----------+----------+------------+

+ Latency: 
    * Summary: 
    +---------+---------+----------+----------+-----+--------+----------+
    |  Latency (cycles) |  Latency (absolute) |   Interval   | Pipeline |
    |   min   |   max   |    min   |    max   | min |   max  |   Type   |
    +---------+---------+----------+----------+-----+--------+----------+
    |      158|   313472| 1.580 us | 3.135 ms |  156|  313470| dataflow |
    +---------+---------+----------+----------+-----+--------+----------+

    + Detail: 
        * Instance: 
        +--------------------------------------+----------------------+---------+---------+-----------+----------+-----+--------+---------+
        |                                      |                      |  Latency (cycles) |  Latency (absolute)  |   Interval   | Pipeline|
        |               Instance               |        Module        |   min   |   max   |    min    |    max   | min |   max  |   Type  |
        +--------------------------------------+----------------------+---------+---------+-----------+----------+-----+--------+---------+
        |grp_Sobel_1_fu_248                    |Sobel_1               |      155|   313469|  1.550 us | 3.135 ms |  155|  313469|   none  |
        |grp_Mat2AXIvideo_fu_256               |Mat2AXIvideo          |        1|   309121| 10.000 ns | 3.091 ms |    1|  309121|   none  |
        |grp_AXIvideo2Mat_fu_277               |AXIvideo2Mat          |        3|   309603| 30.000 ns | 3.096 ms |    3|  309603|   none  |
        |call_ln0_Block_Mat_exit45_pro_fu_300  |Block_Mat_exit45_pro  |        0|        0|    0 ns   |   0 ns   |    0|       0|   none  |
        +--------------------------------------+----------------------+---------+---------+-----------+----------+-----+--------+---------+

        * Loop: 
        N/A

============================================================
+ Verbose Summary: Synthesis Manager
============================================================
InlineROM: 1
ExposeGlobal: 0
============================================================
+ Verbose Summary: CDFG Model
============================================================
IsTopModel: 1
ResetActiveHigh: 1
IsCombinational: 2
IsDatapathOnly: 0
HasWiredReturn: 1
HasMFsm: 0
HasVarLatency: 1
IsPipeline: 0
IsRtlPipelined: 0
IsInstanceOverlapped: 0
IsDontTouch: 0
HasImplIP: 0
IsGatedGlobalClock: 0


============================================================
+ Verbose Summary: Schedule
============================================================
* Number of FSM states : 8
* Pipeline : 0
* Dataflow Pipeline: 1
  DF-Pipeline-0: Size = 8, States = { 1 2 3 4 5 6 7 8 }

* FSM state transitions: 
1 --> 2 
2 --> 3 
3 --> 4 
4 --> 5 
5 --> 6 
6 --> 7 
7 --> 8 
8 --> 

* FSM state operations: 

State 1 <SV = 0> <Delay = 3.63>
ST_1 : Operation 9 [1/1] (0.00ns)   --->   "%cols_read = call i32 @_ssdm_op_Read.ap_auto.i32(i32 %cols)"   --->   Operation 9 'read' 'cols_read' <Predicate = true> <Delay = 0.00>
ST_1 : Operation 10 [1/1] (0.00ns)   --->   "%rows_read = call i32 @_ssdm_op_Read.ap_auto.i32(i32 %rows)"   --->   Operation 10 'read' 'rows_read' <Predicate = true> <Delay = 0.00>
ST_1 : Operation 11 [1/1] (0.00ns)   --->   "%img_0_cols_V_c14 = alloca i32, align 4"   --->   Operation 11 'alloca' 'img_0_cols_V_c14' <Predicate = true> <Delay = 0.00> <Core = "FIFO">   --->   Core 32 'FIFO' <Latency = 0> <II = 1> <Delay = 3.63> <Storage> <Opcode : 'read' 'write' 'nbread' 'nbwrite'> <Ports = 0> <Width = 32> <Depth = 2> <FIFO>
ST_1 : Operation 12 [1/1] (0.00ns)   --->   "%img_0_rows_V_c13 = alloca i32, align 4"   --->   Operation 12 'alloca' 'img_0_rows_V_c13' <Predicate = true> <Delay = 0.00> <Core = "FIFO">   --->   Core 32 'FIFO' <Latency = 0> <II = 1> <Delay = 3.63> <Storage> <Opcode : 'read' 'write' 'nbread' 'nbwrite'> <Ports = 0> <Width = 32> <Depth = 2> <FIFO>
ST_1 : Operation 13 [1/1] (0.00ns)   --->   "%img_1_cols_V_c = alloca i32, align 4"   --->   Operation 13 'alloca' 'img_1_cols_V_c' <Predicate = true> <Delay = 0.00> <Core = "FIFO">   --->   Core 32 'FIFO' <Latency = 0> <II = 1> <Delay = 3.63> <Storage> <Opcode : 'read' 'write' 'nbread' 'nbwrite'> <Ports = 0> <Width = 32> <Depth = 2> <FIFO>
ST_1 : Operation 14 [1/1] (0.00ns)   --->   "%img_1_rows_V_c = alloca i32, align 4"   --->   Operation 14 'alloca' 'img_1_rows_V_c' <Predicate = true> <Delay = 0.00> <Core = "FIFO">   --->   Core 32 'FIFO' <Latency = 0> <II = 1> <Delay = 3.63> <Storage> <Opcode : 'read' 'write' 'nbread' 'nbwrite'> <Ports = 0> <Width = 32> <Depth = 2> <FIFO>
ST_1 : Operation 15 [1/1] (0.00ns)   --->   "%img_0_cols_V_c = alloca i32, align 4"   --->   Operation 15 'alloca' 'img_0_cols_V_c' <Predicate = true> <Delay = 0.00> <Core = "FIFO">   --->   Core 32 'FIFO' <Latency = 0> <II = 1> <Delay = 3.63> <Storage> <Opcode : 'read' 'write' 'nbread' 'nbwrite'> <Ports = 0> <Width = 32> <Depth = 2> <FIFO>
ST_1 : Operation 16 [1/1] (0.00ns)   --->   "%img_0_rows_V_c = alloca i32, align 4"   --->   Operation 16 'alloca' 'img_0_rows_V_c' <Predicate = true> <Delay = 0.00> <Core = "FIFO">   --->   Core 32 'FIFO' <Latency = 0> <II = 1> <Delay = 3.63> <Storage> <Opcode : 'read' 'write' 'nbread' 'nbwrite'> <Ports = 0> <Width = 32> <Depth = 2> <FIFO>
ST_1 : Operation 17 [1/1] (0.00ns)   --->   "%img_0_data_stream_0 = alloca i8, align 1" [sobel/sobel.cpp:26]   --->   Operation 17 'alloca' 'img_0_data_stream_0' <Predicate = true> <Delay = 0.00> <Core = "FIFO">   --->   Core 32 'FIFO' <Latency = 0> <II = 1> <Delay = 3.63> <Storage> <Opcode : 'read' 'write' 'nbread' 'nbwrite'> <Ports = 0> <Width = 32> <Depth = 2> <FIFO>
ST_1 : Operation 18 [1/1] (0.00ns)   --->   "%img_1_data_stream_0 = alloca i8, align 1" [sobel/sobel.cpp:27]   --->   Operation 18 'alloca' 'img_1_data_stream_0' <Predicate = true> <Delay = 0.00> <Core = "FIFO">   --->   Core 32 'FIFO' <Latency = 0> <II = 1> <Delay = 3.63> <Storage> <Opcode : 'read' 'write' 'nbread' 'nbwrite'> <Ports = 0> <Width = 32> <Depth = 2> <FIFO>
ST_1 : Operation 19 [1/1] (3.63ns)   --->   "call fastcc void @Block_Mat.exit45_pro(i32 %rows_read, i32 %cols_read, i32* %img_0_rows_V_c, i32* %img_0_cols_V_c, i32* %img_1_rows_V_c, i32* %img_1_cols_V_c)"   --->   Operation 19 'call' <Predicate = true> <Delay = 3.63> <CoreType = "Generic">   --->   Core 0 '' <Latency = 0> <II = 1> <Delay = 1.00> <Generic> <Opcode : >

State 2 <SV = 1> <Delay = 0.00>
ST_2 : Operation 20 [2/2] (0.00ns)   --->   "call fastcc void @AXIvideo2Mat(i8* %INPUT_STREAM_V_data_V, i1* %INPUT_STREAM_V_keep_V, i1* %INPUT_STREAM_V_strb_V, i1* %INPUT_STREAM_V_user_V, i1* %INPUT_STREAM_V_last_V, i1* %INPUT_STREAM_V_id_V, i1* %INPUT_STREAM_V_dest_V, i32* nocapture %img_0_rows_V_c, i32* nocapture %img_0_cols_V_c, i8* %img_0_data_stream_0, i32* %img_0_rows_V_c13, i32* %img_0_cols_V_c14)" [sobel/sobel.cpp:30]   --->   Operation 20 'call' <Predicate = true> <Delay = 0.00> <CoreType = "Generic">   --->   Core 0 '' <Latency = 0> <II = 1> <Delay = 1.00> <Generic> <Opcode : >

State 3 <SV = 2> <Delay = 0.00>
ST_3 : Operation 21 [1/2] (0.00ns)   --->   "call fastcc void @AXIvideo2Mat(i8* %INPUT_STREAM_V_data_V, i1* %INPUT_STREAM_V_keep_V, i1* %INPUT_STREAM_V_strb_V, i1* %INPUT_STREAM_V_user_V, i1* %INPUT_STREAM_V_last_V, i1* %INPUT_STREAM_V_id_V, i1* %INPUT_STREAM_V_dest_V, i32* nocapture %img_0_rows_V_c, i32* nocapture %img_0_cols_V_c, i8* %img_0_data_stream_0, i32* %img_0_rows_V_c13, i32* %img_0_cols_V_c14)" [sobel/sobel.cpp:30]   --->   Operation 21 'call' <Predicate = true> <Delay = 0.00> <CoreType = "Generic">   --->   Core 0 '' <Latency = 0> <II = 1> <Delay = 1.00> <Generic> <Opcode : >

State 4 <SV = 3> <Delay = 0.00>
ST_4 : Operation 22 [2/2] (0.00ns)   --->   "call fastcc void @Sobel.1(i32* nocapture %img_0_rows_V_c13, i32* nocapture %img_0_cols_V_c14, i8* %img_0_data_stream_0, i8* %img_1_data_stream_0)" [sobel/sobel.cpp:31]   --->   Operation 22 'call' <Predicate = true> <Delay = 0.00> <CoreType = "Generic">   --->   Core 0 '' <Latency = 0> <II = 1> <Delay = 1.00> <Generic> <Opcode : >

State 5 <SV = 4> <Delay = 0.00>
ST_5 : Operation 23 [1/2] (0.00ns)   --->   "call fastcc void @Sobel.1(i32* nocapture %img_0_rows_V_c13, i32* nocapture %img_0_cols_V_c14, i8* %img_0_data_stream_0, i8* %img_1_data_stream_0)" [sobel/sobel.cpp:31]   --->   Operation 23 'call' <Predicate = true> <Delay = 0.00> <CoreType = "Generic">   --->   Core 0 '' <Latency = 0> <II = 1> <Delay = 1.00> <Generic> <Opcode : >

State 6 <SV = 5> <Delay = 0.00>
ST_6 : Operation 24 [2/2] (0.00ns)   --->   "call fastcc void @Mat2AXIvideo(i32* nocapture %img_1_rows_V_c, i32* nocapture %img_1_cols_V_c, i8* %img_1_data_stream_0, i8* %OUTPUT_STREAM_V_data_V, i1* %OUTPUT_STREAM_V_keep_V, i1* %OUTPUT_STREAM_V_strb_V, i1* %OUTPUT_STREAM_V_user_V, i1* %OUTPUT_STREAM_V_last_V, i1* %OUTPUT_STREAM_V_id_V, i1* %OUTPUT_STREAM_V_dest_V)" [sobel/sobel.cpp:32]   --->   Operation 24 'call' <Predicate = true> <Delay = 0.00> <CoreType = "Generic">   --->   Core 0 '' <Latency = 0> <II = 1> <Delay = 1.00> <Generic> <Opcode : >

State 7 <SV = 6> <Delay = 0.00>
ST_7 : Operation 25 [1/2] (0.00ns)   --->   "call fastcc void @Mat2AXIvideo(i32* nocapture %img_1_rows_V_c, i32* nocapture %img_1_cols_V_c, i8* %img_1_data_stream_0, i8* %OUTPUT_STREAM_V_data_V, i1* %OUTPUT_STREAM_V_keep_V, i1* %OUTPUT_STREAM_V_strb_V, i1* %OUTPUT_STREAM_V_user_V, i1* %OUTPUT_STREAM_V_last_V, i1* %OUTPUT_STREAM_V_id_V, i1* %OUTPUT_STREAM_V_dest_V)" [sobel/sobel.cpp:32]   --->   Operation 25 'call' <Predicate = true> <Delay = 0.00> <CoreType = "Generic">   --->   Core 0 '' <Latency = 0> <II = 1> <Delay = 1.00> <Generic> <Opcode : >

State 8 <SV = 7> <Delay = 0.00>
ST_8 : Operation 26 [1/1] (0.00ns)   --->   "call void (...)* @_ssdm_op_SpecDataflowPipeline(i32 -1, i32 0, [1 x i8]* @p_str2) nounwind" [sobel/sobel.cpp:29]   --->   Operation 26 'specdataflowpipeline' <Predicate = true> <Delay = 0.00>
ST_8 : Operation 27 [1/1] (0.00ns)   --->   "call void (...)* @_ssdm_op_SpecBitsMap(i8* %INPUT_STREAM_V_data_V), !map !226"   --->   Operation 27 'specbitsmap' <Predicate = true> <Delay = 0.00>
ST_8 : Operation 28 [1/1] (0.00ns)   --->   "call void (...)* @_ssdm_op_SpecBitsMap(i1* %INPUT_STREAM_V_keep_V), !map !230"   --->   Operation 28 'specbitsmap' <Predicate = true> <Delay = 0.00>
ST_8 : Operation 29 [1/1] (0.00ns)   --->   "call void (...)* @_ssdm_op_SpecBitsMap(i1* %INPUT_STREAM_V_strb_V), !map !234"   --->   Operation 29 'specbitsmap' <Predicate = true> <Delay = 0.00>
ST_8 : Operation 30 [1/1] (0.00ns)   --->   "call void (...)* @_ssdm_op_SpecBitsMap(i1* %INPUT_STREAM_V_user_V), !map !238"   --->   Operation 30 'specbitsmap' <Predicate = true> <Delay = 0.00>
ST_8 : Operation 31 [1/1] (0.00ns)   --->   "call void (...)* @_ssdm_op_SpecBitsMap(i1* %INPUT_STREAM_V_last_V), !map !242"   --->   Operation 31 'specbitsmap' <Predicate = true> <Delay = 0.00>
ST_8 : Operation 32 [1/1] (0.00ns)   --->   "call void (...)* @_ssdm_op_SpecBitsMap(i1* %INPUT_STREAM_V_id_V), !map !246"   --->   Operation 32 'specbitsmap' <Predicate = true> <Delay = 0.00>
ST_8 : Operation 33 [1/1] (0.00ns)   --->   "call void (...)* @_ssdm_op_SpecBitsMap(i1* %INPUT_STREAM_V_dest_V), !map !250"   --->   Operation 33 'specbitsmap' <Predicate = true> <Delay = 0.00>
ST_8 : Operation 34 [1/1] (0.00ns)   --->   "call void (...)* @_ssdm_op_SpecBitsMap(i8* %OUTPUT_STREAM_V_data_V), !map !254"   --->   Operation 34 'specbitsmap' <Predicate = true> <Delay = 0.00>
ST_8 : Operation 35 [1/1] (0.00ns)   --->   "call void (...)* @_ssdm_op_SpecBitsMap(i1* %OUTPUT_STREAM_V_keep_V), !map !258"   --->   Operation 35 'specbitsmap' <Predicate = true> <Delay = 0.00>
ST_8 : Operation 36 [1/1] (0.00ns)   --->   "call void (...)* @_ssdm_op_SpecBitsMap(i1* %OUTPUT_STREAM_V_strb_V), !map !262"   --->   Operation 36 'specbitsmap' <Predicate = true> <Delay = 0.00>
ST_8 : Operation 37 [1/1] (0.00ns)   --->   "call void (...)* @_ssdm_op_SpecBitsMap(i1* %OUTPUT_STREAM_V_user_V), !map !266"   --->   Operation 37 'specbitsmap' <Predicate = true> <Delay = 0.00>
ST_8 : Operation 38 [1/1] (0.00ns)   --->   "call void (...)* @_ssdm_op_SpecBitsMap(i1* %OUTPUT_STREAM_V_last_V), !map !270"   --->   Operation 38 'specbitsmap' <Predicate = true> <Delay = 0.00>
ST_8 : Operation 39 [1/1] (0.00ns)   --->   "call void (...)* @_ssdm_op_SpecBitsMap(i1* %OUTPUT_STREAM_V_id_V), !map !274"   --->   Operation 39 'specbitsmap' <Predicate = true> <Delay = 0.00>
ST_8 : Operation 40 [1/1] (0.00ns)   --->   "call void (...)* @_ssdm_op_SpecBitsMap(i1* %OUTPUT_STREAM_V_dest_V), !map !278"   --->   Operation 40 'specbitsmap' <Predicate = true> <Delay = 0.00>
ST_8 : Operation 41 [1/1] (0.00ns)   --->   "call void (...)* @_ssdm_op_SpecBitsMap(i32 %rows), !map !282"   --->   Operation 41 'specbitsmap' <Predicate = true> <Delay = 0.00>
ST_8 : Operation 42 [1/1] (0.00ns)   --->   "call void (...)* @_ssdm_op_SpecBitsMap(i32 %cols), !map !288"   --->   Operation 42 'specbitsmap' <Predicate = true> <Delay = 0.00>
ST_8 : Operation 43 [1/1] (0.00ns)   --->   "call void (...)* @_ssdm_op_SpecTopModule([6 x i8]* @sobel_str) nounwind"   --->   Operation 43 'spectopmodule' <Predicate = true> <Delay = 0.00>
ST_8 : Operation 44 [1/1] (0.00ns)   --->   "%empty = call i32 (...)* @_ssdm_op_SpecChannel([23 x i8]* @img_0_OC_data_stream, i32 1, [1 x i8]* @p_str71, [1 x i8]* @p_str71, i32 2, i32 2, i8* %img_0_data_stream_0, i8* %img_0_data_stream_0)"   --->   Operation 44 'specchannel' 'empty' <Predicate = true> <Delay = 0.00>
ST_8 : Operation 45 [1/1] (0.00ns)   --->   "call void (...)* @_ssdm_op_SpecInterface(i8* %img_0_data_stream_0, [8 x i8]* @ap_fifo_str, i32 0, i32 0, [1 x i8]* @p_str72, i32 0, i32 0, [1 x i8]* @p_str73, [1 x i8]* @p_str74, [1 x i8]* @p_str75, i32 2, i32 2, i32 16, i32 16, [1 x i8]* @p_str76, [1 x i8]* @p_str77)"   --->   Operation 45 'specinterface' <Predicate = true> <Delay = 0.00>
ST_8 : Operation 46 [1/1] (0.00ns)   --->   "%empty_9 = call i32 (...)* @_ssdm_op_SpecChannel([23 x i8]* @img_1_OC_data_stream, i32 1, [1 x i8]* @p_str78, [1 x i8]* @p_str78, i32 2, i32 2, i8* %img_1_data_stream_0, i8* %img_1_data_stream_0)"   --->   Operation 46 'specchannel' 'empty_9' <Predicate = true> <Delay = 0.00>
ST_8 : Operation 47 [1/1] (0.00ns)   --->   "call void (...)* @_ssdm_op_SpecInterface(i8* %img_1_data_stream_0, [8 x i8]* @ap_fifo_str, i32 0, i32 0, [1 x i8]* @p_str79, i32 0, i32 0, [1 x i8]* @p_str80, [1 x i8]* @p_str81, [1 x i8]* @p_str82, i32 2, i32 2, i32 16, i32 16, [1 x i8]* @p_str83, [1 x i8]* @p_str84)"   --->   Operation 47 'specinterface' <Predicate = true> <Delay = 0.00>
ST_8 : Operation 48 [1/1] (0.00ns)   --->   "call void (...)* @_ssdm_op_SpecInterface(i8* %INPUT_STREAM_V_data_V, i1* %INPUT_STREAM_V_keep_V, i1* %INPUT_STREAM_V_strb_V, i1* %INPUT_STREAM_V_user_V, i1* %INPUT_STREAM_V_last_V, i1* %INPUT_STREAM_V_id_V, i1* %INPUT_STREAM_V_dest_V, [5 x i8]* @p_str, i32 1, i32 1, [5 x i8]* @p_str1, i32 0, i32 0, [1 x i8]* @p_str2, [1 x i8]* @p_str2, [1 x i8]* @p_str2, i32 0, i32 0, i32 0, i32 0, [1 x i8]* @p_str2, [1 x i8]* @p_str2) nounwind" [sobel/sobel.cpp:24]   --->   Operation 48 'specinterface' <Predicate = true> <Delay = 0.00>
ST_8 : Operation 49 [1/1] (0.00ns)   --->   "call void (...)* @_ssdm_op_SpecInterface(i8* %OUTPUT_STREAM_V_data_V, i1* %OUTPUT_STREAM_V_keep_V, i1* %OUTPUT_STREAM_V_strb_V, i1* %OUTPUT_STREAM_V_user_V, i1* %OUTPUT_STREAM_V_last_V, i1* %OUTPUT_STREAM_V_id_V, i1* %OUTPUT_STREAM_V_dest_V, [5 x i8]* @p_str, i32 1, i32 1, [5 x i8]* @p_str1, i32 0, i32 0, [1 x i8]* @p_str2, [1 x i8]* @p_str2, [1 x i8]* @p_str2, i32 0, i32 0, i32 0, i32 0, [1 x i8]* @p_str2, [1 x i8]* @p_str2) nounwind" [sobel/sobel.cpp:25]   --->   Operation 49 'specinterface' <Predicate = true> <Delay = 0.00>
ST_8 : Operation 50 [1/1] (0.00ns)   --->   "%empty_10 = call i32 (...)* @_ssdm_op_SpecChannel([15 x i8]* @img_0_OC_rows_OC_V_c_1, i32 1, [1 x i8]* @p_str110, [1 x i8]* @p_str110, i32 2, i32 0, i32* %img_0_rows_V_c, i32* %img_0_rows_V_c)"   --->   Operation 50 'specchannel' 'empty_10' <Predicate = true> <Delay = 0.00>
ST_8 : Operation 51 [1/1] (0.00ns)   --->   "call void (...)* @_ssdm_op_SpecInterface(i32* %img_0_rows_V_c, [8 x i8]* @ap_fifo_str, i32 0, i32 0, [1 x i8]* @p_str111, i32 0, i32 0, [1 x i8]* @p_str112, [1 x i8]* @p_str113, [1 x i8]* @p_str114, i32 2, i32 2, i32 16, i32 16, [1 x i8]* @p_str115, [1 x i8]* @p_str116)"   --->   Operation 51 'specinterface' <Predicate = true> <Delay = 0.00>
ST_8 : Operation 52 [1/1] (0.00ns)   --->   "%empty_11 = call i32 (...)* @_ssdm_op_SpecChannel([15 x i8]* @img_0_OC_cols_OC_V_c_1, i32 1, [1 x i8]* @p_str117, [1 x i8]* @p_str117, i32 2, i32 0, i32* %img_0_cols_V_c, i32* %img_0_cols_V_c)"   --->   Operation 52 'specchannel' 'empty_11' <Predicate = true> <Delay = 0.00>
ST_8 : Operation 53 [1/1] (0.00ns)   --->   "call void (...)* @_ssdm_op_SpecInterface(i32* %img_0_cols_V_c, [8 x i8]* @ap_fifo_str, i32 0, i32 0, [1 x i8]* @p_str118, i32 0, i32 0, [1 x i8]* @p_str119, [1 x i8]* @p_str120, [1 x i8]* @p_str121, i32 2, i32 2, i32 16, i32 16, [1 x i8]* @p_str122, [1 x i8]* @p_str123)"   --->   Operation 53 'specinterface' <Predicate = true> <Delay = 0.00>
ST_8 : Operation 54 [1/1] (0.00ns)   --->   "%empty_12 = call i32 (...)* @_ssdm_op_SpecChannel([15 x i8]* @img_1_OC_rows_OC_V_c, i32 1, [1 x i8]* @p_str124, [1 x i8]* @p_str124, i32 4, i32 0, i32* %img_1_rows_V_c, i32* %img_1_rows_V_c)"   --->   Operation 54 'specchannel' 'empty_12' <Predicate = true> <Delay = 0.00>
ST_8 : Operation 55 [1/1] (0.00ns)   --->   "call void (...)* @_ssdm_op_SpecInterface(i32* %img_1_rows_V_c, [8 x i8]* @ap_fifo_str, i32 0, i32 0, [1 x i8]* @p_str125, i32 0, i32 0, [1 x i8]* @p_str126, [1 x i8]* @p_str127, [1 x i8]* @p_str128, i32 2, i32 2, i32 16, i32 16, [1 x i8]* @p_str129, [1 x i8]* @p_str130)"   --->   Operation 55 'specinterface' <Predicate = true> <Delay = 0.00>
ST_8 : Operation 56 [1/1] (0.00ns)   --->   "%empty_13 = call i32 (...)* @_ssdm_op_SpecChannel([15 x i8]* @img_1_OC_cols_OC_V_c, i32 1, [1 x i8]* @p_str131, [1 x i8]* @p_str131, i32 4, i32 0, i32* %img_1_cols_V_c, i32* %img_1_cols_V_c)"   --->   Operation 56 'specchannel' 'empty_13' <Predicate = true> <Delay = 0.00>
ST_8 : Operation 57 [1/1] (0.00ns)   --->   "call void (...)* @_ssdm_op_SpecInterface(i32* %img_1_cols_V_c, [8 x i8]* @ap_fifo_str, i32 0, i32 0, [1 x i8]* @p_str132, i32 0, i32 0, [1 x i8]* @p_str133, [1 x i8]* @p_str134, [1 x i8]* @p_str135, i32 2, i32 2, i32 16, i32 16, [1 x i8]* @p_str136, [1 x i8]* @p_str137)"   --->   Operation 57 'specinterface' <Predicate = true> <Delay = 0.00>
ST_8 : Operation 58 [1/1] (0.00ns)   --->   "%empty_14 = call i32 (...)* @_ssdm_op_SpecChannel([17 x i8]* @img_0_OC_rows_OC_V_c, i32 1, [1 x i8]* @p_str159, [1 x i8]* @p_str159, i32 2, i32 0, i32* %img_0_rows_V_c13, i32* %img_0_rows_V_c13)"   --->   Operation 58 'specchannel' 'empty_14' <Predicate = true> <Delay = 0.00>
ST_8 : Operation 59 [1/1] (0.00ns)   --->   "call void (...)* @_ssdm_op_SpecInterface(i32* %img_0_rows_V_c13, [8 x i8]* @ap_fifo_str, i32 0, i32 0, [1 x i8]* @p_str160, i32 0, i32 0, [1 x i8]* @p_str161, [1 x i8]* @p_str162, [1 x i8]* @p_str163, i32 2, i32 2, i32 16, i32 16, [1 x i8]* @p_str164, [1 x i8]* @p_str165)"   --->   Operation 59 'specinterface' <Predicate = true> <Delay = 0.00>
ST_8 : Operation 60 [1/1] (0.00ns)   --->   "%empty_15 = call i32 (...)* @_ssdm_op_SpecChannel([17 x i8]* @img_0_OC_cols_OC_V_c, i32 1, [1 x i8]* @p_str166, [1 x i8]* @p_str166, i32 2, i32 0, i32* %img_0_cols_V_c14, i32* %img_0_cols_V_c14)"   --->   Operation 60 'specchannel' 'empty_15' <Predicate = true> <Delay = 0.00>
ST_8 : Operation 61 [1/1] (0.00ns)   --->   "call void (...)* @_ssdm_op_SpecInterface(i32* %img_0_cols_V_c14, [8 x i8]* @ap_fifo_str, i32 0, i32 0, [1 x i8]* @p_str167, i32 0, i32 0, [1 x i8]* @p_str168, [1 x i8]* @p_str169, [1 x i8]* @p_str170, i32 2, i32 2, i32 16, i32 16, [1 x i8]* @p_str171, [1 x i8]* @p_str172)"   --->   Operation 61 'specinterface' <Predicate = true> <Delay = 0.00>
ST_8 : Operation 62 [1/1] (0.00ns)   --->   "ret void" [sobel/sobel.cpp:33]   --->   Operation 62 'ret' <Predicate = true> <Delay = 0.00>


============================================================
+ Verbose Summary: Binding
============================================================
STG Binding: 
---------------- STG Properties BEGIN ----------------
- Is combinational: 0
- Is one-state seq: 0
- Is datapath-only: 0
- Is pipelined: 0
- Is top level: 1
Port [ Return ] is wired: 1; IO mode=ap_ctrl_hs:ce=0
Port [ INPUT_STREAM_V_data_V]:  wired=1; compound=1; hidden=0; nouse=0; global=0; static=0; extern=0; dir=0; type=0; pingpong=0; private_global=0; IO mode=axis:ce=0
Port [ INPUT_STREAM_V_keep_V]:  wired=1; compound=1; hidden=0; nouse=0; global=0; static=0; extern=0; dir=0; type=0; pingpong=0; private_global=0; IO mode=axis:ce=0
Port [ INPUT_STREAM_V_strb_V]:  wired=1; compound=1; hidden=0; nouse=0; global=0; static=0; extern=0; dir=0; type=0; pingpong=0; private_global=0; IO mode=axis:ce=0
Port [ INPUT_STREAM_V_user_V]:  wired=1; compound=1; hidden=0; nouse=0; global=0; static=0; extern=0; dir=0; type=0; pingpong=0; private_global=0; IO mode=axis:ce=0
Port [ INPUT_STREAM_V_last_V]:  wired=1; compound=1; hidden=0; nouse=0; global=0; static=0; extern=0; dir=0; type=0; pingpong=0; private_global=0; IO mode=axis:ce=0
Port [ INPUT_STREAM_V_id_V]:  wired=1; compound=1; hidden=0; nouse=0; global=0; static=0; extern=0; dir=0; type=0; pingpong=0; private_global=0; IO mode=axis:ce=0
Port [ INPUT_STREAM_V_dest_V]:  wired=1; compound=1; hidden=0; nouse=0; global=0; static=0; extern=0; dir=0; type=0; pingpong=0; private_global=0; IO mode=axis:ce=0
Port [ OUTPUT_STREAM_V_data_V]:  wired=1; compound=1; hidden=0; nouse=0; global=0; static=0; extern=0; dir=1; type=0; pingpong=0; private_global=0; IO mode=axis:ce=0
Port [ OUTPUT_STREAM_V_keep_V]:  wired=1; compound=1; hidden=0; nouse=0; global=0; static=0; extern=0; dir=1; type=0; pingpong=0; private_global=0; IO mode=axis:ce=0
Port [ OUTPUT_STREAM_V_strb_V]:  wired=1; compound=1; hidden=0; nouse=0; global=0; static=0; extern=0; dir=1; type=0; pingpong=0; private_global=0; IO mode=axis:ce=0
Port [ OUTPUT_STREAM_V_user_V]:  wired=1; compound=1; hidden=0; nouse=0; global=0; static=0; extern=0; dir=1; type=0; pingpong=0; private_global=0; IO mode=axis:ce=0
Port [ OUTPUT_STREAM_V_last_V]:  wired=1; compound=1; hidden=0; nouse=0; global=0; static=0; extern=0; dir=1; type=0; pingpong=0; private_global=0; IO mode=axis:ce=0
Port [ OUTPUT_STREAM_V_id_V]:  wired=1; compound=1; hidden=0; nouse=0; global=0; static=0; extern=0; dir=1; type=0; pingpong=0; private_global=0; IO mode=axis:ce=0
Port [ OUTPUT_STREAM_V_dest_V]:  wired=1; compound=1; hidden=0; nouse=0; global=0; static=0; extern=0; dir=1; type=0; pingpong=0; private_global=0; IO mode=axis:ce=0
Port [ rows]:  wired=1; compound=0; hidden=0; nouse=0; global=0; static=0; extern=0; dir=0; type=0; pingpong=0; private_global=0; IO mode=ap_none:ce=0
Port [ cols]:  wired=1; compound=0; hidden=0; nouse=0; global=0; static=0; extern=0; dir=0; type=0; pingpong=0; private_global=0; IO mode=ap_none:ce=0
---------------- STG Properties END ------------------

---------------- Datapath Model BEGIN ----------------

<LifeTime>
<method=bitvector/>
cols_read                 (read                ) [ 000000000]
rows_read                 (read                ) [ 000000000]
img_0_cols_V_c14          (alloca              ) [ 001111111]
img_0_rows_V_c13          (alloca              ) [ 001111111]
img_1_cols_V_c            (alloca              ) [ 011111111]
img_1_rows_V_c            (alloca              ) [ 011111111]
img_0_cols_V_c            (alloca              ) [ 011111111]
img_0_rows_V_c            (alloca              ) [ 011111111]
img_0_data_stream_0       (alloca              ) [ 001111111]
img_1_data_stream_0       (alloca              ) [ 001111111]
call_ln0                  (call                ) [ 000000000]
call_ln30                 (call                ) [ 000000000]
call_ln31                 (call                ) [ 000000000]
call_ln32                 (call                ) [ 000000000]
specdataflowpipeline_ln29 (specdataflowpipeline) [ 000000000]
specbitsmap_ln0           (specbitsmap         ) [ 000000000]
specbitsmap_ln0           (specbitsmap         ) [ 000000000]
specbitsmap_ln0           (specbitsmap         ) [ 000000000]
specbitsmap_ln0           (specbitsmap         ) [ 000000000]
specbitsmap_ln0           (specbitsmap         ) [ 000000000]
specbitsmap_ln0           (specbitsmap         ) [ 000000000]
specbitsmap_ln0           (specbitsmap         ) [ 000000000]
specbitsmap_ln0           (specbitsmap         ) [ 000000000]
specbitsmap_ln0           (specbitsmap         ) [ 000000000]
specbitsmap_ln0           (specbitsmap         ) [ 000000000]
specbitsmap_ln0           (specbitsmap         ) [ 000000000]
specbitsmap_ln0           (specbitsmap         ) [ 000000000]
specbitsmap_ln0           (specbitsmap         ) [ 000000000]
specbitsmap_ln0           (specbitsmap         ) [ 000000000]
specbitsmap_ln0           (specbitsmap         ) [ 000000000]
specbitsmap_ln0           (specbitsmap         ) [ 000000000]
spectopmodule_ln0         (spectopmodule       ) [ 000000000]
empty                     (specchannel         ) [ 000000000]
specinterface_ln0         (specinterface       ) [ 000000000]
empty_9                   (specchannel         ) [ 000000000]
specinterface_ln0         (specinterface       ) [ 000000000]
specinterface_ln24        (specinterface       ) [ 000000000]
specinterface_ln25        (specinterface       ) [ 000000000]
empty_10                  (specchannel         ) [ 000000000]
specinterface_ln0         (specinterface       ) [ 000000000]
empty_11                  (specchannel         ) [ 000000000]
specinterface_ln0         (specinterface       ) [ 000000000]
empty_12                  (specchannel         ) [ 000000000]
specinterface_ln0         (specinterface       ) [ 000000000]
empty_13                  (specchannel         ) [ 000000000]
specinterface_ln0         (specinterface       ) [ 000000000]
empty_14                  (specchannel         ) [ 000000000]
specinterface_ln0         (specinterface       ) [ 000000000]
empty_15                  (specchannel         ) [ 000000000]
specinterface_ln0         (specinterface       ) [ 000000000]
ret_ln33                  (ret                 ) [ 000000000]
</LifeTime>

<model>

<comp_list>
<comp id="0" class="1000" name="INPUT_STREAM_V_data_V">
<pin_list>
<pin id="1" dir="1" index="0" bw="1" slack="0"/>
</pin_list>
<bind>
<StgValue><ssdm name="INPUT_STREAM_V_data_V"/></StgValue>
</bind>
</comp>

<comp id="2" class="1000" name="INPUT_STREAM_V_keep_V">
<pin_list>
<pin id="3" dir="1" index="0" bw="1" slack="0"/>
</pin_list>
<bind>
<StgValue><ssdm name="INPUT_STREAM_V_keep_V"/></StgValue>
</bind>
</comp>

<comp id="4" class="1000" name="INPUT_STREAM_V_strb_V">
<pin_list>
<pin id="5" dir="1" index="0" bw="1" slack="0"/>
</pin_list>
<bind>
<StgValue><ssdm name="INPUT_STREAM_V_strb_V"/></StgValue>
</bind>
</comp>

<comp id="6" class="1000" name="INPUT_STREAM_V_user_V">
<pin_list>
<pin id="7" dir="1" index="0" bw="1" slack="0"/>
</pin_list>
<bind>
<StgValue><ssdm name="INPUT_STREAM_V_user_V"/></StgValue>
</bind>
</comp>

<comp id="8" class="1000" name="INPUT_STREAM_V_last_V">
<pin_list>
<pin id="9" dir="1" index="0" bw="1" slack="0"/>
</pin_list>
<bind>
<StgValue><ssdm name="INPUT_STREAM_V_last_V"/></StgValue>
</bind>
</comp>

<comp id="10" class="1000" name="INPUT_STREAM_V_id_V">
<pin_list>
<pin id="11" dir="1" index="0" bw="1" slack="0"/>
</pin_list>
<bind>
<StgValue><ssdm name="INPUT_STREAM_V_id_V"/></StgValue>
</bind>
</comp>

<comp id="12" class="1000" name="INPUT_STREAM_V_dest_V">
<pin_list>
<pin id="13" dir="1" index="0" bw="1" slack="0"/>
</pin_list>
<bind>
<StgValue><ssdm name="INPUT_STREAM_V_dest_V"/></StgValue>
</bind>
</comp>

<comp id="14" class="1000" name="OUTPUT_STREAM_V_data_V">
<pin_list>
<pin id="15" dir="1" index="0" bw="1" slack="0"/>
</pin_list>
<bind>
<StgValue><ssdm name="OUTPUT_STREAM_V_data_V"/></StgValue>
</bind>
</comp>

<comp id="16" class="1000" name="OUTPUT_STREAM_V_keep_V">
<pin_list>
<pin id="17" dir="1" index="0" bw="1" slack="0"/>
</pin_list>
<bind>
<StgValue><ssdm name="OUTPUT_STREAM_V_keep_V"/></StgValue>
</bind>
</comp>

<comp id="18" class="1000" name="OUTPUT_STREAM_V_strb_V">
<pin_list>
<pin id="19" dir="1" index="0" bw="1" slack="0"/>
</pin_list>
<bind>
<StgValue><ssdm name="OUTPUT_STREAM_V_strb_V"/></StgValue>
</bind>
</comp>

<comp id="20" class="1000" name="OUTPUT_STREAM_V_user_V">
<pin_list>
<pin id="21" dir="1" index="0" bw="1" slack="0"/>
</pin_list>
<bind>
<StgValue><ssdm name="OUTPUT_STREAM_V_user_V"/></StgValue>
</bind>
</comp>

<comp id="22" class="1000" name="OUTPUT_STREAM_V_last_V">
<pin_list>
<pin id="23" dir="1" index="0" bw="1" slack="0"/>
</pin_list>
<bind>
<StgValue><ssdm name="OUTPUT_STREAM_V_last_V"/></StgValue>
</bind>
</comp>

<comp id="24" class="1000" name="OUTPUT_STREAM_V_id_V">
<pin_list>
<pin id="25" dir="1" index="0" bw="1" slack="0"/>
</pin_list>
<bind>
<StgValue><ssdm name="OUTPUT_STREAM_V_id_V"/></StgValue>
</bind>
</comp>

<comp id="26" class="1000" name="OUTPUT_STREAM_V_dest_V">
<pin_list>
<pin id="27" dir="1" index="0" bw="1" slack="0"/>
</pin_list>
<bind>
<StgValue><ssdm name="OUTPUT_STREAM_V_dest_V"/></StgValue>
</bind>
</comp>

<comp id="28" class="1000" name="rows">
<pin_list>
<pin id="29" dir="1" index="0" bw="1" slack="0"/>
</pin_list>
<bind>
<StgValue><ssdm name="rows"/></StgValue>
</bind>
</comp>

<comp id="30" class="1000" name="cols">
<pin_list>
<pin id="31" dir="1" index="0" bw="1" slack="0"/>
</pin_list>
<bind>
<StgValue><ssdm name="cols"/></StgValue>
</bind>
</comp>

<comp id="32" class="1001" name="const_32">
<pin_list>
<pin id="33" dir="1" index="0" bw="1" slack="0"/>
</pin_list>
<bind>
<StgValue><ssdm name="_ssdm_op_Read.ap_auto.i32"/></StgValue>
</bind>
</comp>

<comp id="34" class="1001" name="const_34">
<pin_list>
<pin id="35" dir="1" index="0" bw="1" slack="0"/>
</pin_list>
<bind>
<StgValue><ssdm name=""/></StgValue>
</bind>
</comp>

<comp id="36" class="1001" name="const_36">
<pin_list>
<pin id="37" dir="1" index="0" bw="1" slack="0"/>
</pin_list>
<bind>
<StgValue><ssdm name="Block_Mat.exit45_pro"/></StgValue>
</bind>
</comp>

<comp id="38" class="1001" name="const_38">
<pin_list>
<pin id="39" dir="1" index="0" bw="1" slack="0"/>
</pin_list>
<bind>
<StgValue><ssdm name="AXIvideo2Mat"/></StgValue>
</bind>
</comp>

<comp id="40" class="1001" name="const_40">
<pin_list>
<pin id="41" dir="1" index="0" bw="1" slack="0"/>
</pin_list>
<bind>
<StgValue><ssdm name="Sobel.1"/></StgValue>
</bind>
</comp>

<comp id="42" class="1001" name="const_42">
<pin_list>
<pin id="43" dir="1" index="0" bw="1" slack="0"/>
</pin_list>
<bind>
<StgValue><ssdm name="Mat2AXIvideo"/></StgValue>
</bind>
</comp>

<comp id="44" class="1001" name="const_44">
<pin_list>
<pin id="45" dir="1" index="0" bw="1" slack="2147483647"/>
</pin_list>
<bind>
<StgValue><ssdm name="_ssdm_op_SpecDataflowPipeline"/></StgValue>
</bind>
</comp>

<comp id="46" class="1001" name="const_46">
<pin_list>
<pin id="47" dir="1" index="0" bw="1" slack="2147483647"/>
</pin_list>
<bind>
<StgValue><ssdm name=""/></StgValue>
</bind>
</comp>

<comp id="48" class="1001" name="const_48">
<pin_list>
<pin id="49" dir="1" index="0" bw="1" slack="2147483647"/>
</pin_list>
<bind>
<StgValue><ssdm name=""/></StgValue>
</bind>
</comp>

<comp id="50" class="1001" name="const_50">
<pin_list>
<pin id="51" dir="1" index="0" bw="1" slack="2147483647"/>
</pin_list>
<bind>
<StgValue><ssdm name="p_str2"/></StgValue>
</bind>
</comp>

<comp id="52" class="1001" name="const_52">
<pin_list>
<pin id="53" dir="1" index="0" bw="1" slack="2147483647"/>
</pin_list>
<bind>
<StgValue><ssdm name="_ssdm_op_SpecBitsMap"/></StgValue>
</bind>
</comp>

<comp id="54" class="1001" name="const_54">
<pin_list>
<pin id="55" dir="1" index="0" bw="1" slack="2147483647"/>
</pin_list>
<bind>
<StgValue><ssdm name="_ssdm_op_SpecTopModule"/></StgValue>
</bind>
</comp>

<comp id="56" class="1001" name="const_56">
<pin_list>
<pin id="57" dir="1" index="0" bw="1" slack="2147483647"/>
</pin_list>
<bind>
<StgValue><ssdm name="sobel_str"/></StgValue>
</bind>
</comp>

<comp id="58" class="1001" name="const_58">
<pin_list>
<pin id="59" dir="1" index="0" bw="1" slack="2147483647"/>
</pin_list>
<bind>
<StgValue><ssdm name="_ssdm_op_SpecChannel"/></StgValue>
</bind>
</comp>

<comp id="60" class="1001" name="const_60">
<pin_list>
<pin id="61" dir="1" index="0" bw="1" slack="2147483647"/>
</pin_list>
<bind>
<StgValue><ssdm name="img_0_OC_data_stream"/></StgValue>
</bind>
</comp>

<comp id="62" class="1001" name="const_62">
<pin_list>
<pin id="63" dir="1" index="0" bw="1" slack="2147483647"/>
</pin_list>
<bind>
<StgValue><ssdm name=""/></StgValue>
</bind>
</comp>

<comp id="64" class="1001" name="const_64">
<pin_list>
<pin id="65" dir="1" index="0" bw="1" slack="2147483647"/>
</pin_list>
<bind>
<StgValue><ssdm name="p_str71"/></StgValue>
</bind>
</comp>

<comp id="66" class="1001" name="const_66">
<pin_list>
<pin id="67" dir="1" index="0" bw="1" slack="2147483647"/>
</pin_list>
<bind>
<StgValue><ssdm name=""/></StgValue>
</bind>
</comp>

<comp id="68" class="1001" name="const_68">
<pin_list>
<pin id="69" dir="1" index="0" bw="1" slack="2147483647"/>
</pin_list>
<bind>
<StgValue><ssdm name="_ssdm_op_SpecInterface"/></StgValue>
</bind>
</comp>

<comp id="70" class="1001" name="const_70">
<pin_list>
<pin id="71" dir="1" index="0" bw="1" slack="2147483647"/>
</pin_list>
<bind>
<StgValue><ssdm name="ap_fifo_str"/></StgValue>
</bind>
</comp>

<comp id="72" class="1001" name="const_72">
<pin_list>
<pin id="73" dir="1" index="0" bw="1" slack="2147483647"/>
</pin_list>
<bind>
<StgValue><ssdm name="p_str72"/></StgValue>
</bind>
</comp>

<comp id="74" class="1001" name="const_74">
<pin_list>
<pin id="75" dir="1" index="0" bw="1" slack="2147483647"/>
</pin_list>
<bind>
<StgValue><ssdm name="p_str73"/></StgValue>
</bind>
</comp>

<comp id="76" class="1001" name="const_76">
<pin_list>
<pin id="77" dir="1" index="0" bw="1" slack="2147483647"/>
</pin_list>
<bind>
<StgValue><ssdm name="p_str74"/></StgValue>
</bind>
</comp>

<comp id="78" class="1001" name="const_78">
<pin_list>
<pin id="79" dir="1" index="0" bw="1" slack="2147483647"/>
</pin_list>
<bind>
<StgValue><ssdm name="p_str75"/></StgValue>
</bind>
</comp>

<comp id="80" class="1001" name="const_80">
<pin_list>
<pin id="81" dir="1" index="0" bw="1" slack="2147483647"/>
</pin_list>
<bind>
<StgValue><ssdm name=""/></StgValue>
</bind>
</comp>

<comp id="82" class="1001" name="const_82">
<pin_list>
<pin id="83" dir="1" index="0" bw="1" slack="2147483647"/>
</pin_list>
<bind>
<StgValue><ssdm name="p_str76"/></StgValue>
</bind>
</comp>

<comp id="84" class="1001" name="const_84">
<pin_list>
<pin id="85" dir="1" index="0" bw="1" slack="2147483647"/>
</pin_list>
<bind>
<StgValue><ssdm name="p_str77"/></StgValue>
</bind>
</comp>

<comp id="86" class="1001" name="const_86">
<pin_list>
<pin id="87" dir="1" index="0" bw="1" slack="2147483647"/>
</pin_list>
<bind>
<StgValue><ssdm name="img_1_OC_data_stream"/></StgValue>
</bind>
</comp>

<comp id="88" class="1001" name="const_88">
<pin_list>
<pin id="89" dir="1" index="0" bw="1" slack="2147483647"/>
</pin_list>
<bind>
<StgValue><ssdm name="p_str78"/></StgValue>
</bind>
</comp>

<comp id="90" class="1001" name="const_90">
<pin_list>
<pin id="91" dir="1" index="0" bw="1" slack="2147483647"/>
</pin_list>
<bind>
<StgValue><ssdm name="p_str79"/></StgValue>
</bind>
</comp>

<comp id="92" class="1001" name="const_92">
<pin_list>
<pin id="93" dir="1" index="0" bw="1" slack="2147483647"/>
</pin_list>
<bind>
<StgValue><ssdm name="p_str80"/></StgValue>
</bind>
</comp>

<comp id="94" class="1001" name="const_94">
<pin_list>
<pin id="95" dir="1" index="0" bw="1" slack="2147483647"/>
</pin_list>
<bind>
<StgValue><ssdm name="p_str81"/></StgValue>
</bind>
</comp>

<comp id="96" class="1001" name="const_96">
<pin_list>
<pin id="97" dir="1" index="0" bw="1" slack="2147483647"/>
</pin_list>
<bind>
<StgValue><ssdm name="p_str82"/></StgValue>
</bind>
</comp>

<comp id="98" class="1001" name="const_98">
<pin_list>
<pin id="99" dir="1" index="0" bw="1" slack="2147483647"/>
</pin_list>
<bind>
<StgValue><ssdm name="p_str83"/></StgValue>
</bind>
</comp>

<comp id="100" class="1001" name="const_100">
<pin_list>
<pin id="101" dir="1" index="0" bw="1" slack="2147483647"/>
</pin_list>
<bind>
<StgValue><ssdm name="p_str84"/></StgValue>
</bind>
</comp>

<comp id="102" class="1001" name="const_102">
<pin_list>
<pin id="103" dir="1" index="0" bw="1" slack="2147483647"/>
</pin_list>
<bind>
<StgValue><ssdm name="p_str"/></StgValue>
</bind>
</comp>

<comp id="104" class="1001" name="const_104">
<pin_list>
<pin id="105" dir="1" index="0" bw="1" slack="2147483647"/>
</pin_list>
<bind>
<StgValue><ssdm name="p_str1"/></StgValue>
</bind>
</comp>

<comp id="106" class="1001" name="const_106">
<pin_list>
<pin id="107" dir="1" index="0" bw="1" slack="2147483647"/>
</pin_list>
<bind>
<StgValue><ssdm name="img_0_OC_rows_OC_V_c_1"/></StgValue>
</bind>
</comp>

<comp id="108" class="1001" name="const_108">
<pin_list>
<pin id="109" dir="1" index="0" bw="1" slack="2147483647"/>
</pin_list>
<bind>
<StgValue><ssdm name="p_str110"/></StgValue>
</bind>
</comp>

<comp id="110" class="1001" name="const_110">
<pin_list>
<pin id="111" dir="1" index="0" bw="1" slack="2147483647"/>
</pin_list>
<bind>
<StgValue><ssdm name="p_str111"/></StgValue>
</bind>
</comp>

<comp id="112" class="1001" name="const_112">
<pin_list>
<pin id="113" dir="1" index="0" bw="1" slack="2147483647"/>
</pin_list>
<bind>
<StgValue><ssdm name="p_str112"/></StgValue>
</bind>
</comp>

<comp id="114" class="1001" name="const_114">
<pin_list>
<pin id="115" dir="1" index="0" bw="1" slack="2147483647"/>
</pin_list>
<bind>
<StgValue><ssdm name="p_str113"/></StgValue>
</bind>
</comp>

<comp id="116" class="1001" name="const_116">
<pin_list>
<pin id="117" dir="1" index="0" bw="1" slack="2147483647"/>
</pin_list>
<bind>
<StgValue><ssdm name="p_str114"/></StgValue>
</bind>
</comp>

<comp id="118" class="1001" name="const_118">
<pin_list>
<pin id="119" dir="1" index="0" bw="1" slack="2147483647"/>
</pin_list>
<bind>
<StgValue><ssdm name="p_str115"/></StgValue>
</bind>
</comp>

<comp id="120" class="1001" name="const_120">
<pin_list>
<pin id="121" dir="1" index="0" bw="1" slack="2147483647"/>
</pin_list>
<bind>
<StgValue><ssdm name="p_str116"/></StgValue>
</bind>
</comp>

<comp id="122" class="1001" name="const_122">
<pin_list>
<pin id="123" dir="1" index="0" bw="1" slack="2147483647"/>
</pin_list>
<bind>
<StgValue><ssdm name="img_0_OC_cols_OC_V_c_1"/></StgValue>
</bind>
</comp>

<comp id="124" class="1001" name="const_124">
<pin_list>
<pin id="125" dir="1" index="0" bw="1" slack="2147483647"/>
</pin_list>
<bind>
<StgValue><ssdm name="p_str117"/></StgValue>
</bind>
</comp>

<comp id="126" class="1001" name="const_126">
<pin_list>
<pin id="127" dir="1" index="0" bw="1" slack="2147483647"/>
</pin_list>
<bind>
<StgValue><ssdm name="p_str118"/></StgValue>
</bind>
</comp>

<comp id="128" class="1001" name="const_128">
<pin_list>
<pin id="129" dir="1" index="0" bw="1" slack="2147483647"/>
</pin_list>
<bind>
<StgValue><ssdm name="p_str119"/></StgValue>
</bind>
</comp>

<comp id="130" class="1001" name="const_130">
<pin_list>
<pin id="131" dir="1" index="0" bw="1" slack="2147483647"/>
</pin_list>
<bind>
<StgValue><ssdm name="p_str120"/></StgValue>
</bind>
</comp>

<comp id="132" class="1001" name="const_132">
<pin_list>
<pin id="133" dir="1" index="0" bw="1" slack="2147483647"/>
</pin_list>
<bind>
<StgValue><ssdm name="p_str121"/></StgValue>
</bind>
</comp>

<comp id="134" class="1001" name="const_134">
<pin_list>
<pin id="135" dir="1" index="0" bw="1" slack="2147483647"/>
</pin_list>
<bind>
<StgValue><ssdm name="p_str122"/></StgValue>
</bind>
</comp>

<comp id="136" class="1001" name="const_136">
<pin_list>
<pin id="137" dir="1" index="0" bw="1" slack="2147483647"/>
</pin_list>
<bind>
<StgValue><ssdm name="p_str123"/></StgValue>
</bind>
</comp>

<comp id="138" class="1001" name="const_138">
<pin_list>
<pin id="139" dir="1" index="0" bw="1" slack="2147483647"/>
</pin_list>
<bind>
<StgValue><ssdm name="img_1_OC_rows_OC_V_c"/></StgValue>
</bind>
</comp>

<comp id="140" class="1001" name="const_140">
<pin_list>
<pin id="141" dir="1" index="0" bw="1" slack="2147483647"/>
</pin_list>
<bind>
<StgValue><ssdm name="p_str124"/></StgValue>
</bind>
</comp>

<comp id="142" class="1001" name="const_142">
<pin_list>
<pin id="143" dir="1" index="0" bw="1" slack="2147483647"/>
</pin_list>
<bind>
<StgValue><ssdm name=""/></StgValue>
</bind>
</comp>

<comp id="144" class="1001" name="const_144">
<pin_list>
<pin id="145" dir="1" index="0" bw="1" slack="2147483647"/>
</pin_list>
<bind>
<StgValue><ssdm name="p_str125"/></StgValue>
</bind>
</comp>

<comp id="146" class="1001" name="const_146">
<pin_list>
<pin id="147" dir="1" index="0" bw="1" slack="2147483647"/>
</pin_list>
<bind>
<StgValue><ssdm name="p_str126"/></StgValue>
</bind>
</comp>

<comp id="148" class="1001" name="const_148">
<pin_list>
<pin id="149" dir="1" index="0" bw="1" slack="2147483647"/>
</pin_list>
<bind>
<StgValue><ssdm name="p_str127"/></StgValue>
</bind>
</comp>

<comp id="150" class="1001" name="const_150">
<pin_list>
<pin id="151" dir="1" index="0" bw="1" slack="2147483647"/>
</pin_list>
<bind>
<StgValue><ssdm name="p_str128"/></StgValue>
</bind>
</comp>

<comp id="152" class="1001" name="const_152">
<pin_list>
<pin id="153" dir="1" index="0" bw="1" slack="2147483647"/>
</pin_list>
<bind>
<StgValue><ssdm name="p_str129"/></StgValue>
</bind>
</comp>

<comp id="154" class="1001" name="const_154">
<pin_list>
<pin id="155" dir="1" index="0" bw="1" slack="2147483647"/>
</pin_list>
<bind>
<StgValue><ssdm name="p_str130"/></StgValue>
</bind>
</comp>

<comp id="156" class="1001" name="const_156">
<pin_list>
<pin id="157" dir="1" index="0" bw="1" slack="2147483647"/>
</pin_list>
<bind>
<StgValue><ssdm name="img_1_OC_cols_OC_V_c"/></StgValue>
</bind>
</comp>

<comp id="158" class="1001" name="const_158">
<pin_list>
<pin id="159" dir="1" index="0" bw="1" slack="2147483647"/>
</pin_list>
<bind>
<StgValue><ssdm name="p_str131"/></StgValue>
</bind>
</comp>

<comp id="160" class="1001" name="const_160">
<pin_list>
<pin id="161" dir="1" index="0" bw="1" slack="2147483647"/>
</pin_list>
<bind>
<StgValue><ssdm name="p_str132"/></StgValue>
</bind>
</comp>

<comp id="162" class="1001" name="const_162">
<pin_list>
<pin id="163" dir="1" index="0" bw="1" slack="2147483647"/>
</pin_list>
<bind>
<StgValue><ssdm name="p_str133"/></StgValue>
</bind>
</comp>

<comp id="164" class="1001" name="const_164">
<pin_list>
<pin id="165" dir="1" index="0" bw="1" slack="2147483647"/>
</pin_list>
<bind>
<StgValue><ssdm name="p_str134"/></StgValue>
</bind>
</comp>

<comp id="166" class="1001" name="const_166">
<pin_list>
<pin id="167" dir="1" index="0" bw="1" slack="2147483647"/>
</pin_list>
<bind>
<StgValue><ssdm name="p_str135"/></StgValue>
</bind>
</comp>

<comp id="168" class="1001" name="const_168">
<pin_list>
<pin id="169" dir="1" index="0" bw="1" slack="2147483647"/>
</pin_list>
<bind>
<StgValue><ssdm name="p_str136"/></StgValue>
</bind>
</comp>

<comp id="170" class="1001" name="const_170">
<pin_list>
<pin id="171" dir="1" index="0" bw="1" slack="2147483647"/>
</pin_list>
<bind>
<StgValue><ssdm name="p_str137"/></StgValue>
</bind>
</comp>

<comp id="172" class="1001" name="const_172">
<pin_list>
<pin id="173" dir="1" index="0" bw="1" slack="2147483647"/>
</pin_list>
<bind>
<StgValue><ssdm name="img_0_OC_rows_OC_V_c"/></StgValue>
</bind>
</comp>

<comp id="174" class="1001" name="const_174">
<pin_list>
<pin id="175" dir="1" index="0" bw="1" slack="2147483647"/>
</pin_list>
<bind>
<StgValue><ssdm name="p_str159"/></StgValue>
</bind>
</comp>

<comp id="176" class="1001" name="const_176">
<pin_list>
<pin id="177" dir="1" index="0" bw="1" slack="2147483647"/>
</pin_list>
<bind>
<StgValue><ssdm name="p_str160"/></StgValue>
</bind>
</comp>

<comp id="178" class="1001" name="const_178">
<pin_list>
<pin id="179" dir="1" index="0" bw="1" slack="2147483647"/>
</pin_list>
<bind>
<StgValue><ssdm name="p_str161"/></StgValue>
</bind>
</comp>

<comp id="180" class="1001" name="const_180">
<pin_list>
<pin id="181" dir="1" index="0" bw="1" slack="2147483647"/>
</pin_list>
<bind>
<StgValue><ssdm name="p_str162"/></StgValue>
</bind>
</comp>

<comp id="182" class="1001" name="const_182">
<pin_list>
<pin id="183" dir="1" index="0" bw="1" slack="2147483647"/>
</pin_list>
<bind>
<StgValue><ssdm name="p_str163"/></StgValue>
</bind>
</comp>

<comp id="184" class="1001" name="const_184">
<pin_list>
<pin id="185" dir="1" index="0" bw="1" slack="2147483647"/>
</pin_list>
<bind>
<StgValue><ssdm name="p_str164"/></StgValue>
</bind>
</comp>

<comp id="186" class="1001" name="const_186">
<pin_list>
<pin id="187" dir="1" index="0" bw="1" slack="2147483647"/>
</pin_list>
<bind>
<StgValue><ssdm name="p_str165"/></StgValue>
</bind>
</comp>

<comp id="188" class="1001" name="const_188">
<pin_list>
<pin id="189" dir="1" index="0" bw="1" slack="2147483647"/>
</pin_list>
<bind>
<StgValue><ssdm name="img_0_OC_cols_OC_V_c"/></StgValue>
</bind>
</comp>

<comp id="190" class="1001" name="const_190">
<pin_list>
<pin id="191" dir="1" index="0" bw="1" slack="2147483647"/>
</pin_list>
<bind>
<StgValue><ssdm name="p_str166"/></StgValue>
</bind>
</comp>

<comp id="192" class="1001" name="const_192">
<pin_list>
<pin id="193" dir="1" index="0" bw="1" slack="2147483647"/>
</pin_list>
<bind>
<StgValue><ssdm name="p_str167"/></StgValue>
</bind>
</comp>

<comp id="194" class="1001" name="const_194">
<pin_list>
<pin id="195" dir="1" index="0" bw="1" slack="2147483647"/>
</pin_list>
<bind>
<StgValue><ssdm name="p_str168"/></StgValue>
</bind>
</comp>

<comp id="196" class="1001" name="const_196">
<pin_list>
<pin id="197" dir="1" index="0" bw="1" slack="2147483647"/>
</pin_list>
<bind>
<StgValue><ssdm name="p_str169"/></StgValue>
</bind>
</comp>

<comp id="198" class="1001" name="const_198">
<pin_list>
<pin id="199" dir="1" index="0" bw="1" slack="2147483647"/>
</pin_list>
<bind>
<StgValue><ssdm name="p_str170"/></StgValue>
</bind>
</comp>

<comp id="200" class="1001" name="const_200">
<pin_list>
<pin id="201" dir="1" index="0" bw="1" slack="2147483647"/>
</pin_list>
<bind>
<StgValue><ssdm name="p_str171"/></StgValue>
</bind>
</comp>

<comp id="202" class="1001" name="const_202">
<pin_list>
<pin id="203" dir="1" index="0" bw="1" slack="2147483647"/>
</pin_list>
<bind>
<StgValue><ssdm name="p_str172"/></StgValue>
</bind>
</comp>

<comp id="204" class="1004" name="img_0_cols_V_c14_fu_204">
<pin_list>
<pin id="205" dir="0" index="0" bw="1" slack="0"/>
<pin id="206" dir="1" index="1" bw="32" slack="1"/>
</pin_list>
<bind>
<opcode="alloca(26) " fcode="alloca"/>
<opset="img_0_cols_V_c14/1 "/>
</bind>
</comp>

<comp id="208" class="1004" name="img_0_rows_V_c13_fu_208">
<pin_list>
<pin id="209" dir="0" index="0" bw="1" slack="0"/>
<pin id="210" dir="1" index="1" bw="32" slack="1"/>
</pin_list>
<bind>
<opcode="alloca(26) " fcode="alloca"/>
<opset="img_0_rows_V_c13/1 "/>
</bind>
</comp>

<comp id="212" class="1004" name="img_1_cols_V_c_fu_212">
<pin_list>
<pin id="213" dir="0" index="0" bw="1" slack="0"/>
<pin id="214" dir="1" index="1" bw="32" slack="0"/>
</pin_list>
<bind>
<opcode="alloca(26) " fcode="alloca"/>
<opset="img_1_cols_V_c/1 "/>
</bind>
</comp>

<comp id="216" class="1004" name="img_1_rows_V_c_fu_216">
<pin_list>
<pin id="217" dir="0" index="0" bw="1" slack="0"/>
<pin id="218" dir="1" index="1" bw="32" slack="0"/>
</pin_list>
<bind>
<opcode="alloca(26) " fcode="alloca"/>
<opset="img_1_rows_V_c/1 "/>
</bind>
</comp>

<comp id="220" class="1004" name="img_0_cols_V_c_fu_220">
<pin_list>
<pin id="221" dir="0" index="0" bw="1" slack="0"/>
<pin id="222" dir="1" index="1" bw="32" slack="0"/>
</pin_list>
<bind>
<opcode="alloca(26) " fcode="alloca"/>
<opset="img_0_cols_V_c/1 "/>
</bind>
</comp>

<comp id="224" class="1004" name="img_0_rows_V_c_fu_224">
<pin_list>
<pin id="225" dir="0" index="0" bw="1" slack="0"/>
<pin id="226" dir="1" index="1" bw="32" slack="0"/>
</pin_list>
<bind>
<opcode="alloca(26) " fcode="alloca"/>
<opset="img_0_rows_V_c/1 "/>
</bind>
</comp>

<comp id="228" class="1004" name="img_0_data_stream_0_fu_228">
<pin_list>
<pin id="229" dir="0" index="0" bw="1" slack="0"/>
<pin id="230" dir="1" index="1" bw="8" slack="1"/>
</pin_list>
<bind>
<opcode="alloca(26) " fcode="alloca"/>
<opset="img_0_data_stream_0/1 "/>
</bind>
</comp>

<comp id="232" class="1004" name="img_1_data_stream_0_fu_232">
<pin_list>
<pin id="233" dir="0" index="0" bw="1" slack="0"/>
<pin id="234" dir="1" index="1" bw="8" slack="3"/>
</pin_list>
<bind>
<opcode="alloca(26) " fcode="alloca"/>
<opset="img_1_data_stream_0/1 "/>
</bind>
</comp>

<comp id="236" class="1004" name="cols_read_read_fu_236">
<pin_list>
<pin id="237" dir="0" index="0" bw="32" slack="0"/>
<pin id="238" dir="0" index="1" bw="32" slack="0"/>
<pin id="239" dir="1" index="2" bw="32" slack="0"/>
</pin_list>
<bind>
<opcode="read(1150) " fcode="read"/>
<opset="cols_read/1 "/>
</bind>
</comp>

<comp id="242" class="1004" name="rows_read_read_fu_242">
<pin_list>
<pin id="243" dir="0" index="0" bw="32" slack="0"/>
<pin id="244" dir="0" index="1" bw="32" slack="0"/>
<pin id="245" dir="1" index="2" bw="32" slack="0"/>
</pin_list>
<bind>
<opcode="read(1150) " fcode="read"/>
<opset="rows_read/1 "/>
</bind>
</comp>

<comp id="248" class="1004" name="grp_Sobel_1_fu_248">
<pin_list>
<pin id="249" dir="0" index="0" bw="0" slack="0"/>
<pin id="250" dir="0" index="1" bw="32" slack="3"/>
<pin id="251" dir="0" index="2" bw="32" slack="3"/>
<pin id="252" dir="0" index="3" bw="8" slack="3"/>
<pin id="253" dir="0" index="4" bw="8" slack="3"/>
<pin id="254" dir="1" index="5" bw="0" slack="2147483647"/>
</pin_list>
<bind>
<opcode="call(48) " fcode="call"/>
<opset="call_ln31/4 "/>
</bind>
</comp>

<comp id="256" class="1004" name="grp_Mat2AXIvideo_fu_256">
<pin_list>
<pin id="257" dir="0" index="0" bw="0" slack="0"/>
<pin id="258" dir="0" index="1" bw="32" slack="5"/>
<pin id="259" dir="0" index="2" bw="32" slack="5"/>
<pin id="260" dir="0" index="3" bw="8" slack="5"/>
<pin id="261" dir="0" index="4" bw="8" slack="0"/>
<pin id="262" dir="0" index="5" bw="1" slack="0"/>
<pin id="263" dir="0" index="6" bw="1" slack="0"/>
<pin id="264" dir="0" index="7" bw="1" slack="0"/>
<pin id="265" dir="0" index="8" bw="1" slack="0"/>
<pin id="266" dir="0" index="9" bw="1" slack="0"/>
<pin id="267" dir="0" index="10" bw="1" slack="0"/>
<pin id="268" dir="1" index="11" bw="0" slack="2147483647"/>
</pin_list>
<bind>
<opcode="call(48) " fcode="call"/>
<opset="call_ln32/6 "/>
</bind>
</comp>

<comp id="277" class="1004" name="grp_AXIvideo2Mat_fu_277">
<pin_list>
<pin id="278" dir="0" index="0" bw="0" slack="0"/>
<pin id="279" dir="0" index="1" bw="8" slack="0"/>
<pin id="280" dir="0" index="2" bw="1" slack="0"/>
<pin id="281" dir="0" index="3" bw="1" slack="0"/>
<pin id="282" dir="0" index="4" bw="1" slack="0"/>
<pin id="283" dir="0" index="5" bw="1" slack="0"/>
<pin id="284" dir="0" index="6" bw="1" slack="0"/>
<pin id="285" dir="0" index="7" bw="1" slack="0"/>
<pin id="286" dir="0" index="8" bw="32" slack="1"/>
<pin id="287" dir="0" index="9" bw="32" slack="1"/>
<pin id="288" dir="0" index="10" bw="8" slack="1"/>
<pin id="289" dir="0" index="11" bw="32" slack="1"/>
<pin id="290" dir="0" index="12" bw="32" slack="1"/>
<pin id="291" dir="1" index="13" bw="0" slack="2147483647"/>
</pin_list>
<bind>
<opcode="call(48) " fcode="call"/>
<opset="call_ln30/2 "/>
</bind>
</comp>

<comp id="300" class="1004" name="call_ln0_Block_Mat_exit45_pro_fu_300">
<pin_list>
<pin id="301" dir="0" index="0" bw="0" slack="0"/>
<pin id="302" dir="0" index="1" bw="32" slack="0"/>
<pin id="303" dir="0" index="2" bw="32" slack="0"/>
<pin id="304" dir="0" index="3" bw="32" slack="0"/>
<pin id="305" dir="0" index="4" bw="32" slack="0"/>
<pin id="306" dir="0" index="5" bw="32" slack="0"/>
<pin id="307" dir="0" index="6" bw="32" slack="0"/>
<pin id="308" dir="1" index="7" bw="0" slack="2147483647"/>
</pin_list>
<bind>
<opcode="call(48) " fcode="call"/>
<opset="call_ln0/1 "/>
</bind>
</comp>

<comp id="312" class="1005" name="img_0_cols_V_c14_reg_312">
<pin_list>
<pin id="313" dir="0" index="0" bw="32" slack="1"/>
<pin id="314" dir="1" index="1" bw="32" slack="1"/>
</pin_list>
<bind>
<opset="img_0_cols_V_c14 "/>
</bind>
</comp>

<comp id="318" class="1005" name="img_0_rows_V_c13_reg_318">
<pin_list>
<pin id="319" dir="0" index="0" bw="32" slack="1"/>
<pin id="320" dir="1" index="1" bw="32" slack="1"/>
</pin_list>
<bind>
<opset="img_0_rows_V_c13 "/>
</bind>
</comp>

<comp id="324" class="1005" name="img_1_cols_V_c_reg_324">
<pin_list>
<pin id="325" dir="0" index="0" bw="32" slack="0"/>
<pin id="326" dir="1" index="1" bw="32" slack="0"/>
</pin_list>
<bind>
<opset="img_1_cols_V_c "/>
</bind>
</comp>

<comp id="330" class="1005" name="img_1_rows_V_c_reg_330">
<pin_list>
<pin id="331" dir="0" index="0" bw="32" slack="0"/>
<pin id="332" dir="1" index="1" bw="32" slack="0"/>
</pin_list>
<bind>
<opset="img_1_rows_V_c "/>
</bind>
</comp>

<comp id="336" class="1005" name="img_0_cols_V_c_reg_336">
<pin_list>
<pin id="337" dir="0" index="0" bw="32" slack="0"/>
<pin id="338" dir="1" index="1" bw="32" slack="0"/>
</pin_list>
<bind>
<opset="img_0_cols_V_c "/>
</bind>
</comp>

<comp id="342" class="1005" name="img_0_rows_V_c_reg_342">
<pin_list>
<pin id="343" dir="0" index="0" bw="32" slack="0"/>
<pin id="344" dir="1" index="1" bw="32" slack="0"/>
</pin_list>
<bind>
<opset="img_0_rows_V_c "/>
</bind>
</comp>

<comp id="348" class="1005" name="img_0_data_stream_0_reg_348">
<pin_list>
<pin id="349" dir="0" index="0" bw="8" slack="1"/>
<pin id="350" dir="1" index="1" bw="8" slack="1"/>
</pin_list>
<bind>
<opset="img_0_data_stream_0 "/>
</bind>
</comp>

<comp id="354" class="1005" name="img_1_data_stream_0_reg_354">
<pin_list>
<pin id="355" dir="0" index="0" bw="8" slack="3"/>
<pin id="356" dir="1" index="1" bw="8" slack="3"/>
</pin_list>
<bind>
<opset="img_1_data_stream_0 "/>
</bind>
</comp>

</comp_list>

<net_list>
<net id="207"><net_src comp="34" pin="0"/><net_sink comp="204" pin=0"/></net>

<net id="211"><net_src comp="34" pin="0"/><net_sink comp="208" pin=0"/></net>

<net id="215"><net_src comp="34" pin="0"/><net_sink comp="212" pin=0"/></net>

<net id="219"><net_src comp="34" pin="0"/><net_sink comp="216" pin=0"/></net>

<net id="223"><net_src comp="34" pin="0"/><net_sink comp="220" pin=0"/></net>

<net id="227"><net_src comp="34" pin="0"/><net_sink comp="224" pin=0"/></net>

<net id="231"><net_src comp="34" pin="0"/><net_sink comp="228" pin=0"/></net>

<net id="235"><net_src comp="34" pin="0"/><net_sink comp="232" pin=0"/></net>

<net id="240"><net_src comp="32" pin="0"/><net_sink comp="236" pin=0"/></net>

<net id="241"><net_src comp="30" pin="0"/><net_sink comp="236" pin=1"/></net>

<net id="246"><net_src comp="32" pin="0"/><net_sink comp="242" pin=0"/></net>

<net id="247"><net_src comp="28" pin="0"/><net_sink comp="242" pin=1"/></net>

<net id="255"><net_src comp="40" pin="0"/><net_sink comp="248" pin=0"/></net>

<net id="269"><net_src comp="42" pin="0"/><net_sink comp="256" pin=0"/></net>

<net id="270"><net_src comp="14" pin="0"/><net_sink comp="256" pin=4"/></net>

<net id="271"><net_src comp="16" pin="0"/><net_sink comp="256" pin=5"/></net>

<net id="272"><net_src comp="18" pin="0"/><net_sink comp="256" pin=6"/></net>

<net id="273"><net_src comp="20" pin="0"/><net_sink comp="256" pin=7"/></net>

<net id="274"><net_src comp="22" pin="0"/><net_sink comp="256" pin=8"/></net>

<net id="275"><net_src comp="24" pin="0"/><net_sink comp="256" pin=9"/></net>

<net id="276"><net_src comp="26" pin="0"/><net_sink comp="256" pin=10"/></net>

<net id="292"><net_src comp="38" pin="0"/><net_sink comp="277" pin=0"/></net>

<net id="293"><net_src comp="0" pin="0"/><net_sink comp="277" pin=1"/></net>

<net id="294"><net_src comp="2" pin="0"/><net_sink comp="277" pin=2"/></net>

<net id="295"><net_src comp="4" pin="0"/><net_sink comp="277" pin=3"/></net>

<net id="296"><net_src comp="6" pin="0"/><net_sink comp="277" pin=4"/></net>

<net id="297"><net_src comp="8" pin="0"/><net_sink comp="277" pin=5"/></net>

<net id="298"><net_src comp="10" pin="0"/><net_sink comp="277" pin=6"/></net>

<net id="299"><net_src comp="12" pin="0"/><net_sink comp="277" pin=7"/></net>

<net id="309"><net_src comp="36" pin="0"/><net_sink comp="300" pin=0"/></net>

<net id="310"><net_src comp="242" pin="2"/><net_sink comp="300" pin=1"/></net>

<net id="311"><net_src comp="236" pin="2"/><net_sink comp="300" pin=2"/></net>

<net id="315"><net_src comp="204" pin="1"/><net_sink comp="312" pin=0"/></net>

<net id="316"><net_src comp="312" pin="1"/><net_sink comp="277" pin=12"/></net>

<net id="317"><net_src comp="312" pin="1"/><net_sink comp="248" pin=2"/></net>

<net id="321"><net_src comp="208" pin="1"/><net_sink comp="318" pin=0"/></net>

<net id="322"><net_src comp="318" pin="1"/><net_sink comp="277" pin=11"/></net>

<net id="323"><net_src comp="318" pin="1"/><net_sink comp="248" pin=1"/></net>

<net id="327"><net_src comp="212" pin="1"/><net_sink comp="324" pin=0"/></net>

<net id="328"><net_src comp="324" pin="1"/><net_sink comp="300" pin=6"/></net>

<net id="329"><net_src comp="324" pin="1"/><net_sink comp="256" pin=2"/></net>

<net id="333"><net_src comp="216" pin="1"/><net_sink comp="330" pin=0"/></net>

<net id="334"><net_src comp="330" pin="1"/><net_sink comp="300" pin=5"/></net>

<net id="335"><net_src comp="330" pin="1"/><net_sink comp="256" pin=1"/></net>

<net id="339"><net_src comp="220" pin="1"/><net_sink comp="336" pin=0"/></net>

<net id="340"><net_src comp="336" pin="1"/><net_sink comp="300" pin=4"/></net>

<net id="341"><net_src comp="336" pin="1"/><net_sink comp="277" pin=9"/></net>

<net id="345"><net_src comp="224" pin="1"/><net_sink comp="342" pin=0"/></net>

<net id="346"><net_src comp="342" pin="1"/><net_sink comp="300" pin=3"/></net>

<net id="347"><net_src comp="342" pin="1"/><net_sink comp="277" pin=8"/></net>

<net id="351"><net_src comp="228" pin="1"/><net_sink comp="348" pin=0"/></net>

<net id="352"><net_src comp="348" pin="1"/><net_sink comp="277" pin=10"/></net>

<net id="353"><net_src comp="348" pin="1"/><net_sink comp="248" pin=3"/></net>

<net id="357"><net_src comp="232" pin="1"/><net_sink comp="354" pin=0"/></net>

<net id="358"><net_src comp="354" pin="1"/><net_sink comp="248" pin=4"/></net>

<net id="359"><net_src comp="354" pin="1"/><net_sink comp="256" pin=3"/></net>

</net_list>

</model> 
---------------- Datapath Model END ------------------

* FSMD analyzer results:
  - Output states:
	Port: OUTPUT_STREAM_V_data_V | {6 7 }
	Port: OUTPUT_STREAM_V_keep_V | {6 7 }
	Port: OUTPUT_STREAM_V_strb_V | {6 7 }
	Port: OUTPUT_STREAM_V_user_V | {6 7 }
	Port: OUTPUT_STREAM_V_last_V | {6 7 }
	Port: OUTPUT_STREAM_V_id_V | {6 7 }
	Port: OUTPUT_STREAM_V_dest_V | {6 7 }
 - Input state : 
	Port: sobel : INPUT_STREAM_V_data_V | {2 3 }
	Port: sobel : INPUT_STREAM_V_keep_V | {2 3 }
	Port: sobel : INPUT_STREAM_V_strb_V | {2 3 }
	Port: sobel : INPUT_STREAM_V_user_V | {2 3 }
	Port: sobel : INPUT_STREAM_V_last_V | {2 3 }
	Port: sobel : INPUT_STREAM_V_id_V | {2 3 }
	Port: sobel : INPUT_STREAM_V_dest_V | {2 3 }
	Port: sobel : rows | {1 }
	Port: sobel : cols | {1 }
  - Chain level:
	State 1
		call_ln0 : 1
	State 2
	State 3
	State 4
	State 5
	State 6
	State 7
	State 8


============================================================
+ Verbose Summary: Datapath Resource usage 
============================================================

* Functional unit list:
|----------|--------------------------------------|---------|---------|---------|---------|---------|
| Operation|            Functional Unit           |   BRAM  |  Delay  |    FF   |   LUT   |   URAM  |
|----------|--------------------------------------|---------|---------|---------|---------|---------|
|          |          grp_Sobel_1_fu_248          |    3    |  8.845  |   770   |   1981  |    0    |
|   call   |        grp_Mat2AXIvideo_fu_256       |    0    |  3.538  |   238   |   192   |    0    |
|          |        grp_AXIvideo2Mat_fu_277       |    0    |  1.769  |   252   |   125   |    0    |
|          | call_ln0_Block_Mat_exit45_pro_fu_300 |    0    |    0    |    0    |    0    |    0    |
|----------|--------------------------------------|---------|---------|---------|---------|---------|
|   read   |         cols_read_read_fu_236        |    0    |    0    |    0    |    0    |    0    |
|          |         rows_read_read_fu_242        |    0    |    0    |    0    |    0    |    0    |
|----------|--------------------------------------|---------|---------|---------|---------|---------|
|   Total  |                                      |    3    |  14.152 |   1260  |   2298  |    0    |
|----------|--------------------------------------|---------|---------|---------|---------|---------|

Memories:
N/A

* Register list:
+---------------------------+--------+
|                           |   FF   |
+---------------------------+--------+
|  img_0_cols_V_c14_reg_312 |   32   |
|   img_0_cols_V_c_reg_336  |   32   |
|img_0_data_stream_0_reg_348|    8   |
|  img_0_rows_V_c13_reg_318 |   32   |
|   img_0_rows_V_c_reg_342  |   32   |
|   img_1_cols_V_c_reg_324  |   32   |
|img_1_data_stream_0_reg_354|    8   |
|   img_1_rows_V_c_reg_330  |   32   |
+---------------------------+--------+
|           Total           |   208  |
+---------------------------+--------+

* Multiplexer (MUX) list: 
|--------|------|------|------|--------|
|  Comp  |  Pin | Size |  BW  | S x BW |
|--------|------|------|------|--------|
|  Total |      |      |      |    0   |
|--------|------|------|------|--------|



* Summary:
+-----------+--------+--------+--------+--------+--------+
|           |  BRAM  |  Delay |   FF   |   LUT  |  URAM  |
+-----------+--------+--------+--------+--------+--------+
|  Function |    3   |   14   |  1260  |  2298  |    0   |
|   Memory  |    -   |    -   |    -   |    -   |    -   |
|Multiplexer|    -   |    -   |    -   |    -   |    -   |
|  Register |    -   |    -   |   208  |    -   |    -   |
+-----------+--------+--------+--------+--------+--------+
|   Total   |    3   |   14   |  1468  |  2298  |    0   |
+-----------+--------+--------+--------+--------+--------+
