#-----------------------------------------------------------
# Vivado v2019.2 (64-bit)
# SW Build 2708876 on Wed Nov  6 21:40:23 MST 2019
# IP Build 2700528 on Thu Nov  7 00:09:20 MST 2019
# Start of session at: Wed Nov 29 16:43:16 2023
# Process ID: 15144
# Current directory: C:/Users/ap576391/Documents/TPBrost/tp3_p1
# Command line: vivado.exe -gui_launcher_event rodinguilauncherevent4064 C:\Users\ap576391\Documents\TPBrost\tp3_p1\tp3_p1.xpr
# Log file: C:/Users/ap576391/Documents/TPBrost/tp3_p1/vivado.log
# Journal file: C:/Users/ap576391/Documents/TPBrost/tp3_p1\vivado.jou
#-----------------------------------------------------------
start_gui
open_project C:/Users/ap576391/Documents/TPBrost/tp3_p1/tp3_p1.xpr
INFO: [Project 1-313] Project file moved from 'C:/formation_hls/tp3_p1' since last save.
CRITICAL WARNING: [Project 1-311] Could not find the file 'C:/Users/ap576391/Documents/TPBrost/video_vga_7511_zed/zed_board.xdc', nor could it be found using path 'C:/formation_hls/video_vga_7511_zed/zed_board.xdc'.
Scanning sources...
Finished scanning sources
INFO: [IP_Flow 19-234] Refreshing IP repositories
INFO: [IP_Flow 19-1700] Loaded user IP repository 'c:/Users/ap576391/Documents/TPBrost/tp3_p1/hls/im_load'.
INFO: [IP_Flow 19-2313] Loaded Vivado IP repository 'C:/Xilinx/Vivado/2019.2/data/ip'.
open_project: Time (s): cpu = 00:00:19 ; elapsed = 00:00:07 . Memory (MB): peak = 786.137 ; gain = 146.172
export_ip_user_files -of_objects  [get_files C:/Users/ap576391/Documents/TPBrost/video_vga_7511_zed/zed_board.xdc] -no_script -reset -force -quiet
remove_files  -fileset constrs_1 C:/Users/ap576391/Documents/TPBrost/video_vga_7511_zed/zed_board.xdc
update_compile_order -fileset sources_1
add_files -fileset constrs_1 -norecurse C:/Users/ap576391/Documents/TPBrost/tp3_p1/zed_board.xdc
set_property  ip_repo_paths  {c:/Users/ap576391/Documents/TPBrost/tp3_p1/hls/im_load C:/Users/ap576391/Documents/TPBrost/tp3_p1/hls/c_grav} [current_project]
update_ip_catalog
INFO: [IP_Flow 19-234] Refreshing IP repositories
INFO: [IP_Flow 19-1700] Loaded user IP repository 'c:/Users/ap576391/Documents/TPBrost/tp3_p1/hls/im_load'.
INFO: [IP_Flow 19-1700] Loaded user IP repository 'c:/Users/ap576391/Documents/TPBrost/tp3_p1/hls/c_grav'.
open_bd_design {C:/Users/ap576391/Documents/TPBrost/tp3_p1/tp3_p1.srcs/sources_1/bd/design_1/design_1.bd}
Adding component instance block -- xilinx.com:ip:clk_wiz:6.0 - clk_wiz_0
Adding component instance block -- xilinx.com:ip:xlconstant:1.1 - xlconstant_0
Adding component instance block -- xilinx.com:ip:xlconstant:1.1 - xlconstant_1
Adding component instance block -- xilinx.com:ip:v_tc:6.2 - v_tc_0
Adding component instance block -- xilinx.com:ip:v_axi4s_vid_out:4.0 - v_axi4s_vid_out_0
Adding component instance block -- xilinx.com:ip:xlconcat:2.1 - xlconcat_0
Adding component instance block -- xilinx.com:module_ref:i2c_sender_adv7511:1.0 - i2c_sender_adv7511_0
Adding component instance block -- xilinx.com:ip:xlconstant:1.1 - xlconstant_5
Adding component instance block -- xilinx.com:module_ref:mux_rgb:1.0 - mux_rgb_0
Adding component instance block -- xilinx.com:ip:xlconstant:1.1 - xlconstant_2
Adding component instance block -- xilinx.com:hls:im_load:1.0 - im_load_0
Adding component instance block -- xilinx.com:ip:blk_mem_gen:8.4 - blk_mem_gen_0
Adding component instance block -- xilinx.com:ip:xlconstant:1.1 - xlconstant_1
Adding component instance block -- xilinx.com:module_ref:ov7670_controller:1.0 - ov7670_controller_0
Adding component instance block -- xilinx.com:module_ref:debounce:1.0 - debounce_0
Adding component instance block -- xilinx.com:module_ref:ov7670_capture:1.0 - ov7670_capture_0
Successfully read diagram <design_1> from BD file <C:/Users/ap576391/Documents/TPBrost/tp3_p1/tp3_p1.srcs/sources_1/bd/design_1/design_1.bd>
open_bd_design: Time (s): cpu = 00:00:13 ; elapsed = 00:00:10 . Memory (MB): peak = 1019.391 ; gain = 71.543
delete_bd_objs [get_bd_intf_nets video_in_1]
startgroup
create_bd_cell -type ip -vlnv xilinx.com:hls:c_grav:1.1 c_grav_0
endgroup
connect_bd_net [get_bd_pins c_grav_0/ap_start] [get_bd_pins xlconstant_2/dout]
WARNING: [BD 41-1306] The connection to interface pin /c_grav_0/ap_start is being overridden by the user. This pin will not be connected as a part of interface connection ap_ctrl
connect_bd_net [get_bd_pins c_grav_0/ap_rst_n] [get_bd_pins xlconstant_2/dout]
connect_bd_net [get_bd_pins c_grav_0/ap_clk] [get_bd_pins clk_wiz_0/clk_100]
connect_bd_intf_net [get_bd_intf_pins c_grav_0/s_axis_video] [get_bd_intf_pins im_load_0/video]
connect_bd_intf_net [get_bd_intf_pins c_grav_0/m_axis_video] -boundary_type upper [get_bd_intf_pins video_ctrl/video_in]
connect_bd_net [get_bd_pins c_grav_0/cg_on_V] [get_bd_pins xlconstant_2/dout]
copy_bd_objs /  [get_bd_cells {xlconstant_2}]
set_property location {2 369 815} [get_bd_cells xlconstant_3]
copy_bd_objs /  [get_bd_cells {xlconstant_2}]
set_property location {2 425 887} [get_bd_cells xlconstant_4]
set_property location {3 702 790} [get_bd_cells c_grav_0]
set_property -dict [list CONFIG.CONST_WIDTH {32} CONFIG.CONST_VAL {640}] [get_bd_cells xlconstant_3]
connect_bd_net [get_bd_pins xlconstant_3/dout] [get_bd_pins c_grav_0/hsize_in]
set_property -dict [list CONFIG.CONST_WIDTH {32} CONFIG.CONST_VAL {480}] [get_bd_cells xlconstant_4]
connect_bd_net [get_bd_pins xlconstant_4/dout] [get_bd_pins c_grav_0/vsize_in]
validate_bd_design
WARNING: [BD 41-2180] Resetting the memory initialization file of </blk_mem_gen_0> to default.
WARNING: [BD 41-927] Following properties on pin /video_ctrl/adv_7511/i2c_sender_adv7511_0/clk have been updated from connected ip. They may not be synchronized with cell properties. You can set property on pin directly to confirm the value and resolve the warning.
	PHASE=0.0 
WARNING: [BD 41-927] Following properties on pin /ov7670/ov7670_controller_0/clk have been updated from connected ip. They may not be synchronized with cell properties. You can set property on pin directly to confirm the value and resolve the warning.
	PHASE=0.0 
WARNING: [BD 41-927] Following properties on pin /ov7670/debounce_0/clk have been updated from connected ip. They may not be synchronized with cell properties. You can set property on pin directly to confirm the value and resolve the warning.
	PHASE=0.0 
save_bd_design
Wrote  : <C:\Users\ap576391\Documents\TPBrost\tp3_p1\tp3_p1.srcs\sources_1\bd\design_1\design_1.bd> 
Wrote  : <C:/Users/ap576391/Documents/TPBrost/tp3_p1/tp3_p1.srcs/sources_1/bd/design_1/ui/bd_1f5defd0.ui> 
exit
INFO: [Common 17-206] Exiting Vivado at Wed Nov 29 16:46:49 2023...
