#-----------------------------------------------------------
# Vivado v2019.2 (64-bit)
# SW Build 2708876 on Wed Nov  6 21:40:23 MST 2019
# IP Build 2700528 on Thu Nov  7 00:09:20 MST 2019
# Start of session at: Thu Feb 24 00:38:20 2022
# Process ID: 19788
# Current directory: C:/formation_hls/tp3_p1
# Command line: vivado.exe -gui_launcher_event rodinguilauncherevent20344 C:\formation_hls\tp3_p1\tp3_p1.xpr
# Log file: C:/formation_hls/tp3_p1/vivado.log
# Journal file: C:/formation_hls/tp3_p1\vivado.jou
#-----------------------------------------------------------
start_gui
open_project C:/formation_hls/tp3_p1/tp3_p1.xpr
Scanning sources...
Finished scanning sources
INFO: [IP_Flow 19-234] Refreshing IP repositories
INFO: [IP_Flow 19-1700] Loaded user IP repository 'c:/formation_hls/video_vga_7511_zed/hls/im_load'.
INFO: [IP_Flow 19-1700] Loaded user IP repository 'c:/formation_hls/video_vga_7511_zed/hls/axis-to-aximm'.
INFO: [IP_Flow 19-1700] Loaded user IP repository 'c:/formation_hls/video_vga_7511_zed/hls/mire'.
INFO: [IP_Flow 19-1700] Loaded user IP repository 'c:/formation_hls/video_vga_7511_zed/hls/im_load_mm'.
INFO: [IP_Flow 19-1700] Loaded user IP repository 'c:/formation_hls/video_vga_7511_zed/hls/incrust'.
INFO: [IP_Flow 19-1700] Loaded user IP repository 'c:/formation_hls/video_vga_7511_zed/hls/sobel'.
INFO: [IP_Flow 19-1700] Loaded user IP repository 'c:/formation_hls/video_vga_7511_zed/hls/broad'.
INFO: [IP_Flow 19-1700] Loaded user IP repository 'c:/formation_hls/video_vga_7511_zed/hls/c_grav'.
INFO: [IP_Flow 19-1700] Loaded user IP repository 'c:/formation_hls/video_vga_7511_zed/hls/switch_axis'.
INFO: [IP_Flow 19-1700] Loaded user IP repository 'c:/formation_hls/video_vga_7511_zed/hls/FILTER_CONVOLUTION'.
INFO: [IP_Flow 19-1700] Loaded user IP repository 'c:/formation_hls/video_vga_7511_zed/hls/video_crop'.
INFO: [IP_Flow 19-2313] Loaded Vivado IP repository 'C:/Xilinx/Vivado/2019.2/data/ip'.
open_project: Time (s): cpu = 00:00:19 ; elapsed = 00:00:09 . Memory (MB): peak = 914.270 ; gain = 204.801
update_compile_order -fileset sources_1
open_hw_manager
connect_hw_server -allow_non_jtag
INFO: [Labtools 27-2285] Connecting to hw_server url TCP:localhost:3121
INFO: [Labtools 27-3415] Connecting to cs_server url TCP:localhost:3042
INFO: [Labtools 27-3417] Launching cs_server...
INFO: [Labtools 27-2221] Launch Output:


****** Xilinx cs_server v2019.2.0
  **** Build date : Nov 07 2019-06:28:22
    ** Copyright 2017-2019 Xilinx, Inc. All Rights Reserved.



open_hw_target
INFO: [Labtoolstcl 44-466] Opening hw_target localhost:3121/xilinx_tcf/Digilent/210248452841
open_hw_target: Time (s): cpu = 00:00:06 ; elapsed = 00:00:07 . Memory (MB): peak = 2254.648 ; gain = 1234.027
set_property PROGRAM.FILE {C:/formation_hls/tp3_p1/tp3_p1.runs/impl_1/design_1_wrapper.bit} [get_hw_devices xc7z020_1]
current_hw_device [get_hw_devices xc7z020_1]
refresh_hw_device -update_hw_probes false [lindex [get_hw_devices xc7z020_1] 0]
INFO: [Labtools 27-1435] Device xc7z020 (JTAG device index = 1) is not programmed (DONE status = 0).
set_property PROBES.FILE {} [get_hw_devices xc7z020_1]
set_property FULL_PROBES.FILE {} [get_hw_devices xc7z020_1]
set_property PROGRAM.FILE {C:/formation_hls/tp3_p1/tp3_p1.runs/impl_1/design_1_wrapper.bit} [get_hw_devices xc7z020_1]
program_hw_devices [get_hw_devices xc7z020_1]
INFO: [Labtools 27-3164] End of startup status: HIGH
refresh_hw_device [lindex [get_hw_devices xc7z020_1] 0]
INFO: [Labtools 27-1434] Device xc7z020 (JTAG device index = 1) is programmed with a design that has no supported debug core(s) in it.
close_hw_manager
exit
INFO: [Common 17-206] Exiting Vivado at Thu Feb 24 00:40:56 2022...
