#-----------------------------------------------------------
# Vivado v2019.2 (64-bit)
# SW Build 2708876 on Wed Nov  6 21:40:23 MST 2019
# IP Build 2700528 on Thu Nov  7 00:09:20 MST 2019
# Start of session at: Thu Feb 24 00:43:42 2022
# Process ID: 14444
# Current directory: C:/formation_hls/tp3_p1
# Command line: vivado.exe -gui_launcher_event rodinguilauncherevent31156 C:\formation_hls\tp3_p1\tp3_p1.xpr
# Log file: C:/formation_hls/tp3_p1/vivado.log
# Journal file: C:/formation_hls/tp3_p1\vivado.jou
#-----------------------------------------------------------
start_gui
open_project C:/formation_hls/tp3_p1/tp3_p1.xpr
Scanning sources...
Finished scanning sources
INFO: [IP_Flow 19-234] Refreshing IP repositories
INFO: [IP_Flow 19-1700] Loaded user IP repository 'c:/formation_hls/video_vga_7511_zed/hls/im_load'.
INFO: [IP_Flow 19-1700] Loaded user IP repository 'c:/formation_hls/video_vga_7511_zed/hls/axis-to-aximm'.
INFO: [IP_Flow 19-1700] Loaded user IP repository 'c:/formation_hls/video_vga_7511_zed/hls/mire'.
INFO: [IP_Flow 19-1700] Loaded user IP repository 'c:/formation_hls/video_vga_7511_zed/hls/im_load_mm'.
INFO: [IP_Flow 19-1700] Loaded user IP repository 'c:/formation_hls/video_vga_7511_zed/hls/incrust'.
INFO: [IP_Flow 19-1700] Loaded user IP repository 'c:/formation_hls/video_vga_7511_zed/hls/sobel'.
INFO: [IP_Flow 19-1700] Loaded user IP repository 'c:/formation_hls/video_vga_7511_zed/hls/broad'.
INFO: [IP_Flow 19-1700] Loaded user IP repository 'c:/formation_hls/video_vga_7511_zed/hls/c_grav'.
INFO: [IP_Flow 19-1700] Loaded user IP repository 'c:/formation_hls/video_vga_7511_zed/hls/switch_axis'.
INFO: [IP_Flow 19-1700] Loaded user IP repository 'c:/formation_hls/video_vga_7511_zed/hls/FILTER_CONVOLUTION'.
INFO: [IP_Flow 19-1700] Loaded user IP repository 'c:/formation_hls/video_vga_7511_zed/hls/video_crop'.
INFO: [IP_Flow 19-2313] Loaded Vivado IP repository 'C:/Xilinx/Vivado/2019.2/data/ip'.
open_project: Time (s): cpu = 00:00:19 ; elapsed = 00:00:09 . Memory (MB): peak = 943.773 ; gain = 288.633
update_compile_order -fileset sources_1
set_property top design_1_wrapper [get_filesets sim_1]
set_property  ip_repo_paths  {c:/formation_hls/video_vga_7511_zed/hls/im_load c:/formation_hls/video_vga_7511_zed/hls/axis-to-aximm c:/formation_hls/video_vga_7511_zed/hls/mire c:/formation_hls/video_vga_7511_zed/hls/im_load_mm c:/formation_hls/video_vga_7511_zed/hls/sobel c:/formation_hls/video_vga_7511_zed/hls/broad c:/formation_hls/video_vga_7511_zed/hls/c_grav c:/formation_hls/video_vga_7511_zed/hls/switch_axis c:/formation_hls/video_vga_7511_zed/hls/FILTER_CONVOLUTION c:/formation_hls/video_vga_7511_zed/hls/video_crop} [current_project]
update_ip_catalog
INFO: [IP_Flow 19-234] Refreshing IP repositories
INFO: [IP_Flow 19-1700] Loaded user IP repository 'c:/formation_hls/video_vga_7511_zed/hls/im_load'.
INFO: [IP_Flow 19-1700] Loaded user IP repository 'c:/formation_hls/video_vga_7511_zed/hls/axis-to-aximm'.
INFO: [IP_Flow 19-1700] Loaded user IP repository 'c:/formation_hls/video_vga_7511_zed/hls/mire'.
INFO: [IP_Flow 19-1700] Loaded user IP repository 'c:/formation_hls/video_vga_7511_zed/hls/im_load_mm'.
INFO: [IP_Flow 19-1700] Loaded user IP repository 'c:/formation_hls/video_vga_7511_zed/hls/sobel'.
INFO: [IP_Flow 19-1700] Loaded user IP repository 'c:/formation_hls/video_vga_7511_zed/hls/broad'.
INFO: [IP_Flow 19-1700] Loaded user IP repository 'c:/formation_hls/video_vga_7511_zed/hls/c_grav'.
INFO: [IP_Flow 19-1700] Loaded user IP repository 'c:/formation_hls/video_vga_7511_zed/hls/switch_axis'.
INFO: [IP_Flow 19-1700] Loaded user IP repository 'c:/formation_hls/video_vga_7511_zed/hls/FILTER_CONVOLUTION'.
INFO: [IP_Flow 19-1700] Loaded user IP repository 'c:/formation_hls/video_vga_7511_zed/hls/video_crop'.
set_property  ip_repo_paths  {c:/formation_hls/video_vga_7511_zed/hls/im_load c:/formation_hls/video_vga_7511_zed/hls/axis-to-aximm c:/formation_hls/video_vga_7511_zed/hls/mire c:/formation_hls/video_vga_7511_zed/hls/im_load_mm c:/formation_hls/video_vga_7511_zed/hls/broad c:/formation_hls/video_vga_7511_zed/hls/c_grav c:/formation_hls/video_vga_7511_zed/hls/switch_axis c:/formation_hls/video_vga_7511_zed/hls/FILTER_CONVOLUTION c:/formation_hls/video_vga_7511_zed/hls/video_crop} [current_project]
update_ip_catalog
INFO: [IP_Flow 19-234] Refreshing IP repositories
INFO: [IP_Flow 19-1700] Loaded user IP repository 'c:/formation_hls/video_vga_7511_zed/hls/im_load'.
INFO: [IP_Flow 19-1700] Loaded user IP repository 'c:/formation_hls/video_vga_7511_zed/hls/axis-to-aximm'.
INFO: [IP_Flow 19-1700] Loaded user IP repository 'c:/formation_hls/video_vga_7511_zed/hls/mire'.
INFO: [IP_Flow 19-1700] Loaded user IP repository 'c:/formation_hls/video_vga_7511_zed/hls/im_load_mm'.
INFO: [IP_Flow 19-1700] Loaded user IP repository 'c:/formation_hls/video_vga_7511_zed/hls/broad'.
INFO: [IP_Flow 19-1700] Loaded user IP repository 'c:/formation_hls/video_vga_7511_zed/hls/c_grav'.
INFO: [IP_Flow 19-1700] Loaded user IP repository 'c:/formation_hls/video_vga_7511_zed/hls/switch_axis'.
INFO: [IP_Flow 19-1700] Loaded user IP repository 'c:/formation_hls/video_vga_7511_zed/hls/FILTER_CONVOLUTION'.
INFO: [IP_Flow 19-1700] Loaded user IP repository 'c:/formation_hls/video_vga_7511_zed/hls/video_crop'.
set_property  ip_repo_paths  {c:/formation_hls/video_vga_7511_zed/hls/im_load c:/formation_hls/video_vga_7511_zed/hls/axis-to-aximm c:/formation_hls/video_vga_7511_zed/hls/mire c:/formation_hls/video_vga_7511_zed/hls/im_load_mm c:/formation_hls/video_vga_7511_zed/hls/c_grav c:/formation_hls/video_vga_7511_zed/hls/switch_axis c:/formation_hls/video_vga_7511_zed/hls/FILTER_CONVOLUTION c:/formation_hls/video_vga_7511_zed/hls/video_crop} [current_project]
update_ip_catalog
INFO: [IP_Flow 19-234] Refreshing IP repositories
INFO: [IP_Flow 19-1700] Loaded user IP repository 'c:/formation_hls/video_vga_7511_zed/hls/im_load'.
INFO: [IP_Flow 19-1700] Loaded user IP repository 'c:/formation_hls/video_vga_7511_zed/hls/axis-to-aximm'.
INFO: [IP_Flow 19-1700] Loaded user IP repository 'c:/formation_hls/video_vga_7511_zed/hls/mire'.
INFO: [IP_Flow 19-1700] Loaded user IP repository 'c:/formation_hls/video_vga_7511_zed/hls/im_load_mm'.
INFO: [IP_Flow 19-1700] Loaded user IP repository 'c:/formation_hls/video_vga_7511_zed/hls/c_grav'.
INFO: [IP_Flow 19-1700] Loaded user IP repository 'c:/formation_hls/video_vga_7511_zed/hls/switch_axis'.
INFO: [IP_Flow 19-1700] Loaded user IP repository 'c:/formation_hls/video_vga_7511_zed/hls/FILTER_CONVOLUTION'.
INFO: [IP_Flow 19-1700] Loaded user IP repository 'c:/formation_hls/video_vga_7511_zed/hls/video_crop'.
set_property  ip_repo_paths  {c:/formation_hls/video_vga_7511_zed/hls/im_load c:/formation_hls/video_vga_7511_zed/hls/axis-to-aximm c:/formation_hls/video_vga_7511_zed/hls/mire c:/formation_hls/video_vga_7511_zed/hls/im_load_mm c:/formation_hls/video_vga_7511_zed/hls/switch_axis c:/formation_hls/video_vga_7511_zed/hls/FILTER_CONVOLUTION c:/formation_hls/video_vga_7511_zed/hls/video_crop} [current_project]
update_ip_catalog
INFO: [IP_Flow 19-234] Refreshing IP repositories
INFO: [IP_Flow 19-1700] Loaded user IP repository 'c:/formation_hls/video_vga_7511_zed/hls/im_load'.
INFO: [IP_Flow 19-1700] Loaded user IP repository 'c:/formation_hls/video_vga_7511_zed/hls/axis-to-aximm'.
INFO: [IP_Flow 19-1700] Loaded user IP repository 'c:/formation_hls/video_vga_7511_zed/hls/mire'.
INFO: [IP_Flow 19-1700] Loaded user IP repository 'c:/formation_hls/video_vga_7511_zed/hls/im_load_mm'.
INFO: [IP_Flow 19-1700] Loaded user IP repository 'c:/formation_hls/video_vga_7511_zed/hls/switch_axis'.
INFO: [IP_Flow 19-1700] Loaded user IP repository 'c:/formation_hls/video_vga_7511_zed/hls/FILTER_CONVOLUTION'.
INFO: [IP_Flow 19-1700] Loaded user IP repository 'c:/formation_hls/video_vga_7511_zed/hls/video_crop'.
set_property  ip_repo_paths  {c:/formation_hls/video_vga_7511_zed/hls/im_load c:/formation_hls/video_vga_7511_zed/hls/axis-to-aximm c:/formation_hls/video_vga_7511_zed/hls/mire c:/formation_hls/video_vga_7511_zed/hls/im_load_mm c:/formation_hls/video_vga_7511_zed/hls/FILTER_CONVOLUTION c:/formation_hls/video_vga_7511_zed/hls/video_crop} [current_project]
update_ip_catalog
INFO: [IP_Flow 19-234] Refreshing IP repositories
INFO: [IP_Flow 19-1700] Loaded user IP repository 'c:/formation_hls/video_vga_7511_zed/hls/im_load'.
INFO: [IP_Flow 19-1700] Loaded user IP repository 'c:/formation_hls/video_vga_7511_zed/hls/axis-to-aximm'.
INFO: [IP_Flow 19-1700] Loaded user IP repository 'c:/formation_hls/video_vga_7511_zed/hls/mire'.
INFO: [IP_Flow 19-1700] Loaded user IP repository 'c:/formation_hls/video_vga_7511_zed/hls/im_load_mm'.
INFO: [IP_Flow 19-1700] Loaded user IP repository 'c:/formation_hls/video_vga_7511_zed/hls/FILTER_CONVOLUTION'.
INFO: [IP_Flow 19-1700] Loaded user IP repository 'c:/formation_hls/video_vga_7511_zed/hls/video_crop'.
set_property  ip_repo_paths  {c:/formation_hls/video_vga_7511_zed/hls/im_load c:/formation_hls/video_vga_7511_zed/hls/axis-to-aximm c:/formation_hls/video_vga_7511_zed/hls/mire c:/formation_hls/video_vga_7511_zed/hls/im_load_mm c:/formation_hls/video_vga_7511_zed/hls/video_crop} [current_project]
update_ip_catalog
INFO: [IP_Flow 19-234] Refreshing IP repositories
INFO: [IP_Flow 19-1700] Loaded user IP repository 'c:/formation_hls/video_vga_7511_zed/hls/im_load'.
INFO: [IP_Flow 19-1700] Loaded user IP repository 'c:/formation_hls/video_vga_7511_zed/hls/axis-to-aximm'.
INFO: [IP_Flow 19-1700] Loaded user IP repository 'c:/formation_hls/video_vga_7511_zed/hls/mire'.
INFO: [IP_Flow 19-1700] Loaded user IP repository 'c:/formation_hls/video_vga_7511_zed/hls/im_load_mm'.
INFO: [IP_Flow 19-1700] Loaded user IP repository 'c:/formation_hls/video_vga_7511_zed/hls/video_crop'.
set_property  ip_repo_paths  {c:/formation_hls/video_vga_7511_zed/hls/im_load c:/formation_hls/video_vga_7511_zed/hls/axis-to-aximm c:/formation_hls/video_vga_7511_zed/hls/mire c:/formation_hls/video_vga_7511_zed/hls/im_load_mm} [current_project]
update_ip_catalog
INFO: [IP_Flow 19-234] Refreshing IP repositories
INFO: [IP_Flow 19-1700] Loaded user IP repository 'c:/formation_hls/video_vga_7511_zed/hls/im_load'.
INFO: [IP_Flow 19-1700] Loaded user IP repository 'c:/formation_hls/video_vga_7511_zed/hls/axis-to-aximm'.
INFO: [IP_Flow 19-1700] Loaded user IP repository 'c:/formation_hls/video_vga_7511_zed/hls/mire'.
INFO: [IP_Flow 19-1700] Loaded user IP repository 'c:/formation_hls/video_vga_7511_zed/hls/im_load_mm'.
set_property  ip_repo_paths  {c:/formation_hls/video_vga_7511_zed/hls/im_load c:/formation_hls/video_vga_7511_zed/hls/axis-to-aximm c:/formation_hls/video_vga_7511_zed/hls/mire} [current_project]
update_ip_catalog
INFO: [IP_Flow 19-234] Refreshing IP repositories
INFO: [IP_Flow 19-1700] Loaded user IP repository 'c:/formation_hls/video_vga_7511_zed/hls/im_load'.
INFO: [IP_Flow 19-1700] Loaded user IP repository 'c:/formation_hls/video_vga_7511_zed/hls/axis-to-aximm'.
INFO: [IP_Flow 19-1700] Loaded user IP repository 'c:/formation_hls/video_vga_7511_zed/hls/mire'.
set_property  ip_repo_paths  {c:/formation_hls/video_vga_7511_zed/hls/im_load c:/formation_hls/video_vga_7511_zed/hls/axis-to-aximm} [current_project]
update_ip_catalog
INFO: [IP_Flow 19-234] Refreshing IP repositories
INFO: [IP_Flow 19-1700] Loaded user IP repository 'c:/formation_hls/video_vga_7511_zed/hls/im_load'.
INFO: [IP_Flow 19-1700] Loaded user IP repository 'c:/formation_hls/video_vga_7511_zed/hls/axis-to-aximm'.
set_property  ip_repo_paths  c:/formation_hls/video_vga_7511_zed/hls/im_load [current_project]
update_ip_catalog
INFO: [IP_Flow 19-234] Refreshing IP repositories
INFO: [IP_Flow 19-1700] Loaded user IP repository 'c:/formation_hls/video_vga_7511_zed/hls/im_load'.
set_property  ip_repo_paths  {} [current_project]
update_ip_catalog
INFO: [IP_Flow 19-234] Refreshing IP repositories
INFO: [IP_Flow 19-1704] No user IP repositories specified
set_property  ip_repo_paths  C:/formation_hls/tp3_p1/hls/im_load [current_project]
update_ip_catalog
INFO: [IP_Flow 19-234] Refreshing IP repositories
INFO: [IP_Flow 19-1700] Loaded user IP repository 'c:/formation_hls/tp3_p1/hls/im_load'.
open_bd_design {C:/formation_hls/tp3_p1/tp3_p1.srcs/sources_1/bd/design_1/design_1.bd}
Adding component instance block -- xilinx.com:ip:clk_wiz:6.0 - clk_wiz_0
Adding component instance block -- xilinx.com:ip:xlconstant:1.1 - xlconstant_0
Adding component instance block -- xilinx.com:ip:xlslice:1.0 - xlslice_1
Adding component instance block -- xilinx.com:ip:xlconstant:1.1 - xlconstant_1
Adding component instance block -- xilinx.com:ip:v_tc:6.2 - v_tc_0
Adding component instance block -- xilinx.com:ip:v_axi4s_vid_out:4.0 - v_axi4s_vid_out_0
Adding component instance block -- xilinx.com:ip:xlconcat:2.1 - xlconcat_0
Adding component instance block -- xilinx.com:module_ref:i2c_sender_adv7511:1.0 - i2c_sender_adv7511_0
Adding component instance block -- xilinx.com:ip:xlconstant:1.1 - xlconstant_5
Adding component instance block -- xilinx.com:ip:xlconstant:1.1 - xlconstant_2
Adding component instance block -- xilinx.com:hls:im_load:1.0 - im_load_0
Adding component instance block -- xilinx.com:ip:blk_mem_gen:8.4 - blk_mem_gen_0
Adding component instance block -- xilinx.com:ip:xlconstant:1.1 - xlconstant_1
Adding component instance block -- xilinx.com:module_ref:ov7670_controller:1.0 - ov7670_controller_0
Adding component instance block -- xilinx.com:module_ref:debounce:1.0 - debounce_0
Adding component instance block -- xilinx.com:module_ref:ov7670_capture:1.0 - ov7670_capture_0
Successfully read diagram <design_1> from BD file <C:/formation_hls/tp3_p1/tp3_p1.srcs/sources_1/bd/design_1/design_1.bd>
open_bd_design: Time (s): cpu = 00:00:10 ; elapsed = 00:00:09 . Memory (MB): peak = 1286.797 ; gain = 0.000
exit
INFO: [Common 17-206] Exiting Vivado at Thu Feb 24 00:46:36 2022...
