#-----------------------------------------------------------
# Vivado v2019.2 (64-bit)
# SW Build 2708876 on Wed Nov  6 21:40:23 MST 2019
# IP Build 2700528 on Thu Nov  7 00:09:20 MST 2019
# Start of session at: Sat Mar  5 14:05:44 2022
# Process ID: 10368
# Current directory: C:/formation_hls/tp1_p2
# Command line: vivado.exe -gui_launcher_event rodinguilauncherevent11432 C:\formation_hls\tp1_p2\tp1_p2.xpr
# Log file: C:/formation_hls/tp1_p2/vivado.log
# Journal file: C:/formation_hls/tp1_p2\vivado.jou
#-----------------------------------------------------------
start_gui
open_project C:/formation_hls/tp1_p2/tp1_p2.xpr
Scanning sources...
Finished scanning sources
INFO: [IP_Flow 19-234] Refreshing IP repositories
INFO: [IP_Flow 19-1704] No user IP repositories specified
INFO: [IP_Flow 19-2313] Loaded Vivado IP repository 'C:/Xilinx/Vivado/2019.2/data/ip'.
open_project: Time (s): cpu = 00:00:19 ; elapsed = 00:00:10 . Memory (MB): peak = 864.434 ; gain = 173.367
update_compile_order -fileset sources_1
open_bd_design {C:/formation_hls/tp1_p2/tp1_p2.srcs/sources_1/bd/design_1/design_1.bd}
Adding component instance block -- xilinx.com:ip:clk_wiz:6.0 - clk_wiz_0
Adding component instance block -- xilinx.com:ip:xlconstant:1.1 - xlconstant_0
Adding component instance block -- xilinx.com:ip:xlslice:1.0 - xlslice_1
Adding component instance block -- xilinx.com:ip:xlconstant:1.1 - xlconstant_1
Adding component instance block -- xilinx.com:ip:v_tc:6.2 - v_tc_0
Adding component instance block -- xilinx.com:ip:v_axi4s_vid_out:4.0 - v_axi4s_vid_out_0
Adding component instance block -- xilinx.com:ip:xlconcat:2.1 - xlconcat_0
Adding component instance block -- xilinx.com:module_ref:i2c_sender_adv7511:1.0 - i2c_sender_adv7511_0
Adding component instance block -- xilinx.com:ip:xlconstant:1.1 - xlconstant_5
Successfully read diagram <design_1> from BD file <C:/formation_hls/tp1_p2/tp1_p2.srcs/sources_1/bd/design_1/design_1.bd>
open_bd_design: Time (s): cpu = 00:00:12 ; elapsed = 00:00:09 . Memory (MB): peak = 1004.008 ; gain = 88.891
exit
INFO: [Common 17-206] Exiting Vivado at Sat Mar  5 16:44:32 2022...
