Copyright 1986-2019 Xilinx, Inc. All Rights Reserved.
----------------------------------------------------------------------------------------------------------------------------------------------------------------------
| Tool Version     : Vivado v.2019.2 (win64) Build 2708876 Wed Nov  6 21:40:23 MST 2019
| Date             : Wed Nov 29 13:49:18 2023
| Host             : gs21-06 running 64-bit major release  (build 9200)
| Command          : report_power -file design_2_wrapper_power_routed.rpt -pb design_2_wrapper_power_summary_routed.pb -rpx design_2_wrapper_power_routed.rpx
| Design           : design_2_wrapper
| Device           : xc7z020clg484-1
| Design State     : routed
| Grade            : commercial
| Process          : typical
| Characterization : Production
----------------------------------------------------------------------------------------------------------------------------------------------------------------------

Power Report

Table of Contents
-----------------
1. Summary
1.1 On-Chip Components
1.2 Power Supply Summary
1.3 Confidence Level
2. Settings
2.1 Environment
2.2 Clock Constraints
3. Detailed Reports
3.1 By Hierarchy

1. Summary
----------

+--------------------------+--------------+
| Total On-Chip Power (W)  | 1.921        |
| Design Power Budget (W)  | Unspecified* |
| Power Budget Margin (W)  | NA           |
| Dynamic (W)              | 1.768        |
| Device Static (W)        | 0.153        |
| Effective TJA (C/W)      | 11.5         |
| Max Ambient (C)          | 62.8         |
| Junction Temperature (C) | 47.2         |
| Confidence Level         | Medium       |
| Setting File             | ---          |
| Simulation Activity File | ---          |
| Design Nets Matched      | NA           |
+--------------------------+--------------+
* Specify Design Power Budget using, set_operating_conditions -design_power_budget <value in Watts>


1.1 On-Chip Components
----------------------

+--------------------------+-----------+----------+-----------+-----------------+
| On-Chip                  | Power (W) | Used     | Available | Utilization (%) |
+--------------------------+-----------+----------+-----------+-----------------+
| Clocks                   |     0.043 |        8 |       --- |             --- |
| Slice Logic              |     0.027 |    25848 |       --- |             --- |
|   LUT as Logic           |     0.022 |     7891 |     53200 |           14.83 |
|   LUT as Distributed RAM |     0.002 |     1170 |     17400 |            6.72 |
|   Register               |     0.002 |    11315 |    106400 |           10.63 |
|   LUT as Shift Register  |    <0.001 |      395 |     17400 |            2.27 |
|   CARRY4                 |    <0.001 |      183 |     13300 |            1.38 |
|   F7/F8 Muxes            |    <0.001 |        6 |     53200 |            0.01 |
|   Others                 |     0.000 |     1079 |       --- |             --- |
| Signals                  |     0.031 |    16106 |       --- |             --- |
| Block RAM                |     0.025 |     21.5 |       140 |           15.36 |
| MMCM                     |     0.106 |        1 |         4 |           25.00 |
| I/O                      |     0.003 |       38 |       200 |           19.00 |
| PS7                      |     1.533 |        1 |       --- |             --- |
| Static Power             |     0.153 |          |           |                 |
| Total                    |     1.921 |          |           |                 |
+--------------------------+-----------+----------+-----------+-----------------+


1.2 Power Supply Summary
------------------------

+-----------+-------------+-----------+-------------+------------+
| Source    | Voltage (V) | Total (A) | Dynamic (A) | Static (A) |
+-----------+-------------+-----------+-------------+------------+
| Vccint    |       1.000 |     0.141 |       0.124 |      0.017 |
| Vccaux    |       1.800 |     0.075 |       0.059 |      0.016 |
| Vcco33    |       3.300 |     0.002 |       0.001 |      0.001 |
| Vcco25    |       2.500 |     0.000 |       0.000 |      0.000 |
| Vcco18    |       1.800 |     0.000 |       0.000 |      0.000 |
| Vcco15    |       1.500 |     0.000 |       0.000 |      0.000 |
| Vcco135   |       1.350 |     0.000 |       0.000 |      0.000 |
| Vcco12    |       1.200 |     0.000 |       0.000 |      0.000 |
| Vccaux_io |       1.800 |     0.000 |       0.000 |      0.000 |
| Vccbram   |       1.000 |     0.004 |       0.002 |      0.003 |
| MGTAVcc   |       1.000 |     0.000 |       0.000 |      0.000 |
| MGTAVtt   |       1.200 |     0.000 |       0.000 |      0.000 |
| MGTVccaux |       1.800 |     0.000 |       0.000 |      0.000 |
| Vccpint   |       1.000 |     0.755 |       0.722 |      0.033 |
| Vccpaux   |       1.800 |     0.061 |       0.051 |      0.010 |
| Vccpll    |       1.800 |     0.017 |       0.014 |      0.003 |
| Vcco_ddr  |       1.500 |     0.459 |       0.457 |      0.002 |
| Vcco_mio0 |       3.300 |     0.003 |       0.002 |      0.001 |
| Vcco_mio1 |       1.800 |     0.003 |       0.002 |      0.001 |
| Vccadc    |       1.800 |     0.020 |       0.000 |      0.020 |
+-----------+-------------+-----------+-------------+------------+


1.3 Confidence Level
--------------------

+-----------------------------+------------+-------------------------------------------------------+------------------------------------------------------------------------------------------------------------+
| User Input Data             | Confidence | Details                                               | Action                                                                                                     |
+-----------------------------+------------+-------------------------------------------------------+------------------------------------------------------------------------------------------------------------+
| Design implementation state | High       | Design is routed                                      |                                                                                                            |
| Clock nodes activity        | High       | User specified more than 95% of clocks                |                                                                                                            |
| I/O nodes activity          | Medium     | More than 5% of inputs are missing user specification | Provide missing input activity with simulation results or by editing the "By Resource Type -> I/Os" view   |
| Internal nodes activity     | Medium     | User specified less than 25% of internal nodes        | Provide missing internal nodes activity with simulation results or by editing the "By Resource Type" views |
| Device models               | High       | Device models are Production                          |                                                                                                            |
|                             |            |                                                       |                                                                                                            |
| Overall confidence level    | Medium     |                                                       |                                                                                                            |
+-----------------------------+------------+-------------------------------------------------------+------------------------------------------------------------------------------------------------------------+


2. Settings
-----------

2.1 Environment
---------------

+-----------------------+------------------------+
| Ambient Temp (C)      | 25.0                   |
| ThetaJA (C/W)         | 11.5                   |
| Airflow (LFM)         | 250                    |
| Heat Sink             | none                   |
| ThetaSA (C/W)         | 0.0                    |
| Board Selection       | medium (10"x10")       |
| # of Board Layers     | 8to11 (8 to 11 Layers) |
| Board Temperature (C) | 25.0                   |
+-----------------------+------------------------+


2.2 Clock Constraints
---------------------

+-------------------------------+---------------------------------------------------------+-----------------+
| Clock                         | Domain                                                  | Constraint (ns) |
+-------------------------------+---------------------------------------------------------+-----------------+
| clk100_zed                    | clk100_zed                                              |            10.0 |
| clk_100_design_2_clk_wiz_0_0  | design_2_i/clk_wiz_0/inst/clk_100_design_2_clk_wiz_0_0  |            10.0 |
| clk_25_design_2_clk_wiz_0_0   | design_2_i/clk_wiz_0/inst/clk_25_design_2_clk_wiz_0_0   |            40.0 |
| clk_50_design_2_clk_wiz_0_0   | design_2_i/clk_wiz_0/inst/clk_50_design_2_clk_wiz_0_0   |            20.0 |
| clkfbout_design_2_clk_wiz_0_0 | design_2_i/clk_wiz_0/inst/clkfbout_design_2_clk_wiz_0_0 |            10.0 |
+-------------------------------+---------------------------------------------------------+-----------------+


3. Detailed Reports
-------------------

3.1 By Hierarchy
----------------

+--------------------------+-----------+
| Name                     | Power (W) |
+--------------------------+-----------+
| design_2_wrapper         |     1.768 |
|   design_2_i             |     1.765 |
|     axi_bram_ctrl_0      |     0.003 |
|       U0                 |     0.003 |
|     axi_bram_ctrl_0_bram |     0.021 |
|       U0                 |     0.021 |
|     clk_wiz_0            |     0.107 |
|       inst               |     0.107 |
|     im_load_mm_0         |     0.007 |
|       U0                 |     0.007 |
|     incrust_0            |     0.002 |
|       U0                 |     0.002 |
|     processing_system7_0 |     1.534 |
|       inst               |     1.534 |
|     smartconnect_0       |     0.087 |
|       inst               |     0.087 |
|     video_ctrl           |     0.004 |
|       v_axi4s_vid_out_0  |     0.003 |
+--------------------------+-----------+


