

================================================================
== Vivado HLS Report for 'c_grav'
================================================================
* Date:           Sat Feb 19 19:06:03 2022

* Version:        2019.2 (Build 2704478 on Wed Nov 06 22:10:23 MST 2019)
* Project:        c_grav
* Solution:       solution1
* Product family: zynq
* Target device:  xc7z020-clg484-1


================================================================
== Performance Estimates
================================================================
+ Timing: 
    * Summary: 
    +--------+----------+----------+------------+
    |  Clock |  Target  | Estimated| Uncertainty|
    +--------+----------+----------+------------+
    |ap_clk  | 10.00 ns | 9.533 ns |   1.25 ns  |
    +--------+----------+----------+------------+

+ Latency: 
    * Summary: 
    +---------+---------+----------+----------+-----+-----+---------+
    |  Latency (cycles) |  Latency (absolute) |  Interval | Pipeline|
    |   min   |   max   |    min   |    max   | min | max |   Type  |
    +---------+---------+----------+----------+-----+-----+---------+
    |        ?|        ?|         ?|         ?|    ?|    ?|   none  |
    +---------+---------+----------+----------+-----+-----+---------+

    + Detail: 
        * Instance: 
        N/A

        * Loop: 
        +----------+---------+---------+----------+-----------+-----------+------+----------+
        |          |  Latency (cycles) | Iteration|  Initiation Interval  | Trip |          |
        | Loop Name|   min   |   max   |  Latency |  achieved |   target  | Count| Pipelined|
        +----------+---------+---------+----------+-----------+-----------+------+----------+
        |- Loop 1  |        ?|        ?|         4|          1|          1|     ?|    yes   |
        +----------+---------+---------+----------+-----------+-----------+------+----------+



================================================================
== Utilization Estimates
================================================================
* Summary: 
+-----------------+---------+-------+--------+-------+-----+
|       Name      | BRAM_18K| DSP48E|   FF   |  LUT  | URAM|
+-----------------+---------+-------+--------+-------+-----+
|DSP              |        -|      -|       -|      -|    -|
|Expression       |        -|      4|       0|    838|    -|
|FIFO             |        -|      -|       -|      -|    -|
|Instance         |        -|      -|     788|    476|    -|
|Memory           |        -|      -|       -|      -|    -|
|Multiplexer      |        -|      -|       -|    323|    -|
|Register         |        0|      -|    1041|    224|    -|
+-----------------+---------+-------+--------+-------+-----+
|Total            |        0|      4|    1829|   1861|    0|
+-----------------+---------+-------+--------+-------+-----+
|Available        |      280|    220|  106400|  53200|    0|
+-----------------+---------+-------+--------+-------+-----+
|Utilization (%)  |        0|      1|       1|      3|    0|
+-----------------+---------+-------+--------+-------+-----+

+ Detail: 
    * Instance: 
    +-------------------------+----------------------+---------+-------+-----+-----+-----+
    |         Instance        |        Module        | BRAM_18K| DSP48E|  FF | LUT | URAM|
    +-------------------------+----------------------+---------+-------+-----+-----+-----+
    |c_grav_udiv_32ns_bkb_U1  |c_grav_udiv_32ns_bkb  |        0|      0|  394|  238|    0|
    |c_grav_udiv_32ns_bkb_U2  |c_grav_udiv_32ns_bkb  |        0|      0|  394|  238|    0|
    +-------------------------+----------------------+---------+-------+-----+-----+-----+
    |Total                    |                      |        0|      0|  788|  476|    0|
    +-------------------------+----------------------+---------+-------+-----+-----+-----+

    * DSP48E: 
    N/A

    * Memory: 
    N/A

    * FIFO: 
    N/A

    * Expression: 
    +----------------------------------+----------+-------+---+----+------------+------------+
    |           Variable Name          | Operation| DSP48E| FF| LUT| Bitwidth P0| Bitwidth P1|
    +----------------------------------+----------+-------+---+----+------------+------------+
    |bound_fu_236_p2                   |     *    |      4|  0|  20|          32|          32|
    |add_ln19_1_fu_270_p2              |     +    |      0|  0|  38|          31|           1|
    |add_ln19_fu_256_p2                |     +    |      0|  0|  71|          64|           1|
    |cgx_fu_334_p2                     |     +    |      0|  0|  39|          32|          32|
    |cgy_fu_373_p2                     |     +    |      0|  0|  39|          32|          32|
    |j_fu_358_p2                       |     +    |      0|  0|  38|          31|           1|
    |nb_fu_367_p2                      |     +    |      0|  0|  39|          32|           1|
    |neg34_fu_426_p2                   |     -    |      0|  0|  39|           1|          32|
    |neg_fu_393_p2                     |     -    |      0|  0|  39|           1|          32|
    |sub_ln32_1_fu_420_p2              |     -    |      0|  0|  39|          32|          32|
    |sub_ln32_fu_352_p2                |     -    |      0|  0|  39|          32|          32|
    |and_ln26_fu_328_p2                |    and   |      0|  0|   2|           1|           1|
    |ap_block_pp0_stage0_01001         |    and   |      0|  0|   2|           1|           1|
    |ap_block_state2_pp0_stage0_iter0  |    and   |      0|  0|   2|           1|           1|
    |ap_block_state4_io                |    and   |      0|  0|   2|           1|           1|
    |ap_block_state5_io                |    and   |      0|  0|   2|           1|           1|
    |ap_condition_217                  |    and   |      0|  0|   2|           1|           1|
    |ap_condition_238                  |    and   |      0|  0|   2|           1|           1|
    |abscond35_fu_432_p2               |   icmp   |      0|  0|  18|          32|           1|
    |abscond_fu_398_p2                 |   icmp   |      0|  0|  18|          32|           1|
    |icmp_ln19_fu_251_p2               |   icmp   |      0|  0|  29|          64|          64|
    |icmp_ln22_fu_246_p2               |   icmp   |      0|  0|  18|          32|          32|
    |icmp_ln25_fu_316_p2               |   icmp   |      0|  0|  18|          31|           5|
    |icmp_ln32_1_fu_446_p2             |   icmp   |      0|  0|  18|          32|           4|
    |icmp_ln32_fu_410_p2               |   icmp   |      0|  0|  18|          32|           4|
    |icmp_ln887_fu_322_p2              |   icmp   |      0|  0|  11|           8|           7|
    |ap_block_pp0_stage0_11001         |    or    |      0|  0|   2|           1|           1|
    |abs36_fu_438_p3                   |  select  |      0|  0|  32|           1|          32|
    |abs_fu_403_p3                     |  select  |      0|  0|  32|           1|          32|
    |cgx_2_fu_340_p3                   |  select  |      0|  0|  32|           1|          32|
    |cgy_2_fu_386_p3                   |  select  |      0|  0|  32|           1|          32|
    |nb_2_fu_379_p3                    |  select  |      0|  0|  32|           1|          32|
    |select_ln19_1_fu_276_p3           |  select  |      0|  0|  31|           1|          31|
    |select_ln19_fu_262_p3             |  select  |      0|  0|  31|           1|          31|
    |select_ln34_fu_452_p3             |  select  |      0|  0|   8|           1|           2|
    |ap_enable_pp0                     |    xor   |      0|  0|   2|           1|           2|
    |ap_enable_reg_pp0_iter1           |    xor   |      0|  0|   2|           2|           1|
    +----------------------------------+----------+-------+---+----+------------+------------+
    |Total                             |          |      4|  0| 838|         602|         581|
    +----------------------------------+----------+-------+---+----+------------+------------+

    * Multiplexer: 
    +-----------------------------------------+-----+-----------+-----+-----------+
    |                   Name                  | LUT | Input Size| Bits| Total Bits|
    +-----------------------------------------+-----+-----------+-----+-----------+
    |ap_NS_fsm                                |  173|         39|    1|         39|
    |ap_enable_reg_pp0_iter1                  |    9|          2|    1|          2|
    |ap_enable_reg_pp0_iter3                  |    9|          2|    1|          2|
    |ap_phi_mux_cgx_1_phi_fu_183_p4           |    9|          2|   32|         64|
    |ap_phi_mux_cgy_1_phi_fu_195_p4           |    9|          2|   32|         64|
    |ap_phi_mux_i_0_phi_fu_160_p4             |    9|          2|   31|         62|
    |ap_phi_mux_nb_1_phi_fu_171_p4            |    9|          2|   32|         64|
    |ap_phi_mux_tmp_data_V_phi_fu_218_p6      |    9|          2|    8|         16|
    |ap_phi_reg_pp0_iter2_tmp_data_V_reg_214  |   15|          3|    8|         24|
    |cgx_1_reg_179                            |    9|          2|   32|         64|
    |cgy_1_reg_191                            |    9|          2|   32|         64|
    |i_0_reg_156                              |    9|          2|   31|         62|
    |indvar_flatten_reg_145                   |    9|          2|   64|        128|
    |j_0_reg_203                              |    9|          2|   31|         62|
    |m_axis_video_TDATA_blk_n                 |    9|          2|    1|          2|
    |nb_1_reg_167                             |    9|          2|   32|         64|
    |s_axis_video_TDATA_blk_n                 |    9|          2|    1|          2|
    +-----------------------------------------+-----+-----------+-----+-----------+
    |Total                                    |  323|         72|  370|        785|
    +-----------------------------------------+-----+-----------+-----+-----------+

    * Register: 
    +-----------------------------------------+----+----+-----+-----------+
    |                   Name                  | FF | LUT| Bits| Const Bits|
    +-----------------------------------------+----+----+-----+-----------+
    |and_ln26_reg_549                         |   1|   0|    1|          0|
    |ap_CS_fsm                                |  38|   0|   38|          0|
    |ap_enable_reg_pp0_iter0                  |   1|   0|    1|          0|
    |ap_enable_reg_pp0_iter1                  |   1|   0|    1|          0|
    |ap_enable_reg_pp0_iter2                  |   1|   0|    1|          0|
    |ap_enable_reg_pp0_iter3                  |   1|   0|    1|          0|
    |ap_phi_reg_pp0_iter1_tmp_data_V_reg_214  |   8|   0|    8|          0|
    |ap_phi_reg_pp0_iter2_tmp_data_V_reg_214  |   8|   0|    8|          0|
    |bound_reg_492                            |  64|   0|   64|          0|
    |cgx_1_reg_179                            |  32|   0|   32|          0|
    |cgx_2_reg_555                            |  32|   0|   32|          0|
    |cgx_r                                    |  32|   0|   32|          0|
    |cgy_1_reg_191                            |  32|   0|   32|          0|
    |cgy_2_reg_577                            |  32|   0|   32|          0|
    |cgy_r                                    |  32|   0|   32|          0|
    |i_0_reg_156                              |  31|   0|   31|          0|
    |icmp_ln19_reg_497                        |   1|   0|    1|          0|
    |icmp_ln32_1_reg_586                      |   1|   0|    1|          0|
    |icmp_ln32_reg_582                        |   1|   0|    1|          0|
    |indvar_flatten_reg_145                   |  64|   0|   64|          0|
    |j_0_reg_203                              |  31|   0|   31|          0|
    |nb_1_reg_167                             |  32|   0|   32|          0|
    |nb_2_reg_572                             |  32|   0|   32|          0|
    |select_ln19_1_reg_506                    |  31|   0|   31|          0|
    |sub_ln32_reg_560                         |  32|   0|   32|          0|
    |tmp_data_V_1_reg_512                     |   8|   0|    8|          0|
    |tmp_data_V_1_reg_512_pp0_iter1_reg       |   8|   0|    8|          0|
    |tmp_dest_V_reg_544                       |   1|   0|    1|          0|
    |tmp_id_V_reg_539                         |   1|   0|    1|          0|
    |tmp_keep_V_reg_519                       |   1|   0|    1|          0|
    |tmp_last_V_reg_534                       |   1|   0|    1|          0|
    |tmp_strb_V_reg_524                       |   1|   0|    1|          0|
    |tmp_user_V_reg_529                       |   1|   0|    1|          0|
    |icmp_ln19_reg_497                        |  64|  32|    1|          0|
    |tmp_dest_V_reg_544                       |  64|  32|    1|          0|
    |tmp_id_V_reg_539                         |  64|  32|    1|          0|
    |tmp_keep_V_reg_519                       |  64|  32|    1|          0|
    |tmp_last_V_reg_534                       |  64|  32|    1|          0|
    |tmp_strb_V_reg_524                       |  64|  32|    1|          0|
    |tmp_user_V_reg_529                       |  64|  32|    1|          0|
    +-----------------------------------------+----+----+-----+-----------+
    |Total                                    |1041| 224|  600|          0|
    +-----------------------------------------+----+----+-----+-----------+



================================================================
== Interface
================================================================
* Summary: 
+---------------------+-----+-----+------------+-----------------------+--------------+
|      RTL Ports      | Dir | Bits|  Protocol  |     Source Object     |    C Type    |
+---------------------+-----+-----+------------+-----------------------+--------------+
|ap_clk               |  in |    1| ap_ctrl_hs |         c_grav        | return value |
|ap_rst_n             |  in |    1| ap_ctrl_hs |         c_grav        | return value |
|ap_start             |  in |    1| ap_ctrl_hs |         c_grav        | return value |
|ap_done              | out |    1| ap_ctrl_hs |         c_grav        | return value |
|ap_idle              | out |    1| ap_ctrl_hs |         c_grav        | return value |
|ap_ready             | out |    1| ap_ctrl_hs |         c_grav        | return value |
|cg_on_V              |  in |    1|   ap_none  |        cg_on_V        |    scalar    |
|s_axis_video_TDATA   |  in |    8|    axis    | s_axis_video_V_data_V |    pointer   |
|s_axis_video_TVALID  |  in |    1|    axis    | s_axis_video_V_dest_V |    pointer   |
|s_axis_video_TREADY  | out |    1|    axis    | s_axis_video_V_dest_V |    pointer   |
|s_axis_video_TDEST   |  in |    1|    axis    | s_axis_video_V_dest_V |    pointer   |
|s_axis_video_TKEEP   |  in |    1|    axis    | s_axis_video_V_keep_V |    pointer   |
|s_axis_video_TSTRB   |  in |    1|    axis    | s_axis_video_V_strb_V |    pointer   |
|s_axis_video_TUSER   |  in |    1|    axis    | s_axis_video_V_user_V |    pointer   |
|s_axis_video_TLAST   |  in |    1|    axis    | s_axis_video_V_last_V |    pointer   |
|s_axis_video_TID     |  in |    1|    axis    |  s_axis_video_V_id_V  |    pointer   |
|m_axis_video_TDATA   | out |    8|    axis    | m_axis_video_V_data_V |    pointer   |
|m_axis_video_TVALID  | out |    1|    axis    | m_axis_video_V_dest_V |    pointer   |
|m_axis_video_TREADY  |  in |    1|    axis    | m_axis_video_V_dest_V |    pointer   |
|m_axis_video_TDEST   | out |    1|    axis    | m_axis_video_V_dest_V |    pointer   |
|m_axis_video_TKEEP   | out |    1|    axis    | m_axis_video_V_keep_V |    pointer   |
|m_axis_video_TSTRB   | out |    1|    axis    | m_axis_video_V_strb_V |    pointer   |
|m_axis_video_TUSER   | out |    1|    axis    | m_axis_video_V_user_V |    pointer   |
|m_axis_video_TLAST   | out |    1|    axis    | m_axis_video_V_last_V |    pointer   |
|m_axis_video_TID     | out |    1|    axis    |  m_axis_video_V_id_V  |    pointer   |
|hsize_in             |  in |   32|   ap_none  |        hsize_in       |    scalar    |
|vsize_in             |  in |   32|   ap_none  |        vsize_in       |    scalar    |
+---------------------+-----+-----+------------+-----------------------+--------------+

