#-----------------------------------------------------------
# Vivado v2019.2 (64-bit)
# SW Build 2708876 on Wed Nov  6 21:40:23 MST 2019
# IP Build 2700528 on Thu Nov  7 00:09:20 MST 2019
# Start of session at: Wed Feb 23 18:04:18 2022
# Process ID: 34696
# Current directory: C:/formation_hls/tp2_p1
# Command line: vivado.exe -gui_launcher_event rodinguilauncherevent32716 C:\formation_hls\tp2_p1\tp2_p1.xpr
# Log file: C:/formation_hls/tp2_p1/vivado.log
# Journal file: C:/formation_hls/tp2_p1\vivado.jou
#-----------------------------------------------------------
start_gui
open_project C:/formation_hls/tp2_p1/tp2_p1.xpr
Scanning sources...
Finished scanning sources
INFO: [IP_Flow 19-234] Refreshing IP repositories
INFO: [IP_Flow 19-1700] Loaded user IP repository 'c:/formation_hls/tp2_p1/hls/im_load'.
INFO: [IP_Flow 19-2313] Loaded Vivado IP repository 'C:/Xilinx/Vivado/2019.2/data/ip'.
open_project: Time (s): cpu = 00:00:16 ; elapsed = 00:00:07 . Memory (MB): peak = 888.113 ; gain = 183.609
update_compile_order -fileset sources_1
open_bd_design {C:/formation_hls/tp2_p1/tp2_p1.srcs/sources_1/bd/design_1/design_1.bd}
Adding component instance block -- xilinx.com:ip:clk_wiz:6.0 - clk_wiz_0
Adding component instance block -- xilinx.com:ip:xlconstant:1.1 - xlconstant_0
Adding component instance block -- xilinx.com:ip:xlslice:1.0 - xlslice_1
Adding component instance block -- xilinx.com:ip:xlconstant:1.1 - xlconstant_1
Adding component instance block -- xilinx.com:ip:v_tc:6.2 - v_tc_0
Adding component instance block -- xilinx.com:ip:v_axi4s_vid_out:4.0 - v_axi4s_vid_out_0
Adding component instance block -- xilinx.com:ip:xlconcat:2.1 - xlconcat_0
Adding component instance block -- xilinx.com:module_ref:i2c_sender_adv7511:1.0 - i2c_sender_adv7511_0
Adding component instance block -- xilinx.com:ip:xlconstant:1.1 - xlconstant_5
Adding component instance block -- xilinx.com:ip:blk_mem_gen:8.4 - blk_mem_gen_0
Adding component instance block -- xilinx.com:hls:im_load:1.0 - im_load_0
Adding component instance block -- xilinx.com:ip:xlconstant:1.1 - xlconstant_1
Adding component instance block -- xilinx.com:ip:xlconstant:1.1 - xlconstant_2
Successfully read diagram <design_1> from BD file <C:/formation_hls/tp2_p1/tp2_p1.srcs/sources_1/bd/design_1/design_1.bd>
open_bd_design: Time (s): cpu = 00:00:14 ; elapsed = 00:00:09 . Memory (MB): peak = 1023.797 ; gain = 107.461
exit
INFO: [Common 17-206] Exiting Vivado at Wed Feb 23 18:05:15 2022...
