

================================================================
== Vivado HLS Report for 'video_crop'
================================================================
* Date:           Fri Feb 18 21:43:43 2022

* Version:        2019.2 (Build 2704478 on Wed Nov 06 22:10:23 MST 2019)
* Project:        video_crop
* Solution:       solution1
* Product family: zynq
* Target device:  xc7z020-clg484-1


================================================================
== Performance Estimates
================================================================
+ Timing: 
    * Summary: 
    +--------+----------+----------+------------+
    |  Clock |  Target  | Estimated| Uncertainty|
    +--------+----------+----------+------------+
    |ap_clk  | 10.00 ns | 8.510 ns |   1.25 ns  |
    +--------+----------+----------+------------+

+ Latency: 
    * Summary: 
    +---------+---------+----------+----------+-----+-----+---------+
    |  Latency (cycles) |  Latency (absolute) |  Interval | Pipeline|
    |   min   |   max   |    min   |    max   | min | max |   Type  |
    +---------+---------+----------+----------+-----+-----+---------+
    |        ?|        ?|         ?|         ?|    ?|    ?|   none  |
    +---------+---------+----------+----------+-----+-----+---------+

    + Detail: 
        * Instance: 
        N/A

        * Loop: 
        +----------+---------+---------+----------+-----------+-----------+------+----------+
        |          |  Latency (cycles) | Iteration|  Initiation Interval  | Trip |          |
        | Loop Name|   min   |   max   |  Latency |  achieved |   target  | Count| Pipelined|
        +----------+---------+---------+----------+-----------+-----------+------+----------+
        |- Loop 1  |        ?|        ?|         3|          1|          1|     ?|    yes   |
        +----------+---------+---------+----------+-----------+-----------+------+----------+



================================================================
== Utilization Estimates
================================================================
* Summary: 
+-----------------+---------+-------+--------+-------+-----+
|       Name      | BRAM_18K| DSP48E|   FF   |  LUT  | URAM|
+-----------------+---------+-------+--------+-------+-----+
|DSP              |        -|      -|       -|      -|    -|
|Expression       |        -|      4|       0|    392|    -|
|FIFO             |        -|      -|       -|      -|    -|
|Instance         |        -|      -|       -|      -|    -|
|Memory           |        -|      -|       -|      -|    -|
|Multiplexer      |        -|      -|       -|     84|    -|
|Register         |        -|      -|     271|      -|    -|
+-----------------+---------+-------+--------+-------+-----+
|Total            |        0|      4|     271|    476|    0|
+-----------------+---------+-------+--------+-------+-----+
|Available        |      280|    220|  106400|  53200|    0|
+-----------------+---------+-------+--------+-------+-----+
|Utilization (%)  |        0|      1|   ~0   |   ~0  |    0|
+-----------------+---------+-------+--------+-------+-----+

+ Detail: 
    * Instance: 
    N/A

    * DSP48E: 
    N/A

    * Memory: 
    N/A

    * FIFO: 
    N/A

    * Expression: 
    +---------------------------+----------+-------+---+----+------------+------------+
    |       Variable Name       | Operation| DSP48E| FF| LUT| Bitwidth P0| Bitwidth P1|
    +---------------------------+----------+-------+---+----+------------+------------+
    |bound_fu_158_p2            |     *    |      4|  0|  20|          32|          32|
    |add_ln13_1_fu_196_p2       |     +    |      0|  0|  38|           1|          31|
    |add_ln13_fu_178_p2         |     +    |      0|  0|  71|          64|           1|
    |add_ln24_fu_144_p2         |     +    |      0|  0|  39|          32|           2|
    |j_fu_231_p2                |     +    |      0|  0|  38|           1|          31|
    |ap_block_state3_io         |    and   |      0|  0|   2|           1|           1|
    |ap_block_state4_io         |    and   |      0|  0|   2|           1|           1|
    |icmp_ln13_fu_173_p2        |   icmp   |      0|  0|  29|          64|          64|
    |icmp_ln16_fu_168_p2        |   icmp   |      0|  0|  18|          32|          32|
    |tmp_last_V_fu_222_p2       |   icmp   |      0|  0|  18|          32|          32|
    |tmp_user_V_fu_216_p2       |   icmp   |      0|  0|  18|          31|           1|
    |ap_block_pp0_stage0_11001  |    or    |      0|  0|   2|           1|           1|
    |or_ln19_fu_210_p2          |    or    |      0|  0|  31|          31|          31|
    |select_ln13_1_fu_202_p3    |  select  |      0|  0|  31|           1|          31|
    |select_ln13_fu_184_p3      |  select  |      0|  0|  31|           1|          31|
    |ap_enable_pp0              |    xor   |      0|  0|   2|           1|           2|
    |ap_enable_reg_pp0_iter1    |    xor   |      0|  0|   2|           2|           1|
    +---------------------------+----------+-------+---+----+------------+------------+
    |Total                      |          |      4|  0| 392|         328|         325|
    +---------------------------+----------+-------+---+----+------------+------------+

    * Multiplexer: 
    +------------------------------+----+-----------+-----+-----------+
    |             Name             | LUT| Input Size| Bits| Total Bits|
    +------------------------------+----+-----------+-----+-----------+
    |ap_NS_fsm                     |  21|          4|    1|          4|
    |ap_enable_reg_pp0_iter1       |   9|          2|    1|          2|
    |ap_enable_reg_pp0_iter2       |   9|          2|    1|          2|
    |ap_phi_mux_i_0_phi_fu_126_p4  |   9|          2|   31|         62|
    |i_0_reg_122                   |   9|          2|   31|         62|
    |indvar_flatten_reg_111        |   9|          2|   64|        128|
    |m_axis_video_TDATA_blk_n      |   9|          2|    1|          2|
    |val_assign_reg_133            |   9|          2|   31|         62|
    +------------------------------+----+-----------+-----+-----------+
    |Total                         |  84|         18|  161|        324|
    +------------------------------+----+-----------+-----+-----------+

    * Register: 
    +---------------------------------+----+----+-----+-----------+
    |               Name              | FF | LUT| Bits| Const Bits|
    +---------------------------------+----+----+-----+-----------+
    |add_ln24_reg_242                 |  32|   0|   32|          0|
    |ap_CS_fsm                        |   3|   0|    3|          0|
    |ap_enable_reg_pp0_iter0          |   1|   0|    1|          0|
    |ap_enable_reg_pp0_iter1          |   1|   0|    1|          0|
    |ap_enable_reg_pp0_iter2          |   1|   0|    1|          0|
    |bound_reg_247                    |  64|   0|   64|          0|
    |i_0_reg_122                      |  31|   0|   31|          0|
    |icmp_ln13_reg_252                |   1|   0|    1|          0|
    |icmp_ln13_reg_252_pp0_iter1_reg  |   1|   0|    1|          0|
    |indvar_flatten_reg_111           |  64|   0|   64|          0|
    |select_ln13_1_reg_261            |  31|   0|   31|          0|
    |tmp_last_V_reg_271               |   1|   0|    1|          0|
    |tmp_user_V_reg_266               |   1|   0|    1|          0|
    |val_assign_reg_133               |  31|   0|   31|          0|
    |video_data_V_reg_276             |   8|   0|    8|          0|
    +---------------------------------+----+----+-----+-----------+
    |Total                            | 271|   0|  271|          0|
    +---------------------------------+----+----+-----+-----------+



================================================================
== Interface
================================================================
* Summary: 
+---------------------+-----+-----+------------+-----------------------+--------------+
|      RTL Ports      | Dir | Bits|  Protocol  |     Source Object     |    C Type    |
+---------------------+-----+-----+------------+-----------------------+--------------+
|ap_clk               |  in |    1| ap_ctrl_hs |       video_crop      | return value |
|ap_rst_n             |  in |    1| ap_ctrl_hs |       video_crop      | return value |
|ap_start             |  in |    1| ap_ctrl_hs |       video_crop      | return value |
|ap_done              | out |    1| ap_ctrl_hs |       video_crop      | return value |
|ap_idle              | out |    1| ap_ctrl_hs |       video_crop      | return value |
|ap_ready             | out |    1| ap_ctrl_hs |       video_crop      | return value |
|mode_V               |  in |    1|   ap_none  |         mode_V        |    scalar    |
|s_axis_video_TDATA   |  in |    8|    axis    | s_axis_video_V_data_V |    pointer   |
|s_axis_video_TVALID  |  in |    1|    axis    | s_axis_video_V_dest_V |    pointer   |
|s_axis_video_TREADY  | out |    1|    axis    | s_axis_video_V_dest_V |    pointer   |
|s_axis_video_TDEST   |  in |    1|    axis    | s_axis_video_V_dest_V |    pointer   |
|s_axis_video_TKEEP   |  in |    1|    axis    | s_axis_video_V_keep_V |    pointer   |
|s_axis_video_TSTRB   |  in |    1|    axis    | s_axis_video_V_strb_V |    pointer   |
|s_axis_video_TUSER   |  in |    1|    axis    | s_axis_video_V_user_V |    pointer   |
|s_axis_video_TLAST   |  in |    1|    axis    | s_axis_video_V_last_V |    pointer   |
|s_axis_video_TID     |  in |    1|    axis    |  s_axis_video_V_id_V  |    pointer   |
|m_axis_video_TDATA   | out |    8|    axis    | m_axis_video_V_data_V |    pointer   |
|m_axis_video_TVALID  | out |    1|    axis    | m_axis_video_V_dest_V |    pointer   |
|m_axis_video_TREADY  |  in |    1|    axis    | m_axis_video_V_dest_V |    pointer   |
|m_axis_video_TDEST   | out |    1|    axis    | m_axis_video_V_dest_V |    pointer   |
|m_axis_video_TKEEP   | out |    1|    axis    | m_axis_video_V_keep_V |    pointer   |
|m_axis_video_TSTRB   | out |    1|    axis    | m_axis_video_V_strb_V |    pointer   |
|m_axis_video_TUSER   | out |    1|    axis    | m_axis_video_V_user_V |    pointer   |
|m_axis_video_TLAST   | out |    1|    axis    | m_axis_video_V_last_V |    pointer   |
|m_axis_video_TID     | out |    1|    axis    |  m_axis_video_V_id_V  |    pointer   |
|hsize_in             |  in |   32|   ap_none  |        hsize_in       |    scalar    |
|vsize_in             |  in |   32|   ap_none  |        vsize_in       |    scalar    |
+---------------------+-----+-----+------------+-----------------------+--------------+

