

================================================================
== Vivado HLS Report for 'AXIvideo2Mat'
================================================================
* Date:           Thu Feb 24 01:30:43 2022

* Version:        2019.2 (Build 2704478 on Wed Nov 06 22:10:23 MST 2019)
* Project:        image_filter
* Solution:       solution1
* Product family: zynq
* Target device:  xc7z020-clg484-1


================================================================
== Performance Estimates
================================================================
+ Timing: 
    * Summary: 
    +--------+----------+----------+------------+
    |  Clock |  Target  | Estimated| Uncertainty|
    +--------+----------+----------+------------+
    |ap_clk  | 10.00 ns | 7.268 ns |   1.25 ns  |
    +--------+----------+----------+------------+

+ Latency: 
    * Summary: 
    +---------+---------+-----------+----------+-----+--------+---------+
    |  Latency (cycles) |  Latency (absolute)  |   Interval   | Pipeline|
    |   min   |   max   |    min    |    max   | min |   max  |   Type  |
    +---------+---------+-----------+----------+-----+--------+---------+
    |        3|   309603| 30.000 ns | 3.096 ms |    3|  309603|   none  |
    +---------+---------+-----------+----------+-----+--------+---------+

    + Detail: 
        * Instance: 
        N/A

        * Loop: 
        +-----------------------+---------+---------+----------+-----------+-----------+---------+----------+
        |                       |  Latency (cycles) | Iteration|  Initiation Interval  |   Trip  |          |
        |       Loop Name       |   min   |   max   |  Latency |  achieved |   target  |  Count  | Pipelined|
        +-----------------------+---------+---------+----------+-----------+-----------+---------+----------+
        |- loop_wait_for_start  |        0|        0|         1|          1|          1|        0|    yes   |
        |- loop_height          |        0|   309600|  5 ~ 645 |          -|          -| 0 ~ 480 |    no    |
        | + loop_width          |        0|      640|         2|          1|          1| 0 ~ 640 |    yes   |
        | + loop_wait_for_eol   |        0|        0|         1|          1|          1|        0|    yes   |
        +-----------------------+---------+---------+----------+-----------+-----------+---------+----------+

============================================================
+ Verbose Summary: Synthesis Manager
============================================================
InlineROM: 1
ExposeGlobal: 0
============================================================
+ Verbose Summary: CDFG Model
============================================================
IsTopModel: 0
ResetActiveHigh: 1
IsCombinational: 2
IsDatapathOnly: 0
HasWiredReturn: 1
HasMFsm: 0
HasVarLatency: 1
IsPipeline: 0
IsRtlPipelined: 0
IsInstanceOverlapped: 0
IsDontTouch: 0
HasImplIP: 0
IsGatedGlobalClock: 0

+ Individual pipeline summary: 
  * Pipeline-0: initiation interval (II) = 1, depth = 1
  * Pipeline-1: initiation interval (II) = 1, depth = 2
  * Pipeline-2: initiation interval (II) = 1, depth = 1


============================================================
+ Verbose Summary: Schedule
============================================================
* Number of FSM states : 9
* Pipeline : 3
  Pipeline-0 : II = 1, D = 1, States = { 2 }
  Pipeline-1 : II = 1, D = 2, States = { 5 6 }
  Pipeline-2 : II = 1, D = 1, States = { 8 }
* Dataflow Pipeline: 0

* FSM state transitions: 
1 --> 2 
2 --> 3 2 
3 --> 4 
4 --> 5 
5 --> 7 6 
6 --> 5 
7 --> 8 
8 --> 9 8 
9 --> 4 

* FSM state operations: 

State 1 <SV = 0> <Delay = 7.26>
ST_1 : Operation 10 [1/1] (0.00ns)   --->   "call void (...)* @_ssdm_op_SpecInterface(i8* %img_data_stream_2_V, [8 x i8]* @ap_fifo_str, i32 0, i32 0, [1 x i8]* @p_str238, i32 0, i32 0, [1 x i8]* @p_str239, [1 x i8]* @p_str240, [1 x i8]* @p_str241, i32 2, i32 2, i32 16, i32 16, [1 x i8]* @p_str242, [1 x i8]* @p_str243)"   --->   Operation 10 'specinterface' <Predicate = true> <Delay = 0.00>
ST_1 : Operation 11 [1/1] (0.00ns)   --->   "call void (...)* @_ssdm_op_SpecInterface(i8* %img_data_stream_1_V, [8 x i8]* @ap_fifo_str, i32 0, i32 0, [1 x i8]* @p_str231, i32 0, i32 0, [1 x i8]* @p_str232, [1 x i8]* @p_str233, [1 x i8]* @p_str234, i32 2, i32 2, i32 16, i32 16, [1 x i8]* @p_str235, [1 x i8]* @p_str236)"   --->   Operation 11 'specinterface' <Predicate = true> <Delay = 0.00>
ST_1 : Operation 12 [1/1] (0.00ns)   --->   "call void (...)* @_ssdm_op_SpecInterface(i8* %img_data_stream_0_V, [8 x i8]* @ap_fifo_str, i32 0, i32 0, [1 x i8]* @p_str224, i32 0, i32 0, [1 x i8]* @p_str225, [1 x i8]* @p_str226, [1 x i8]* @p_str227, i32 2, i32 2, i32 16, i32 16, [1 x i8]* @p_str228, [1 x i8]* @p_str229)"   --->   Operation 12 'specinterface' <Predicate = true> <Delay = 0.00>
ST_1 : Operation 13 [1/1] (0.00ns)   --->   "call void (...)* @_ssdm_op_SpecInterface(i24* %AXI_video_strm_V_data_V, i3* %AXI_video_strm_V_keep_V, i3* %AXI_video_strm_V_strb_V, i1* %AXI_video_strm_V_user_V, i1* %AXI_video_strm_V_last_V, i1* %AXI_video_strm_V_id_V, i1* %AXI_video_strm_V_dest_V, [5 x i8]* @p_str, i32 1, i32 1, [5 x i8]* @p_str1, i32 0, i32 0, [13 x i8]* @p_str2, [1 x i8]* @p_str3, [1 x i8]* @p_str3, i32 0, i32 0, i32 0, i32 0, [1 x i8]* @p_str3, [1 x i8]* @p_str3) nounwind"   --->   Operation 13 'specinterface' <Predicate = true> <Delay = 0.00>
ST_1 : Operation 14 [1/1] (0.00ns)   --->   "call void (...)* @_ssdm_op_SpecInterface(i24* %AXI_video_strm_V_data_V, i3* %AXI_video_strm_V_keep_V, i3* %AXI_video_strm_V_strb_V, i1* %AXI_video_strm_V_user_V, i1* %AXI_video_strm_V_last_V, i1* %AXI_video_strm_V_id_V, i1* %AXI_video_strm_V_dest_V, [5 x i8]* @p_str, i32 1, i32 1, [5 x i8]* @p_str1, i32 0, i32 0, [13 x i8]* @p_str2, [1 x i8]* @p_str3, [1 x i8]* @p_str3, i32 0, i32 0, i32 0, i32 0, [1 x i8]* @p_str3, [1 x i8]* @p_str3) nounwind"   --->   Operation 14 'specinterface' <Predicate = true> <Delay = 0.00>
ST_1 : Operation 15 [1/1] (0.00ns)   --->   "call void (...)* @_ssdm_op_SpecInterface(i24* %AXI_video_strm_V_data_V, i3* %AXI_video_strm_V_keep_V, i3* %AXI_video_strm_V_strb_V, i1* %AXI_video_strm_V_user_V, i1* %AXI_video_strm_V_last_V, i1* %AXI_video_strm_V_id_V, i1* %AXI_video_strm_V_dest_V, [5 x i8]* @p_str, i32 1, i32 1, [5 x i8]* @p_str1, i32 0, i32 0, [13 x i8]* @p_str2, [1 x i8]* @p_str3, [1 x i8]* @p_str3, i32 0, i32 0, i32 0, i32 0, [1 x i8]* @p_str3, [1 x i8]* @p_str3) nounwind"   --->   Operation 15 'specinterface' <Predicate = true> <Delay = 0.00>
ST_1 : Operation 16 [1/1] (0.00ns)   --->   "call void (...)* @_ssdm_op_SpecInterface(i24* %AXI_video_strm_V_data_V, i3* %AXI_video_strm_V_keep_V, i3* %AXI_video_strm_V_strb_V, i1* %AXI_video_strm_V_user_V, i1* %AXI_video_strm_V_last_V, i1* %AXI_video_strm_V_id_V, i1* %AXI_video_strm_V_dest_V, [5 x i8]* @p_str, i32 1, i32 1, [5 x i8]* @p_str1, i32 0, i32 0, [13 x i8]* @p_str2, [1 x i8]* @p_str3, [1 x i8]* @p_str3, i32 0, i32 0, i32 0, i32 0, [1 x i8]* @p_str3, [1 x i8]* @p_str3) nounwind"   --->   Operation 16 'specinterface' <Predicate = true> <Delay = 0.00>
ST_1 : Operation 17 [1/1] (0.00ns)   --->   "call void (...)* @_ssdm_op_SpecInterface(i24* %AXI_video_strm_V_data_V, i3* %AXI_video_strm_V_keep_V, i3* %AXI_video_strm_V_strb_V, i1* %AXI_video_strm_V_user_V, i1* %AXI_video_strm_V_last_V, i1* %AXI_video_strm_V_id_V, i1* %AXI_video_strm_V_dest_V, [5 x i8]* @p_str, i32 1, i32 1, [5 x i8]* @p_str1, i32 0, i32 0, [13 x i8]* @p_str2, [1 x i8]* @p_str3, [1 x i8]* @p_str3, i32 0, i32 0, i32 0, i32 0, [1 x i8]* @p_str3, [1 x i8]* @p_str3) nounwind"   --->   Operation 17 'specinterface' <Predicate = true> <Delay = 0.00>
ST_1 : Operation 18 [1/1] (0.00ns)   --->   "call void (...)* @_ssdm_op_SpecInterface(i24* %AXI_video_strm_V_data_V, i3* %AXI_video_strm_V_keep_V, i3* %AXI_video_strm_V_strb_V, i1* %AXI_video_strm_V_user_V, i1* %AXI_video_strm_V_last_V, i1* %AXI_video_strm_V_id_V, i1* %AXI_video_strm_V_dest_V, [5 x i8]* @p_str, i32 1, i32 1, [5 x i8]* @p_str1, i32 0, i32 0, [13 x i8]* @p_str2, [1 x i8]* @p_str3, [1 x i8]* @p_str3, i32 0, i32 0, i32 0, i32 0, [1 x i8]* @p_str3, [1 x i8]* @p_str3) nounwind"   --->   Operation 18 'specinterface' <Predicate = true> <Delay = 0.00>
ST_1 : Operation 19 [1/1] (0.00ns)   --->   "call void (...)* @_ssdm_op_SpecInterface(i24* %AXI_video_strm_V_data_V, i3* %AXI_video_strm_V_keep_V, i3* %AXI_video_strm_V_strb_V, i1* %AXI_video_strm_V_user_V, i1* %AXI_video_strm_V_last_V, i1* %AXI_video_strm_V_id_V, i1* %AXI_video_strm_V_dest_V, [5 x i8]* @p_str, i32 1, i32 1, [5 x i8]* @p_str1, i32 0, i32 0, [13 x i8]* @p_str2, [1 x i8]* @p_str3, [1 x i8]* @p_str3, i32 0, i32 0, i32 0, i32 0, [1 x i8]* @p_str3, [1 x i8]* @p_str3) nounwind"   --->   Operation 19 'specinterface' <Predicate = true> <Delay = 0.00>
ST_1 : Operation 20 [1/1] (0.00ns)   --->   "call void (...)* @_ssdm_op_SpecInterface(i11* %img_cols_V, [8 x i8]* @ap_fifo_str, i32 0, i32 0, [1 x i8]* @p_str411, i32 0, i32 0, [1 x i8]* @p_str412, [1 x i8]* @p_str413, [1 x i8]* @p_str414, i32 2, i32 2, i32 16, i32 16, [1 x i8]* @p_str415, [11 x i8]* @ScalarProp_str)"   --->   Operation 20 'specinterface' <Predicate = true> <Delay = 0.00>
ST_1 : Operation 21 [1/1] (0.00ns)   --->   "call void (...)* @_ssdm_op_SpecInterface(i10* %img_rows_V, [8 x i8]* @ap_fifo_str, i32 0, i32 0, [1 x i8]* @p_str406, i32 0, i32 0, [1 x i8]* @p_str407, [1 x i8]* @p_str408, [1 x i8]* @p_str409, i32 2, i32 2, i32 16, i32 16, [1 x i8]* @p_str410, [11 x i8]* @ScalarProp_str)"   --->   Operation 21 'specinterface' <Predicate = true> <Delay = 0.00>
ST_1 : Operation 22 [1/1] (3.63ns)   --->   "%img_rows_V_read = call i10 @_ssdm_op_Read.ap_fifo.i10P(i10* %img_rows_V)" [C:/Xilinx/Vivado/2019.2/common/technology/autopilot/hls/hls_video_core.h:589->C:/Xilinx/Vivado/2019.2/common/technology/autopilot/hls/hls_video_core.h:717->C:/Xilinx/Vivado/2019.2/common/technology/autopilot/hls/hls_video_io.h:94]   --->   Operation 22 'read' 'img_rows_V_read' <Predicate = true> <Delay = 3.63> <Core = "FIFO">   --->   Core 32 'FIFO' <Latency = 0> <II = 1> <Delay = 3.63> <Storage> <Opcode : 'read' 'write' 'nbread' 'nbwrite'> <Ports = 0> <Width = 11> <Depth = 2> <FIFO>
ST_1 : Operation 23 [1/1] (3.63ns)   --->   "%img_cols_V_read = call i11 @_ssdm_op_Read.ap_fifo.i11P(i11* %img_cols_V)" [C:/Xilinx/Vivado/2019.2/common/technology/autopilot/hls/hls_video_core.h:589->C:/Xilinx/Vivado/2019.2/common/technology/autopilot/hls/hls_video_core.h:717->C:/Xilinx/Vivado/2019.2/common/technology/autopilot/hls/hls_video_io.h:94]   --->   Operation 23 'read' 'img_cols_V_read' <Predicate = true> <Delay = 3.63> <Core = "FIFO">   --->   Core 32 'FIFO' <Latency = 0> <II = 1> <Delay = 3.63> <Storage> <Opcode : 'read' 'write' 'nbread' 'nbwrite'> <Ports = 0> <Width = 11> <Depth = 2> <FIFO>
ST_1 : Operation 24 [1/1] (0.00ns)   --->   "call void (...)* @_ssdm_op_SpecInterface(i10* %img_rows_V_out, [8 x i8]* @ap_fifo_str, i32 0, i32 0, [1 x i8]* @p_str416, i32 0, i32 0, [1 x i8]* @p_str417, [1 x i8]* @p_str418, [1 x i8]* @p_str419, i32 2, i32 2, i32 16, i32 16, [1 x i8]* @p_str420, [11 x i8]* @ScalarProp_str)"   --->   Operation 24 'specinterface' <Predicate = true> <Delay = 0.00>
ST_1 : Operation 25 [1/1] (3.63ns)   --->   "call void @_ssdm_op_Write.ap_fifo.i10P(i10* %img_rows_V_out, i10 %img_rows_V_read)" [C:/Xilinx/Vivado/2019.2/common/technology/autopilot/hls/hls_video_core.h:589->C:/Xilinx/Vivado/2019.2/common/technology/autopilot/hls/hls_video_core.h:717->C:/Xilinx/Vivado/2019.2/common/technology/autopilot/hls/hls_video_io.h:94]   --->   Operation 25 'write' <Predicate = true> <Delay = 3.63> <Core = "FIFO">   --->   Core 32 'FIFO' <Latency = 0> <II = 1> <Delay = 3.63> <Storage> <Opcode : 'read' 'write' 'nbread' 'nbwrite'> <Ports = 0> <Width = 11> <Depth = 2> <FIFO>
ST_1 : Operation 26 [1/1] (0.00ns)   --->   "call void (...)* @_ssdm_op_SpecInterface(i11* %img_cols_V_out, [8 x i8]* @ap_fifo_str, i32 0, i32 0, [1 x i8]* @p_str421, i32 0, i32 0, [1 x i8]* @p_str422, [1 x i8]* @p_str423, [1 x i8]* @p_str424, i32 2, i32 2, i32 16, i32 16, [1 x i8]* @p_str425, [11 x i8]* @ScalarProp_str)"   --->   Operation 26 'specinterface' <Predicate = true> <Delay = 0.00>
ST_1 : Operation 27 [1/1] (3.63ns)   --->   "call void @_ssdm_op_Write.ap_fifo.i11P(i11* %img_cols_V_out, i11 %img_cols_V_read)" [C:/Xilinx/Vivado/2019.2/common/technology/autopilot/hls/hls_video_core.h:589->C:/Xilinx/Vivado/2019.2/common/technology/autopilot/hls/hls_video_core.h:717->C:/Xilinx/Vivado/2019.2/common/technology/autopilot/hls/hls_video_io.h:94]   --->   Operation 27 'write' <Predicate = true> <Delay = 3.63> <Core = "FIFO">   --->   Core 32 'FIFO' <Latency = 0> <II = 1> <Delay = 3.63> <Storage> <Opcode : 'read' 'write' 'nbread' 'nbwrite'> <Ports = 0> <Width = 11> <Depth = 2> <FIFO>
ST_1 : Operation 28 [1/1] (0.00ns)   --->   "call void (...)* @_ssdm_op_SpecInterface(i24* %AXI_video_strm_V_data_V, i3* %AXI_video_strm_V_keep_V, i3* %AXI_video_strm_V_strb_V, i1* %AXI_video_strm_V_user_V, i1* %AXI_video_strm_V_last_V, i1* %AXI_video_strm_V_id_V, i1* %AXI_video_strm_V_dest_V, [5 x i8]* @p_str, i32 1, i32 1, [5 x i8]* @p_str1, i32 0, i32 0, [13 x i8]* @p_str2, [1 x i8]* @p_str3, [1 x i8]* @p_str3, i32 0, i32 0, i32 0, i32 0, [1 x i8]* @p_str3, [1 x i8]* @p_str3) nounwind"   --->   Operation 28 'specinterface' <Predicate = true> <Delay = 0.00>
ST_1 : Operation 29 [1/1] (0.00ns)   --->   "%rows_V = sext i10 %img_rows_V_read to i32" [C:/Xilinx/Vivado/2019.2/common/technology/autopilot/hls/hls_video_io.h:60]   --->   Operation 29 'sext' 'rows_V' <Predicate = true> <Delay = 0.00>
ST_1 : Operation 30 [1/1] (0.00ns)   --->   "%cols_V = sext i11 %img_cols_V_read to i32" [C:/Xilinx/Vivado/2019.2/common/technology/autopilot/hls/hls_video_io.h:61]   --->   Operation 30 'sext' 'cols_V' <Predicate = true> <Delay = 0.00>
ST_1 : Operation 31 [1/1] (0.00ns)   --->   "br label %loop_wait_for_start" [C:/Xilinx/Vivado/2019.2/common/technology/autopilot/hls/hls_video_io.h:63]   --->   Operation 31 'br' <Predicate = true> <Delay = 0.00>

State 2 <SV = 1> <Delay = 0.00>
ST_2 : Operation 32 [1/1] (0.00ns)   --->   "call void (...)* @_ssdm_op_SpecLoopName([20 x i8]* @p_str53) nounwind" [C:/Xilinx/Vivado/2019.2/common/technology/autopilot/hls/hls_video_io.h:65]   --->   Operation 32 'specloopname' <Predicate = true> <Delay = 0.00>
ST_2 : Operation 33 [1/1] (0.00ns)   --->   "%tmp_73_i = call i32 (...)* @_ssdm_op_SpecRegionBegin([20 x i8]* @p_str53)" [C:/Xilinx/Vivado/2019.2/common/technology/autopilot/hls/hls_video_io.h:65]   --->   Operation 33 'specregionbegin' 'tmp_73_i' <Predicate = true> <Delay = 0.00>
ST_2 : Operation 34 [1/1] (0.00ns)   --->   "call void (...)* @_ssdm_op_SpecPipeline(i32 1, i32 1, i32 1, i32 0, [1 x i8]* @p_str3) nounwind" [C:/Xilinx/Vivado/2019.2/common/technology/autopilot/hls/hls_video_io.h:66]   --->   Operation 34 'specpipeline' <Predicate = true> <Delay = 0.00>
ST_2 : Operation 35 [1/1] (0.00ns)   --->   "call void (...)* @_ssdm_op_SpecLoopTripCount(i32 0, i32 0, i32 0, [1 x i8]* @p_str3) nounwind" [C:/Xilinx/Vivado/2019.2/common/technology/autopilot/hls/hls_video_io.h:67]   --->   Operation 35 'speclooptripcount' <Predicate = true> <Delay = 0.00>
ST_2 : Operation 36 [1/1] (0.00ns)   --->   "%empty = call { i24, i3, i3, i1, i1, i1, i1 } @_ssdm_op_Read.axis.volatile.i24P.i3P.i3P.i1P.i1P.i1P.i1P(i24* %AXI_video_strm_V_data_V, i3* %AXI_video_strm_V_keep_V, i3* %AXI_video_strm_V_strb_V, i1* %AXI_video_strm_V_user_V, i1* %AXI_video_strm_V_last_V, i1* %AXI_video_strm_V_id_V, i1* %AXI_video_strm_V_dest_V)" [C:/Xilinx/Vivado/2019.2/common/technology/autopilot/hls/hls_video_io.h:68]   --->   Operation 36 'read' 'empty' <Predicate = true> <Delay = 0.00> <Core = "AXI4Stream">   --->   Core 5 'AXI4Stream' <Latency = 0> <II = 1> <Delay = 1.00> <Adapter> <Opcode : >
ST_2 : Operation 37 [1/1] (0.00ns)   --->   "%tmp_data_V = extractvalue { i24, i3, i3, i1, i1, i1, i1 } %empty, 0" [C:/Xilinx/Vivado/2019.2/common/technology/autopilot/hls/hls_video_io.h:68]   --->   Operation 37 'extractvalue' 'tmp_data_V' <Predicate = true> <Delay = 0.00>
ST_2 : Operation 38 [1/1] (0.00ns)   --->   "%tmp_user_V = extractvalue { i24, i3, i3, i1, i1, i1, i1 } %empty, 3" [C:/Xilinx/Vivado/2019.2/common/technology/autopilot/hls/hls_video_io.h:68]   --->   Operation 38 'extractvalue' 'tmp_user_V' <Predicate = true> <Delay = 0.00>
ST_2 : Operation 39 [1/1] (0.00ns)   --->   "%tmp_last_V = extractvalue { i24, i3, i3, i1, i1, i1, i1 } %empty, 4" [C:/Xilinx/Vivado/2019.2/common/technology/autopilot/hls/hls_video_io.h:68]   --->   Operation 39 'extractvalue' 'tmp_last_V' <Predicate = true> <Delay = 0.00>
ST_2 : Operation 40 [1/1] (0.00ns)   --->   "%empty_91 = call i32 (...)* @_ssdm_op_SpecRegionEnd([20 x i8]* @p_str53, i32 %tmp_73_i)" [C:/Xilinx/Vivado/2019.2/common/technology/autopilot/hls/hls_video_io.h:70]   --->   Operation 40 'specregionend' 'empty_91' <Predicate = true> <Delay = 0.00>
ST_2 : Operation 41 [1/1] (0.00ns)   --->   "br i1 %tmp_user_V, label %.preheader232.i.preheader, label %loop_wait_for_start" [C:/Xilinx/Vivado/2019.2/common/technology/autopilot/hls/hls_video_io.h:65]   --->   Operation 41 'br' <Predicate = true> <Delay = 0.00>

State 3 <SV = 2> <Delay = 1.76>
ST_3 : Operation 42 [1/1] (0.00ns)   --->   "%sof_1_i = alloca i1"   --->   Operation 42 'alloca' 'sof_1_i' <Predicate = true> <Delay = 0.00>
ST_3 : Operation 43 [1/1] (1.76ns)   --->   "store i1 true, i1* %sof_1_i" [C:/Xilinx/Vivado/2019.2/common/technology/autopilot/hls/hls_video_io.h:71]   --->   Operation 43 'store' <Predicate = true> <Delay = 1.76>
ST_3 : Operation 44 [1/1] (1.76ns)   --->   "br label %.preheader232.i" [C:/Xilinx/Vivado/2019.2/common/technology/autopilot/hls/hls_video_io.h:71]   --->   Operation 44 'br' <Predicate = true> <Delay = 1.76>

State 4 <SV = 3> <Delay = 3.45>
ST_4 : Operation 45 [1/1] (0.00ns)   --->   "%axi_last_V_0_i = phi i1 [ %axi_last_V_3_i, %loop_height_end ], [ %tmp_last_V, %.preheader232.i.preheader ]"   --->   Operation 45 'phi' 'axi_last_V_0_i' <Predicate = true> <Delay = 0.00>
ST_4 : Operation 46 [1/1] (0.00ns)   --->   "%axi_data_V_0_i = phi i24 [ %axi_data_V_3_i, %loop_height_end ], [ %tmp_data_V, %.preheader232.i.preheader ]"   --->   Operation 46 'phi' 'axi_data_V_0_i' <Predicate = true> <Delay = 0.00>
ST_4 : Operation 47 [1/1] (0.00ns)   --->   "%t_V = phi i32 [ %i_V, %loop_height_end ], [ 0, %.preheader232.i.preheader ]"   --->   Operation 47 'phi' 't_V' <Predicate = true> <Delay = 0.00>
ST_4 : Operation 48 [1/1] (2.47ns)   --->   "%icmp_ln71 = icmp eq i32 %t_V, %rows_V" [C:/Xilinx/Vivado/2019.2/common/technology/autopilot/hls/hls_video_io.h:71]   --->   Operation 48 'icmp' 'icmp_ln71' <Predicate = true> <Delay = 2.47> <Core = "Cmp">   --->   Core 25 'Cmp' <Latency = 0> <II = 1> <Delay = 2.47> <FuncUnit> <Opcode : 'icmp'> <InPorts = 2> <OutPorts = 1>
ST_4 : Operation 49 [1/1] (0.00ns)   --->   "call void (...)* @_ssdm_op_SpecLoopTripCount(i64 0, i64 480, i64 0)"   --->   Operation 49 'speclooptripcount' <Predicate = true> <Delay = 0.00>
ST_4 : Operation 50 [1/1] (2.55ns)   --->   "%i_V = add i32 %t_V, 1" [C:/Xilinx/Vivado/2019.2/common/technology/autopilot/hls/hls_video_io.h:71]   --->   Operation 50 'add' 'i_V' <Predicate = true> <Delay = 2.55> <Core = "AddSub">   --->   Core 14 'AddSub' <Latency = 0> <II = 1> <Delay = 2.55> <FuncUnit> <Opcode : 'add' 'sub'> <InPorts = 2> <OutPorts = 1>
ST_4 : Operation 51 [1/1] (0.00ns)   --->   "br i1 %icmp_ln71, label %.exit, label %loop_height_begin" [C:/Xilinx/Vivado/2019.2/common/technology/autopilot/hls/hls_video_io.h:71]   --->   Operation 51 'br' <Predicate = true> <Delay = 0.00>
ST_4 : Operation 52 [1/1] (0.00ns)   --->   "call void (...)* @_ssdm_op_SpecLoopName([12 x i8]* @p_str13) nounwind" [C:/Xilinx/Vivado/2019.2/common/technology/autopilot/hls/hls_video_io.h:71]   --->   Operation 52 'specloopname' <Predicate = (!icmp_ln71)> <Delay = 0.00>
ST_4 : Operation 53 [1/1] (0.00ns)   --->   "%tmp_74_i = call i32 (...)* @_ssdm_op_SpecRegionBegin([12 x i8]* @p_str13)" [C:/Xilinx/Vivado/2019.2/common/technology/autopilot/hls/hls_video_io.h:71]   --->   Operation 53 'specregionbegin' 'tmp_74_i' <Predicate = (!icmp_ln71)> <Delay = 0.00>
ST_4 : Operation 54 [1/1] (1.76ns)   --->   "br label %0" [C:/Xilinx/Vivado/2019.2/common/technology/autopilot/hls/hls_video_io.h:73]   --->   Operation 54 'br' <Predicate = (!icmp_ln71)> <Delay = 1.76>
ST_4 : Operation 55 [1/1] (0.00ns)   --->   "ret void"   --->   Operation 55 'ret' <Predicate = (icmp_ln71)> <Delay = 0.00>

State 5 <SV = 4> <Delay = 3.45>
ST_5 : Operation 56 [1/1] (0.00ns)   --->   "%eol = phi i1 [ %axi_last_V_0_i, %loop_height_begin ], [ %axi_last_V_2_i, %hls_label_0 ]" [C:/Xilinx/Vivado/2019.2/common/technology/autopilot/hls/hls_video_io.h:100]   --->   Operation 56 'phi' 'eol' <Predicate = true> <Delay = 0.00>
ST_5 : Operation 57 [1/1] (0.00ns)   --->   "%axi_data_V_1_i = phi i24 [ %axi_data_V_0_i, %loop_height_begin ], [ %p_Val2_s, %hls_label_0 ]"   --->   Operation 57 'phi' 'axi_data_V_1_i' <Predicate = true> <Delay = 0.00>
ST_5 : Operation 58 [1/1] (0.00ns)   --->   "%t_V_8 = phi i32 [ 0, %loop_height_begin ], [ %j_V, %hls_label_0 ]"   --->   Operation 58 'phi' 't_V_8' <Predicate = true> <Delay = 0.00>
ST_5 : Operation 59 [1/1] (0.00ns)   --->   "%eol_0_i = phi i1 [ false, %loop_height_begin ], [ %axi_last_V_2_i, %hls_label_0 ]" [C:/Xilinx/Vivado/2019.2/common/technology/autopilot/hls/hls_video_io.h:81]   --->   Operation 59 'phi' 'eol_0_i' <Predicate = true> <Delay = 0.00>
ST_5 : Operation 60 [1/1] (2.47ns)   --->   "%icmp_ln73 = icmp eq i32 %t_V_8, %cols_V" [C:/Xilinx/Vivado/2019.2/common/technology/autopilot/hls/hls_video_io.h:73]   --->   Operation 60 'icmp' 'icmp_ln73' <Predicate = true> <Delay = 2.47> <Core = "Cmp">   --->   Core 25 'Cmp' <Latency = 0> <II = 1> <Delay = 2.47> <FuncUnit> <Opcode : 'icmp'> <InPorts = 2> <OutPorts = 1>
ST_5 : Operation 61 [1/1] (0.00ns)   --->   "call void (...)* @_ssdm_op_SpecLoopTripCount(i64 0, i64 640, i64 0)"   --->   Operation 61 'speclooptripcount' <Predicate = true> <Delay = 0.00>
ST_5 : Operation 62 [1/1] (2.55ns)   --->   "%j_V = add i32 %t_V_8, 1" [C:/Xilinx/Vivado/2019.2/common/technology/autopilot/hls/hls_video_io.h:73]   --->   Operation 62 'add' 'j_V' <Predicate = true> <Delay = 2.55> <Core = "AddSub">   --->   Core 14 'AddSub' <Latency = 0> <II = 1> <Delay = 2.55> <FuncUnit> <Opcode : 'add' 'sub'> <InPorts = 2> <OutPorts = 1>
ST_5 : Operation 63 [1/1] (0.00ns)   --->   "br i1 %icmp_ln73, label %.preheader.i.preheader, label %loop_width_begin" [C:/Xilinx/Vivado/2019.2/common/technology/autopilot/hls/hls_video_io.h:73]   --->   Operation 63 'br' <Predicate = true> <Delay = 0.00>
ST_5 : Operation 64 [1/1] (0.00ns)   --->   "%sof_1_i_load = load i1* %sof_1_i" [C:/Xilinx/Vivado/2019.2/common/technology/autopilot/hls/hls_video_io.h:76]   --->   Operation 64 'load' 'sof_1_i_load' <Predicate = (!icmp_ln73)> <Delay = 0.00>
ST_5 : Operation 65 [1/1] (0.97ns)   --->   "%or_ln76 = or i1 %sof_1_i_load, %eol_0_i" [C:/Xilinx/Vivado/2019.2/common/technology/autopilot/hls/hls_video_io.h:76]   --->   Operation 65 'or' 'or_ln76' <Predicate = (!icmp_ln73)> <Delay = 0.97> <Core = "LogicGate">   --->   Core 27 'LogicGate' <Latency = 0> <II = 1> <Delay = 0.97> <FuncUnit> <Opcode : 'and' 'or' 'xor'> <InPorts = 2> <OutPorts = 1>
ST_5 : Operation 66 [1/1] (1.76ns)   --->   "br i1 %or_ln76, label %hls_label_0, label %1" [C:/Xilinx/Vivado/2019.2/common/technology/autopilot/hls/hls_video_io.h:76]   --->   Operation 66 'br' <Predicate = (!icmp_ln73)> <Delay = 1.76>
ST_5 : Operation 67 [1/1] (0.00ns)   --->   "%empty_92 = call { i24, i3, i3, i1, i1, i1, i1 } @_ssdm_op_Read.axis.volatile.i24P.i3P.i3P.i1P.i1P.i1P.i1P(i24* %AXI_video_strm_V_data_V, i3* %AXI_video_strm_V_keep_V, i3* %AXI_video_strm_V_strb_V, i1* %AXI_video_strm_V_user_V, i1* %AXI_video_strm_V_last_V, i1* %AXI_video_strm_V_id_V, i1* %AXI_video_strm_V_dest_V)" [C:/Xilinx/Vivado/2019.2/common/technology/autopilot/hls/hls_video_io.h:81]   --->   Operation 67 'read' 'empty_92' <Predicate = (!icmp_ln73 & !or_ln76)> <Delay = 0.00> <Core = "AXI4Stream">   --->   Core 5 'AXI4Stream' <Latency = 0> <II = 1> <Delay = 1.00> <Adapter> <Opcode : >
ST_5 : Operation 68 [1/1] (0.00ns)   --->   "%tmp_data_V_1 = extractvalue { i24, i3, i3, i1, i1, i1, i1 } %empty_92, 0" [C:/Xilinx/Vivado/2019.2/common/technology/autopilot/hls/hls_video_io.h:81]   --->   Operation 68 'extractvalue' 'tmp_data_V_1' <Predicate = (!icmp_ln73 & !or_ln76)> <Delay = 0.00>
ST_5 : Operation 69 [1/1] (0.00ns)   --->   "%tmp_last_V_1 = extractvalue { i24, i3, i3, i1, i1, i1, i1 } %empty_92, 4" [C:/Xilinx/Vivado/2019.2/common/technology/autopilot/hls/hls_video_io.h:81]   --->   Operation 69 'extractvalue' 'tmp_last_V_1' <Predicate = (!icmp_ln73 & !or_ln76)> <Delay = 0.00>
ST_5 : Operation 70 [1/1] (1.76ns)   --->   "br label %hls_label_0"   --->   Operation 70 'br' <Predicate = (!icmp_ln73 & !or_ln76)> <Delay = 1.76>
ST_5 : Operation 71 [1/1] (0.00ns)   --->   "%axi_last_V_2_i = phi i1 [ %tmp_last_V_1, %1 ], [ %eol, %loop_width_begin ]"   --->   Operation 71 'phi' 'axi_last_V_2_i' <Predicate = (!icmp_ln73)> <Delay = 0.00>
ST_5 : Operation 72 [1/1] (0.00ns)   --->   "%p_Val2_s = phi i24 [ %tmp_data_V_1, %1 ], [ %axi_data_V_1_i, %loop_width_begin ]"   --->   Operation 72 'phi' 'p_Val2_s' <Predicate = (!icmp_ln73)> <Delay = 0.00>
ST_5 : Operation 73 [1/1] (0.00ns)   --->   "%tmp = trunc i24 %p_Val2_s to i8" [C:/Xilinx/Vivado/2019.2/common/technology/autopilot/hls/hls_axi_io.h:49->C:/Xilinx/Vivado/2019.2/common/technology/autopilot/hls/hls_axi_io.h:71->C:/Xilinx/Vivado/2019.2/common/technology/autopilot/hls/hls_video_io.h:92]   --->   Operation 73 'trunc' 'tmp' <Predicate = (!icmp_ln73)> <Delay = 0.00>
ST_5 : Operation 74 [1/1] (0.00ns)   --->   "%tmp_9 = call i8 @_ssdm_op_PartSelect.i8.i24.i32.i32(i24 %p_Val2_s, i32 8, i32 15)" [C:/Xilinx/Vivado/2019.2/common/technology/autopilot/hls/hls_axi_io.h:49->C:/Xilinx/Vivado/2019.2/common/technology/autopilot/hls/hls_axi_io.h:71->C:/Xilinx/Vivado/2019.2/common/technology/autopilot/hls/hls_video_io.h:92]   --->   Operation 74 'partselect' 'tmp_9' <Predicate = (!icmp_ln73)> <Delay = 0.00>
ST_5 : Operation 75 [1/1] (0.00ns)   --->   "%tmp_10 = call i8 @_ssdm_op_PartSelect.i8.i24.i32.i32(i24 %p_Val2_s, i32 16, i32 23)" [C:/Xilinx/Vivado/2019.2/common/technology/autopilot/hls/hls_axi_io.h:49->C:/Xilinx/Vivado/2019.2/common/technology/autopilot/hls/hls_axi_io.h:71->C:/Xilinx/Vivado/2019.2/common/technology/autopilot/hls/hls_video_io.h:92]   --->   Operation 75 'partselect' 'tmp_10' <Predicate = (!icmp_ln73)> <Delay = 0.00>
ST_5 : Operation 76 [1/1] (1.76ns)   --->   "store i1 false, i1* %sof_1_i" [C:/Xilinx/Vivado/2019.2/common/technology/autopilot/hls/hls_video_io.h:73]   --->   Operation 76 'store' <Predicate = (!icmp_ln73)> <Delay = 1.76>

State 6 <SV = 5> <Delay = 3.63>
ST_6 : Operation 77 [1/1] (0.00ns)   --->   "call void (...)* @_ssdm_op_SpecLoopName([11 x i8]* @p_str14) nounwind" [C:/Xilinx/Vivado/2019.2/common/technology/autopilot/hls/hls_video_io.h:73]   --->   Operation 77 'specloopname' <Predicate = (!icmp_ln73)> <Delay = 0.00>
ST_6 : Operation 78 [1/1] (0.00ns)   --->   "%tmp_75_i = call i32 (...)* @_ssdm_op_SpecRegionBegin([11 x i8]* @p_str14)" [C:/Xilinx/Vivado/2019.2/common/technology/autopilot/hls/hls_video_io.h:73]   --->   Operation 78 'specregionbegin' 'tmp_75_i' <Predicate = (!icmp_ln73)> <Delay = 0.00>
ST_6 : Operation 79 [1/1] (0.00ns)   --->   "call void (...)* @_ssdm_op_SpecPipeline(i32 1, i32 1, i32 1, i32 0, [1 x i8]* @p_str3) nounwind" [C:/Xilinx/Vivado/2019.2/common/technology/autopilot/hls/hls_video_io.h:75]   --->   Operation 79 'specpipeline' <Predicate = (!icmp_ln73)> <Delay = 0.00>
ST_6 : Operation 80 [1/1] (0.00ns)   --->   "%tmp_77_i = call i32 (...)* @_ssdm_op_SpecRegionBegin([12 x i8]* @p_str22)" [C:/Xilinx/Vivado/2019.2/common/technology/autopilot/hls/hls_video_core.h:696->C:/Xilinx/Vivado/2019.2/common/technology/autopilot/hls/hls_video_core.h:717->C:/Xilinx/Vivado/2019.2/common/technology/autopilot/hls/hls_video_io.h:94]   --->   Operation 80 'specregionbegin' 'tmp_77_i' <Predicate = (!icmp_ln73)> <Delay = 0.00>
ST_6 : Operation 81 [1/1] (0.00ns)   --->   "call void (...)* @_ssdm_op_SpecProtocol(i32 0, [1 x i8]* @p_str3) nounwind" [C:/Xilinx/Vivado/2019.2/common/technology/autopilot/hls/hls_video_core.h:700->C:/Xilinx/Vivado/2019.2/common/technology/autopilot/hls/hls_video_core.h:717->C:/Xilinx/Vivado/2019.2/common/technology/autopilot/hls/hls_video_io.h:94]   --->   Operation 81 'specprotocol' <Predicate = (!icmp_ln73)> <Delay = 0.00>
ST_6 : Operation 82 [1/1] (3.63ns)   --->   "call void @_ssdm_op_Write.ap_fifo.volatile.i8P(i8* %img_data_stream_0_V, i8 %tmp)" [C:/Xilinx/Vivado/2019.2/common/technology/autopilot/hls/hls_video_core.h:703->C:/Xilinx/Vivado/2019.2/common/technology/autopilot/hls/hls_video_core.h:717->C:/Xilinx/Vivado/2019.2/common/technology/autopilot/hls/hls_video_io.h:94]   --->   Operation 82 'write' <Predicate = (!icmp_ln73)> <Delay = 3.63> <Core = "FIFO">   --->   Core 32 'FIFO' <Latency = 0> <II = 1> <Delay = 3.63> <Storage> <Opcode : 'read' 'write' 'nbread' 'nbwrite'> <Ports = 0> <Width = 11> <Depth = 2> <FIFO>
ST_6 : Operation 83 [1/1] (3.63ns)   --->   "call void @_ssdm_op_Write.ap_fifo.volatile.i8P(i8* %img_data_stream_1_V, i8 %tmp_9)" [C:/Xilinx/Vivado/2019.2/common/technology/autopilot/hls/hls_video_core.h:703->C:/Xilinx/Vivado/2019.2/common/technology/autopilot/hls/hls_video_core.h:717->C:/Xilinx/Vivado/2019.2/common/technology/autopilot/hls/hls_video_io.h:94]   --->   Operation 83 'write' <Predicate = (!icmp_ln73)> <Delay = 3.63> <Core = "FIFO">   --->   Core 32 'FIFO' <Latency = 0> <II = 1> <Delay = 3.63> <Storage> <Opcode : 'read' 'write' 'nbread' 'nbwrite'> <Ports = 0> <Width = 11> <Depth = 2> <FIFO>
ST_6 : Operation 84 [1/1] (3.63ns)   --->   "call void @_ssdm_op_Write.ap_fifo.volatile.i8P(i8* %img_data_stream_2_V, i8 %tmp_10)" [C:/Xilinx/Vivado/2019.2/common/technology/autopilot/hls/hls_video_core.h:703->C:/Xilinx/Vivado/2019.2/common/technology/autopilot/hls/hls_video_core.h:717->C:/Xilinx/Vivado/2019.2/common/technology/autopilot/hls/hls_video_io.h:94]   --->   Operation 84 'write' <Predicate = (!icmp_ln73)> <Delay = 3.63> <Core = "FIFO">   --->   Core 32 'FIFO' <Latency = 0> <II = 1> <Delay = 3.63> <Storage> <Opcode : 'read' 'write' 'nbread' 'nbwrite'> <Ports = 0> <Width = 11> <Depth = 2> <FIFO>
ST_6 : Operation 85 [1/1] (0.00ns)   --->   "%empty_93 = call i32 (...)* @_ssdm_op_SpecRegionEnd([12 x i8]* @p_str22, i32 %tmp_77_i)" [C:/Xilinx/Vivado/2019.2/common/technology/autopilot/hls/hls_video_core.h:705->C:/Xilinx/Vivado/2019.2/common/technology/autopilot/hls/hls_video_core.h:717->C:/Xilinx/Vivado/2019.2/common/technology/autopilot/hls/hls_video_io.h:94]   --->   Operation 85 'specregionend' 'empty_93' <Predicate = (!icmp_ln73)> <Delay = 0.00>
ST_6 : Operation 86 [1/1] (0.00ns)   --->   "%empty_94 = call i32 (...)* @_ssdm_op_SpecRegionEnd([11 x i8]* @p_str14, i32 %tmp_75_i)" [C:/Xilinx/Vivado/2019.2/common/technology/autopilot/hls/hls_video_io.h:95]   --->   Operation 86 'specregionend' 'empty_94' <Predicate = (!icmp_ln73)> <Delay = 0.00>
ST_6 : Operation 87 [1/1] (0.00ns)   --->   "br label %0" [C:/Xilinx/Vivado/2019.2/common/technology/autopilot/hls/hls_video_io.h:73]   --->   Operation 87 'br' <Predicate = (!icmp_ln73)> <Delay = 0.00>

State 7 <SV = 5> <Delay = 1.76>
ST_7 : Operation 88 [1/1] (1.76ns)   --->   "br label %.preheader.i" [C:/Xilinx/Vivado/2019.2/common/technology/autopilot/hls/hls_video_io.h:96]   --->   Operation 88 'br' <Predicate = true> <Delay = 1.76>

State 8 <SV = 6> <Delay = 0.00>
ST_8 : Operation 89 [1/1] (0.00ns)   --->   "%axi_last_V_3_i = phi i1 [ %tmp_last_V_2, %loop_wait_for_eol ], [ %eol, %.preheader.i.preheader ]"   --->   Operation 89 'phi' 'axi_last_V_3_i' <Predicate = true> <Delay = 0.00>
ST_8 : Operation 90 [1/1] (0.00ns)   --->   "%axi_data_V_3_i = phi i24 [ %tmp_data_V_2, %loop_wait_for_eol ], [ %axi_data_V_1_i, %.preheader.i.preheader ]"   --->   Operation 90 'phi' 'axi_data_V_3_i' <Predicate = true> <Delay = 0.00>
ST_8 : Operation 91 [1/1] (0.00ns)   --->   "%eol_2_i = phi i1 [ %tmp_last_V_2, %loop_wait_for_eol ], [ %eol_0_i, %.preheader.i.preheader ]"   --->   Operation 91 'phi' 'eol_2_i' <Predicate = true> <Delay = 0.00>
ST_8 : Operation 92 [1/1] (0.00ns)   --->   "br i1 %eol_2_i, label %loop_height_end, label %loop_wait_for_eol" [C:/Xilinx/Vivado/2019.2/common/technology/autopilot/hls/hls_video_io.h:96]   --->   Operation 92 'br' <Predicate = true> <Delay = 0.00>
ST_8 : Operation 93 [1/1] (0.00ns)   --->   "call void (...)* @_ssdm_op_SpecLoopName([18 x i8]* @p_str54) nounwind" [C:/Xilinx/Vivado/2019.2/common/technology/autopilot/hls/hls_video_io.h:96]   --->   Operation 93 'specloopname' <Predicate = (!eol_2_i)> <Delay = 0.00>
ST_8 : Operation 94 [1/1] (0.00ns)   --->   "%tmp_76_i = call i32 (...)* @_ssdm_op_SpecRegionBegin([18 x i8]* @p_str54)" [C:/Xilinx/Vivado/2019.2/common/technology/autopilot/hls/hls_video_io.h:96]   --->   Operation 94 'specregionbegin' 'tmp_76_i' <Predicate = (!eol_2_i)> <Delay = 0.00>
ST_8 : Operation 95 [1/1] (0.00ns)   --->   "call void (...)* @_ssdm_op_SpecPipeline(i32 1, i32 1, i32 1, i32 0, [1 x i8]* @p_str3) nounwind" [C:/Xilinx/Vivado/2019.2/common/technology/autopilot/hls/hls_video_io.h:97]   --->   Operation 95 'specpipeline' <Predicate = (!eol_2_i)> <Delay = 0.00>
ST_8 : Operation 96 [1/1] (0.00ns)   --->   "call void (...)* @_ssdm_op_SpecLoopTripCount(i32 0, i32 0, i32 0, [1 x i8]* @p_str3) nounwind" [C:/Xilinx/Vivado/2019.2/common/technology/autopilot/hls/hls_video_io.h:98]   --->   Operation 96 'speclooptripcount' <Predicate = (!eol_2_i)> <Delay = 0.00>
ST_8 : Operation 97 [1/1] (0.00ns)   --->   "%empty_95 = call { i24, i3, i3, i1, i1, i1, i1 } @_ssdm_op_Read.axis.volatile.i24P.i3P.i3P.i1P.i1P.i1P.i1P(i24* %AXI_video_strm_V_data_V, i3* %AXI_video_strm_V_keep_V, i3* %AXI_video_strm_V_strb_V, i1* %AXI_video_strm_V_user_V, i1* %AXI_video_strm_V_last_V, i1* %AXI_video_strm_V_id_V, i1* %AXI_video_strm_V_dest_V)" [C:/Xilinx/Vivado/2019.2/common/technology/autopilot/hls/hls_video_io.h:100]   --->   Operation 97 'read' 'empty_95' <Predicate = (!eol_2_i)> <Delay = 0.00> <Core = "AXI4Stream">   --->   Core 5 'AXI4Stream' <Latency = 0> <II = 1> <Delay = 1.00> <Adapter> <Opcode : >
ST_8 : Operation 98 [1/1] (0.00ns)   --->   "%tmp_data_V_2 = extractvalue { i24, i3, i3, i1, i1, i1, i1 } %empty_95, 0" [C:/Xilinx/Vivado/2019.2/common/technology/autopilot/hls/hls_video_io.h:100]   --->   Operation 98 'extractvalue' 'tmp_data_V_2' <Predicate = (!eol_2_i)> <Delay = 0.00>
ST_8 : Operation 99 [1/1] (0.00ns)   --->   "%tmp_last_V_2 = extractvalue { i24, i3, i3, i1, i1, i1, i1 } %empty_95, 4" [C:/Xilinx/Vivado/2019.2/common/technology/autopilot/hls/hls_video_io.h:100]   --->   Operation 99 'extractvalue' 'tmp_last_V_2' <Predicate = (!eol_2_i)> <Delay = 0.00>
ST_8 : Operation 100 [1/1] (0.00ns)   --->   "%empty_96 = call i32 (...)* @_ssdm_op_SpecRegionEnd([18 x i8]* @p_str54, i32 %tmp_76_i)" [C:/Xilinx/Vivado/2019.2/common/technology/autopilot/hls/hls_video_io.h:103]   --->   Operation 100 'specregionend' 'empty_96' <Predicate = (!eol_2_i)> <Delay = 0.00>
ST_8 : Operation 101 [1/1] (0.00ns)   --->   "br label %.preheader.i" [C:/Xilinx/Vivado/2019.2/common/technology/autopilot/hls/hls_video_io.h:103]   --->   Operation 101 'br' <Predicate = (!eol_2_i)> <Delay = 0.00>

State 9 <SV = 7> <Delay = 0.00>
ST_9 : Operation 102 [1/1] (0.00ns)   --->   "%empty_97 = call i32 (...)* @_ssdm_op_SpecRegionEnd([12 x i8]* @p_str13, i32 %tmp_74_i)" [C:/Xilinx/Vivado/2019.2/common/technology/autopilot/hls/hls_video_io.h:104]   --->   Operation 102 'specregionend' 'empty_97' <Predicate = true> <Delay = 0.00>
ST_9 : Operation 103 [1/1] (0.00ns)   --->   "br label %.preheader232.i" [C:/Xilinx/Vivado/2019.2/common/technology/autopilot/hls/hls_video_io.h:71]   --->   Operation 103 'br' <Predicate = true> <Delay = 0.00>


============================================================
+ Verbose Summary: Binding
============================================================
STG Binding: 
---------------- STG Properties BEGIN ----------------
- Is combinational: 0
- Is one-state seq: 0
- Is datapath-only: 0
- Is pipelined: 0
- Is top level: 0
Port [ Return ] is wired: 1; IO mode=ap_ctrl_hs:ce=0
Port [ AXI_video_strm_V_data_V]:  wired=1; compound=1; hidden=0; nouse=0; global=0; static=0; extern=0; dir=0; type=0; pingpong=0; private_global=0; IO mode=axis:ce=0
Port [ AXI_video_strm_V_keep_V]:  wired=1; compound=1; hidden=0; nouse=0; global=0; static=0; extern=0; dir=0; type=0; pingpong=0; private_global=0; IO mode=axis:ce=0
Port [ AXI_video_strm_V_strb_V]:  wired=1; compound=1; hidden=0; nouse=0; global=0; static=0; extern=0; dir=0; type=0; pingpong=0; private_global=0; IO mode=axis:ce=0
Port [ AXI_video_strm_V_user_V]:  wired=1; compound=1; hidden=0; nouse=0; global=0; static=0; extern=0; dir=0; type=0; pingpong=0; private_global=0; IO mode=axis:ce=0
Port [ AXI_video_strm_V_last_V]:  wired=1; compound=1; hidden=0; nouse=0; global=0; static=0; extern=0; dir=0; type=0; pingpong=0; private_global=0; IO mode=axis:ce=0
Port [ AXI_video_strm_V_id_V]:  wired=1; compound=1; hidden=0; nouse=0; global=0; static=0; extern=0; dir=0; type=0; pingpong=0; private_global=0; IO mode=axis:ce=0
Port [ AXI_video_strm_V_dest_V]:  wired=1; compound=1; hidden=0; nouse=0; global=0; static=0; extern=0; dir=0; type=0; pingpong=0; private_global=0; IO mode=axis:ce=0
Port [ img_rows_V]:  wired=1; compound=1; hidden=0; nouse=0; global=0; static=0; extern=0; dir=0; type=3; pingpong=0; private_global=0; IO mode=ap_fifo:ce=0
Port [ img_cols_V]:  wired=1; compound=1; hidden=0; nouse=0; global=0; static=0; extern=0; dir=0; type=3; pingpong=0; private_global=0; IO mode=ap_fifo:ce=0
Port [ img_data_stream_0_V]:  wired=1; compound=1; hidden=0; nouse=0; global=0; static=0; extern=0; dir=1; type=3; pingpong=0; private_global=0; IO mode=ap_fifo:ce=0
Port [ img_data_stream_1_V]:  wired=1; compound=1; hidden=0; nouse=0; global=0; static=0; extern=0; dir=1; type=3; pingpong=0; private_global=0; IO mode=ap_fifo:ce=0
Port [ img_data_stream_2_V]:  wired=1; compound=1; hidden=0; nouse=0; global=0; static=0; extern=0; dir=1; type=3; pingpong=0; private_global=0; IO mode=ap_fifo:ce=0
Port [ img_rows_V_out]:  wired=1; compound=1; hidden=0; nouse=0; global=0; static=0; extern=0; dir=1; type=3; pingpong=0; private_global=0; IO mode=ap_fifo:ce=0
Port [ img_cols_V_out]:  wired=1; compound=1; hidden=0; nouse=0; global=0; static=0; extern=0; dir=1; type=3; pingpong=0; private_global=0; IO mode=ap_fifo:ce=0
---------------- STG Properties END ------------------

---------------- Datapath Model BEGIN ----------------

<LifeTime>
<method=bitvector/>
specinterface_ln0      (specinterface    ) [ 0000000000]
specinterface_ln0      (specinterface    ) [ 0000000000]
specinterface_ln0      (specinterface    ) [ 0000000000]
specinterface_ln0      (specinterface    ) [ 0000000000]
specinterface_ln0      (specinterface    ) [ 0000000000]
specinterface_ln0      (specinterface    ) [ 0000000000]
specinterface_ln0      (specinterface    ) [ 0000000000]
specinterface_ln0      (specinterface    ) [ 0000000000]
specinterface_ln0      (specinterface    ) [ 0000000000]
specinterface_ln0      (specinterface    ) [ 0000000000]
specinterface_ln0      (specinterface    ) [ 0000000000]
specinterface_ln0      (specinterface    ) [ 0000000000]
img_rows_V_read        (read             ) [ 0000000000]
img_cols_V_read        (read             ) [ 0000000000]
specinterface_ln0      (specinterface    ) [ 0000000000]
write_ln589            (write            ) [ 0000000000]
specinterface_ln0      (specinterface    ) [ 0000000000]
write_ln589            (write            ) [ 0000000000]
specinterface_ln0      (specinterface    ) [ 0000000000]
rows_V                 (sext             ) [ 0011111111]
cols_V                 (sext             ) [ 0011111111]
br_ln63                (br               ) [ 0000000000]
specloopname_ln65      (specloopname     ) [ 0000000000]
tmp_73_i               (specregionbegin  ) [ 0000000000]
specpipeline_ln66      (specpipeline     ) [ 0000000000]
speclooptripcount_ln67 (speclooptripcount) [ 0000000000]
empty                  (read             ) [ 0000000000]
tmp_data_V             (extractvalue     ) [ 0001111111]
tmp_user_V             (extractvalue     ) [ 0010000000]
tmp_last_V             (extractvalue     ) [ 0001111111]
empty_91               (specregionend    ) [ 0000000000]
br_ln65                (br               ) [ 0000000000]
sof_1_i                (alloca           ) [ 0001111111]
store_ln71             (store            ) [ 0000000000]
br_ln71                (br               ) [ 0001111111]
axi_last_V_0_i         (phi              ) [ 0000111000]
axi_data_V_0_i         (phi              ) [ 0000111000]
t_V                    (phi              ) [ 0000100000]
icmp_ln71              (icmp             ) [ 0000111111]
speclooptripcount_ln0  (speclooptripcount) [ 0000000000]
i_V                    (add              ) [ 0001111111]
br_ln71                (br               ) [ 0000000000]
specloopname_ln71      (specloopname     ) [ 0000000000]
tmp_74_i               (specregionbegin  ) [ 0000011111]
br_ln73                (br               ) [ 0000111111]
ret_ln0                (ret              ) [ 0000000000]
eol                    (phi              ) [ 0000010110]
axi_data_V_1_i         (phi              ) [ 0000010110]
t_V_8                  (phi              ) [ 0000010000]
eol_0_i                (phi              ) [ 0000010110]
icmp_ln73              (icmp             ) [ 0000111111]
speclooptripcount_ln0  (speclooptripcount) [ 0000000000]
j_V                    (add              ) [ 0000111111]
br_ln73                (br               ) [ 0000000000]
sof_1_i_load           (load             ) [ 0000000000]
or_ln76                (or               ) [ 0000111111]
br_ln76                (br               ) [ 0000000000]
empty_92               (read             ) [ 0000000000]
tmp_data_V_1           (extractvalue     ) [ 0000000000]
tmp_last_V_1           (extractvalue     ) [ 0000000000]
br_ln0                 (br               ) [ 0000000000]
axi_last_V_2_i         (phi              ) [ 0000111111]
p_Val2_s               (phi              ) [ 0000111111]
tmp                    (trunc            ) [ 0000011000]
tmp_9                  (partselect       ) [ 0000011000]
tmp_10                 (partselect       ) [ 0000011000]
store_ln73             (store            ) [ 0000000000]
specloopname_ln73      (specloopname     ) [ 0000000000]
tmp_75_i               (specregionbegin  ) [ 0000000000]
specpipeline_ln75      (specpipeline     ) [ 0000000000]
tmp_77_i               (specregionbegin  ) [ 0000000000]
specprotocol_ln700     (specprotocol     ) [ 0000000000]
write_ln703            (write            ) [ 0000000000]
write_ln703            (write            ) [ 0000000000]
write_ln703            (write            ) [ 0000000000]
empty_93               (specregionend    ) [ 0000000000]
empty_94               (specregionend    ) [ 0000000000]
br_ln73                (br               ) [ 0000111111]
br_ln96                (br               ) [ 0000111111]
axi_last_V_3_i         (phi              ) [ 0001100011]
axi_data_V_3_i         (phi              ) [ 0001100011]
eol_2_i                (phi              ) [ 0000000010]
br_ln96                (br               ) [ 0000000000]
specloopname_ln96      (specloopname     ) [ 0000000000]
tmp_76_i               (specregionbegin  ) [ 0000000000]
specpipeline_ln97      (specpipeline     ) [ 0000000000]
speclooptripcount_ln98 (speclooptripcount) [ 0000000000]
empty_95               (read             ) [ 0000000000]
tmp_data_V_2           (extractvalue     ) [ 0000111111]
tmp_last_V_2           (extractvalue     ) [ 0000111111]
empty_96               (specregionend    ) [ 0000000000]
br_ln103               (br               ) [ 0000111111]
empty_97               (specregionend    ) [ 0000000000]
br_ln71                (br               ) [ 0001111111]
</LifeTime>

<model>

<comp_list>
<comp id="0" class="1000" name="AXI_video_strm_V_data_V">
<pin_list>
<pin id="1" dir="1" index="0" bw="1" slack="0"/>
</pin_list>
<bind>
<StgValue><ssdm name="AXI_video_strm_V_data_V"/></StgValue>
</bind>
</comp>

<comp id="2" class="1000" name="AXI_video_strm_V_keep_V">
<pin_list>
<pin id="3" dir="1" index="0" bw="1" slack="0"/>
</pin_list>
<bind>
<StgValue><ssdm name="AXI_video_strm_V_keep_V"/></StgValue>
</bind>
</comp>

<comp id="4" class="1000" name="AXI_video_strm_V_strb_V">
<pin_list>
<pin id="5" dir="1" index="0" bw="1" slack="0"/>
</pin_list>
<bind>
<StgValue><ssdm name="AXI_video_strm_V_strb_V"/></StgValue>
</bind>
</comp>

<comp id="6" class="1000" name="AXI_video_strm_V_user_V">
<pin_list>
<pin id="7" dir="1" index="0" bw="1" slack="0"/>
</pin_list>
<bind>
<StgValue><ssdm name="AXI_video_strm_V_user_V"/></StgValue>
</bind>
</comp>

<comp id="8" class="1000" name="AXI_video_strm_V_last_V">
<pin_list>
<pin id="9" dir="1" index="0" bw="1" slack="0"/>
</pin_list>
<bind>
<StgValue><ssdm name="AXI_video_strm_V_last_V"/></StgValue>
</bind>
</comp>

<comp id="10" class="1000" name="AXI_video_strm_V_id_V">
<pin_list>
<pin id="11" dir="1" index="0" bw="1" slack="0"/>
</pin_list>
<bind>
<StgValue><ssdm name="AXI_video_strm_V_id_V"/></StgValue>
</bind>
</comp>

<comp id="12" class="1000" name="AXI_video_strm_V_dest_V">
<pin_list>
<pin id="13" dir="1" index="0" bw="1" slack="0"/>
</pin_list>
<bind>
<StgValue><ssdm name="AXI_video_strm_V_dest_V"/></StgValue>
</bind>
</comp>

<comp id="14" class="1000" name="img_rows_V">
<pin_list>
<pin id="15" dir="1" index="0" bw="1" slack="0"/>
</pin_list>
<bind>
<StgValue><ssdm name="img_rows_V"/></StgValue>
</bind>
</comp>

<comp id="16" class="1000" name="img_cols_V">
<pin_list>
<pin id="17" dir="1" index="0" bw="1" slack="0"/>
</pin_list>
<bind>
<StgValue><ssdm name="img_cols_V"/></StgValue>
</bind>
</comp>

<comp id="18" class="1000" name="img_data_stream_0_V">
<pin_list>
<pin id="19" dir="1" index="0" bw="1" slack="0"/>
</pin_list>
<bind>
<StgValue><ssdm name="img_data_stream_0_V"/></StgValue>
</bind>
</comp>

<comp id="20" class="1000" name="img_data_stream_1_V">
<pin_list>
<pin id="21" dir="1" index="0" bw="1" slack="0"/>
</pin_list>
<bind>
<StgValue><ssdm name="img_data_stream_1_V"/></StgValue>
</bind>
</comp>

<comp id="22" class="1000" name="img_data_stream_2_V">
<pin_list>
<pin id="23" dir="1" index="0" bw="1" slack="0"/>
</pin_list>
<bind>
<StgValue><ssdm name="img_data_stream_2_V"/></StgValue>
</bind>
</comp>

<comp id="24" class="1000" name="img_rows_V_out">
<pin_list>
<pin id="25" dir="1" index="0" bw="1" slack="0"/>
</pin_list>
<bind>
<StgValue><ssdm name="img_rows_V_out"/></StgValue>
</bind>
</comp>

<comp id="26" class="1000" name="img_cols_V_out">
<pin_list>
<pin id="27" dir="1" index="0" bw="1" slack="0"/>
</pin_list>
<bind>
<StgValue><ssdm name="img_cols_V_out"/></StgValue>
</bind>
</comp>

<comp id="28" class="1001" name="const_28">
<pin_list>
<pin id="29" dir="1" index="0" bw="1" slack="2147483647"/>
</pin_list>
<bind>
<StgValue><ssdm name="_ssdm_op_SpecInterface"/></StgValue>
</bind>
</comp>

<comp id="30" class="1001" name="const_30">
<pin_list>
<pin id="31" dir="1" index="0" bw="1" slack="2147483647"/>
</pin_list>
<bind>
<StgValue><ssdm name="ap_fifo_str"/></StgValue>
</bind>
</comp>

<comp id="32" class="1001" name="const_32">
<pin_list>
<pin id="33" dir="1" index="0" bw="1" slack="1"/>
</pin_list>
<bind>
<StgValue><ssdm name=""/></StgValue>
</bind>
</comp>

<comp id="34" class="1001" name="const_34">
<pin_list>
<pin id="35" dir="1" index="0" bw="1" slack="2147483647"/>
</pin_list>
<bind>
<StgValue><ssdm name="p_str238"/></StgValue>
</bind>
</comp>

<comp id="36" class="1001" name="const_36">
<pin_list>
<pin id="37" dir="1" index="0" bw="1" slack="2147483647"/>
</pin_list>
<bind>
<StgValue><ssdm name="p_str239"/></StgValue>
</bind>
</comp>

<comp id="38" class="1001" name="const_38">
<pin_list>
<pin id="39" dir="1" index="0" bw="1" slack="2147483647"/>
</pin_list>
<bind>
<StgValue><ssdm name="p_str240"/></StgValue>
</bind>
</comp>

<comp id="40" class="1001" name="const_40">
<pin_list>
<pin id="41" dir="1" index="0" bw="1" slack="2147483647"/>
</pin_list>
<bind>
<StgValue><ssdm name="p_str241"/></StgValue>
</bind>
</comp>

<comp id="42" class="1001" name="const_42">
<pin_list>
<pin id="43" dir="1" index="0" bw="1" slack="2147483647"/>
</pin_list>
<bind>
<StgValue><ssdm name=""/></StgValue>
</bind>
</comp>

<comp id="44" class="1001" name="const_44">
<pin_list>
<pin id="45" dir="1" index="0" bw="1" slack="0"/>
</pin_list>
<bind>
<StgValue><ssdm name=""/></StgValue>
</bind>
</comp>

<comp id="46" class="1001" name="const_46">
<pin_list>
<pin id="47" dir="1" index="0" bw="1" slack="2147483647"/>
</pin_list>
<bind>
<StgValue><ssdm name="p_str242"/></StgValue>
</bind>
</comp>

<comp id="48" class="1001" name="const_48">
<pin_list>
<pin id="49" dir="1" index="0" bw="1" slack="2147483647"/>
</pin_list>
<bind>
<StgValue><ssdm name="p_str243"/></StgValue>
</bind>
</comp>

<comp id="50" class="1001" name="const_50">
<pin_list>
<pin id="51" dir="1" index="0" bw="1" slack="2147483647"/>
</pin_list>
<bind>
<StgValue><ssdm name="p_str231"/></StgValue>
</bind>
</comp>

<comp id="52" class="1001" name="const_52">
<pin_list>
<pin id="53" dir="1" index="0" bw="1" slack="2147483647"/>
</pin_list>
<bind>
<StgValue><ssdm name="p_str232"/></StgValue>
</bind>
</comp>

<comp id="54" class="1001" name="const_54">
<pin_list>
<pin id="55" dir="1" index="0" bw="1" slack="2147483647"/>
</pin_list>
<bind>
<StgValue><ssdm name="p_str233"/></StgValue>
</bind>
</comp>

<comp id="56" class="1001" name="const_56">
<pin_list>
<pin id="57" dir="1" index="0" bw="1" slack="2147483647"/>
</pin_list>
<bind>
<StgValue><ssdm name="p_str234"/></StgValue>
</bind>
</comp>

<comp id="58" class="1001" name="const_58">
<pin_list>
<pin id="59" dir="1" index="0" bw="1" slack="2147483647"/>
</pin_list>
<bind>
<StgValue><ssdm name="p_str235"/></StgValue>
</bind>
</comp>

<comp id="60" class="1001" name="const_60">
<pin_list>
<pin id="61" dir="1" index="0" bw="1" slack="2147483647"/>
</pin_list>
<bind>
<StgValue><ssdm name="p_str236"/></StgValue>
</bind>
</comp>

<comp id="62" class="1001" name="const_62">
<pin_list>
<pin id="63" dir="1" index="0" bw="1" slack="2147483647"/>
</pin_list>
<bind>
<StgValue><ssdm name="p_str224"/></StgValue>
</bind>
</comp>

<comp id="64" class="1001" name="const_64">
<pin_list>
<pin id="65" dir="1" index="0" bw="1" slack="2147483647"/>
</pin_list>
<bind>
<StgValue><ssdm name="p_str225"/></StgValue>
</bind>
</comp>

<comp id="66" class="1001" name="const_66">
<pin_list>
<pin id="67" dir="1" index="0" bw="1" slack="2147483647"/>
</pin_list>
<bind>
<StgValue><ssdm name="p_str226"/></StgValue>
</bind>
</comp>

<comp id="68" class="1001" name="const_68">
<pin_list>
<pin id="69" dir="1" index="0" bw="1" slack="2147483647"/>
</pin_list>
<bind>
<StgValue><ssdm name="p_str227"/></StgValue>
</bind>
</comp>

<comp id="70" class="1001" name="const_70">
<pin_list>
<pin id="71" dir="1" index="0" bw="1" slack="2147483647"/>
</pin_list>
<bind>
<StgValue><ssdm name="p_str228"/></StgValue>
</bind>
</comp>

<comp id="72" class="1001" name="const_72">
<pin_list>
<pin id="73" dir="1" index="0" bw="1" slack="2147483647"/>
</pin_list>
<bind>
<StgValue><ssdm name="p_str229"/></StgValue>
</bind>
</comp>

<comp id="74" class="1001" name="const_74">
<pin_list>
<pin id="75" dir="1" index="0" bw="1" slack="2147483647"/>
</pin_list>
<bind>
<StgValue><ssdm name="p_str"/></StgValue>
</bind>
</comp>

<comp id="76" class="1001" name="const_76">
<pin_list>
<pin id="77" dir="1" index="0" bw="1" slack="0"/>
</pin_list>
<bind>
<StgValue><ssdm name=""/></StgValue>
</bind>
</comp>

<comp id="78" class="1001" name="const_78">
<pin_list>
<pin id="79" dir="1" index="0" bw="1" slack="2147483647"/>
</pin_list>
<bind>
<StgValue><ssdm name="p_str1"/></StgValue>
</bind>
</comp>

<comp id="80" class="1001" name="const_80">
<pin_list>
<pin id="81" dir="1" index="0" bw="1" slack="2147483647"/>
</pin_list>
<bind>
<StgValue><ssdm name="p_str2"/></StgValue>
</bind>
</comp>

<comp id="82" class="1001" name="const_82">
<pin_list>
<pin id="83" dir="1" index="0" bw="1" slack="2147483647"/>
</pin_list>
<bind>
<StgValue><ssdm name="p_str3"/></StgValue>
</bind>
</comp>

<comp id="84" class="1001" name="const_84">
<pin_list>
<pin id="85" dir="1" index="0" bw="1" slack="2147483647"/>
</pin_list>
<bind>
<StgValue><ssdm name="p_str411"/></StgValue>
</bind>
</comp>

<comp id="86" class="1001" name="const_86">
<pin_list>
<pin id="87" dir="1" index="0" bw="1" slack="2147483647"/>
</pin_list>
<bind>
<StgValue><ssdm name="p_str412"/></StgValue>
</bind>
</comp>

<comp id="88" class="1001" name="const_88">
<pin_list>
<pin id="89" dir="1" index="0" bw="1" slack="2147483647"/>
</pin_list>
<bind>
<StgValue><ssdm name="p_str413"/></StgValue>
</bind>
</comp>

<comp id="90" class="1001" name="const_90">
<pin_list>
<pin id="91" dir="1" index="0" bw="1" slack="2147483647"/>
</pin_list>
<bind>
<StgValue><ssdm name="p_str414"/></StgValue>
</bind>
</comp>

<comp id="92" class="1001" name="const_92">
<pin_list>
<pin id="93" dir="1" index="0" bw="1" slack="2147483647"/>
</pin_list>
<bind>
<StgValue><ssdm name="p_str415"/></StgValue>
</bind>
</comp>

<comp id="94" class="1001" name="const_94">
<pin_list>
<pin id="95" dir="1" index="0" bw="1" slack="2147483647"/>
</pin_list>
<bind>
<StgValue><ssdm name="ScalarProp_str"/></StgValue>
</bind>
</comp>

<comp id="96" class="1001" name="const_96">
<pin_list>
<pin id="97" dir="1" index="0" bw="1" slack="2147483647"/>
</pin_list>
<bind>
<StgValue><ssdm name="p_str406"/></StgValue>
</bind>
</comp>

<comp id="98" class="1001" name="const_98">
<pin_list>
<pin id="99" dir="1" index="0" bw="1" slack="2147483647"/>
</pin_list>
<bind>
<StgValue><ssdm name="p_str407"/></StgValue>
</bind>
</comp>

<comp id="100" class="1001" name="const_100">
<pin_list>
<pin id="101" dir="1" index="0" bw="1" slack="2147483647"/>
</pin_list>
<bind>
<StgValue><ssdm name="p_str408"/></StgValue>
</bind>
</comp>

<comp id="102" class="1001" name="const_102">
<pin_list>
<pin id="103" dir="1" index="0" bw="1" slack="2147483647"/>
</pin_list>
<bind>
<StgValue><ssdm name="p_str409"/></StgValue>
</bind>
</comp>

<comp id="104" class="1001" name="const_104">
<pin_list>
<pin id="105" dir="1" index="0" bw="1" slack="2147483647"/>
</pin_list>
<bind>
<StgValue><ssdm name="p_str410"/></StgValue>
</bind>
</comp>

<comp id="106" class="1001" name="const_106">
<pin_list>
<pin id="107" dir="1" index="0" bw="1" slack="0"/>
</pin_list>
<bind>
<StgValue><ssdm name="_ssdm_op_Read.ap_fifo.i10P"/></StgValue>
</bind>
</comp>

<comp id="108" class="1001" name="const_108">
<pin_list>
<pin id="109" dir="1" index="0" bw="1" slack="0"/>
</pin_list>
<bind>
<StgValue><ssdm name="_ssdm_op_Read.ap_fifo.i11P"/></StgValue>
</bind>
</comp>

<comp id="110" class="1001" name="const_110">
<pin_list>
<pin id="111" dir="1" index="0" bw="1" slack="2147483647"/>
</pin_list>
<bind>
<StgValue><ssdm name="p_str416"/></StgValue>
</bind>
</comp>

<comp id="112" class="1001" name="const_112">
<pin_list>
<pin id="113" dir="1" index="0" bw="1" slack="2147483647"/>
</pin_list>
<bind>
<StgValue><ssdm name="p_str417"/></StgValue>
</bind>
</comp>

<comp id="114" class="1001" name="const_114">
<pin_list>
<pin id="115" dir="1" index="0" bw="1" slack="2147483647"/>
</pin_list>
<bind>
<StgValue><ssdm name="p_str418"/></StgValue>
</bind>
</comp>

<comp id="116" class="1001" name="const_116">
<pin_list>
<pin id="117" dir="1" index="0" bw="1" slack="2147483647"/>
</pin_list>
<bind>
<StgValue><ssdm name="p_str419"/></StgValue>
</bind>
</comp>

<comp id="118" class="1001" name="const_118">
<pin_list>
<pin id="119" dir="1" index="0" bw="1" slack="2147483647"/>
</pin_list>
<bind>
<StgValue><ssdm name="p_str420"/></StgValue>
</bind>
</comp>

<comp id="120" class="1001" name="const_120">
<pin_list>
<pin id="121" dir="1" index="0" bw="1" slack="0"/>
</pin_list>
<bind>
<StgValue><ssdm name="_ssdm_op_Write.ap_fifo.i10P"/></StgValue>
</bind>
</comp>

<comp id="122" class="1001" name="const_122">
<pin_list>
<pin id="123" dir="1" index="0" bw="1" slack="2147483647"/>
</pin_list>
<bind>
<StgValue><ssdm name="p_str421"/></StgValue>
</bind>
</comp>

<comp id="124" class="1001" name="const_124">
<pin_list>
<pin id="125" dir="1" index="0" bw="1" slack="2147483647"/>
</pin_list>
<bind>
<StgValue><ssdm name="p_str422"/></StgValue>
</bind>
</comp>

<comp id="126" class="1001" name="const_126">
<pin_list>
<pin id="127" dir="1" index="0" bw="1" slack="2147483647"/>
</pin_list>
<bind>
<StgValue><ssdm name="p_str423"/></StgValue>
</bind>
</comp>

<comp id="128" class="1001" name="const_128">
<pin_list>
<pin id="129" dir="1" index="0" bw="1" slack="2147483647"/>
</pin_list>
<bind>
<StgValue><ssdm name="p_str424"/></StgValue>
</bind>
</comp>

<comp id="130" class="1001" name="const_130">
<pin_list>
<pin id="131" dir="1" index="0" bw="1" slack="2147483647"/>
</pin_list>
<bind>
<StgValue><ssdm name="p_str425"/></StgValue>
</bind>
</comp>

<comp id="132" class="1001" name="const_132">
<pin_list>
<pin id="133" dir="1" index="0" bw="1" slack="0"/>
</pin_list>
<bind>
<StgValue><ssdm name="_ssdm_op_Write.ap_fifo.i11P"/></StgValue>
</bind>
</comp>

<comp id="134" class="1001" name="const_134">
<pin_list>
<pin id="135" dir="1" index="0" bw="1" slack="2147483647"/>
</pin_list>
<bind>
<StgValue><ssdm name="_ssdm_op_SpecLoopName"/></StgValue>
</bind>
</comp>

<comp id="136" class="1001" name="const_136">
<pin_list>
<pin id="137" dir="1" index="0" bw="1" slack="2147483647"/>
</pin_list>
<bind>
<StgValue><ssdm name="p_str53"/></StgValue>
</bind>
</comp>

<comp id="138" class="1001" name="const_138">
<pin_list>
<pin id="139" dir="1" index="0" bw="1" slack="2147483647"/>
</pin_list>
<bind>
<StgValue><ssdm name="_ssdm_op_SpecRegionBegin"/></StgValue>
</bind>
</comp>

<comp id="140" class="1001" name="const_140">
<pin_list>
<pin id="141" dir="1" index="0" bw="1" slack="2147483647"/>
</pin_list>
<bind>
<StgValue><ssdm name="_ssdm_op_SpecPipeline"/></StgValue>
</bind>
</comp>

<comp id="142" class="1001" name="const_142">
<pin_list>
<pin id="143" dir="1" index="0" bw="1" slack="2147483647"/>
</pin_list>
<bind>
<StgValue><ssdm name="_ssdm_op_SpecLoopTripCount"/></StgValue>
</bind>
</comp>

<comp id="144" class="1001" name="const_144">
<pin_list>
<pin id="145" dir="1" index="0" bw="1" slack="0"/>
</pin_list>
<bind>
<StgValue><ssdm name="_ssdm_op_Read.axis.volatile.i24P.i3P.i3P.i1P.i1P.i1P.i1P"/></StgValue>
</bind>
</comp>

<comp id="146" class="1001" name="const_146">
<pin_list>
<pin id="147" dir="1" index="0" bw="1" slack="2147483647"/>
</pin_list>
<bind>
<StgValue><ssdm name="_ssdm_op_SpecRegionEnd"/></StgValue>
</bind>
</comp>

<comp id="148" class="1001" name="const_148">
<pin_list>
<pin id="149" dir="1" index="0" bw="1" slack="0"/>
</pin_list>
<bind>
<StgValue><ssdm name=""/></StgValue>
</bind>
</comp>

<comp id="150" class="1001" name="const_150">
<pin_list>
<pin id="151" dir="1" index="0" bw="1" slack="2147483647"/>
</pin_list>
<bind>
<StgValue><ssdm name=""/></StgValue>
</bind>
</comp>

<comp id="152" class="1001" name="const_152">
<pin_list>
<pin id="153" dir="1" index="0" bw="1" slack="2147483647"/>
</pin_list>
<bind>
<StgValue><ssdm name=""/></StgValue>
</bind>
</comp>

<comp id="154" class="1001" name="const_154">
<pin_list>
<pin id="155" dir="1" index="0" bw="1" slack="2147483647"/>
</pin_list>
<bind>
<StgValue><ssdm name="p_str13"/></StgValue>
</bind>
</comp>

<comp id="156" class="1001" name="const_156">
<pin_list>
<pin id="157" dir="1" index="0" bw="1" slack="0"/>
</pin_list>
<bind>
<StgValue><ssdm name=""/></StgValue>
</bind>
</comp>

<comp id="158" class="1001" name="const_158">
<pin_list>
<pin id="159" dir="1" index="0" bw="1" slack="2147483647"/>
</pin_list>
<bind>
<StgValue><ssdm name=""/></StgValue>
</bind>
</comp>

<comp id="160" class="1001" name="const_160">
<pin_list>
<pin id="161" dir="1" index="0" bw="1" slack="0"/>
</pin_list>
<bind>
<StgValue><ssdm name="_ssdm_op_PartSelect.i8.i24.i32.i32"/></StgValue>
</bind>
</comp>

<comp id="162" class="1001" name="const_162">
<pin_list>
<pin id="163" dir="1" index="0" bw="1" slack="0"/>
</pin_list>
<bind>
<StgValue><ssdm name=""/></StgValue>
</bind>
</comp>

<comp id="164" class="1001" name="const_164">
<pin_list>
<pin id="165" dir="1" index="0" bw="1" slack="0"/>
</pin_list>
<bind>
<StgValue><ssdm name=""/></StgValue>
</bind>
</comp>

<comp id="166" class="1001" name="const_166">
<pin_list>
<pin id="167" dir="1" index="0" bw="1" slack="0"/>
</pin_list>
<bind>
<StgValue><ssdm name=""/></StgValue>
</bind>
</comp>

<comp id="168" class="1001" name="const_168">
<pin_list>
<pin id="169" dir="1" index="0" bw="1" slack="2147483647"/>
</pin_list>
<bind>
<StgValue><ssdm name="p_str14"/></StgValue>
</bind>
</comp>

<comp id="170" class="1001" name="const_170">
<pin_list>
<pin id="171" dir="1" index="0" bw="1" slack="2147483647"/>
</pin_list>
<bind>
<StgValue><ssdm name="p_str22"/></StgValue>
</bind>
</comp>

<comp id="172" class="1001" name="const_172">
<pin_list>
<pin id="173" dir="1" index="0" bw="1" slack="2147483647"/>
</pin_list>
<bind>
<StgValue><ssdm name="_ssdm_op_SpecProtocol"/></StgValue>
</bind>
</comp>

<comp id="174" class="1001" name="const_174">
<pin_list>
<pin id="175" dir="1" index="0" bw="1" slack="0"/>
</pin_list>
<bind>
<StgValue><ssdm name="_ssdm_op_Write.ap_fifo.volatile.i8P"/></StgValue>
</bind>
</comp>

<comp id="176" class="1001" name="const_176">
<pin_list>
<pin id="177" dir="1" index="0" bw="1" slack="2147483647"/>
</pin_list>
<bind>
<StgValue><ssdm name="p_str54"/></StgValue>
</bind>
</comp>

<comp id="178" class="1004" name="sof_1_i_fu_178">
<pin_list>
<pin id="179" dir="0" index="0" bw="1" slack="0"/>
<pin id="180" dir="1" index="1" bw="1" slack="0"/>
</pin_list>
<bind>
<opcode="alloca(26) " fcode="alloca"/>
<opset="sof_1_i/3 "/>
</bind>
</comp>

<comp id="182" class="1004" name="img_rows_V_read_read_fu_182">
<pin_list>
<pin id="183" dir="0" index="0" bw="10" slack="0"/>
<pin id="184" dir="0" index="1" bw="10" slack="0"/>
<pin id="185" dir="1" index="2" bw="10" slack="0"/>
</pin_list>
<bind>
<opcode="read(1150) " fcode="read"/>
<opset="img_rows_V_read/1 "/>
</bind>
</comp>

<comp id="188" class="1004" name="img_cols_V_read_read_fu_188">
<pin_list>
<pin id="189" dir="0" index="0" bw="11" slack="0"/>
<pin id="190" dir="0" index="1" bw="11" slack="0"/>
<pin id="191" dir="1" index="2" bw="11" slack="0"/>
</pin_list>
<bind>
<opcode="read(1150) " fcode="read"/>
<opset="img_cols_V_read/1 "/>
</bind>
</comp>

<comp id="194" class="1004" name="write_ln589_write_fu_194">
<pin_list>
<pin id="195" dir="0" index="0" bw="0" slack="0"/>
<pin id="196" dir="0" index="1" bw="10" slack="0"/>
<pin id="197" dir="0" index="2" bw="10" slack="0"/>
<pin id="198" dir="1" index="3" bw="0" slack="2147483647"/>
</pin_list>
<bind>
<opcode="write(1151) " fcode="write"/>
<opset="write_ln589/1 "/>
</bind>
</comp>

<comp id="202" class="1004" name="write_ln589_write_fu_202">
<pin_list>
<pin id="203" dir="0" index="0" bw="0" slack="0"/>
<pin id="204" dir="0" index="1" bw="11" slack="0"/>
<pin id="205" dir="0" index="2" bw="11" slack="0"/>
<pin id="206" dir="1" index="3" bw="0" slack="2147483647"/>
</pin_list>
<bind>
<opcode="write(1151) " fcode="write"/>
<opset="write_ln589/1 "/>
</bind>
</comp>

<comp id="210" class="1004" name="grp_read_fu_210">
<pin_list>
<pin id="211" dir="0" index="0" bw="34" slack="0"/>
<pin id="212" dir="0" index="1" bw="24" slack="0"/>
<pin id="213" dir="0" index="2" bw="3" slack="0"/>
<pin id="214" dir="0" index="3" bw="3" slack="0"/>
<pin id="215" dir="0" index="4" bw="1" slack="0"/>
<pin id="216" dir="0" index="5" bw="1" slack="0"/>
<pin id="217" dir="0" index="6" bw="1" slack="0"/>
<pin id="218" dir="0" index="7" bw="1" slack="0"/>
<pin id="219" dir="1" index="8" bw="34" slack="0"/>
</pin_list>
<bind>
<opcode="read(1150) " fcode="read"/>
<opset="empty/2 empty_92/5 empty_95/8 "/>
</bind>
</comp>

<comp id="228" class="1004" name="write_ln703_write_fu_228">
<pin_list>
<pin id="229" dir="0" index="0" bw="0" slack="0"/>
<pin id="230" dir="0" index="1" bw="8" slack="0"/>
<pin id="231" dir="0" index="2" bw="8" slack="1"/>
<pin id="232" dir="1" index="3" bw="0" slack="2147483647"/>
</pin_list>
<bind>
<opcode="write(1151) " fcode="write"/>
<opset="write_ln703/6 "/>
</bind>
</comp>

<comp id="235" class="1004" name="write_ln703_write_fu_235">
<pin_list>
<pin id="236" dir="0" index="0" bw="0" slack="0"/>
<pin id="237" dir="0" index="1" bw="8" slack="0"/>
<pin id="238" dir="0" index="2" bw="8" slack="1"/>
<pin id="239" dir="1" index="3" bw="0" slack="2147483647"/>
</pin_list>
<bind>
<opcode="write(1151) " fcode="write"/>
<opset="write_ln703/6 "/>
</bind>
</comp>

<comp id="242" class="1004" name="write_ln703_write_fu_242">
<pin_list>
<pin id="243" dir="0" index="0" bw="0" slack="0"/>
<pin id="244" dir="0" index="1" bw="8" slack="0"/>
<pin id="245" dir="0" index="2" bw="8" slack="1"/>
<pin id="246" dir="1" index="3" bw="0" slack="2147483647"/>
</pin_list>
<bind>
<opcode="write(1151) " fcode="write"/>
<opset="write_ln703/6 "/>
</bind>
</comp>

<comp id="249" class="1005" name="axi_last_V_0_i_reg_249">
<pin_list>
<pin id="250" dir="0" index="0" bw="1" slack="1"/>
<pin id="251" dir="1" index="1" bw="1" slack="1"/>
</pin_list>
<bind>
<opset="axi_last_V_0_i (phireg) "/>
</bind>
</comp>

<comp id="252" class="1004" name="axi_last_V_0_i_phi_fu_252">
<pin_list>
<pin id="253" dir="0" index="0" bw="1" slack="1"/>
<pin id="254" dir="0" index="1" bw="0" slack="2147483647"/>
<pin id="255" dir="0" index="2" bw="1" slack="2"/>
<pin id="256" dir="0" index="3" bw="0" slack="2147483647"/>
<pin id="257" dir="1" index="4" bw="1" slack="1"/>
</pin_list>
<bind>
<opcode="phi(47) " fcode="phi"/>
<opset="axi_last_V_0_i/4 "/>
</bind>
</comp>

<comp id="259" class="1005" name="axi_data_V_0_i_reg_259">
<pin_list>
<pin id="260" dir="0" index="0" bw="24" slack="1"/>
<pin id="261" dir="1" index="1" bw="24" slack="1"/>
</pin_list>
<bind>
<opset="axi_data_V_0_i (phireg) "/>
</bind>
</comp>

<comp id="262" class="1004" name="axi_data_V_0_i_phi_fu_262">
<pin_list>
<pin id="263" dir="0" index="0" bw="24" slack="1"/>
<pin id="264" dir="0" index="1" bw="0" slack="2147483647"/>
<pin id="265" dir="0" index="2" bw="24" slack="2"/>
<pin id="266" dir="0" index="3" bw="0" slack="2147483647"/>
<pin id="267" dir="1" index="4" bw="24" slack="1"/>
</pin_list>
<bind>
<opcode="phi(47) " fcode="phi"/>
<opset="axi_data_V_0_i/4 "/>
</bind>
</comp>

<comp id="269" class="1005" name="t_V_reg_269">
<pin_list>
<pin id="270" dir="0" index="0" bw="32" slack="1"/>
<pin id="271" dir="1" index="1" bw="32" slack="1"/>
</pin_list>
<bind>
<opset="t_V (phireg) "/>
</bind>
</comp>

<comp id="273" class="1004" name="t_V_phi_fu_273">
<pin_list>
<pin id="274" dir="0" index="0" bw="32" slack="0"/>
<pin id="275" dir="0" index="1" bw="0" slack="2147483647"/>
<pin id="276" dir="0" index="2" bw="1" slack="1"/>
<pin id="277" dir="0" index="3" bw="0" slack="2147483647"/>
<pin id="278" dir="1" index="4" bw="32" slack="0"/>
</pin_list>
<bind>
<opcode="phi(47) " fcode="phi"/>
<opset="t_V/4 "/>
</bind>
</comp>

<comp id="280" class="1005" name="eol_reg_280">
<pin_list>
<pin id="281" dir="0" index="0" bw="1" slack="2"/>
<pin id="282" dir="1" index="1" bw="1" slack="2"/>
</pin_list>
<bind>
<opset="eol (phireg) "/>
</bind>
</comp>

<comp id="283" class="1004" name="eol_phi_fu_283">
<pin_list>
<pin id="284" dir="0" index="0" bw="1" slack="1"/>
<pin id="285" dir="0" index="1" bw="0" slack="2147483647"/>
<pin id="286" dir="0" index="2" bw="1" slack="0"/>
<pin id="287" dir="0" index="3" bw="0" slack="2147483647"/>
<pin id="288" dir="1" index="4" bw="1" slack="0"/>
</pin_list>
<bind>
<opcode="phi(47) " fcode="phi"/>
<opset="eol/5 "/>
</bind>
</comp>

<comp id="291" class="1005" name="axi_data_V_1_i_reg_291">
<pin_list>
<pin id="292" dir="0" index="0" bw="24" slack="2"/>
<pin id="293" dir="1" index="1" bw="24" slack="2"/>
</pin_list>
<bind>
<opset="axi_data_V_1_i (phireg) "/>
</bind>
</comp>

<comp id="294" class="1004" name="axi_data_V_1_i_phi_fu_294">
<pin_list>
<pin id="295" dir="0" index="0" bw="24" slack="1"/>
<pin id="296" dir="0" index="1" bw="0" slack="2147483647"/>
<pin id="297" dir="0" index="2" bw="24" slack="0"/>
<pin id="298" dir="0" index="3" bw="0" slack="2147483647"/>
<pin id="299" dir="1" index="4" bw="24" slack="0"/>
</pin_list>
<bind>
<opcode="phi(47) " fcode="phi"/>
<opset="axi_data_V_1_i/5 "/>
</bind>
</comp>

<comp id="302" class="1005" name="t_V_8_reg_302">
<pin_list>
<pin id="303" dir="0" index="0" bw="32" slack="1"/>
<pin id="304" dir="1" index="1" bw="32" slack="1"/>
</pin_list>
<bind>
<opset="t_V_8 (phireg) "/>
</bind>
</comp>

<comp id="306" class="1004" name="t_V_8_phi_fu_306">
<pin_list>
<pin id="307" dir="0" index="0" bw="1" slack="1"/>
<pin id="308" dir="0" index="1" bw="0" slack="2147483647"/>
<pin id="309" dir="0" index="2" bw="32" slack="0"/>
<pin id="310" dir="0" index="3" bw="0" slack="2147483647"/>
<pin id="311" dir="1" index="4" bw="32" slack="0"/>
</pin_list>
<bind>
<opcode="phi(47) " fcode="phi"/>
<opset="t_V_8/5 "/>
</bind>
</comp>

<comp id="313" class="1005" name="eol_0_i_reg_313">
<pin_list>
<pin id="314" dir="0" index="0" bw="1" slack="1"/>
<pin id="315" dir="1" index="1" bw="1" slack="1"/>
</pin_list>
<bind>
<opset="eol_0_i (phireg) "/>
</bind>
</comp>

<comp id="317" class="1004" name="eol_0_i_phi_fu_317">
<pin_list>
<pin id="318" dir="0" index="0" bw="1" slack="1"/>
<pin id="319" dir="0" index="1" bw="0" slack="2147483647"/>
<pin id="320" dir="0" index="2" bw="1" slack="0"/>
<pin id="321" dir="0" index="3" bw="0" slack="2147483647"/>
<pin id="322" dir="1" index="4" bw="1" slack="0"/>
</pin_list>
<bind>
<opcode="phi(47) " fcode="phi"/>
<opset="eol_0_i/5 "/>
</bind>
</comp>

<comp id="325" class="1005" name="axi_last_V_2_i_reg_325">
<pin_list>
<pin id="326" dir="0" index="0" bw="1" slack="0"/>
<pin id="327" dir="1" index="1" bw="1" slack="0"/>
</pin_list>
<bind>
<opset="axi_last_V_2_i (phireg) "/>
</bind>
</comp>

<comp id="330" class="1004" name="axi_last_V_2_i_phi_fu_330">
<pin_list>
<pin id="331" dir="0" index="0" bw="1" slack="0"/>
<pin id="332" dir="0" index="1" bw="0" slack="2147483647"/>
<pin id="333" dir="0" index="2" bw="1" slack="0"/>
<pin id="334" dir="0" index="3" bw="0" slack="2147483647"/>
<pin id="335" dir="1" index="4" bw="1" slack="0"/>
</pin_list>
<bind>
<opcode="phi(47) " fcode="phi"/>
<opset="axi_last_V_2_i/5 "/>
</bind>
</comp>

<comp id="338" class="1005" name="p_Val2_s_reg_338">
<pin_list>
<pin id="339" dir="0" index="0" bw="24" slack="0"/>
<pin id="340" dir="1" index="1" bw="24" slack="0"/>
</pin_list>
<bind>
<opset="p_Val2_s (phireg) "/>
</bind>
</comp>

<comp id="342" class="1004" name="p_Val2_s_phi_fu_342">
<pin_list>
<pin id="343" dir="0" index="0" bw="24" slack="0"/>
<pin id="344" dir="0" index="1" bw="0" slack="2147483647"/>
<pin id="345" dir="0" index="2" bw="24" slack="0"/>
<pin id="346" dir="0" index="3" bw="0" slack="2147483647"/>
<pin id="347" dir="1" index="4" bw="24" slack="0"/>
</pin_list>
<bind>
<opcode="phi(47) " fcode="phi"/>
<opset="p_Val2_s/5 "/>
</bind>
</comp>

<comp id="350" class="1005" name="axi_last_V_3_i_reg_350">
<pin_list>
<pin id="351" dir="0" index="0" bw="1" slack="1"/>
<pin id="352" dir="1" index="1" bw="1" slack="1"/>
</pin_list>
<bind>
<opset="axi_last_V_3_i (phireg) "/>
</bind>
</comp>

<comp id="354" class="1004" name="axi_last_V_3_i_phi_fu_354">
<pin_list>
<pin id="355" dir="0" index="0" bw="1" slack="0"/>
<pin id="356" dir="0" index="1" bw="0" slack="2147483647"/>
<pin id="357" dir="0" index="2" bw="1" slack="2"/>
<pin id="358" dir="0" index="3" bw="0" slack="2147483647"/>
<pin id="359" dir="1" index="4" bw="1" slack="1"/>
</pin_list>
<bind>
<opcode="phi(47) " fcode="phi"/>
<opset="axi_last_V_3_i/8 "/>
</bind>
</comp>

<comp id="362" class="1005" name="axi_data_V_3_i_reg_362">
<pin_list>
<pin id="363" dir="0" index="0" bw="24" slack="1"/>
<pin id="364" dir="1" index="1" bw="24" slack="1"/>
</pin_list>
<bind>
<opset="axi_data_V_3_i (phireg) "/>
</bind>
</comp>

<comp id="366" class="1004" name="axi_data_V_3_i_phi_fu_366">
<pin_list>
<pin id="367" dir="0" index="0" bw="24" slack="0"/>
<pin id="368" dir="0" index="1" bw="0" slack="2147483647"/>
<pin id="369" dir="0" index="2" bw="24" slack="2"/>
<pin id="370" dir="0" index="3" bw="0" slack="2147483647"/>
<pin id="371" dir="1" index="4" bw="24" slack="1"/>
</pin_list>
<bind>
<opcode="phi(47) " fcode="phi"/>
<opset="axi_data_V_3_i/8 "/>
</bind>
</comp>

<comp id="374" class="1005" name="eol_2_i_reg_374">
<pin_list>
<pin id="375" dir="0" index="0" bw="1" slack="2147483647"/>
<pin id="376" dir="1" index="1" bw="1" slack="2147483647"/>
</pin_list>
<bind>
<opset="eol_2_i (phireg) "/>
</bind>
</comp>

<comp id="377" class="1004" name="eol_2_i_phi_fu_377">
<pin_list>
<pin id="378" dir="0" index="0" bw="1" slack="0"/>
<pin id="379" dir="0" index="1" bw="0" slack="2147483647"/>
<pin id="380" dir="0" index="2" bw="1" slack="2"/>
<pin id="381" dir="0" index="3" bw="0" slack="2147483647"/>
<pin id="382" dir="1" index="4" bw="1" slack="2147483647"/>
</pin_list>
<bind>
<opcode="phi(47) " fcode="phi"/>
<opset="eol_2_i/8 "/>
</bind>
</comp>

<comp id="384" class="1004" name="grp_fu_384">
<pin_list>
<pin id="385" dir="0" index="0" bw="34" slack="0"/>
<pin id="386" dir="1" index="1" bw="24" slack="0"/>
</pin_list>
<bind>
<opcode="extractvalue(56) " fcode="extractvalue"/>
<opset="tmp_data_V/2 tmp_data_V_1/5 tmp_data_V_2/8 "/>
</bind>
</comp>

<comp id="389" class="1004" name="grp_fu_389">
<pin_list>
<pin id="390" dir="0" index="0" bw="34" slack="0"/>
<pin id="391" dir="1" index="1" bw="1" slack="0"/>
</pin_list>
<bind>
<opcode="extractvalue(56) " fcode="extractvalue"/>
<opset="tmp_last_V/2 tmp_last_V_1/5 tmp_last_V_2/8 "/>
</bind>
</comp>

<comp id="394" class="1004" name="rows_V_fu_394">
<pin_list>
<pin id="395" dir="0" index="0" bw="10" slack="0"/>
<pin id="396" dir="1" index="1" bw="32" slack="3"/>
</pin_list>
<bind>
<opcode="sext(35) " fcode="sext"/>
<opset="rows_V/1 "/>
</bind>
</comp>

<comp id="398" class="1004" name="cols_V_fu_398">
<pin_list>
<pin id="399" dir="0" index="0" bw="11" slack="0"/>
<pin id="400" dir="1" index="1" bw="32" slack="4"/>
</pin_list>
<bind>
<opcode="sext(35) " fcode="sext"/>
<opset="cols_V/1 "/>
</bind>
</comp>

<comp id="402" class="1004" name="tmp_user_V_fu_402">
<pin_list>
<pin id="403" dir="0" index="0" bw="34" slack="0"/>
<pin id="404" dir="1" index="1" bw="1" slack="2147483647"/>
</pin_list>
<bind>
<opcode="extractvalue(56) " fcode="extractvalue"/>
<opset="tmp_user_V/2 "/>
</bind>
</comp>

<comp id="406" class="1004" name="store_ln71_store_fu_406">
<pin_list>
<pin id="407" dir="0" index="0" bw="1" slack="0"/>
<pin id="408" dir="0" index="1" bw="1" slack="0"/>
<pin id="409" dir="1" index="2" bw="0" slack="2147483647"/>
</pin_list>
<bind>
<opcode="store(28) " fcode="store"/>
<opset="store_ln71/3 "/>
</bind>
</comp>

<comp id="411" class="1004" name="icmp_ln71_fu_411">
<pin_list>
<pin id="412" dir="0" index="0" bw="32" slack="0"/>
<pin id="413" dir="0" index="1" bw="10" slack="3"/>
<pin id="414" dir="1" index="2" bw="1" slack="1"/>
</pin_list>
<bind>
<opcode="icmp(45) " fcode="icmp"/>
<opset="icmp_ln71/4 "/>
</bind>
</comp>

<comp id="416" class="1004" name="i_V_fu_416">
<pin_list>
<pin id="417" dir="0" index="0" bw="32" slack="0"/>
<pin id="418" dir="0" index="1" bw="1" slack="0"/>
<pin id="419" dir="1" index="2" bw="32" slack="0"/>
</pin_list>
<bind>
<opcode="add(8) " fcode="add"/>
<opset="i_V/4 "/>
</bind>
</comp>

<comp id="422" class="1004" name="icmp_ln73_fu_422">
<pin_list>
<pin id="423" dir="0" index="0" bw="32" slack="0"/>
<pin id="424" dir="0" index="1" bw="11" slack="4"/>
<pin id="425" dir="1" index="2" bw="1" slack="1"/>
</pin_list>
<bind>
<opcode="icmp(45) " fcode="icmp"/>
<opset="icmp_ln73/5 "/>
</bind>
</comp>

<comp id="427" class="1004" name="j_V_fu_427">
<pin_list>
<pin id="428" dir="0" index="0" bw="32" slack="0"/>
<pin id="429" dir="0" index="1" bw="1" slack="0"/>
<pin id="430" dir="1" index="2" bw="32" slack="0"/>
</pin_list>
<bind>
<opcode="add(8) " fcode="add"/>
<opset="j_V/5 "/>
</bind>
</comp>

<comp id="433" class="1004" name="sof_1_i_load_load_fu_433">
<pin_list>
<pin id="434" dir="0" index="0" bw="1" slack="2"/>
<pin id="435" dir="1" index="1" bw="1" slack="0"/>
</pin_list>
<bind>
<opcode="load(27) " fcode="load"/>
<opset="sof_1_i_load/5 "/>
</bind>
</comp>

<comp id="436" class="1004" name="or_ln76_fu_436">
<pin_list>
<pin id="437" dir="0" index="0" bw="1" slack="0"/>
<pin id="438" dir="0" index="1" bw="1" slack="0"/>
<pin id="439" dir="1" index="2" bw="1" slack="1"/>
</pin_list>
<bind>
<opcode="or(24) " fcode="or"/>
<opset="or_ln76/5 "/>
</bind>
</comp>

<comp id="442" class="1004" name="tmp_fu_442">
<pin_list>
<pin id="443" dir="0" index="0" bw="24" slack="0"/>
<pin id="444" dir="1" index="1" bw="8" slack="1"/>
</pin_list>
<bind>
<opcode="trunc(33) " fcode="trunc"/>
<opset="tmp/5 "/>
</bind>
</comp>

<comp id="446" class="1004" name="tmp_9_fu_446">
<pin_list>
<pin id="447" dir="0" index="0" bw="8" slack="0"/>
<pin id="448" dir="0" index="1" bw="24" slack="0"/>
<pin id="449" dir="0" index="2" bw="5" slack="0"/>
<pin id="450" dir="0" index="3" bw="5" slack="0"/>
<pin id="451" dir="1" index="4" bw="8" slack="1"/>
</pin_list>
<bind>
<opcode="partselect(1002) " fcode="partselect"/>
<opset="tmp_9/5 "/>
</bind>
</comp>

<comp id="456" class="1004" name="tmp_10_fu_456">
<pin_list>
<pin id="457" dir="0" index="0" bw="8" slack="0"/>
<pin id="458" dir="0" index="1" bw="24" slack="0"/>
<pin id="459" dir="0" index="2" bw="6" slack="0"/>
<pin id="460" dir="0" index="3" bw="6" slack="0"/>
<pin id="461" dir="1" index="4" bw="8" slack="1"/>
</pin_list>
<bind>
<opcode="partselect(1002) " fcode="partselect"/>
<opset="tmp_10/5 "/>
</bind>
</comp>

<comp id="466" class="1004" name="store_ln73_store_fu_466">
<pin_list>
<pin id="467" dir="0" index="0" bw="1" slack="0"/>
<pin id="468" dir="0" index="1" bw="1" slack="2"/>
<pin id="469" dir="1" index="2" bw="0" slack="2147483647"/>
</pin_list>
<bind>
<opcode="store(28) " fcode="store"/>
<opset="store_ln73/5 "/>
</bind>
</comp>

<comp id="471" class="1005" name="rows_V_reg_471">
<pin_list>
<pin id="472" dir="0" index="0" bw="32" slack="3"/>
<pin id="473" dir="1" index="1" bw="32" slack="3"/>
</pin_list>
<bind>
<opset="rows_V "/>
</bind>
</comp>

<comp id="476" class="1005" name="cols_V_reg_476">
<pin_list>
<pin id="477" dir="0" index="0" bw="32" slack="4"/>
<pin id="478" dir="1" index="1" bw="32" slack="4"/>
</pin_list>
<bind>
<opset="cols_V "/>
</bind>
</comp>

<comp id="481" class="1005" name="tmp_data_V_reg_481">
<pin_list>
<pin id="482" dir="0" index="0" bw="24" slack="2"/>
<pin id="483" dir="1" index="1" bw="24" slack="2"/>
</pin_list>
<bind>
<opset="tmp_data_V "/>
</bind>
</comp>

<comp id="489" class="1005" name="tmp_last_V_reg_489">
<pin_list>
<pin id="490" dir="0" index="0" bw="1" slack="2"/>
<pin id="491" dir="1" index="1" bw="1" slack="2"/>
</pin_list>
<bind>
<opset="tmp_last_V "/>
</bind>
</comp>

<comp id="494" class="1005" name="sof_1_i_reg_494">
<pin_list>
<pin id="495" dir="0" index="0" bw="1" slack="0"/>
<pin id="496" dir="1" index="1" bw="1" slack="0"/>
</pin_list>
<bind>
<opset="sof_1_i "/>
</bind>
</comp>

<comp id="501" class="1005" name="icmp_ln71_reg_501">
<pin_list>
<pin id="502" dir="0" index="0" bw="1" slack="1"/>
<pin id="503" dir="1" index="1" bw="1" slack="2147483647"/>
</pin_list>
<bind>
<opset="icmp_ln71 "/>
</bind>
</comp>

<comp id="505" class="1005" name="i_V_reg_505">
<pin_list>
<pin id="506" dir="0" index="0" bw="32" slack="0"/>
<pin id="507" dir="1" index="1" bw="32" slack="0"/>
</pin_list>
<bind>
<opset="i_V "/>
</bind>
</comp>

<comp id="510" class="1005" name="icmp_ln73_reg_510">
<pin_list>
<pin id="511" dir="0" index="0" bw="1" slack="1"/>
<pin id="512" dir="1" index="1" bw="1" slack="2147483647"/>
</pin_list>
<bind>
<opset="icmp_ln73 "/>
</bind>
</comp>

<comp id="514" class="1005" name="j_V_reg_514">
<pin_list>
<pin id="515" dir="0" index="0" bw="32" slack="0"/>
<pin id="516" dir="1" index="1" bw="32" slack="0"/>
</pin_list>
<bind>
<opset="j_V "/>
</bind>
</comp>

<comp id="519" class="1005" name="or_ln76_reg_519">
<pin_list>
<pin id="520" dir="0" index="0" bw="1" slack="1"/>
<pin id="521" dir="1" index="1" bw="1" slack="2147483647"/>
</pin_list>
<bind>
<opset="or_ln76 "/>
</bind>
</comp>

<comp id="523" class="1005" name="tmp_reg_523">
<pin_list>
<pin id="524" dir="0" index="0" bw="8" slack="1"/>
<pin id="525" dir="1" index="1" bw="8" slack="1"/>
</pin_list>
<bind>
<opset="tmp "/>
</bind>
</comp>

<comp id="528" class="1005" name="tmp_9_reg_528">
<pin_list>
<pin id="529" dir="0" index="0" bw="8" slack="1"/>
<pin id="530" dir="1" index="1" bw="8" slack="1"/>
</pin_list>
<bind>
<opset="tmp_9 "/>
</bind>
</comp>

<comp id="533" class="1005" name="tmp_10_reg_533">
<pin_list>
<pin id="534" dir="0" index="0" bw="8" slack="1"/>
<pin id="535" dir="1" index="1" bw="8" slack="1"/>
</pin_list>
<bind>
<opset="tmp_10 "/>
</bind>
</comp>

<comp id="538" class="1005" name="tmp_data_V_2_reg_538">
<pin_list>
<pin id="539" dir="0" index="0" bw="24" slack="0"/>
<pin id="540" dir="1" index="1" bw="24" slack="0"/>
</pin_list>
<bind>
<opset="tmp_data_V_2 "/>
</bind>
</comp>

<comp id="543" class="1005" name="tmp_last_V_2_reg_543">
<pin_list>
<pin id="544" dir="0" index="0" bw="1" slack="0"/>
<pin id="545" dir="1" index="1" bw="1" slack="0"/>
</pin_list>
<bind>
<opset="tmp_last_V_2 "/>
</bind>
</comp>

</comp_list>

<net_list>
<net id="181"><net_src comp="76" pin="0"/><net_sink comp="178" pin=0"/></net>

<net id="186"><net_src comp="106" pin="0"/><net_sink comp="182" pin=0"/></net>

<net id="187"><net_src comp="14" pin="0"/><net_sink comp="182" pin=1"/></net>

<net id="192"><net_src comp="108" pin="0"/><net_sink comp="188" pin=0"/></net>

<net id="193"><net_src comp="16" pin="0"/><net_sink comp="188" pin=1"/></net>

<net id="199"><net_src comp="120" pin="0"/><net_sink comp="194" pin=0"/></net>

<net id="200"><net_src comp="24" pin="0"/><net_sink comp="194" pin=1"/></net>

<net id="201"><net_src comp="182" pin="2"/><net_sink comp="194" pin=2"/></net>

<net id="207"><net_src comp="132" pin="0"/><net_sink comp="202" pin=0"/></net>

<net id="208"><net_src comp="26" pin="0"/><net_sink comp="202" pin=1"/></net>

<net id="209"><net_src comp="188" pin="2"/><net_sink comp="202" pin=2"/></net>

<net id="220"><net_src comp="144" pin="0"/><net_sink comp="210" pin=0"/></net>

<net id="221"><net_src comp="0" pin="0"/><net_sink comp="210" pin=1"/></net>

<net id="222"><net_src comp="2" pin="0"/><net_sink comp="210" pin=2"/></net>

<net id="223"><net_src comp="4" pin="0"/><net_sink comp="210" pin=3"/></net>

<net id="224"><net_src comp="6" pin="0"/><net_sink comp="210" pin=4"/></net>

<net id="225"><net_src comp="8" pin="0"/><net_sink comp="210" pin=5"/></net>

<net id="226"><net_src comp="10" pin="0"/><net_sink comp="210" pin=6"/></net>

<net id="227"><net_src comp="12" pin="0"/><net_sink comp="210" pin=7"/></net>

<net id="233"><net_src comp="174" pin="0"/><net_sink comp="228" pin=0"/></net>

<net id="234"><net_src comp="18" pin="0"/><net_sink comp="228" pin=1"/></net>

<net id="240"><net_src comp="174" pin="0"/><net_sink comp="235" pin=0"/></net>

<net id="241"><net_src comp="20" pin="0"/><net_sink comp="235" pin=1"/></net>

<net id="247"><net_src comp="174" pin="0"/><net_sink comp="242" pin=0"/></net>

<net id="248"><net_src comp="22" pin="0"/><net_sink comp="242" pin=1"/></net>

<net id="258"><net_src comp="252" pin="4"/><net_sink comp="249" pin=0"/></net>

<net id="268"><net_src comp="262" pin="4"/><net_sink comp="259" pin=0"/></net>

<net id="272"><net_src comp="32" pin="0"/><net_sink comp="269" pin=0"/></net>

<net id="279"><net_src comp="269" pin="1"/><net_sink comp="273" pin=2"/></net>

<net id="289"><net_src comp="249" pin="1"/><net_sink comp="283" pin=0"/></net>

<net id="290"><net_src comp="283" pin="4"/><net_sink comp="280" pin=0"/></net>

<net id="300"><net_src comp="259" pin="1"/><net_sink comp="294" pin=0"/></net>

<net id="301"><net_src comp="294" pin="4"/><net_sink comp="291" pin=0"/></net>

<net id="305"><net_src comp="32" pin="0"/><net_sink comp="302" pin=0"/></net>

<net id="312"><net_src comp="302" pin="1"/><net_sink comp="306" pin=0"/></net>

<net id="316"><net_src comp="156" pin="0"/><net_sink comp="313" pin=0"/></net>

<net id="323"><net_src comp="313" pin="1"/><net_sink comp="317" pin=0"/></net>

<net id="324"><net_src comp="317" pin="4"/><net_sink comp="313" pin=0"/></net>

<net id="328"><net_src comp="325" pin="1"/><net_sink comp="283" pin=2"/></net>

<net id="329"><net_src comp="325" pin="1"/><net_sink comp="317" pin=2"/></net>

<net id="336"><net_src comp="283" pin="4"/><net_sink comp="330" pin=2"/></net>

<net id="337"><net_src comp="330" pin="4"/><net_sink comp="325" pin=0"/></net>

<net id="341"><net_src comp="338" pin="1"/><net_sink comp="294" pin=2"/></net>

<net id="348"><net_src comp="294" pin="4"/><net_sink comp="342" pin=2"/></net>

<net id="349"><net_src comp="342" pin="4"/><net_sink comp="338" pin=0"/></net>

<net id="353"><net_src comp="350" pin="1"/><net_sink comp="252" pin=0"/></net>

<net id="360"><net_src comp="280" pin="1"/><net_sink comp="354" pin=2"/></net>

<net id="361"><net_src comp="354" pin="4"/><net_sink comp="350" pin=0"/></net>

<net id="365"><net_src comp="362" pin="1"/><net_sink comp="262" pin=0"/></net>

<net id="372"><net_src comp="291" pin="1"/><net_sink comp="366" pin=2"/></net>

<net id="373"><net_src comp="366" pin="4"/><net_sink comp="362" pin=0"/></net>

<net id="383"><net_src comp="313" pin="1"/><net_sink comp="377" pin=2"/></net>

<net id="387"><net_src comp="210" pin="8"/><net_sink comp="384" pin=0"/></net>

<net id="388"><net_src comp="384" pin="1"/><net_sink comp="342" pin=0"/></net>

<net id="392"><net_src comp="210" pin="8"/><net_sink comp="389" pin=0"/></net>

<net id="393"><net_src comp="389" pin="1"/><net_sink comp="330" pin=0"/></net>

<net id="397"><net_src comp="182" pin="2"/><net_sink comp="394" pin=0"/></net>

<net id="401"><net_src comp="188" pin="2"/><net_sink comp="398" pin=0"/></net>

<net id="405"><net_src comp="210" pin="8"/><net_sink comp="402" pin=0"/></net>

<net id="410"><net_src comp="148" pin="0"/><net_sink comp="406" pin=0"/></net>

<net id="415"><net_src comp="273" pin="4"/><net_sink comp="411" pin=0"/></net>

<net id="420"><net_src comp="273" pin="4"/><net_sink comp="416" pin=0"/></net>

<net id="421"><net_src comp="76" pin="0"/><net_sink comp="416" pin=1"/></net>

<net id="426"><net_src comp="306" pin="4"/><net_sink comp="422" pin=0"/></net>

<net id="431"><net_src comp="306" pin="4"/><net_sink comp="427" pin=0"/></net>

<net id="432"><net_src comp="76" pin="0"/><net_sink comp="427" pin=1"/></net>

<net id="440"><net_src comp="433" pin="1"/><net_sink comp="436" pin=0"/></net>

<net id="441"><net_src comp="317" pin="4"/><net_sink comp="436" pin=1"/></net>

<net id="445"><net_src comp="342" pin="4"/><net_sink comp="442" pin=0"/></net>

<net id="452"><net_src comp="160" pin="0"/><net_sink comp="446" pin=0"/></net>

<net id="453"><net_src comp="342" pin="4"/><net_sink comp="446" pin=1"/></net>

<net id="454"><net_src comp="162" pin="0"/><net_sink comp="446" pin=2"/></net>

<net id="455"><net_src comp="164" pin="0"/><net_sink comp="446" pin=3"/></net>

<net id="462"><net_src comp="160" pin="0"/><net_sink comp="456" pin=0"/></net>

<net id="463"><net_src comp="342" pin="4"/><net_sink comp="456" pin=1"/></net>

<net id="464"><net_src comp="44" pin="0"/><net_sink comp="456" pin=2"/></net>

<net id="465"><net_src comp="166" pin="0"/><net_sink comp="456" pin=3"/></net>

<net id="470"><net_src comp="156" pin="0"/><net_sink comp="466" pin=0"/></net>

<net id="474"><net_src comp="394" pin="1"/><net_sink comp="471" pin=0"/></net>

<net id="475"><net_src comp="471" pin="1"/><net_sink comp="411" pin=1"/></net>

<net id="479"><net_src comp="398" pin="1"/><net_sink comp="476" pin=0"/></net>

<net id="480"><net_src comp="476" pin="1"/><net_sink comp="422" pin=1"/></net>

<net id="484"><net_src comp="384" pin="1"/><net_sink comp="481" pin=0"/></net>

<net id="485"><net_src comp="481" pin="1"/><net_sink comp="262" pin=2"/></net>

<net id="492"><net_src comp="389" pin="1"/><net_sink comp="489" pin=0"/></net>

<net id="493"><net_src comp="489" pin="1"/><net_sink comp="252" pin=2"/></net>

<net id="497"><net_src comp="178" pin="1"/><net_sink comp="494" pin=0"/></net>

<net id="498"><net_src comp="494" pin="1"/><net_sink comp="406" pin=1"/></net>

<net id="499"><net_src comp="494" pin="1"/><net_sink comp="433" pin=0"/></net>

<net id="500"><net_src comp="494" pin="1"/><net_sink comp="466" pin=1"/></net>

<net id="504"><net_src comp="411" pin="2"/><net_sink comp="501" pin=0"/></net>

<net id="508"><net_src comp="416" pin="2"/><net_sink comp="505" pin=0"/></net>

<net id="509"><net_src comp="505" pin="1"/><net_sink comp="273" pin=0"/></net>

<net id="513"><net_src comp="422" pin="2"/><net_sink comp="510" pin=0"/></net>

<net id="517"><net_src comp="427" pin="2"/><net_sink comp="514" pin=0"/></net>

<net id="518"><net_src comp="514" pin="1"/><net_sink comp="306" pin=2"/></net>

<net id="522"><net_src comp="436" pin="2"/><net_sink comp="519" pin=0"/></net>

<net id="526"><net_src comp="442" pin="1"/><net_sink comp="523" pin=0"/></net>

<net id="527"><net_src comp="523" pin="1"/><net_sink comp="228" pin=2"/></net>

<net id="531"><net_src comp="446" pin="4"/><net_sink comp="528" pin=0"/></net>

<net id="532"><net_src comp="528" pin="1"/><net_sink comp="235" pin=2"/></net>

<net id="536"><net_src comp="456" pin="4"/><net_sink comp="533" pin=0"/></net>

<net id="537"><net_src comp="533" pin="1"/><net_sink comp="242" pin=2"/></net>

<net id="541"><net_src comp="384" pin="1"/><net_sink comp="538" pin=0"/></net>

<net id="542"><net_src comp="538" pin="1"/><net_sink comp="366" pin=0"/></net>

<net id="546"><net_src comp="389" pin="1"/><net_sink comp="543" pin=0"/></net>

<net id="547"><net_src comp="543" pin="1"/><net_sink comp="354" pin=0"/></net>

<net id="548"><net_src comp="543" pin="1"/><net_sink comp="377" pin=0"/></net>

</net_list>

</model> 
---------------- Datapath Model END ------------------

* FSMD analyzer results:
  - Output states:
	Port: img_data_stream_0_V | {6 }
	Port: img_data_stream_1_V | {6 }
	Port: img_data_stream_2_V | {6 }
	Port: img_rows_V_out | {1 }
	Port: img_cols_V_out | {1 }
 - Input state : 
	Port: AXIvideo2Mat : AXI_video_strm_V_data_V | {2 5 8 }
	Port: AXIvideo2Mat : AXI_video_strm_V_keep_V | {2 5 8 }
	Port: AXIvideo2Mat : AXI_video_strm_V_strb_V | {2 5 8 }
	Port: AXIvideo2Mat : AXI_video_strm_V_user_V | {2 5 8 }
	Port: AXIvideo2Mat : AXI_video_strm_V_last_V | {2 5 8 }
	Port: AXIvideo2Mat : AXI_video_strm_V_id_V | {2 5 8 }
	Port: AXIvideo2Mat : AXI_video_strm_V_dest_V | {2 5 8 }
	Port: AXIvideo2Mat : img_rows_V | {1 }
	Port: AXIvideo2Mat : img_cols_V | {1 }
  - Chain level:
	State 1
	State 2
		empty_91 : 1
		br_ln65 : 1
	State 3
		store_ln71 : 1
	State 4
		icmp_ln71 : 1
		i_V : 1
		br_ln71 : 2
	State 5
		icmp_ln73 : 1
		j_V : 1
		br_ln73 : 2
		or_ln76 : 1
		br_ln76 : 1
		axi_last_V_2_i : 2
		p_Val2_s : 2
		tmp : 3
		tmp_9 : 3
		tmp_10 : 3
	State 6
		empty_93 : 1
		empty_94 : 1
	State 7
	State 8
		br_ln96 : 1
		empty_96 : 1
	State 9


============================================================
+ Verbose Summary: Datapath Resource usage 
============================================================

* Functional unit list:
|----------|-----------------------------|---------|---------|
| Operation|       Functional Unit       |    FF   |   LUT   |
|----------|-----------------------------|---------|---------|
|    add   |          i_V_fu_416         |    0    |    39   |
|          |          j_V_fu_427         |    0    |    39   |
|----------|-----------------------------|---------|---------|
|   icmp   |       icmp_ln71_fu_411      |    0    |    18   |
|          |       icmp_ln73_fu_422      |    0    |    18   |
|----------|-----------------------------|---------|---------|
|    or    |        or_ln76_fu_436       |    0    |    2    |
|----------|-----------------------------|---------|---------|
|          | img_rows_V_read_read_fu_182 |    0    |    0    |
|   read   | img_cols_V_read_read_fu_188 |    0    |    0    |
|          |       grp_read_fu_210       |    0    |    0    |
|----------|-----------------------------|---------|---------|
|          |   write_ln589_write_fu_194  |    0    |    0    |
|          |   write_ln589_write_fu_202  |    0    |    0    |
|   write  |   write_ln703_write_fu_228  |    0    |    0    |
|          |   write_ln703_write_fu_235  |    0    |    0    |
|          |   write_ln703_write_fu_242  |    0    |    0    |
|----------|-----------------------------|---------|---------|
|          |          grp_fu_384         |    0    |    0    |
|extractvalue|          grp_fu_389         |    0    |    0    |
|          |      tmp_user_V_fu_402      |    0    |    0    |
|----------|-----------------------------|---------|---------|
|   sext   |        rows_V_fu_394        |    0    |    0    |
|          |        cols_V_fu_398        |    0    |    0    |
|----------|-----------------------------|---------|---------|
|   trunc  |          tmp_fu_442         |    0    |    0    |
|----------|-----------------------------|---------|---------|
|partselect|         tmp_9_fu_446        |    0    |    0    |
|          |        tmp_10_fu_456        |    0    |    0    |
|----------|-----------------------------|---------|---------|
|   Total  |                             |    0    |   116   |
|----------|-----------------------------|---------|---------|

Memories:
N/A

* Register list:
+----------------------+--------+
|                      |   FF   |
+----------------------+--------+
|axi_data_V_0_i_reg_259|   24   |
|axi_data_V_1_i_reg_291|   24   |
|axi_data_V_3_i_reg_362|   24   |
|axi_last_V_0_i_reg_249|    1   |
|axi_last_V_2_i_reg_325|    1   |
|axi_last_V_3_i_reg_350|    1   |
|    cols_V_reg_476    |   32   |
|    eol_0_i_reg_313   |    1   |
|    eol_2_i_reg_374   |    1   |
|      eol_reg_280     |    1   |
|      i_V_reg_505     |   32   |
|   icmp_ln71_reg_501  |    1   |
|   icmp_ln73_reg_510  |    1   |
|      j_V_reg_514     |   32   |
|    or_ln76_reg_519   |    1   |
|   p_Val2_s_reg_338   |   24   |
|    rows_V_reg_471    |   32   |
|    sof_1_i_reg_494   |    1   |
|     t_V_8_reg_302    |   32   |
|      t_V_reg_269     |   32   |
|    tmp_10_reg_533    |    8   |
|     tmp_9_reg_528    |    8   |
| tmp_data_V_2_reg_538 |   24   |
|  tmp_data_V_reg_481  |   24   |
| tmp_last_V_2_reg_543 |    1   |
|  tmp_last_V_reg_489  |    1   |
|      tmp_reg_523     |    8   |
+----------------------+--------+
|         Total        |   372  |
+----------------------+--------+

* Multiplexer (MUX) list: 
|-----------------|------|------|------|--------||---------||---------|
|       Comp      |  Pin | Size |  BW  | S x BW ||  Delay  ||   LUT   |
|-----------------|------|------|------|--------||---------||---------|
| eol_0_i_reg_313 |  p0  |   2  |   1  |    2   ||    9    |
|-----------------|------|------|------|--------||---------||---------|
|      Total      |      |      |      |    2   ||  1.769  ||    9    |
|-----------------|------|------|------|--------||---------||---------|



* Summary:
+-----------+--------+--------+--------+
|           |  Delay |   FF   |   LUT  |
+-----------+--------+--------+--------+
|  Function |    -   |    0   |   116  |
|   Memory  |    -   |    -   |    -   |
|Multiplexer|    1   |    -   |    9   |
|  Register |    -   |   372  |    -   |
+-----------+--------+--------+--------+
|   Total   |    1   |   372  |   125  |
+-----------+--------+--------+--------+
