

================================================================
== Vivado HLS Report for 'image_filter'
================================================================
* Date:           Thu Feb 24 01:30:51 2022

* Version:        2019.2 (Build 2704478 on Wed Nov 06 22:10:23 MST 2019)
* Project:        image_filter
* Solution:       solution1
* Product family: zynq
* Target device:  xc7z020-clg484-1


================================================================
== Performance Estimates
================================================================
+ Timing: 
    * Summary: 
    +--------+----------+----------+------------+
    |  Clock |  Target  | Estimated| Uncertainty|
    +--------+----------+----------+------------+
    |ap_clk  | 10.00 ns | 9.400 ns |   1.25 ns  |
    +--------+----------+----------+------------+

+ Latency: 
    * Summary: 
    +---------+---------+----------+----------+--------+--------+----------+
    |  Latency (cycles) |  Latency (absolute) |     Interval    | Pipeline |
    |   min   |   max   |    min   |    max   |   min  |   max  |   Type   |
    +---------+---------+----------+----------+--------+--------+----------+
    |   309139|   317198| 3.091 ms | 3.172 ms |  309122|  317196| dataflow |
    +---------+---------+----------+----------+--------+--------+----------+

    + Detail: 
        * Instance: 
        N/A

        * Loop: 
        N/A

============================================================
+ Verbose Summary: Synthesis Manager
============================================================
InlineROM: 1
ExposeGlobal: 0
============================================================
+ Verbose Summary: CDFG Model
============================================================
IsTopModel: 1
ResetActiveHigh: 1
IsCombinational: 2
IsDatapathOnly: 0
HasWiredReturn: 1
HasMFsm: 0
HasVarLatency: 1
IsPipeline: 0
IsRtlPipelined: 0
IsInstanceOverlapped: 0
IsDontTouch: 0
HasImplIP: 0
IsGatedGlobalClock: 0


============================================================
+ Verbose Summary: Schedule
============================================================
* Number of FSM states : 16
* Pipeline : 0
* Dataflow Pipeline: 1
  DF-Pipeline-0: Size = 16, States = { 1 2 3 4 5 6 7 8 9 10 11 12 13 14 15 16 }

* FSM state transitions: 
1 --> 2 
2 --> 3 
3 --> 4 
4 --> 5 
5 --> 6 
6 --> 7 
7 --> 8 
8 --> 9 
9 --> 10 
10 --> 11 
11 --> 12 
12 --> 13 
13 --> 14 
14 --> 15 
15 --> 16 
16 --> 

* FSM state operations: 

State 1 <SV = 0> <Delay = 0.00>
ST_1 : Operation 17 [1/1] (0.00ns)   --->   "%img_in_cols_V_c20 = alloca i11, align 2"   --->   Operation 17 'alloca' 'img_in_cols_V_c20' <Predicate = true> <Delay = 0.00> <Core = "FIFO">   --->   Core 32 'FIFO' <Latency = 0> <II = 1> <Delay = 3.63> <Storage> <Opcode : 'read' 'write' 'nbread' 'nbwrite'> <Ports = 0> <Width = 8> <Depth = 2> <FIFO>
ST_1 : Operation 18 [1/1] (0.00ns)   --->   "%img_in_rows_V_c19 = alloca i10, align 2"   --->   Operation 18 'alloca' 'img_in_rows_V_c19' <Predicate = true> <Delay = 0.00> <Core = "FIFO">   --->   Core 32 'FIFO' <Latency = 0> <II = 1> <Delay = 3.63> <Storage> <Opcode : 'read' 'write' 'nbread' 'nbwrite'> <Ports = 0> <Width = 8> <Depth = 2> <FIFO>
ST_1 : Operation 19 [1/1] (0.00ns)   --->   "%img_in_cols_V_c = alloca i11, align 2"   --->   Operation 19 'alloca' 'img_in_cols_V_c' <Predicate = true> <Delay = 0.00> <Core = "FIFO">   --->   Core 32 'FIFO' <Latency = 0> <II = 1> <Delay = 3.63> <Storage> <Opcode : 'read' 'write' 'nbread' 'nbwrite'> <Ports = 0> <Width = 8> <Depth = 2> <FIFO>
ST_1 : Operation 20 [1/1] (0.00ns)   --->   "%img_in_rows_V_c = alloca i10, align 2"   --->   Operation 20 'alloca' 'img_in_rows_V_c' <Predicate = true> <Delay = 0.00> <Core = "FIFO">   --->   Core 32 'FIFO' <Latency = 0> <II = 1> <Delay = 3.63> <Storage> <Opcode : 'read' 'write' 'nbread' 'nbwrite'> <Ports = 0> <Width = 8> <Depth = 2> <FIFO>
ST_1 : Operation 21 [1/1] (0.00ns)   --->   "%img_in_data_stream_0 = alloca i8, align 1" [image_filter/top.cpp:65]   --->   Operation 21 'alloca' 'img_in_data_stream_0' <Predicate = true> <Delay = 0.00> <Core = "FIFO">   --->   Core 32 'FIFO' <Latency = 0> <II = 1> <Delay = 3.63> <Storage> <Opcode : 'read' 'write' 'nbread' 'nbwrite'> <Ports = 0> <Width = 8> <Depth = 2> <FIFO>
ST_1 : Operation 22 [1/1] (0.00ns)   --->   "%img_in_data_stream_1 = alloca i8, align 1" [image_filter/top.cpp:65]   --->   Operation 22 'alloca' 'img_in_data_stream_1' <Predicate = true> <Delay = 0.00> <Core = "FIFO">   --->   Core 32 'FIFO' <Latency = 0> <II = 1> <Delay = 3.63> <Storage> <Opcode : 'read' 'write' 'nbread' 'nbwrite'> <Ports = 0> <Width = 8> <Depth = 2> <FIFO>
ST_1 : Operation 23 [1/1] (0.00ns)   --->   "%img_in_data_stream_2 = alloca i8, align 1" [image_filter/top.cpp:65]   --->   Operation 23 'alloca' 'img_in_data_stream_2' <Predicate = true> <Delay = 0.00> <Core = "FIFO">   --->   Core 32 'FIFO' <Latency = 0> <II = 1> <Delay = 3.63> <Storage> <Opcode : 'read' 'write' 'nbread' 'nbwrite'> <Ports = 0> <Width = 8> <Depth = 2> <FIFO>
ST_1 : Operation 24 [1/1] (0.00ns)   --->   "%img_in2_data_stream_s = alloca i8, align 1" [image_filter/top.cpp:65]   --->   Operation 24 'alloca' 'img_in2_data_stream_s' <Predicate = true> <Delay = 0.00> <Core = "FIFO">   --->   Core 32 'FIFO' <Latency = 0> <II = 1> <Delay = 3.63> <Storage> <Opcode : 'read' 'write' 'nbread' 'nbwrite'> <Ports = 0> <Width = 8> <Depth = 2> <FIFO>
ST_1 : Operation 25 [1/1] (0.00ns)   --->   "%img_in2_data_stream_1 = alloca i8, align 1" [image_filter/top.cpp:65]   --->   Operation 25 'alloca' 'img_in2_data_stream_1' <Predicate = true> <Delay = 0.00> <Core = "FIFO">   --->   Core 32 'FIFO' <Latency = 0> <II = 1> <Delay = 3.63> <Storage> <Opcode : 'read' 'write' 'nbread' 'nbwrite'> <Ports = 0> <Width = 8> <Depth = 2> <FIFO>
ST_1 : Operation 26 [1/1] (0.00ns)   --->   "%img_in2_data_stream_2 = alloca i8, align 1" [image_filter/top.cpp:65]   --->   Operation 26 'alloca' 'img_in2_data_stream_2' <Predicate = true> <Delay = 0.00> <Core = "FIFO">   --->   Core 32 'FIFO' <Latency = 0> <II = 1> <Delay = 3.63> <Storage> <Opcode : 'read' 'write' 'nbread' 'nbwrite'> <Ports = 0> <Width = 8> <Depth = 2> <FIFO>
ST_1 : Operation 27 [1/1] (0.00ns)   --->   "%img_0_data_stream_0 = alloca i8, align 1" [image_filter/top.cpp:66]   --->   Operation 27 'alloca' 'img_0_data_stream_0' <Predicate = true> <Delay = 0.00> <Core = "FIFO">   --->   Core 32 'FIFO' <Latency = 0> <II = 1> <Delay = 3.63> <Storage> <Opcode : 'read' 'write' 'nbread' 'nbwrite'> <Ports = 0> <Width = 8> <Depth = 2> <FIFO>
ST_1 : Operation 28 [1/1] (0.00ns)   --->   "%img_0_data_stream_1 = alloca i8, align 1" [image_filter/top.cpp:66]   --->   Operation 28 'alloca' 'img_0_data_stream_1' <Predicate = true> <Delay = 0.00> <Core = "FIFO">   --->   Core 32 'FIFO' <Latency = 0> <II = 1> <Delay = 3.63> <Storage> <Opcode : 'read' 'write' 'nbread' 'nbwrite'> <Ports = 0> <Width = 8> <Depth = 2> <FIFO>
ST_1 : Operation 29 [1/1] (0.00ns)   --->   "%img_0_data_stream_2 = alloca i8, align 1" [image_filter/top.cpp:66]   --->   Operation 29 'alloca' 'img_0_data_stream_2' <Predicate = true> <Delay = 0.00> <Core = "FIFO">   --->   Core 32 'FIFO' <Latency = 0> <II = 1> <Delay = 3.63> <Storage> <Opcode : 'read' 'write' 'nbread' 'nbwrite'> <Ports = 0> <Width = 8> <Depth = 2> <FIFO>
ST_1 : Operation 30 [1/1] (0.00ns)   --->   "%img_1_data_stream_0 = alloca i8, align 1" [image_filter/top.cpp:67]   --->   Operation 30 'alloca' 'img_1_data_stream_0' <Predicate = true> <Delay = 0.00> <Core = "FIFO">   --->   Core 32 'FIFO' <Latency = 0> <II = 1> <Delay = 3.63> <Storage> <Opcode : 'read' 'write' 'nbread' 'nbwrite'> <Ports = 0> <Width = 8> <Depth = 2> <FIFO>
ST_1 : Operation 31 [1/1] (0.00ns)   --->   "%img_1_data_stream_1 = alloca i8, align 1" [image_filter/top.cpp:67]   --->   Operation 31 'alloca' 'img_1_data_stream_1' <Predicate = true> <Delay = 0.00> <Core = "FIFO">   --->   Core 32 'FIFO' <Latency = 0> <II = 1> <Delay = 3.63> <Storage> <Opcode : 'read' 'write' 'nbread' 'nbwrite'> <Ports = 0> <Width = 8> <Depth = 2> <FIFO>
ST_1 : Operation 32 [1/1] (0.00ns)   --->   "%img_1_data_stream_2 = alloca i8, align 1" [image_filter/top.cpp:67]   --->   Operation 32 'alloca' 'img_1_data_stream_2' <Predicate = true> <Delay = 0.00> <Core = "FIFO">   --->   Core 32 'FIFO' <Latency = 0> <II = 1> <Delay = 3.63> <Storage> <Opcode : 'read' 'write' 'nbread' 'nbwrite'> <Ports = 0> <Width = 8> <Depth = 2> <FIFO>
ST_1 : Operation 33 [1/1] (0.00ns)   --->   "%img_2_data_stream_0 = alloca i8, align 1" [image_filter/top.cpp:68]   --->   Operation 33 'alloca' 'img_2_data_stream_0' <Predicate = true> <Delay = 0.00> <Core = "FIFO">   --->   Core 32 'FIFO' <Latency = 0> <II = 1> <Delay = 3.63> <Storage> <Opcode : 'read' 'write' 'nbread' 'nbwrite'> <Ports = 0> <Width = 8> <Depth = 2> <FIFO>
ST_1 : Operation 34 [1/1] (0.00ns)   --->   "%img_2_data_stream_1 = alloca i8, align 1" [image_filter/top.cpp:68]   --->   Operation 34 'alloca' 'img_2_data_stream_1' <Predicate = true> <Delay = 0.00> <Core = "FIFO">   --->   Core 32 'FIFO' <Latency = 0> <II = 1> <Delay = 3.63> <Storage> <Opcode : 'read' 'write' 'nbread' 'nbwrite'> <Ports = 0> <Width = 8> <Depth = 2> <FIFO>
ST_1 : Operation 35 [1/1] (0.00ns)   --->   "%img_2_data_stream_2 = alloca i8, align 1" [image_filter/top.cpp:68]   --->   Operation 35 'alloca' 'img_2_data_stream_2' <Predicate = true> <Delay = 0.00> <Core = "FIFO">   --->   Core 32 'FIFO' <Latency = 0> <II = 1> <Delay = 3.63> <Storage> <Opcode : 'read' 'write' 'nbread' 'nbwrite'> <Ports = 0> <Width = 8> <Depth = 2> <FIFO>
ST_1 : Operation 36 [1/1] (0.00ns)   --->   "%img_3_data_stream_0 = alloca i8, align 1" [image_filter/top.cpp:69]   --->   Operation 36 'alloca' 'img_3_data_stream_0' <Predicate = true> <Delay = 0.00> <Core = "FIFO">   --->   Core 32 'FIFO' <Latency = 0> <II = 1> <Delay = 3.63> <Storage> <Opcode : 'read' 'write' 'nbread' 'nbwrite'> <Ports = 0> <Width = 8> <Depth = 2> <FIFO>
ST_1 : Operation 37 [1/1] (0.00ns)   --->   "%img_3_data_stream_1 = alloca i8, align 1" [image_filter/top.cpp:69]   --->   Operation 37 'alloca' 'img_3_data_stream_1' <Predicate = true> <Delay = 0.00> <Core = "FIFO">   --->   Core 32 'FIFO' <Latency = 0> <II = 1> <Delay = 3.63> <Storage> <Opcode : 'read' 'write' 'nbread' 'nbwrite'> <Ports = 0> <Width = 8> <Depth = 2> <FIFO>
ST_1 : Operation 38 [1/1] (0.00ns)   --->   "%img_3_data_stream_2 = alloca i8, align 1" [image_filter/top.cpp:69]   --->   Operation 38 'alloca' 'img_3_data_stream_2' <Predicate = true> <Delay = 0.00> <Core = "FIFO">   --->   Core 32 'FIFO' <Latency = 0> <II = 1> <Delay = 3.63> <Storage> <Opcode : 'read' 'write' 'nbread' 'nbwrite'> <Ports = 0> <Width = 8> <Depth = 2> <FIFO>
ST_1 : Operation 39 [1/1] (0.00ns)   --->   "%img_out_data_stream_s = alloca i8, align 1" [image_filter/top.cpp:70]   --->   Operation 39 'alloca' 'img_out_data_stream_s' <Predicate = true> <Delay = 0.00> <Core = "FIFO">   --->   Core 32 'FIFO' <Latency = 0> <II = 1> <Delay = 3.63> <Storage> <Opcode : 'read' 'write' 'nbread' 'nbwrite'> <Ports = 0> <Width = 8> <Depth = 2> <FIFO>
ST_1 : Operation 40 [1/1] (0.00ns)   --->   "%img_out_data_stream_1 = alloca i8, align 1" [image_filter/top.cpp:70]   --->   Operation 40 'alloca' 'img_out_data_stream_1' <Predicate = true> <Delay = 0.00> <Core = "FIFO">   --->   Core 32 'FIFO' <Latency = 0> <II = 1> <Delay = 3.63> <Storage> <Opcode : 'read' 'write' 'nbread' 'nbwrite'> <Ports = 0> <Width = 8> <Depth = 2> <FIFO>
ST_1 : Operation 41 [1/1] (0.00ns)   --->   "%img_out_data_stream_2 = alloca i8, align 1" [image_filter/top.cpp:70]   --->   Operation 41 'alloca' 'img_out_data_stream_2' <Predicate = true> <Delay = 0.00> <Core = "FIFO">   --->   Core 32 'FIFO' <Latency = 0> <II = 1> <Delay = 3.63> <Storage> <Opcode : 'read' 'write' 'nbread' 'nbwrite'> <Ports = 0> <Width = 8> <Depth = 2> <FIFO>
ST_1 : Operation 42 [1/1] (0.00ns)   --->   "%mask_data_stream_0_s = alloca i8, align 1" [image_filter/top.cpp:71]   --->   Operation 42 'alloca' 'mask_data_stream_0_s' <Predicate = true> <Delay = 0.00> <Core = "FIFO">   --->   Core 32 'FIFO' <Latency = 0> <II = 1> <Delay = 3.63> <Storage> <Opcode : 'read' 'write' 'nbread' 'nbwrite'> <Ports = 0> <Width = 8> <Depth = 2> <FIFO>
ST_1 : Operation 43 [1/1] (0.00ns)   --->   "call fastcc void @Block__proc(i10* %img_in_rows_V_c, i11* %img_in_cols_V_c)"   --->   Operation 43 'call' <Predicate = true> <Delay = 0.00> <CoreType = "Generic">   --->   Core 0 '' <Latency = 0> <II = 1> <Delay = 1.00> <Generic> <Opcode : >

State 2 <SV = 1> <Delay = 0.00>
ST_2 : Operation 44 [2/2] (0.00ns)   --->   "call fastcc void @AXIvideo2Mat(i24* %INPUT_STREAM_V_data_V, i3* %INPUT_STREAM_V_keep_V, i3* %INPUT_STREAM_V_strb_V, i1* %INPUT_STREAM_V_user_V, i1* %INPUT_STREAM_V_last_V, i1* %INPUT_STREAM_V_id_V, i1* %INPUT_STREAM_V_dest_V, i10* nocapture %img_in_rows_V_c, i11* nocapture %img_in_cols_V_c, i8* %img_in_data_stream_0, i8* %img_in_data_stream_1, i8* %img_in_data_stream_2, i10* %img_in_rows_V_c19, i11* %img_in_cols_V_c20)" [image_filter/top.cpp:83]   --->   Operation 44 'call' <Predicate = true> <Delay = 0.00> <CoreType = "Generic">   --->   Core 0 '' <Latency = 0> <II = 1> <Delay = 1.00> <Generic> <Opcode : >

State 3 <SV = 2> <Delay = 0.00>
ST_3 : Operation 45 [1/2] (0.00ns)   --->   "call fastcc void @AXIvideo2Mat(i24* %INPUT_STREAM_V_data_V, i3* %INPUT_STREAM_V_keep_V, i3* %INPUT_STREAM_V_strb_V, i1* %INPUT_STREAM_V_user_V, i1* %INPUT_STREAM_V_last_V, i1* %INPUT_STREAM_V_id_V, i1* %INPUT_STREAM_V_dest_V, i10* nocapture %img_in_rows_V_c, i11* nocapture %img_in_cols_V_c, i8* %img_in_data_stream_0, i8* %img_in_data_stream_1, i8* %img_in_data_stream_2, i10* %img_in_rows_V_c19, i11* %img_in_cols_V_c20)" [image_filter/top.cpp:83]   --->   Operation 45 'call' <Predicate = true> <Delay = 0.00> <CoreType = "Generic">   --->   Core 0 '' <Latency = 0> <II = 1> <Delay = 1.00> <Generic> <Opcode : >

State 4 <SV = 3> <Delay = 0.00>
ST_4 : Operation 46 [2/2] (0.00ns)   --->   "call fastcc void @GaussianBlur(i10* nocapture %img_in_rows_V_c19, i11* nocapture %img_in_cols_V_c20, i8* %img_in_data_stream_0, i8* %img_in_data_stream_1, i8* %img_in_data_stream_2, i8* %img_0_data_stream_0, i8* %img_0_data_stream_1, i8* %img_0_data_stream_2)" [image_filter/top.cpp:85]   --->   Operation 46 'call' <Predicate = true> <Delay = 0.00> <CoreType = "Generic">   --->   Core 0 '' <Latency = 0> <II = 1> <Delay = 1.00> <Generic> <Opcode : >

State 5 <SV = 4> <Delay = 0.00>
ST_5 : Operation 47 [1/2] (0.00ns)   --->   "call fastcc void @GaussianBlur(i10* nocapture %img_in_rows_V_c19, i11* nocapture %img_in_cols_V_c20, i8* %img_in_data_stream_0, i8* %img_in_data_stream_1, i8* %img_in_data_stream_2, i8* %img_0_data_stream_0, i8* %img_0_data_stream_1, i8* %img_0_data_stream_2)" [image_filter/top.cpp:85]   --->   Operation 47 'call' <Predicate = true> <Delay = 0.00> <CoreType = "Generic">   --->   Core 0 '' <Latency = 0> <II = 1> <Delay = 1.00> <Generic> <Opcode : >

State 6 <SV = 5> <Delay = 0.00>
ST_6 : Operation 48 [2/2] (0.00ns)   --->   "call fastcc void @Duplicate183(i8* %img_0_data_stream_0, i8* %img_0_data_stream_1, i8* %img_0_data_stream_2, i8* %img_1_data_stream_0, i8* %img_1_data_stream_1, i8* %img_1_data_stream_2, i8* %img_in2_data_stream_s, i8* %img_in2_data_stream_1, i8* %img_in2_data_stream_2)" [image_filter/top.cpp:88]   --->   Operation 48 'call' <Predicate = true> <Delay = 0.00> <CoreType = "Generic">   --->   Core 0 '' <Latency = 0> <II = 1> <Delay = 1.00> <Generic> <Opcode : >

State 7 <SV = 6> <Delay = 0.00>
ST_7 : Operation 49 [1/2] (0.00ns)   --->   "call fastcc void @Duplicate183(i8* %img_0_data_stream_0, i8* %img_0_data_stream_1, i8* %img_0_data_stream_2, i8* %img_1_data_stream_0, i8* %img_1_data_stream_1, i8* %img_1_data_stream_2, i8* %img_in2_data_stream_s, i8* %img_in2_data_stream_1, i8* %img_in2_data_stream_2)" [image_filter/top.cpp:88]   --->   Operation 49 'call' <Predicate = true> <Delay = 0.00> <CoreType = "Generic">   --->   Core 0 '' <Latency = 0> <II = 1> <Delay = 1.00> <Generic> <Opcode : >

State 8 <SV = 7> <Delay = 0.00>
ST_8 : Operation 50 [2/2] (0.00ns)   --->   "call fastcc void @Duplicate(i8* %img_in2_data_stream_s, i8* %img_in2_data_stream_1, i8* %img_in2_data_stream_2, i8* %img_2_data_stream_0, i8* %img_2_data_stream_1, i8* %img_2_data_stream_2, i8* %img_3_data_stream_0, i8* %img_3_data_stream_1, i8* %img_3_data_stream_2)" [image_filter/top.cpp:89]   --->   Operation 50 'call' <Predicate = true> <Delay = 0.00> <CoreType = "Generic">   --->   Core 0 '' <Latency = 0> <II = 1> <Delay = 1.00> <Generic> <Opcode : >
ST_8 : Operation 51 [2/2] (0.00ns)   --->   "%max = call fastcc i8 @MinMaxLoc(i8* %img_1_data_stream_0, i8* %img_1_data_stream_1, i8* %img_1_data_stream_2)" [image_filter/top.cpp:92]   --->   Operation 51 'call' 'max' <Predicate = true> <Delay = 0.00> <Core = "FIFO">   --->   Core 32 'FIFO' <Latency = 0> <II = 1> <Delay = 3.63> <Storage> <Opcode : 'read' 'write' 'nbread' 'nbwrite'> <Ports = 0> <Width = 8> <Depth = 2> <FIFO>

State 9 <SV = 8> <Delay = 0.00>
ST_9 : Operation 52 [1/2] (0.00ns)   --->   "call fastcc void @Duplicate(i8* %img_in2_data_stream_s, i8* %img_in2_data_stream_1, i8* %img_in2_data_stream_2, i8* %img_2_data_stream_0, i8* %img_2_data_stream_1, i8* %img_2_data_stream_2, i8* %img_3_data_stream_0, i8* %img_3_data_stream_1, i8* %img_3_data_stream_2)" [image_filter/top.cpp:89]   --->   Operation 52 'call' <Predicate = true> <Delay = 0.00> <CoreType = "Generic">   --->   Core 0 '' <Latency = 0> <II = 1> <Delay = 1.00> <Generic> <Opcode : >
ST_9 : Operation 53 [1/2] (0.00ns)   --->   "%max = call fastcc i8 @MinMaxLoc(i8* %img_1_data_stream_0, i8* %img_1_data_stream_1, i8* %img_1_data_stream_2)" [image_filter/top.cpp:92]   --->   Operation 53 'call' 'max' <Predicate = true> <Delay = 0.00> <Core = "FIFO">   --->   Core 32 'FIFO' <Latency = 0> <II = 1> <Delay = 3.63> <Storage> <Opcode : 'read' 'write' 'nbread' 'nbwrite'> <Ports = 0> <Width = 8> <Depth = 2> <FIFO>

State 10 <SV = 9> <Delay = 0.00>
ST_10 : Operation 54 [2/2] (0.00ns)   --->   "call fastcc void @CmpS(i8* %img_2_data_stream_0, i8* %img_2_data_stream_1, i8* %img_2_data_stream_2, i8 %max, i8* %mask_data_stream_0_s)" [image_filter/top.cpp:93]   --->   Operation 54 'call' <Predicate = true> <Delay = 0.00> <CoreType = "Generic">   --->   Core 0 '' <Latency = 0> <II = 1> <Delay = 1.00> <Generic> <Opcode : >

State 11 <SV = 10> <Delay = 0.00>
ST_11 : Operation 55 [1/2] (0.00ns)   --->   "call fastcc void @CmpS(i8* %img_2_data_stream_0, i8* %img_2_data_stream_1, i8* %img_2_data_stream_2, i8 %max, i8* %mask_data_stream_0_s)" [image_filter/top.cpp:93]   --->   Operation 55 'call' <Predicate = true> <Delay = 0.00> <CoreType = "Generic">   --->   Core 0 '' <Latency = 0> <II = 1> <Delay = 1.00> <Generic> <Opcode : >

State 12 <SV = 11> <Delay = 0.00>
ST_12 : Operation 56 [2/2] (0.00ns)   --->   "call fastcc void @PaintMask(i8* %img_3_data_stream_0, i8* %img_3_data_stream_1, i8* %img_3_data_stream_2, i8* %mask_data_stream_0_s, i8* %img_out_data_stream_s, i8* %img_out_data_stream_1, i8* %img_out_data_stream_2)" [image_filter/top.cpp:94]   --->   Operation 56 'call' <Predicate = true> <Delay = 0.00> <CoreType = "Generic">   --->   Core 0 '' <Latency = 0> <II = 1> <Delay = 1.00> <Generic> <Opcode : >

State 13 <SV = 12> <Delay = 0.00>
ST_13 : Operation 57 [1/2] (0.00ns)   --->   "call fastcc void @PaintMask(i8* %img_3_data_stream_0, i8* %img_3_data_stream_1, i8* %img_3_data_stream_2, i8* %mask_data_stream_0_s, i8* %img_out_data_stream_s, i8* %img_out_data_stream_1, i8* %img_out_data_stream_2)" [image_filter/top.cpp:94]   --->   Operation 57 'call' <Predicate = true> <Delay = 0.00> <CoreType = "Generic">   --->   Core 0 '' <Latency = 0> <II = 1> <Delay = 1.00> <Generic> <Opcode : >

State 14 <SV = 13> <Delay = 0.00>
ST_14 : Operation 58 [2/2] (0.00ns)   --->   "call fastcc void @Mat2AXIvideo(i8* %img_out_data_stream_s, i8* %img_out_data_stream_1, i8* %img_out_data_stream_2, i24* %OUTPUT_STREAM_V_data_V, i3* %OUTPUT_STREAM_V_keep_V, i3* %OUTPUT_STREAM_V_strb_V, i1* %OUTPUT_STREAM_V_user_V, i1* %OUTPUT_STREAM_V_last_V, i1* %OUTPUT_STREAM_V_id_V, i1* %OUTPUT_STREAM_V_dest_V)" [image_filter/top.cpp:97]   --->   Operation 58 'call' <Predicate = true> <Delay = 0.00> <CoreType = "Generic">   --->   Core 0 '' <Latency = 0> <II = 1> <Delay = 1.00> <Generic> <Opcode : >

State 15 <SV = 14> <Delay = 0.00>
ST_15 : Operation 59 [1/2] (0.00ns)   --->   "call fastcc void @Mat2AXIvideo(i8* %img_out_data_stream_s, i8* %img_out_data_stream_1, i8* %img_out_data_stream_2, i24* %OUTPUT_STREAM_V_data_V, i3* %OUTPUT_STREAM_V_keep_V, i3* %OUTPUT_STREAM_V_strb_V, i1* %OUTPUT_STREAM_V_user_V, i1* %OUTPUT_STREAM_V_last_V, i1* %OUTPUT_STREAM_V_id_V, i1* %OUTPUT_STREAM_V_dest_V)" [image_filter/top.cpp:97]   --->   Operation 59 'call' <Predicate = true> <Delay = 0.00> <CoreType = "Generic">   --->   Core 0 '' <Latency = 0> <II = 1> <Delay = 1.00> <Generic> <Opcode : >

State 16 <SV = 15> <Delay = 0.00>
ST_16 : Operation 60 [1/1] (0.00ns)   --->   "call void (...)* @_ssdm_op_SpecDataflowPipeline(i32 -1, i32 0, [1 x i8]* @p_str3) nounwind" [image_filter/top.cpp:76]   --->   Operation 60 'specdataflowpipeline' <Predicate = true> <Delay = 0.00>
ST_16 : Operation 61 [1/1] (0.00ns)   --->   "call void (...)* @_ssdm_op_SpecBitsMap(i24* %INPUT_STREAM_V_data_V), !map !359"   --->   Operation 61 'specbitsmap' <Predicate = true> <Delay = 0.00>
ST_16 : Operation 62 [1/1] (0.00ns)   --->   "call void (...)* @_ssdm_op_SpecBitsMap(i3* %INPUT_STREAM_V_keep_V), !map !363"   --->   Operation 62 'specbitsmap' <Predicate = true> <Delay = 0.00>
ST_16 : Operation 63 [1/1] (0.00ns)   --->   "call void (...)* @_ssdm_op_SpecBitsMap(i3* %INPUT_STREAM_V_strb_V), !map !367"   --->   Operation 63 'specbitsmap' <Predicate = true> <Delay = 0.00>
ST_16 : Operation 64 [1/1] (0.00ns)   --->   "call void (...)* @_ssdm_op_SpecBitsMap(i1* %INPUT_STREAM_V_user_V), !map !371"   --->   Operation 64 'specbitsmap' <Predicate = true> <Delay = 0.00>
ST_16 : Operation 65 [1/1] (0.00ns)   --->   "call void (...)* @_ssdm_op_SpecBitsMap(i1* %INPUT_STREAM_V_last_V), !map !375"   --->   Operation 65 'specbitsmap' <Predicate = true> <Delay = 0.00>
ST_16 : Operation 66 [1/1] (0.00ns)   --->   "call void (...)* @_ssdm_op_SpecBitsMap(i1* %INPUT_STREAM_V_id_V), !map !379"   --->   Operation 66 'specbitsmap' <Predicate = true> <Delay = 0.00>
ST_16 : Operation 67 [1/1] (0.00ns)   --->   "call void (...)* @_ssdm_op_SpecBitsMap(i1* %INPUT_STREAM_V_dest_V), !map !383"   --->   Operation 67 'specbitsmap' <Predicate = true> <Delay = 0.00>
ST_16 : Operation 68 [1/1] (0.00ns)   --->   "call void (...)* @_ssdm_op_SpecBitsMap(i24* %OUTPUT_STREAM_V_data_V), !map !387"   --->   Operation 68 'specbitsmap' <Predicate = true> <Delay = 0.00>
ST_16 : Operation 69 [1/1] (0.00ns)   --->   "call void (...)* @_ssdm_op_SpecBitsMap(i3* %OUTPUT_STREAM_V_keep_V), !map !391"   --->   Operation 69 'specbitsmap' <Predicate = true> <Delay = 0.00>
ST_16 : Operation 70 [1/1] (0.00ns)   --->   "call void (...)* @_ssdm_op_SpecBitsMap(i3* %OUTPUT_STREAM_V_strb_V), !map !395"   --->   Operation 70 'specbitsmap' <Predicate = true> <Delay = 0.00>
ST_16 : Operation 71 [1/1] (0.00ns)   --->   "call void (...)* @_ssdm_op_SpecBitsMap(i1* %OUTPUT_STREAM_V_user_V), !map !399"   --->   Operation 71 'specbitsmap' <Predicate = true> <Delay = 0.00>
ST_16 : Operation 72 [1/1] (0.00ns)   --->   "call void (...)* @_ssdm_op_SpecBitsMap(i1* %OUTPUT_STREAM_V_last_V), !map !403"   --->   Operation 72 'specbitsmap' <Predicate = true> <Delay = 0.00>
ST_16 : Operation 73 [1/1] (0.00ns)   --->   "call void (...)* @_ssdm_op_SpecBitsMap(i1* %OUTPUT_STREAM_V_id_V), !map !407"   --->   Operation 73 'specbitsmap' <Predicate = true> <Delay = 0.00>
ST_16 : Operation 74 [1/1] (0.00ns)   --->   "call void (...)* @_ssdm_op_SpecBitsMap(i1* %OUTPUT_STREAM_V_dest_V), !map !411"   --->   Operation 74 'specbitsmap' <Predicate = true> <Delay = 0.00>
ST_16 : Operation 75 [1/1] (0.00ns)   --->   "call void (...)* @_ssdm_op_SpecBitsMap(i32* %x), !map !415"   --->   Operation 75 'specbitsmap' <Predicate = true> <Delay = 0.00>
ST_16 : Operation 76 [1/1] (0.00ns)   --->   "call void (...)* @_ssdm_op_SpecBitsMap(i32* %y), !map !419"   --->   Operation 76 'specbitsmap' <Predicate = true> <Delay = 0.00>
ST_16 : Operation 77 [1/1] (0.00ns)   --->   "call void (...)* @_ssdm_op_SpecTopModule([13 x i8]* @image_filter_str) nounwind"   --->   Operation 77 'spectopmodule' <Predicate = true> <Delay = 0.00>
ST_16 : Operation 78 [1/1] (0.00ns)   --->   "%empty = call i32 (...)* @_ssdm_op_SpecChannel([24 x i8]* @img_in_OC_data_strea_2, i32 1, [1 x i8]* @p_str223, [1 x i8]* @p_str223, i32 2, i32 2, i8* %img_in_data_stream_0, i8* %img_in_data_stream_0)"   --->   Operation 78 'specchannel' 'empty' <Predicate = true> <Delay = 0.00>
ST_16 : Operation 79 [1/1] (0.00ns)   --->   "call void (...)* @_ssdm_op_SpecInterface(i8* %img_in_data_stream_0, [8 x i8]* @ap_fifo_str, i32 0, i32 0, [1 x i8]* @p_str224, i32 0, i32 0, [1 x i8]* @p_str225, [1 x i8]* @p_str226, [1 x i8]* @p_str227, i32 2, i32 2, i32 16, i32 16, [1 x i8]* @p_str228, [1 x i8]* @p_str229)"   --->   Operation 79 'specinterface' <Predicate = true> <Delay = 0.00>
ST_16 : Operation 80 [1/1] (0.00ns)   --->   "%empty_12 = call i32 (...)* @_ssdm_op_SpecChannel([24 x i8]* @img_in_OC_data_strea_1, i32 1, [1 x i8]* @p_str230, [1 x i8]* @p_str230, i32 2, i32 2, i8* %img_in_data_stream_1, i8* %img_in_data_stream_1)"   --->   Operation 80 'specchannel' 'empty_12' <Predicate = true> <Delay = 0.00>
ST_16 : Operation 81 [1/1] (0.00ns)   --->   "call void (...)* @_ssdm_op_SpecInterface(i8* %img_in_data_stream_1, [8 x i8]* @ap_fifo_str, i32 0, i32 0, [1 x i8]* @p_str231, i32 0, i32 0, [1 x i8]* @p_str232, [1 x i8]* @p_str233, [1 x i8]* @p_str234, i32 2, i32 2, i32 16, i32 16, [1 x i8]* @p_str235, [1 x i8]* @p_str236)"   --->   Operation 81 'specinterface' <Predicate = true> <Delay = 0.00>
ST_16 : Operation 82 [1/1] (0.00ns)   --->   "%empty_13 = call i32 (...)* @_ssdm_op_SpecChannel([24 x i8]* @img_in_OC_data_strea, i32 1, [1 x i8]* @p_str237, [1 x i8]* @p_str237, i32 2, i32 2, i8* %img_in_data_stream_2, i8* %img_in_data_stream_2)"   --->   Operation 82 'specchannel' 'empty_13' <Predicate = true> <Delay = 0.00>
ST_16 : Operation 83 [1/1] (0.00ns)   --->   "call void (...)* @_ssdm_op_SpecInterface(i8* %img_in_data_stream_2, [8 x i8]* @ap_fifo_str, i32 0, i32 0, [1 x i8]* @p_str238, i32 0, i32 0, [1 x i8]* @p_str239, [1 x i8]* @p_str240, [1 x i8]* @p_str241, i32 2, i32 2, i32 16, i32 16, [1 x i8]* @p_str242, [1 x i8]* @p_str243)"   --->   Operation 83 'specinterface' <Predicate = true> <Delay = 0.00>
ST_16 : Operation 84 [1/1] (0.00ns)   --->   "%empty_14 = call i32 (...)* @_ssdm_op_SpecChannel([25 x i8]* @img_in2_OC_data_stre_2, i32 1, [1 x i8]* @p_str244, [1 x i8]* @p_str244, i32 2, i32 2, i8* %img_in2_data_stream_s, i8* %img_in2_data_stream_s)"   --->   Operation 84 'specchannel' 'empty_14' <Predicate = true> <Delay = 0.00>
ST_16 : Operation 85 [1/1] (0.00ns)   --->   "call void (...)* @_ssdm_op_SpecInterface(i8* %img_in2_data_stream_s, [8 x i8]* @ap_fifo_str, i32 0, i32 0, [1 x i8]* @p_str245, i32 0, i32 0, [1 x i8]* @p_str246, [1 x i8]* @p_str247, [1 x i8]* @p_str248, i32 2, i32 2, i32 16, i32 16, [1 x i8]* @p_str249, [1 x i8]* @p_str250)"   --->   Operation 85 'specinterface' <Predicate = true> <Delay = 0.00>
ST_16 : Operation 86 [1/1] (0.00ns)   --->   "%empty_15 = call i32 (...)* @_ssdm_op_SpecChannel([25 x i8]* @img_in2_OC_data_stre_1, i32 1, [1 x i8]* @p_str251, [1 x i8]* @p_str251, i32 2, i32 2, i8* %img_in2_data_stream_1, i8* %img_in2_data_stream_1)"   --->   Operation 86 'specchannel' 'empty_15' <Predicate = true> <Delay = 0.00>
ST_16 : Operation 87 [1/1] (0.00ns)   --->   "call void (...)* @_ssdm_op_SpecInterface(i8* %img_in2_data_stream_1, [8 x i8]* @ap_fifo_str, i32 0, i32 0, [1 x i8]* @p_str252, i32 0, i32 0, [1 x i8]* @p_str253, [1 x i8]* @p_str254, [1 x i8]* @p_str255, i32 2, i32 2, i32 16, i32 16, [1 x i8]* @p_str256, [1 x i8]* @p_str257)"   --->   Operation 87 'specinterface' <Predicate = true> <Delay = 0.00>
ST_16 : Operation 88 [1/1] (0.00ns)   --->   "%empty_16 = call i32 (...)* @_ssdm_op_SpecChannel([25 x i8]* @img_in2_OC_data_stre, i32 1, [1 x i8]* @p_str258, [1 x i8]* @p_str258, i32 2, i32 2, i8* %img_in2_data_stream_2, i8* %img_in2_data_stream_2)"   --->   Operation 88 'specchannel' 'empty_16' <Predicate = true> <Delay = 0.00>
ST_16 : Operation 89 [1/1] (0.00ns)   --->   "call void (...)* @_ssdm_op_SpecInterface(i8* %img_in2_data_stream_2, [8 x i8]* @ap_fifo_str, i32 0, i32 0, [1 x i8]* @p_str259, i32 0, i32 0, [1 x i8]* @p_str260, [1 x i8]* @p_str261, [1 x i8]* @p_str262, i32 2, i32 2, i32 16, i32 16, [1 x i8]* @p_str263, [1 x i8]* @p_str264)"   --->   Operation 89 'specinterface' <Predicate = true> <Delay = 0.00>
ST_16 : Operation 90 [1/1] (0.00ns)   --->   "%empty_17 = call i32 (...)* @_ssdm_op_SpecChannel([23 x i8]* @img_0_OC_data_stream_2, i32 1, [1 x i8]* @p_str265, [1 x i8]* @p_str265, i32 2, i32 2, i8* %img_0_data_stream_0, i8* %img_0_data_stream_0)"   --->   Operation 90 'specchannel' 'empty_17' <Predicate = true> <Delay = 0.00>
ST_16 : Operation 91 [1/1] (0.00ns)   --->   "call void (...)* @_ssdm_op_SpecInterface(i8* %img_0_data_stream_0, [8 x i8]* @ap_fifo_str, i32 0, i32 0, [1 x i8]* @p_str266, i32 0, i32 0, [1 x i8]* @p_str267, [1 x i8]* @p_str268, [1 x i8]* @p_str269, i32 2, i32 2, i32 16, i32 16, [1 x i8]* @p_str270, [1 x i8]* @p_str271)"   --->   Operation 91 'specinterface' <Predicate = true> <Delay = 0.00>
ST_16 : Operation 92 [1/1] (0.00ns)   --->   "%empty_18 = call i32 (...)* @_ssdm_op_SpecChannel([23 x i8]* @img_0_OC_data_stream_1, i32 1, [1 x i8]* @p_str272, [1 x i8]* @p_str272, i32 2, i32 2, i8* %img_0_data_stream_1, i8* %img_0_data_stream_1)"   --->   Operation 92 'specchannel' 'empty_18' <Predicate = true> <Delay = 0.00>
ST_16 : Operation 93 [1/1] (0.00ns)   --->   "call void (...)* @_ssdm_op_SpecInterface(i8* %img_0_data_stream_1, [8 x i8]* @ap_fifo_str, i32 0, i32 0, [1 x i8]* @p_str273, i32 0, i32 0, [1 x i8]* @p_str274, [1 x i8]* @p_str275, [1 x i8]* @p_str276, i32 2, i32 2, i32 16, i32 16, [1 x i8]* @p_str277, [1 x i8]* @p_str278)"   --->   Operation 93 'specinterface' <Predicate = true> <Delay = 0.00>
ST_16 : Operation 94 [1/1] (0.00ns)   --->   "%empty_19 = call i32 (...)* @_ssdm_op_SpecChannel([23 x i8]* @img_0_OC_data_stream, i32 1, [1 x i8]* @p_str279, [1 x i8]* @p_str279, i32 2, i32 2, i8* %img_0_data_stream_2, i8* %img_0_data_stream_2)"   --->   Operation 94 'specchannel' 'empty_19' <Predicate = true> <Delay = 0.00>
ST_16 : Operation 95 [1/1] (0.00ns)   --->   "call void (...)* @_ssdm_op_SpecInterface(i8* %img_0_data_stream_2, [8 x i8]* @ap_fifo_str, i32 0, i32 0, [1 x i8]* @p_str280, i32 0, i32 0, [1 x i8]* @p_str281, [1 x i8]* @p_str282, [1 x i8]* @p_str283, i32 2, i32 2, i32 16, i32 16, [1 x i8]* @p_str284, [1 x i8]* @p_str285)"   --->   Operation 95 'specinterface' <Predicate = true> <Delay = 0.00>
ST_16 : Operation 96 [1/1] (0.00ns)   --->   "%empty_20 = call i32 (...)* @_ssdm_op_SpecChannel([23 x i8]* @img_1_OC_data_stream_2, i32 1, [1 x i8]* @p_str286, [1 x i8]* @p_str286, i32 2, i32 2, i8* %img_1_data_stream_0, i8* %img_1_data_stream_0)"   --->   Operation 96 'specchannel' 'empty_20' <Predicate = true> <Delay = 0.00>
ST_16 : Operation 97 [1/1] (0.00ns)   --->   "call void (...)* @_ssdm_op_SpecInterface(i8* %img_1_data_stream_0, [8 x i8]* @ap_fifo_str, i32 0, i32 0, [1 x i8]* @p_str287, i32 0, i32 0, [1 x i8]* @p_str288, [1 x i8]* @p_str289, [1 x i8]* @p_str290, i32 2, i32 2, i32 16, i32 16, [1 x i8]* @p_str291, [1 x i8]* @p_str292)"   --->   Operation 97 'specinterface' <Predicate = true> <Delay = 0.00>
ST_16 : Operation 98 [1/1] (0.00ns)   --->   "%empty_21 = call i32 (...)* @_ssdm_op_SpecChannel([23 x i8]* @img_1_OC_data_stream_1, i32 1, [1 x i8]* @p_str293, [1 x i8]* @p_str293, i32 2, i32 2, i8* %img_1_data_stream_1, i8* %img_1_data_stream_1)"   --->   Operation 98 'specchannel' 'empty_21' <Predicate = true> <Delay = 0.00>
ST_16 : Operation 99 [1/1] (0.00ns)   --->   "call void (...)* @_ssdm_op_SpecInterface(i8* %img_1_data_stream_1, [8 x i8]* @ap_fifo_str, i32 0, i32 0, [1 x i8]* @p_str294, i32 0, i32 0, [1 x i8]* @p_str295, [1 x i8]* @p_str296, [1 x i8]* @p_str297, i32 2, i32 2, i32 16, i32 16, [1 x i8]* @p_str298, [1 x i8]* @p_str299)"   --->   Operation 99 'specinterface' <Predicate = true> <Delay = 0.00>
ST_16 : Operation 100 [1/1] (0.00ns)   --->   "%empty_22 = call i32 (...)* @_ssdm_op_SpecChannel([23 x i8]* @img_1_OC_data_stream, i32 1, [1 x i8]* @p_str300, [1 x i8]* @p_str300, i32 2, i32 2, i8* %img_1_data_stream_2, i8* %img_1_data_stream_2)"   --->   Operation 100 'specchannel' 'empty_22' <Predicate = true> <Delay = 0.00>
ST_16 : Operation 101 [1/1] (0.00ns)   --->   "call void (...)* @_ssdm_op_SpecInterface(i8* %img_1_data_stream_2, [8 x i8]* @ap_fifo_str, i32 0, i32 0, [1 x i8]* @p_str301, i32 0, i32 0, [1 x i8]* @p_str302, [1 x i8]* @p_str303, [1 x i8]* @p_str304, i32 2, i32 2, i32 16, i32 16, [1 x i8]* @p_str305, [1 x i8]* @p_str306)"   --->   Operation 101 'specinterface' <Predicate = true> <Delay = 0.00>
ST_16 : Operation 102 [1/1] (0.00ns)   --->   "%empty_23 = call i32 (...)* @_ssdm_op_SpecChannel([23 x i8]* @img_2_OC_data_stream_2, i32 1, [1 x i8]* @p_str307, [1 x i8]* @p_str307, i32 2, i32 2, i8* %img_2_data_stream_0, i8* %img_2_data_stream_0)"   --->   Operation 102 'specchannel' 'empty_23' <Predicate = true> <Delay = 0.00>
ST_16 : Operation 103 [1/1] (0.00ns)   --->   "call void (...)* @_ssdm_op_SpecInterface(i8* %img_2_data_stream_0, [8 x i8]* @ap_fifo_str, i32 0, i32 0, [1 x i8]* @p_str308, i32 0, i32 0, [1 x i8]* @p_str309, [1 x i8]* @p_str310, [1 x i8]* @p_str311, i32 2, i32 2, i32 16, i32 16, [1 x i8]* @p_str312, [1 x i8]* @p_str313)"   --->   Operation 103 'specinterface' <Predicate = true> <Delay = 0.00>
ST_16 : Operation 104 [1/1] (0.00ns)   --->   "%empty_24 = call i32 (...)* @_ssdm_op_SpecChannel([23 x i8]* @img_2_OC_data_stream_1, i32 1, [1 x i8]* @p_str314, [1 x i8]* @p_str314, i32 2, i32 2, i8* %img_2_data_stream_1, i8* %img_2_data_stream_1)"   --->   Operation 104 'specchannel' 'empty_24' <Predicate = true> <Delay = 0.00>
ST_16 : Operation 105 [1/1] (0.00ns)   --->   "call void (...)* @_ssdm_op_SpecInterface(i8* %img_2_data_stream_1, [8 x i8]* @ap_fifo_str, i32 0, i32 0, [1 x i8]* @p_str315, i32 0, i32 0, [1 x i8]* @p_str316, [1 x i8]* @p_str317, [1 x i8]* @p_str318, i32 2, i32 2, i32 16, i32 16, [1 x i8]* @p_str319, [1 x i8]* @p_str320)"   --->   Operation 105 'specinterface' <Predicate = true> <Delay = 0.00>
ST_16 : Operation 106 [1/1] (0.00ns)   --->   "%empty_25 = call i32 (...)* @_ssdm_op_SpecChannel([23 x i8]* @img_2_OC_data_stream, i32 1, [1 x i8]* @p_str321, [1 x i8]* @p_str321, i32 2, i32 2, i8* %img_2_data_stream_2, i8* %img_2_data_stream_2)"   --->   Operation 106 'specchannel' 'empty_25' <Predicate = true> <Delay = 0.00>
ST_16 : Operation 107 [1/1] (0.00ns)   --->   "call void (...)* @_ssdm_op_SpecInterface(i8* %img_2_data_stream_2, [8 x i8]* @ap_fifo_str, i32 0, i32 0, [1 x i8]* @p_str322, i32 0, i32 0, [1 x i8]* @p_str323, [1 x i8]* @p_str324, [1 x i8]* @p_str325, i32 2, i32 2, i32 16, i32 16, [1 x i8]* @p_str326, [1 x i8]* @p_str327)"   --->   Operation 107 'specinterface' <Predicate = true> <Delay = 0.00>
ST_16 : Operation 108 [1/1] (0.00ns)   --->   "%empty_26 = call i32 (...)* @_ssdm_op_SpecChannel([23 x i8]* @img_3_OC_data_stream_2, i32 1, [1 x i8]* @p_str328, [1 x i8]* @p_str328, i32 2, i32 2, i8* %img_3_data_stream_0, i8* %img_3_data_stream_0)"   --->   Operation 108 'specchannel' 'empty_26' <Predicate = true> <Delay = 0.00>
ST_16 : Operation 109 [1/1] (0.00ns)   --->   "call void (...)* @_ssdm_op_SpecInterface(i8* %img_3_data_stream_0, [8 x i8]* @ap_fifo_str, i32 0, i32 0, [1 x i8]* @p_str329, i32 0, i32 0, [1 x i8]* @p_str330, [1 x i8]* @p_str331, [1 x i8]* @p_str332, i32 2, i32 2, i32 16, i32 16, [1 x i8]* @p_str333, [1 x i8]* @p_str334)"   --->   Operation 109 'specinterface' <Predicate = true> <Delay = 0.00>
ST_16 : Operation 110 [1/1] (0.00ns)   --->   "%empty_27 = call i32 (...)* @_ssdm_op_SpecChannel([23 x i8]* @img_3_OC_data_stream_1, i32 1, [1 x i8]* @p_str335, [1 x i8]* @p_str335, i32 2, i32 2, i8* %img_3_data_stream_1, i8* %img_3_data_stream_1)"   --->   Operation 110 'specchannel' 'empty_27' <Predicate = true> <Delay = 0.00>
ST_16 : Operation 111 [1/1] (0.00ns)   --->   "call void (...)* @_ssdm_op_SpecInterface(i8* %img_3_data_stream_1, [8 x i8]* @ap_fifo_str, i32 0, i32 0, [1 x i8]* @p_str336, i32 0, i32 0, [1 x i8]* @p_str337, [1 x i8]* @p_str338, [1 x i8]* @p_str339, i32 2, i32 2, i32 16, i32 16, [1 x i8]* @p_str340, [1 x i8]* @p_str341)"   --->   Operation 111 'specinterface' <Predicate = true> <Delay = 0.00>
ST_16 : Operation 112 [1/1] (0.00ns)   --->   "%empty_28 = call i32 (...)* @_ssdm_op_SpecChannel([23 x i8]* @img_3_OC_data_stream, i32 1, [1 x i8]* @p_str342, [1 x i8]* @p_str342, i32 2, i32 2, i8* %img_3_data_stream_2, i8* %img_3_data_stream_2)"   --->   Operation 112 'specchannel' 'empty_28' <Predicate = true> <Delay = 0.00>
ST_16 : Operation 113 [1/1] (0.00ns)   --->   "call void (...)* @_ssdm_op_SpecInterface(i8* %img_3_data_stream_2, [8 x i8]* @ap_fifo_str, i32 0, i32 0, [1 x i8]* @p_str343, i32 0, i32 0, [1 x i8]* @p_str344, [1 x i8]* @p_str345, [1 x i8]* @p_str346, i32 2, i32 2, i32 16, i32 16, [1 x i8]* @p_str347, [1 x i8]* @p_str348)"   --->   Operation 113 'specinterface' <Predicate = true> <Delay = 0.00>
ST_16 : Operation 114 [1/1] (0.00ns)   --->   "%empty_29 = call i32 (...)* @_ssdm_op_SpecChannel([25 x i8]* @img_out_OC_data_stre_2, i32 1, [1 x i8]* @p_str349, [1 x i8]* @p_str349, i32 2, i32 2, i8* %img_out_data_stream_s, i8* %img_out_data_stream_s)"   --->   Operation 114 'specchannel' 'empty_29' <Predicate = true> <Delay = 0.00>
ST_16 : Operation 115 [1/1] (0.00ns)   --->   "call void (...)* @_ssdm_op_SpecInterface(i8* %img_out_data_stream_s, [8 x i8]* @ap_fifo_str, i32 0, i32 0, [1 x i8]* @p_str350, i32 0, i32 0, [1 x i8]* @p_str351, [1 x i8]* @p_str352, [1 x i8]* @p_str353, i32 2, i32 2, i32 16, i32 16, [1 x i8]* @p_str354, [1 x i8]* @p_str355)"   --->   Operation 115 'specinterface' <Predicate = true> <Delay = 0.00>
ST_16 : Operation 116 [1/1] (0.00ns)   --->   "%empty_30 = call i32 (...)* @_ssdm_op_SpecChannel([25 x i8]* @img_out_OC_data_stre_1, i32 1, [1 x i8]* @p_str356, [1 x i8]* @p_str356, i32 2, i32 2, i8* %img_out_data_stream_1, i8* %img_out_data_stream_1)"   --->   Operation 116 'specchannel' 'empty_30' <Predicate = true> <Delay = 0.00>
ST_16 : Operation 117 [1/1] (0.00ns)   --->   "call void (...)* @_ssdm_op_SpecInterface(i8* %img_out_data_stream_1, [8 x i8]* @ap_fifo_str, i32 0, i32 0, [1 x i8]* @p_str357, i32 0, i32 0, [1 x i8]* @p_str358, [1 x i8]* @p_str359, [1 x i8]* @p_str360, i32 2, i32 2, i32 16, i32 16, [1 x i8]* @p_str361, [1 x i8]* @p_str362)"   --->   Operation 117 'specinterface' <Predicate = true> <Delay = 0.00>
ST_16 : Operation 118 [1/1] (0.00ns)   --->   "%empty_31 = call i32 (...)* @_ssdm_op_SpecChannel([25 x i8]* @img_out_OC_data_stre, i32 1, [1 x i8]* @p_str363, [1 x i8]* @p_str363, i32 2, i32 2, i8* %img_out_data_stream_2, i8* %img_out_data_stream_2)"   --->   Operation 118 'specchannel' 'empty_31' <Predicate = true> <Delay = 0.00>
ST_16 : Operation 119 [1/1] (0.00ns)   --->   "call void (...)* @_ssdm_op_SpecInterface(i8* %img_out_data_stream_2, [8 x i8]* @ap_fifo_str, i32 0, i32 0, [1 x i8]* @p_str364, i32 0, i32 0, [1 x i8]* @p_str365, [1 x i8]* @p_str366, [1 x i8]* @p_str367, i32 2, i32 2, i32 16, i32 16, [1 x i8]* @p_str368, [1 x i8]* @p_str369)"   --->   Operation 119 'specinterface' <Predicate = true> <Delay = 0.00>
ST_16 : Operation 120 [1/1] (0.00ns)   --->   "%empty_32 = call i32 (...)* @_ssdm_op_SpecChannel([22 x i8]* @mask_OC_data_stream_s, i32 1, [1 x i8]* @p_str370, [1 x i8]* @p_str370, i32 2, i32 2, i8* %mask_data_stream_0_s, i8* %mask_data_stream_0_s)"   --->   Operation 120 'specchannel' 'empty_32' <Predicate = true> <Delay = 0.00>
ST_16 : Operation 121 [1/1] (0.00ns)   --->   "call void (...)* @_ssdm_op_SpecInterface(i8* %mask_data_stream_0_s, [8 x i8]* @ap_fifo_str, i32 0, i32 0, [1 x i8]* @p_str371, i32 0, i32 0, [1 x i8]* @p_str372, [1 x i8]* @p_str373, [1 x i8]* @p_str374, i32 2, i32 2, i32 16, i32 16, [1 x i8]* @p_str375, [1 x i8]* @p_str376)"   --->   Operation 121 'specinterface' <Predicate = true> <Delay = 0.00>
ST_16 : Operation 122 [1/1] (0.00ns)   --->   "call void (...)* @_ssdm_op_SpecInterface(i24* %INPUT_STREAM_V_data_V, i3* %INPUT_STREAM_V_keep_V, i3* %INPUT_STREAM_V_strb_V, i1* %INPUT_STREAM_V_user_V, i1* %INPUT_STREAM_V_last_V, i1* %INPUT_STREAM_V_id_V, i1* %INPUT_STREAM_V_dest_V, [5 x i8]* @p_str, i32 1, i32 1, [5 x i8]* @p_str1, i32 0, i32 0, [13 x i8]* @p_str2, [1 x i8]* @p_str3, [1 x i8]* @p_str3, i32 0, i32 0, i32 0, i32 0, [1 x i8]* @p_str3, [1 x i8]* @p_str3) nounwind" [image_filter/top.cpp:46]   --->   Operation 122 'specinterface' <Predicate = true> <Delay = 0.00>
ST_16 : Operation 123 [1/1] (0.00ns)   --->   "call void (...)* @_ssdm_op_SpecInterface(i24* %OUTPUT_STREAM_V_data_V, i3* %OUTPUT_STREAM_V_keep_V, i3* %OUTPUT_STREAM_V_strb_V, i1* %OUTPUT_STREAM_V_user_V, i1* %OUTPUT_STREAM_V_last_V, i1* %OUTPUT_STREAM_V_id_V, i1* %OUTPUT_STREAM_V_dest_V, [5 x i8]* @p_str, i32 1, i32 1, [5 x i8]* @p_str1, i32 0, i32 0, [14 x i8]* @p_str4, [1 x i8]* @p_str3, [1 x i8]* @p_str3, i32 0, i32 0, i32 0, i32 0, [1 x i8]* @p_str3, [1 x i8]* @p_str3) nounwind" [image_filter/top.cpp:47]   --->   Operation 123 'specinterface' <Predicate = true> <Delay = 0.00>
ST_16 : Operation 124 [1/1] (0.00ns)   --->   "call void (...)* @_ssdm_op_SpecInterface(i32* %x, [10 x i8]* @p_str5, i32 0, i32 0, [1 x i8]* @p_str3, i32 0, i32 0, [12 x i8]* @p_str6, [5 x i8]* @p_str7, [1 x i8]* @p_str3, i32 0, i32 0, i32 0, i32 0, [1 x i8]* @p_str3, [1 x i8]* @p_str3) nounwind" [image_filter/top.cpp:53]   --->   Operation 124 'specinterface' <Predicate = true> <Delay = 0.00>
ST_16 : Operation 125 [1/1] (0.00ns)   --->   "call void (...)* @_ssdm_op_SpecInterface(i32* %y, [10 x i8]* @p_str5, i32 0, i32 0, [1 x i8]* @p_str3, i32 0, i32 0, [12 x i8]* @p_str6, [5 x i8]* @p_str8, [1 x i8]* @p_str3, i32 0, i32 0, i32 0, i32 0, [1 x i8]* @p_str3, [1 x i8]* @p_str3) nounwind" [image_filter/top.cpp:54]   --->   Operation 125 'specinterface' <Predicate = true> <Delay = 0.00>
ST_16 : Operation 126 [1/1] (0.00ns)   --->   "%empty_33 = call i32 (...)* @_ssdm_op_SpecChannel([16 x i8]* @img_in_OC_rows_OC_V_1, i32 1, [1 x i8]* @p_str391, [1 x i8]* @p_str391, i32 2, i32 0, i10* %img_in_rows_V_c, i10* %img_in_rows_V_c)"   --->   Operation 126 'specchannel' 'empty_33' <Predicate = true> <Delay = 0.00>
ST_16 : Operation 127 [1/1] (0.00ns)   --->   "call void (...)* @_ssdm_op_SpecInterface(i10* %img_in_rows_V_c, [8 x i8]* @ap_fifo_str, i32 0, i32 0, [1 x i8]* @p_str392, i32 0, i32 0, [1 x i8]* @p_str393, [1 x i8]* @p_str394, [1 x i8]* @p_str395, i32 2, i32 2, i32 16, i32 16, [1 x i8]* @p_str396, [1 x i8]* @p_str397)"   --->   Operation 127 'specinterface' <Predicate = true> <Delay = 0.00>
ST_16 : Operation 128 [1/1] (0.00ns)   --->   "%empty_34 = call i32 (...)* @_ssdm_op_SpecChannel([16 x i8]* @img_in_OC_cols_OC_V_1, i32 1, [1 x i8]* @p_str398, [1 x i8]* @p_str398, i32 2, i32 0, i11* %img_in_cols_V_c, i11* %img_in_cols_V_c)"   --->   Operation 128 'specchannel' 'empty_34' <Predicate = true> <Delay = 0.00>
ST_16 : Operation 129 [1/1] (0.00ns)   --->   "call void (...)* @_ssdm_op_SpecInterface(i11* %img_in_cols_V_c, [8 x i8]* @ap_fifo_str, i32 0, i32 0, [1 x i8]* @p_str399, i32 0, i32 0, [1 x i8]* @p_str400, [1 x i8]* @p_str401, [1 x i8]* @p_str402, i32 2, i32 2, i32 16, i32 16, [1 x i8]* @p_str403, [1 x i8]* @p_str404)"   --->   Operation 129 'specinterface' <Predicate = true> <Delay = 0.00>
ST_16 : Operation 130 [1/1] (0.00ns)   --->   "%empty_35 = call i32 (...)* @_ssdm_op_SpecChannel([18 x i8]* @img_in_OC_rows_OC_V_s, i32 1, [1 x i8]* @p_str426, [1 x i8]* @p_str426, i32 2, i32 0, i10* %img_in_rows_V_c19, i10* %img_in_rows_V_c19)"   --->   Operation 130 'specchannel' 'empty_35' <Predicate = true> <Delay = 0.00>
ST_16 : Operation 131 [1/1] (0.00ns)   --->   "call void (...)* @_ssdm_op_SpecInterface(i10* %img_in_rows_V_c19, [8 x i8]* @ap_fifo_str, i32 0, i32 0, [1 x i8]* @p_str427, i32 0, i32 0, [1 x i8]* @p_str428, [1 x i8]* @p_str429, [1 x i8]* @p_str430, i32 2, i32 2, i32 16, i32 16, [1 x i8]* @p_str431, [1 x i8]* @p_str432)"   --->   Operation 131 'specinterface' <Predicate = true> <Delay = 0.00>
ST_16 : Operation 132 [1/1] (0.00ns)   --->   "%empty_36 = call i32 (...)* @_ssdm_op_SpecChannel([18 x i8]* @img_in_OC_cols_OC_V_s, i32 1, [1 x i8]* @p_str433, [1 x i8]* @p_str433, i32 2, i32 0, i11* %img_in_cols_V_c20, i11* %img_in_cols_V_c20)"   --->   Operation 132 'specchannel' 'empty_36' <Predicate = true> <Delay = 0.00>
ST_16 : Operation 133 [1/1] (0.00ns)   --->   "call void (...)* @_ssdm_op_SpecInterface(i11* %img_in_cols_V_c20, [8 x i8]* @ap_fifo_str, i32 0, i32 0, [1 x i8]* @p_str434, i32 0, i32 0, [1 x i8]* @p_str435, [1 x i8]* @p_str436, [1 x i8]* @p_str437, i32 2, i32 2, i32 16, i32 16, [1 x i8]* @p_str438, [1 x i8]* @p_str439)"   --->   Operation 133 'specinterface' <Predicate = true> <Delay = 0.00>
ST_16 : Operation 134 [1/1] (0.00ns)   --->   "call fastcc void @Block__proc222(i32* %x, i32* %y)"   --->   Operation 134 'call' <Predicate = true> <Delay = 0.00> <CoreType = "Generic">   --->   Core 0 '' <Latency = 0> <II = 1> <Delay = 1.00> <Generic> <Opcode : >
ST_16 : Operation 135 [1/1] (0.00ns)   --->   "ret void" [image_filter/top.cpp:101]   --->   Operation 135 'ret' <Predicate = true> <Delay = 0.00>


============================================================
+ Verbose Summary: Timing violations
============================================================
Target clock period: 10ns, clock uncertainty: 1.25ns.

 <State 1>: 0ns
The critical path consists of the following:

 <State 2>: 0ns
The critical path consists of the following:

 <State 3>: 0ns
The critical path consists of the following:

 <State 4>: 0ns
The critical path consists of the following:

 <State 5>: 0ns
The critical path consists of the following:

 <State 6>: 0ns
The critical path consists of the following:

 <State 7>: 0ns
The critical path consists of the following:

 <State 8>: 0ns
The critical path consists of the following:

 <State 9>: 0ns
The critical path consists of the following:

 <State 10>: 0ns
The critical path consists of the following:

 <State 11>: 0ns
The critical path consists of the following:

 <State 12>: 0ns
The critical path consists of the following:

 <State 13>: 0ns
The critical path consists of the following:

 <State 14>: 0ns
The critical path consists of the following:

 <State 15>: 0ns
The critical path consists of the following:

 <State 16>: 0ns
The critical path consists of the following:


============================================================
+ Verbose Summary: Binding
============================================================
N/A
* FSMD analyzer results:
  - Output states:
 - Input state : 
  - Chain level:
	State 1
	State 2
	State 3
	State 4
	State 5
	State 6
	State 7
	State 8
	State 9
	State 10
	State 11
	State 12
	State 13
	State 14
	State 15
	State 16


============================================================
+ Verbose Summary: Datapath Resource usage 
============================================================
N/A
