

================================================================
== Vivado HLS Report for 'PaintMask'
================================================================
* Date:           Thu Feb 24 01:30:50 2022

* Version:        2019.2 (Build 2704478 on Wed Nov 06 22:10:23 MST 2019)
* Project:        image_filter
* Solution:       solution1
* Product family: zynq
* Target device:  xc7z020-clg484-1


================================================================
== Performance Estimates
================================================================
+ Timing: 
    * Summary: 
    +--------+----------+----------+------------+
    |  Clock |  Target  | Estimated| Uncertainty|
    +--------+----------+----------+------------+
    |ap_clk  | 10.00 ns | 6.433 ns |   1.25 ns  |
    +--------+----------+----------+------------+

+ Latency: 
    * Summary: 
    +---------+---------+----------+----------+--------+--------+---------+
    |  Latency (cycles) |  Latency (absolute) |     Interval    | Pipeline|
    |   min   |   max   |    min   |    max   |   min  |   max  |   Type  |
    +---------+---------+----------+----------+--------+--------+---------+
    |   309121|   309121| 3.091 ms | 3.091 ms |  309121|  309121|   none  |
    +---------+---------+----------+----------+--------+--------+---------+

    + Detail: 
        * Instance: 
        N/A

        * Loop: 
        +---------------+---------+---------+----------+-----------+-----------+------+----------+
        |               |  Latency (cycles) | Iteration|  Initiation Interval  | Trip |          |
        |   Loop Name   |   min   |   max   |  Latency |  achieved |   target  | Count| Pipelined|
        +---------------+---------+---------+----------+-----------+-----------+------+----------+
        |- loop_height  |   309120|   309120|       644|          -|          -|   480|    no    |
        | + loop_width  |      641|      641|         3|          1|          1|   640|    yes   |
        +---------------+---------+---------+----------+-----------+-----------+------+----------+

============================================================
+ Verbose Summary: Synthesis Manager
============================================================
InlineROM: 1
ExposeGlobal: 0
============================================================
+ Verbose Summary: CDFG Model
============================================================
IsTopModel: 0
ResetActiveHigh: 1
IsCombinational: 2
IsDatapathOnly: 0
HasWiredReturn: 1
HasMFsm: 0
HasVarLatency: 1
IsPipeline: 0
IsRtlPipelined: 0
IsInstanceOverlapped: 0
IsDontTouch: 0
HasImplIP: 0
IsGatedGlobalClock: 0

+ Individual pipeline summary: 
  * Pipeline-0: initiation interval (II) = 1, depth = 3


============================================================
+ Verbose Summary: Schedule
============================================================
* Number of FSM states : 6
* Pipeline : 1
  Pipeline-0 : II = 1, D = 3, States = { 3 4 5 }
* Dataflow Pipeline: 0

* FSM state transitions: 
1 --> 2 
2 --> 3 
3 --> 6 4 
4 --> 5 
5 --> 3 
6 --> 2 

* FSM state operations: 

State 1 <SV = 0> <Delay = 1.76>
ST_1 : Operation 7 [1/1] (0.00ns)   --->   "call void (...)* @_ssdm_op_SpecInterface(i8* %p_mask_data_stream_V, [8 x i8]* @ap_fifo_str, i32 0, i32 0, [1 x i8]* @p_str371, i32 0, i32 0, [1 x i8]* @p_str372, [1 x i8]* @p_str373, [1 x i8]* @p_str374, i32 2, i32 2, i32 16, i32 16, [1 x i8]* @p_str375, [1 x i8]* @p_str376)"   --->   Operation 7 'specinterface' <Predicate = true> <Delay = 0.00>
ST_1 : Operation 8 [1/1] (0.00ns)   --->   "call void (...)* @_ssdm_op_SpecInterface(i8* %p_dst_data_stream_2_V, [8 x i8]* @ap_fifo_str, i32 0, i32 0, [1 x i8]* @p_str364, i32 0, i32 0, [1 x i8]* @p_str365, [1 x i8]* @p_str366, [1 x i8]* @p_str367, i32 2, i32 2, i32 16, i32 16, [1 x i8]* @p_str368, [1 x i8]* @p_str369)"   --->   Operation 8 'specinterface' <Predicate = true> <Delay = 0.00>
ST_1 : Operation 9 [1/1] (0.00ns)   --->   "call void (...)* @_ssdm_op_SpecInterface(i8* %p_dst_data_stream_1_V, [8 x i8]* @ap_fifo_str, i32 0, i32 0, [1 x i8]* @p_str357, i32 0, i32 0, [1 x i8]* @p_str358, [1 x i8]* @p_str359, [1 x i8]* @p_str360, i32 2, i32 2, i32 16, i32 16, [1 x i8]* @p_str361, [1 x i8]* @p_str362)"   --->   Operation 9 'specinterface' <Predicate = true> <Delay = 0.00>
ST_1 : Operation 10 [1/1] (0.00ns)   --->   "call void (...)* @_ssdm_op_SpecInterface(i8* %p_dst_data_stream_0_V, [8 x i8]* @ap_fifo_str, i32 0, i32 0, [1 x i8]* @p_str350, i32 0, i32 0, [1 x i8]* @p_str351, [1 x i8]* @p_str352, [1 x i8]* @p_str353, i32 2, i32 2, i32 16, i32 16, [1 x i8]* @p_str354, [1 x i8]* @p_str355)"   --->   Operation 10 'specinterface' <Predicate = true> <Delay = 0.00>
ST_1 : Operation 11 [1/1] (0.00ns)   --->   "call void (...)* @_ssdm_op_SpecInterface(i8* %p_src_data_stream_2_V, [8 x i8]* @ap_fifo_str, i32 0, i32 0, [1 x i8]* @p_str343, i32 0, i32 0, [1 x i8]* @p_str344, [1 x i8]* @p_str345, [1 x i8]* @p_str346, i32 2, i32 2, i32 16, i32 16, [1 x i8]* @p_str347, [1 x i8]* @p_str348)"   --->   Operation 11 'specinterface' <Predicate = true> <Delay = 0.00>
ST_1 : Operation 12 [1/1] (0.00ns)   --->   "call void (...)* @_ssdm_op_SpecInterface(i8* %p_src_data_stream_1_V, [8 x i8]* @ap_fifo_str, i32 0, i32 0, [1 x i8]* @p_str336, i32 0, i32 0, [1 x i8]* @p_str337, [1 x i8]* @p_str338, [1 x i8]* @p_str339, i32 2, i32 2, i32 16, i32 16, [1 x i8]* @p_str340, [1 x i8]* @p_str341)"   --->   Operation 12 'specinterface' <Predicate = true> <Delay = 0.00>
ST_1 : Operation 13 [1/1] (0.00ns)   --->   "call void (...)* @_ssdm_op_SpecInterface(i8* %p_src_data_stream_0_V, [8 x i8]* @ap_fifo_str, i32 0, i32 0, [1 x i8]* @p_str329, i32 0, i32 0, [1 x i8]* @p_str330, [1 x i8]* @p_str331, [1 x i8]* @p_str332, i32 2, i32 2, i32 16, i32 16, [1 x i8]* @p_str333, [1 x i8]* @p_str334)"   --->   Operation 13 'specinterface' <Predicate = true> <Delay = 0.00>
ST_1 : Operation 14 [1/1] (1.76ns)   --->   "br label %0" [C:/Xilinx/Vivado/2019.2/common/technology/autopilot/hls/hls_video_fast.h:472]   --->   Operation 14 'br' <Predicate = true> <Delay = 1.76>

State 2 <SV = 1> <Delay = 2.63>
ST_2 : Operation 15 [1/1] (0.00ns)   --->   "%t_V = phi i9 [ 0, %._crit_edge ], [ %i_V, %loop_height_end ]"   --->   Operation 15 'phi' 't_V' <Predicate = true> <Delay = 0.00>
ST_2 : Operation 16 [1/1] (1.66ns)   --->   "%icmp_ln472 = icmp eq i9 %t_V, -32" [C:/Xilinx/Vivado/2019.2/common/technology/autopilot/hls/hls_video_fast.h:472]   --->   Operation 16 'icmp' 'icmp_ln472' <Predicate = true> <Delay = 1.66> <Core = "Cmp">   --->   Core 25 'Cmp' <Latency = 0> <II = 1> <Delay = 1.66> <FuncUnit> <Opcode : 'icmp'> <InPorts = 2> <OutPorts = 1>
ST_2 : Operation 17 [1/1] (0.00ns)   --->   "call void (...)* @_ssdm_op_SpecLoopTripCount(i64 480, i64 480, i64 480)"   --->   Operation 17 'speclooptripcount' <Predicate = true> <Delay = 0.00>
ST_2 : Operation 18 [1/1] (1.82ns)   --->   "%i_V = add i9 %t_V, 1" [C:/Xilinx/Vivado/2019.2/common/technology/autopilot/hls/hls_video_fast.h:472]   --->   Operation 18 'add' 'i_V' <Predicate = true> <Delay = 1.82> <Core = "AddSub">   --->   Core 14 'AddSub' <Latency = 0> <II = 1> <Delay = 1.82> <FuncUnit> <Opcode : 'add' 'sub'> <InPorts = 2> <OutPorts = 1>
ST_2 : Operation 19 [1/1] (0.00ns)   --->   "br i1 %icmp_ln472, label %2, label %loop_height_begin" [C:/Xilinx/Vivado/2019.2/common/technology/autopilot/hls/hls_video_fast.h:472]   --->   Operation 19 'br' <Predicate = true> <Delay = 0.00>
ST_2 : Operation 20 [1/1] (0.00ns)   --->   "call void (...)* @_ssdm_op_SpecLoopName([12 x i8]* @p_str13) nounwind" [C:/Xilinx/Vivado/2019.2/common/technology/autopilot/hls/hls_video_fast.h:472]   --->   Operation 20 'specloopname' <Predicate = (!icmp_ln472)> <Delay = 0.00>
ST_2 : Operation 21 [1/1] (0.00ns)   --->   "%tmp_8 = call i32 (...)* @_ssdm_op_SpecRegionBegin([12 x i8]* @p_str13)" [C:/Xilinx/Vivado/2019.2/common/technology/autopilot/hls/hls_video_fast.h:472]   --->   Operation 21 'specregionbegin' 'tmp_8' <Predicate = (!icmp_ln472)> <Delay = 0.00>
ST_2 : Operation 22 [1/1] (1.76ns)   --->   "br label %1" [C:/Xilinx/Vivado/2019.2/common/technology/autopilot/hls/hls_video_fast.h:473]   --->   Operation 22 'br' <Predicate = (!icmp_ln472)> <Delay = 1.76>
ST_2 : Operation 23 [1/1] (0.00ns)   --->   "ret void" [C:/Xilinx/Vivado/2019.2/common/technology/autopilot/hls/hls_video_fast.h:489]   --->   Operation 23 'ret' <Predicate = (icmp_ln472)> <Delay = 0.00>

State 3 <SV = 2> <Delay = 1.77>
ST_3 : Operation 24 [1/1] (0.00ns)   --->   "%t_V_1 = phi i10 [ 0, %loop_height_begin ], [ %j_V, %loop_width_begin ]"   --->   Operation 24 'phi' 't_V_1' <Predicate = true> <Delay = 0.00>
ST_3 : Operation 25 [1/1] (1.77ns)   --->   "%icmp_ln473 = icmp eq i10 %t_V_1, -384" [C:/Xilinx/Vivado/2019.2/common/technology/autopilot/hls/hls_video_fast.h:473]   --->   Operation 25 'icmp' 'icmp_ln473' <Predicate = true> <Delay = 1.77> <Core = "Cmp">   --->   Core 25 'Cmp' <Latency = 0> <II = 1> <Delay = 1.66> <FuncUnit> <Opcode : 'icmp'> <InPorts = 2> <OutPorts = 1>
ST_3 : Operation 26 [1/1] (0.00ns)   --->   "call void (...)* @_ssdm_op_SpecLoopTripCount(i64 640, i64 640, i64 640)"   --->   Operation 26 'speclooptripcount' <Predicate = true> <Delay = 0.00>
ST_3 : Operation 27 [1/1] (1.73ns)   --->   "%j_V = add i10 %t_V_1, 1" [C:/Xilinx/Vivado/2019.2/common/technology/autopilot/hls/hls_video_fast.h:473]   --->   Operation 27 'add' 'j_V' <Predicate = true> <Delay = 1.73> <Core = "AddSub">   --->   Core 14 'AddSub' <Latency = 0> <II = 1> <Delay = 1.82> <FuncUnit> <Opcode : 'add' 'sub'> <InPorts = 2> <OutPorts = 1>
ST_3 : Operation 28 [1/1] (0.00ns)   --->   "br i1 %icmp_ln473, label %loop_height_end, label %loop_width_begin" [C:/Xilinx/Vivado/2019.2/common/technology/autopilot/hls/hls_video_fast.h:473]   --->   Operation 28 'br' <Predicate = true> <Delay = 0.00>

State 4 <SV = 3> <Delay = 6.43>
ST_4 : Operation 29 [1/1] (0.00ns)   --->   "%tmp_s = call i32 (...)* @_ssdm_op_SpecRegionBegin([12 x i8]* @p_str18)" [C:/Xilinx/Vivado/2019.2/common/technology/autopilot/hls/hls_video_core.h:672->C:/Xilinx/Vivado/2019.2/common/technology/autopilot/hls/hls_video_core.h:711->C:/Xilinx/Vivado/2019.2/common/technology/autopilot/hls/hls_video_fast.h:476]   --->   Operation 29 'specregionbegin' 'tmp_s' <Predicate = (!icmp_ln473)> <Delay = 0.00>
ST_4 : Operation 30 [1/1] (0.00ns)   --->   "call void (...)* @_ssdm_op_SpecProtocol(i32 0, [1 x i8]* @p_str3) nounwind" [C:/Xilinx/Vivado/2019.2/common/technology/autopilot/hls/hls_video_core.h:676->C:/Xilinx/Vivado/2019.2/common/technology/autopilot/hls/hls_video_core.h:711->C:/Xilinx/Vivado/2019.2/common/technology/autopilot/hls/hls_video_fast.h:476]   --->   Operation 30 'specprotocol' <Predicate = (!icmp_ln473)> <Delay = 0.00>
ST_4 : Operation 31 [1/1] (3.63ns)   --->   "%tmp_7 = call i8 @_ssdm_op_Read.ap_fifo.volatile.i8P(i8* %p_src_data_stream_0_V)" [C:/Xilinx/Vivado/2019.2/common/technology/autopilot/hls/hls_video_core.h:679->C:/Xilinx/Vivado/2019.2/common/technology/autopilot/hls/hls_video_core.h:711->C:/Xilinx/Vivado/2019.2/common/technology/autopilot/hls/hls_video_fast.h:476]   --->   Operation 31 'read' 'tmp_7' <Predicate = (!icmp_ln473)> <Delay = 3.63> <Core = "FIFO">   --->   Core 32 'FIFO' <Latency = 0> <II = 1> <Delay = 3.63> <Storage> <Opcode : 'read' 'write' 'nbread' 'nbwrite'> <Ports = 0> <Width = 8> <Depth = 2> <FIFO>
ST_4 : Operation 32 [1/1] (3.63ns)   --->   "%tmp_10 = call i8 @_ssdm_op_Read.ap_fifo.volatile.i8P(i8* %p_src_data_stream_1_V)" [C:/Xilinx/Vivado/2019.2/common/technology/autopilot/hls/hls_video_core.h:679->C:/Xilinx/Vivado/2019.2/common/technology/autopilot/hls/hls_video_core.h:711->C:/Xilinx/Vivado/2019.2/common/technology/autopilot/hls/hls_video_fast.h:476]   --->   Operation 32 'read' 'tmp_10' <Predicate = (!icmp_ln473)> <Delay = 3.63> <Core = "FIFO">   --->   Core 32 'FIFO' <Latency = 0> <II = 1> <Delay = 3.63> <Storage> <Opcode : 'read' 'write' 'nbread' 'nbwrite'> <Ports = 0> <Width = 8> <Depth = 2> <FIFO>
ST_4 : Operation 33 [1/1] (3.63ns)   --->   "%tmp = call i8 @_ssdm_op_Read.ap_fifo.volatile.i8P(i8* %p_src_data_stream_2_V)" [C:/Xilinx/Vivado/2019.2/common/technology/autopilot/hls/hls_video_core.h:679->C:/Xilinx/Vivado/2019.2/common/technology/autopilot/hls/hls_video_core.h:711->C:/Xilinx/Vivado/2019.2/common/technology/autopilot/hls/hls_video_fast.h:476]   --->   Operation 33 'read' 'tmp' <Predicate = (!icmp_ln473)> <Delay = 3.63> <Core = "FIFO">   --->   Core 32 'FIFO' <Latency = 0> <II = 1> <Delay = 3.63> <Storage> <Opcode : 'read' 'write' 'nbread' 'nbwrite'> <Ports = 0> <Width = 8> <Depth = 2> <FIFO>
ST_4 : Operation 34 [1/1] (0.00ns)   --->   "%empty = call i32 (...)* @_ssdm_op_SpecRegionEnd([12 x i8]* @p_str18, i32 %tmp_s)" [C:/Xilinx/Vivado/2019.2/common/technology/autopilot/hls/hls_video_core.h:681->C:/Xilinx/Vivado/2019.2/common/technology/autopilot/hls/hls_video_core.h:711->C:/Xilinx/Vivado/2019.2/common/technology/autopilot/hls/hls_video_fast.h:476]   --->   Operation 34 'specregionend' 'empty' <Predicate = (!icmp_ln473)> <Delay = 0.00>
ST_4 : Operation 35 [1/1] (0.00ns)   --->   "%tmp_2 = call i32 (...)* @_ssdm_op_SpecRegionBegin([12 x i8]* @p_str24)" [C:/Xilinx/Vivado/2019.2/common/technology/autopilot/hls/hls_video_core.h:672->C:/Xilinx/Vivado/2019.2/common/technology/autopilot/hls/hls_video_core.h:711->C:/Xilinx/Vivado/2019.2/common/technology/autopilot/hls/hls_video_fast.h:477]   --->   Operation 35 'specregionbegin' 'tmp_2' <Predicate = (!icmp_ln473)> <Delay = 0.00>
ST_4 : Operation 36 [1/1] (0.00ns)   --->   "call void (...)* @_ssdm_op_SpecProtocol(i32 0, [1 x i8]* @p_str3) nounwind" [C:/Xilinx/Vivado/2019.2/common/technology/autopilot/hls/hls_video_core.h:676->C:/Xilinx/Vivado/2019.2/common/technology/autopilot/hls/hls_video_core.h:711->C:/Xilinx/Vivado/2019.2/common/technology/autopilot/hls/hls_video_fast.h:477]   --->   Operation 36 'specprotocol' <Predicate = (!icmp_ln473)> <Delay = 0.00>
ST_4 : Operation 37 [1/1] (3.63ns)   --->   "%tmp_1 = call i8 @_ssdm_op_Read.ap_fifo.volatile.i8P(i8* %p_mask_data_stream_V)" [C:/Xilinx/Vivado/2019.2/common/technology/autopilot/hls/hls_video_core.h:679->C:/Xilinx/Vivado/2019.2/common/technology/autopilot/hls/hls_video_core.h:711->C:/Xilinx/Vivado/2019.2/common/technology/autopilot/hls/hls_video_fast.h:477]   --->   Operation 37 'read' 'tmp_1' <Predicate = (!icmp_ln473)> <Delay = 3.63> <Core = "FIFO">   --->   Core 32 'FIFO' <Latency = 0> <II = 1> <Delay = 3.63> <Storage> <Opcode : 'read' 'write' 'nbread' 'nbwrite'> <Ports = 0> <Width = 8> <Depth = 2> <FIFO>
ST_4 : Operation 38 [1/1] (0.00ns)   --->   "%empty_67 = call i32 (...)* @_ssdm_op_SpecRegionEnd([12 x i8]* @p_str24, i32 %tmp_2)" [C:/Xilinx/Vivado/2019.2/common/technology/autopilot/hls/hls_video_core.h:681->C:/Xilinx/Vivado/2019.2/common/technology/autopilot/hls/hls_video_core.h:711->C:/Xilinx/Vivado/2019.2/common/technology/autopilot/hls/hls_video_fast.h:477]   --->   Operation 38 'specregionend' 'empty_67' <Predicate = (!icmp_ln473)> <Delay = 0.00>
ST_4 : Operation 39 [1/1] (1.55ns)   --->   "%icmp_ln478 = icmp eq i8 %tmp_1, 0" [C:/Xilinx/Vivado/2019.2/common/technology/autopilot/hls/hls_video_fast.h:478]   --->   Operation 39 'icmp' 'icmp_ln478' <Predicate = (!icmp_ln473)> <Delay = 1.55> <Core = "Cmp">   --->   Core 25 'Cmp' <Latency = 0> <II = 1> <Delay = 1.66> <FuncUnit> <Opcode : 'icmp'> <InPorts = 2> <OutPorts = 1>
ST_4 : Operation 40 [1/1] (1.24ns)   --->   "%tmp_4 = select i1 %icmp_ln478, i8 %tmp_7, i8 25" [C:/Xilinx/Vivado/2019.2/common/technology/autopilot/hls/hls_video_fast.h:478]   --->   Operation 40 'select' 'tmp_4' <Predicate = (!icmp_ln473)> <Delay = 1.24> <Core = "Sel">   --->   Core 26 'Sel' <Latency = 0> <II = 1> <Delay = 1.24> <FuncUnit> <Opcode : 'select'> <InPorts = 3> <OutPorts = 1>
ST_4 : Operation 41 [1/1] (1.24ns)   --->   "%tmp_5 = select i1 %icmp_ln478, i8 %tmp_10, i8 25" [C:/Xilinx/Vivado/2019.2/common/technology/autopilot/hls/hls_video_fast.h:478]   --->   Operation 41 'select' 'tmp_5' <Predicate = (!icmp_ln473)> <Delay = 1.24> <Core = "Sel">   --->   Core 26 'Sel' <Latency = 0> <II = 1> <Delay = 1.24> <FuncUnit> <Opcode : 'select'> <InPorts = 3> <OutPorts = 1>
ST_4 : Operation 42 [1/1] (1.24ns)   --->   "%tmp_6 = select i1 %icmp_ln478, i8 %tmp, i8 50" [C:/Xilinx/Vivado/2019.2/common/technology/autopilot/hls/hls_video_fast.h:478]   --->   Operation 42 'select' 'tmp_6' <Predicate = (!icmp_ln473)> <Delay = 1.24> <Core = "Sel">   --->   Core 26 'Sel' <Latency = 0> <II = 1> <Delay = 1.24> <FuncUnit> <Opcode : 'select'> <InPorts = 3> <OutPorts = 1>

State 5 <SV = 4> <Delay = 3.63>
ST_5 : Operation 43 [1/1] (0.00ns)   --->   "call void (...)* @_ssdm_op_SpecLoopName([11 x i8]* @p_str14) nounwind" [C:/Xilinx/Vivado/2019.2/common/technology/autopilot/hls/hls_video_fast.h:473]   --->   Operation 43 'specloopname' <Predicate = (!icmp_ln473)> <Delay = 0.00>
ST_5 : Operation 44 [1/1] (0.00ns)   --->   "%tmp_9 = call i32 (...)* @_ssdm_op_SpecRegionBegin([11 x i8]* @p_str14)" [C:/Xilinx/Vivado/2019.2/common/technology/autopilot/hls/hls_video_fast.h:473]   --->   Operation 44 'specregionbegin' 'tmp_9' <Predicate = (!icmp_ln473)> <Delay = 0.00>
ST_5 : Operation 45 [1/1] (0.00ns)   --->   "call void (...)* @_ssdm_op_SpecPipeline(i32 1, i32 1, i32 1, i32 0, [1 x i8]* @p_str3) nounwind" [C:/Xilinx/Vivado/2019.2/common/technology/autopilot/hls/hls_video_fast.h:475]   --->   Operation 45 'specpipeline' <Predicate = (!icmp_ln473)> <Delay = 0.00>
ST_5 : Operation 46 [1/1] (0.00ns)   --->   "%tmp_3 = call i32 (...)* @_ssdm_op_SpecRegionBegin([12 x i8]* @p_str22)" [C:/Xilinx/Vivado/2019.2/common/technology/autopilot/hls/hls_video_core.h:696->C:/Xilinx/Vivado/2019.2/common/technology/autopilot/hls/hls_video_core.h:717->C:/Xilinx/Vivado/2019.2/common/technology/autopilot/hls/hls_video_fast.h:486]   --->   Operation 46 'specregionbegin' 'tmp_3' <Predicate = (!icmp_ln473)> <Delay = 0.00>
ST_5 : Operation 47 [1/1] (0.00ns)   --->   "call void (...)* @_ssdm_op_SpecProtocol(i32 0, [1 x i8]* @p_str3) nounwind" [C:/Xilinx/Vivado/2019.2/common/technology/autopilot/hls/hls_video_core.h:700->C:/Xilinx/Vivado/2019.2/common/technology/autopilot/hls/hls_video_core.h:717->C:/Xilinx/Vivado/2019.2/common/technology/autopilot/hls/hls_video_fast.h:486]   --->   Operation 47 'specprotocol' <Predicate = (!icmp_ln473)> <Delay = 0.00>
ST_5 : Operation 48 [1/1] (3.63ns)   --->   "call void @_ssdm_op_Write.ap_fifo.volatile.i8P(i8* %p_dst_data_stream_0_V, i8 %tmp_4)" [C:/Xilinx/Vivado/2019.2/common/technology/autopilot/hls/hls_video_core.h:703->C:/Xilinx/Vivado/2019.2/common/technology/autopilot/hls/hls_video_core.h:717->C:/Xilinx/Vivado/2019.2/common/technology/autopilot/hls/hls_video_fast.h:486]   --->   Operation 48 'write' <Predicate = (!icmp_ln473)> <Delay = 3.63> <Core = "FIFO">   --->   Core 32 'FIFO' <Latency = 0> <II = 1> <Delay = 3.63> <Storage> <Opcode : 'read' 'write' 'nbread' 'nbwrite'> <Ports = 0> <Width = 8> <Depth = 2> <FIFO>
ST_5 : Operation 49 [1/1] (3.63ns)   --->   "call void @_ssdm_op_Write.ap_fifo.volatile.i8P(i8* %p_dst_data_stream_1_V, i8 %tmp_5)" [C:/Xilinx/Vivado/2019.2/common/technology/autopilot/hls/hls_video_core.h:703->C:/Xilinx/Vivado/2019.2/common/technology/autopilot/hls/hls_video_core.h:717->C:/Xilinx/Vivado/2019.2/common/technology/autopilot/hls/hls_video_fast.h:486]   --->   Operation 49 'write' <Predicate = (!icmp_ln473)> <Delay = 3.63> <Core = "FIFO">   --->   Core 32 'FIFO' <Latency = 0> <II = 1> <Delay = 3.63> <Storage> <Opcode : 'read' 'write' 'nbread' 'nbwrite'> <Ports = 0> <Width = 8> <Depth = 2> <FIFO>
ST_5 : Operation 50 [1/1] (3.63ns)   --->   "call void @_ssdm_op_Write.ap_fifo.volatile.i8P(i8* %p_dst_data_stream_2_V, i8 %tmp_6)" [C:/Xilinx/Vivado/2019.2/common/technology/autopilot/hls/hls_video_core.h:703->C:/Xilinx/Vivado/2019.2/common/technology/autopilot/hls/hls_video_core.h:717->C:/Xilinx/Vivado/2019.2/common/technology/autopilot/hls/hls_video_fast.h:486]   --->   Operation 50 'write' <Predicate = (!icmp_ln473)> <Delay = 3.63> <Core = "FIFO">   --->   Core 32 'FIFO' <Latency = 0> <II = 1> <Delay = 3.63> <Storage> <Opcode : 'read' 'write' 'nbread' 'nbwrite'> <Ports = 0> <Width = 8> <Depth = 2> <FIFO>
ST_5 : Operation 51 [1/1] (0.00ns)   --->   "%empty_68 = call i32 (...)* @_ssdm_op_SpecRegionEnd([12 x i8]* @p_str22, i32 %tmp_3)" [C:/Xilinx/Vivado/2019.2/common/technology/autopilot/hls/hls_video_core.h:705->C:/Xilinx/Vivado/2019.2/common/technology/autopilot/hls/hls_video_core.h:717->C:/Xilinx/Vivado/2019.2/common/technology/autopilot/hls/hls_video_fast.h:486]   --->   Operation 51 'specregionend' 'empty_68' <Predicate = (!icmp_ln473)> <Delay = 0.00>
ST_5 : Operation 52 [1/1] (0.00ns)   --->   "%empty_69 = call i32 (...)* @_ssdm_op_SpecRegionEnd([11 x i8]* @p_str14, i32 %tmp_9)" [C:/Xilinx/Vivado/2019.2/common/technology/autopilot/hls/hls_video_fast.h:487]   --->   Operation 52 'specregionend' 'empty_69' <Predicate = (!icmp_ln473)> <Delay = 0.00>
ST_5 : Operation 53 [1/1] (0.00ns)   --->   "br label %1" [C:/Xilinx/Vivado/2019.2/common/technology/autopilot/hls/hls_video_fast.h:473]   --->   Operation 53 'br' <Predicate = (!icmp_ln473)> <Delay = 0.00>

State 6 <SV = 3> <Delay = 0.00>
ST_6 : Operation 54 [1/1] (0.00ns)   --->   "%empty_70 = call i32 (...)* @_ssdm_op_SpecRegionEnd([12 x i8]* @p_str13, i32 %tmp_8)" [C:/Xilinx/Vivado/2019.2/common/technology/autopilot/hls/hls_video_fast.h:488]   --->   Operation 54 'specregionend' 'empty_70' <Predicate = true> <Delay = 0.00>
ST_6 : Operation 55 [1/1] (0.00ns)   --->   "br label %0" [C:/Xilinx/Vivado/2019.2/common/technology/autopilot/hls/hls_video_fast.h:472]   --->   Operation 55 'br' <Predicate = true> <Delay = 0.00>


============================================================
+ Verbose Summary: Timing violations
============================================================
Target clock period: 10ns, clock uncertainty: 1.25ns.

 <State 1>: 1.77ns
The critical path consists of the following:
	multiplexor before 'phi' operation ('i.V') with incoming values : ('i.V', C:/Xilinx/Vivado/2019.2/common/technology/autopilot/hls/hls_video_fast.h:472) [17]  (1.77 ns)

 <State 2>: 2.64ns
The critical path consists of the following:
	'icmp' operation ('icmp_ln472', C:/Xilinx/Vivado/2019.2/common/technology/autopilot/hls/hls_video_fast.h:472) [18]  (1.66 ns)
	blocking operation 0.978 ns on control path)

 <State 3>: 1.77ns
The critical path consists of the following:
	'phi' operation ('j.V') with incoming values : ('j.V', C:/Xilinx/Vivado/2019.2/common/technology/autopilot/hls/hls_video_fast.h:473) [27]  (0 ns)
	'icmp' operation ('icmp_ln473', C:/Xilinx/Vivado/2019.2/common/technology/autopilot/hls/hls_video_fast.h:473) [28]  (1.77 ns)

 <State 4>: 6.43ns
The critical path consists of the following:
	fifo read on port 'p_mask_data_stream_V' (C:/Xilinx/Vivado/2019.2/common/technology/autopilot/hls/hls_video_core.h:679->C:/Xilinx/Vivado/2019.2/common/technology/autopilot/hls/hls_video_core.h:711->C:/Xilinx/Vivado/2019.2/common/technology/autopilot/hls/hls_video_fast.h:477) [44]  (3.63 ns)
	'icmp' operation ('icmp_ln478', C:/Xilinx/Vivado/2019.2/common/technology/autopilot/hls/hls_video_fast.h:478) [46]  (1.55 ns)
	'select' operation ('tmp', C:/Xilinx/Vivado/2019.2/common/technology/autopilot/hls/hls_video_fast.h:478) [47]  (1.25 ns)

 <State 5>: 3.63ns
The critical path consists of the following:
	fifo write on port 'p_dst_data_stream_0_V' (C:/Xilinx/Vivado/2019.2/common/technology/autopilot/hls/hls_video_core.h:703->C:/Xilinx/Vivado/2019.2/common/technology/autopilot/hls/hls_video_core.h:717->C:/Xilinx/Vivado/2019.2/common/technology/autopilot/hls/hls_video_fast.h:486) [52]  (3.63 ns)

 <State 6>: 0ns
The critical path consists of the following:


============================================================
+ Verbose Summary: Binding
============================================================
N/A
* FSMD analyzer results:
  - Output states:
 - Input state : 
  - Chain level:
	State 1
	State 2
	State 3
	State 4
	State 5
	State 6


============================================================
+ Verbose Summary: Datapath Resource usage 
============================================================
N/A
