#-----------------------------------------------------------
# xsim v2019.2 (64-bit)
# SW Build 2708876 on Wed Nov  6 21:40:23 MST 2019
# IP Build 2700528 on Thu Nov  7 00:09:20 MST 2019
# Start of session at: Tue Oct  3 14:15:43 2023
# Process ID: 6848
# Current directory: C:/Users/ap576391/Documents/Brost/mire/mire/sim/vhdl
# Command line: xsim.exe -mode tcl -source {xsim.dir/mire/xsim_script.tcl}
# Log file: C:/Users/ap576391/Documents/Brost/mire/mire/sim/vhdl/xsim.log
# Journal file: C:/Users/ap576391/Documents/Brost/mire/mire/sim/vhdl\xsim.jou
#-----------------------------------------------------------
source xsim.dir/mire/xsim_script.tcl
# xsim {mire} -autoloadwcfg -tclbatch {mire.tcl}
Vivado Simulator 2019.2
Time resolution is 1 ps
source mire.tcl
## run all
Note: simulation done!
Time: 6153795 ns  Iteration: 1  Process: /apatb_mire_top/generate_sim_done_proc  File: C:/Users/ap576391/Documents/Brost/mire/mire/sim/vhdl/mire.autotb.vhd
Failure: NORMAL EXIT (note: failure is to force the simulator to stop)
Time: 6153795 ns  Iteration: 1  Process: /apatb_mire_top/generate_sim_done_proc  File: C:/Users/ap576391/Documents/Brost/mire/mire/sim/vhdl/mire.autotb.vhd
$finish called at time : 6153795 ns
run: Time (s): cpu = 00:00:00 ; elapsed = 00:00:15 . Memory (MB): peak = 223.590 ; gain = 0.000
## quit
INFO: [Common 17-206] Exiting xsim at Tue Oct  3 14:16:06 2023...
