

================================================================
== Vivado HLS Report for 'broad'
================================================================
* Date:           Wed Feb 23 16:29:59 2022

* Version:        2019.2 (Build 2704478 on Wed Nov 06 22:10:23 MST 2019)
* Project:        broad
* Solution:       solution1
* Product family: zynq
* Target device:  xc7z020-clg484-1


================================================================
== Performance Estimates
================================================================
+ Timing: 
    * Summary: 
    +--------+----------+----------+------------+
    |  Clock |  Target  | Estimated| Uncertainty|
    +--------+----------+----------+------------+
    |ap_clk  | 10.00 ns | 8.510 ns |   1.25 ns  |
    +--------+----------+----------+------------+

+ Latency: 
    * Summary: 
    +---------+---------+----------+----------+-----+-----+---------+
    |  Latency (cycles) |  Latency (absolute) |  Interval | Pipeline|
    |   min   |   max   |    min   |    max   | min | max |   Type  |
    +---------+---------+----------+----------+-----+-----+---------+
    |        ?|        ?|         ?|         ?|    ?|    ?|   none  |
    +---------+---------+----------+----------+-----+-----+---------+

    + Detail: 
        * Instance: 
        N/A

        * Loop: 
        +----------+---------+---------+----------+-----------+-----------+------+----------+
        |          |  Latency (cycles) | Iteration|  Initiation Interval  | Trip |          |
        | Loop Name|   min   |   max   |  Latency |  achieved |   target  | Count| Pipelined|
        +----------+---------+---------+----------+-----------+-----------+------+----------+
        |- Loop 1  |        ?|        ?|         3|          1|          1|     ?|    yes   |
        +----------+---------+---------+----------+-----------+-----------+------+----------+

============================================================
+ Verbose Summary: Synthesis Manager
============================================================
InlineROM: 1
ExposeGlobal: 0
============================================================
+ Verbose Summary: CDFG Model
============================================================
IsTopModel: 1
ResetActiveHigh: 1
IsCombinational: 0
IsDatapathOnly: 0
HasWiredReturn: 1
HasMFsm: 0
HasVarLatency: 1
IsPipeline: 0
IsRtlPipelined: 0
IsInstanceOverlapped: 0
IsDontTouch: 0
HasImplIP: 0
IsGatedGlobalClock: 0

+ Individual pipeline summary: 
  * Pipeline-0: initiation interval (II) = 1, depth = 3


============================================================
+ Verbose Summary: Schedule
============================================================
* Number of FSM states : 5
* Pipeline : 1
  Pipeline-0 : II = 1, D = 3, States = { 2 3 4 }
* Dataflow Pipeline: 0

* FSM state transitions: 
1 --> 2 
2 --> 5 3 
3 --> 4 
4 --> 2 
5 --> 

* FSM state operations: 

State 1 <SV = 0> <Delay = 8.51>
ST_1 : Operation 6 [1/1] (0.00ns)   --->   "call void (...)* @_ssdm_op_SpecBitsMap(i8* %s_axis_video_V_data_V), !map !40"   --->   Operation 6 'specbitsmap' <Predicate = true> <Delay = 0.00>
ST_1 : Operation 7 [1/1] (0.00ns)   --->   "call void (...)* @_ssdm_op_SpecBitsMap(i1* %s_axis_video_V_keep_V), !map !44"   --->   Operation 7 'specbitsmap' <Predicate = true> <Delay = 0.00>
ST_1 : Operation 8 [1/1] (0.00ns)   --->   "call void (...)* @_ssdm_op_SpecBitsMap(i1* %s_axis_video_V_strb_V), !map !48"   --->   Operation 8 'specbitsmap' <Predicate = true> <Delay = 0.00>
ST_1 : Operation 9 [1/1] (0.00ns)   --->   "call void (...)* @_ssdm_op_SpecBitsMap(i1* %s_axis_video_V_user_V), !map !52"   --->   Operation 9 'specbitsmap' <Predicate = true> <Delay = 0.00>
ST_1 : Operation 10 [1/1] (0.00ns)   --->   "call void (...)* @_ssdm_op_SpecBitsMap(i1* %s_axis_video_V_last_V), !map !56"   --->   Operation 10 'specbitsmap' <Predicate = true> <Delay = 0.00>
ST_1 : Operation 11 [1/1] (0.00ns)   --->   "call void (...)* @_ssdm_op_SpecBitsMap(i1* %s_axis_video_V_id_V), !map !60"   --->   Operation 11 'specbitsmap' <Predicate = true> <Delay = 0.00>
ST_1 : Operation 12 [1/1] (0.00ns)   --->   "call void (...)* @_ssdm_op_SpecBitsMap(i1* %s_axis_video_V_dest_V), !map !64"   --->   Operation 12 'specbitsmap' <Predicate = true> <Delay = 0.00>
ST_1 : Operation 13 [1/1] (0.00ns)   --->   "call void (...)* @_ssdm_op_SpecBitsMap(i8* %m0_axis_video_V_data_V), !map !68"   --->   Operation 13 'specbitsmap' <Predicate = true> <Delay = 0.00>
ST_1 : Operation 14 [1/1] (0.00ns)   --->   "call void (...)* @_ssdm_op_SpecBitsMap(i1* %m0_axis_video_V_keep_V), !map !72"   --->   Operation 14 'specbitsmap' <Predicate = true> <Delay = 0.00>
ST_1 : Operation 15 [1/1] (0.00ns)   --->   "call void (...)* @_ssdm_op_SpecBitsMap(i1* %m0_axis_video_V_strb_V), !map !76"   --->   Operation 15 'specbitsmap' <Predicate = true> <Delay = 0.00>
ST_1 : Operation 16 [1/1] (0.00ns)   --->   "call void (...)* @_ssdm_op_SpecBitsMap(i1* %m0_axis_video_V_user_V), !map !80"   --->   Operation 16 'specbitsmap' <Predicate = true> <Delay = 0.00>
ST_1 : Operation 17 [1/1] (0.00ns)   --->   "call void (...)* @_ssdm_op_SpecBitsMap(i1* %m0_axis_video_V_last_V), !map !84"   --->   Operation 17 'specbitsmap' <Predicate = true> <Delay = 0.00>
ST_1 : Operation 18 [1/1] (0.00ns)   --->   "call void (...)* @_ssdm_op_SpecBitsMap(i1* %m0_axis_video_V_id_V), !map !88"   --->   Operation 18 'specbitsmap' <Predicate = true> <Delay = 0.00>
ST_1 : Operation 19 [1/1] (0.00ns)   --->   "call void (...)* @_ssdm_op_SpecBitsMap(i1* %m0_axis_video_V_dest_V), !map !92"   --->   Operation 19 'specbitsmap' <Predicate = true> <Delay = 0.00>
ST_1 : Operation 20 [1/1] (0.00ns)   --->   "call void (...)* @_ssdm_op_SpecBitsMap(i8* %m1_axis_video_V_data_V), !map !96"   --->   Operation 20 'specbitsmap' <Predicate = true> <Delay = 0.00>
ST_1 : Operation 21 [1/1] (0.00ns)   --->   "call void (...)* @_ssdm_op_SpecBitsMap(i1* %m1_axis_video_V_keep_V), !map !100"   --->   Operation 21 'specbitsmap' <Predicate = true> <Delay = 0.00>
ST_1 : Operation 22 [1/1] (0.00ns)   --->   "call void (...)* @_ssdm_op_SpecBitsMap(i1* %m1_axis_video_V_strb_V), !map !104"   --->   Operation 22 'specbitsmap' <Predicate = true> <Delay = 0.00>
ST_1 : Operation 23 [1/1] (0.00ns)   --->   "call void (...)* @_ssdm_op_SpecBitsMap(i1* %m1_axis_video_V_user_V), !map !108"   --->   Operation 23 'specbitsmap' <Predicate = true> <Delay = 0.00>
ST_1 : Operation 24 [1/1] (0.00ns)   --->   "call void (...)* @_ssdm_op_SpecBitsMap(i1* %m1_axis_video_V_last_V), !map !112"   --->   Operation 24 'specbitsmap' <Predicate = true> <Delay = 0.00>
ST_1 : Operation 25 [1/1] (0.00ns)   --->   "call void (...)* @_ssdm_op_SpecBitsMap(i1* %m1_axis_video_V_id_V), !map !116"   --->   Operation 25 'specbitsmap' <Predicate = true> <Delay = 0.00>
ST_1 : Operation 26 [1/1] (0.00ns)   --->   "call void (...)* @_ssdm_op_SpecBitsMap(i1* %m1_axis_video_V_dest_V), !map !120"   --->   Operation 26 'specbitsmap' <Predicate = true> <Delay = 0.00>
ST_1 : Operation 27 [1/1] (0.00ns)   --->   "call void (...)* @_ssdm_op_SpecBitsMap(i32 %hsize_in), !map !124"   --->   Operation 27 'specbitsmap' <Predicate = true> <Delay = 0.00>
ST_1 : Operation 28 [1/1] (0.00ns)   --->   "call void (...)* @_ssdm_op_SpecBitsMap(i32 %vsize_in), !map !130"   --->   Operation 28 'specbitsmap' <Predicate = true> <Delay = 0.00>
ST_1 : Operation 29 [1/1] (0.00ns)   --->   "call void (...)* @_ssdm_op_SpecTopModule([6 x i8]* @broad_str) nounwind"   --->   Operation 29 'spectopmodule' <Predicate = true> <Delay = 0.00>
ST_1 : Operation 30 [1/1] (0.00ns)   --->   "%vsize_in_read = call i32 @_ssdm_op_Read.ap_auto.i32(i32 %vsize_in)"   --->   Operation 30 'read' 'vsize_in_read' <Predicate = true> <Delay = 0.00>
ST_1 : Operation 31 [1/1] (0.00ns)   --->   "%hsize_in_read = call i32 @_ssdm_op_Read.ap_auto.i32(i32 %hsize_in)"   --->   Operation 31 'read' 'hsize_in_read' <Predicate = true> <Delay = 0.00>
ST_1 : Operation 32 [1/1] (0.00ns)   --->   "call void (...)* @_ssdm_op_SpecInterface(i8* %s_axis_video_V_data_V, i1* %s_axis_video_V_keep_V, i1* %s_axis_video_V_strb_V, i1* %s_axis_video_V_user_V, i1* %s_axis_video_V_last_V, i1* %s_axis_video_V_id_V, i1* %s_axis_video_V_dest_V, [5 x i8]* @p_str, i32 1, i32 1, [5 x i8]* @p_str1, i32 0, i32 0, [1 x i8]* @p_str2, [1 x i8]* @p_str2, [1 x i8]* @p_str2, i32 0, i32 0, i32 0, i32 0, [1 x i8]* @p_str2, [1 x i8]* @p_str2) nounwind" [broad/broad.cpp:7]   --->   Operation 32 'specinterface' <Predicate = true> <Delay = 0.00>
ST_1 : Operation 33 [1/1] (0.00ns)   --->   "call void (...)* @_ssdm_op_SpecInterface(i8* %m0_axis_video_V_data_V, i1* %m0_axis_video_V_keep_V, i1* %m0_axis_video_V_strb_V, i1* %m0_axis_video_V_user_V, i1* %m0_axis_video_V_last_V, i1* %m0_axis_video_V_id_V, i1* %m0_axis_video_V_dest_V, [5 x i8]* @p_str, i32 1, i32 1, [5 x i8]* @p_str1, i32 0, i32 0, [1 x i8]* @p_str2, [1 x i8]* @p_str2, [1 x i8]* @p_str2, i32 0, i32 0, i32 0, i32 0, [1 x i8]* @p_str2, [1 x i8]* @p_str2) nounwind" [broad/broad.cpp:8]   --->   Operation 33 'specinterface' <Predicate = true> <Delay = 0.00>
ST_1 : Operation 34 [1/1] (0.00ns)   --->   "call void (...)* @_ssdm_op_SpecInterface(i8* %m1_axis_video_V_data_V, i1* %m1_axis_video_V_keep_V, i1* %m1_axis_video_V_strb_V, i1* %m1_axis_video_V_user_V, i1* %m1_axis_video_V_last_V, i1* %m1_axis_video_V_id_V, i1* %m1_axis_video_V_dest_V, [5 x i8]* @p_str, i32 1, i32 1, [5 x i8]* @p_str1, i32 0, i32 0, [1 x i8]* @p_str2, [1 x i8]* @p_str2, [1 x i8]* @p_str2, i32 0, i32 0, i32 0, i32 0, [1 x i8]* @p_str2, [1 x i8]* @p_str2) nounwind" [broad/broad.cpp:9]   --->   Operation 34 'specinterface' <Predicate = true> <Delay = 0.00>
ST_1 : Operation 35 [1/1] (0.00ns)   --->   "%cast = zext i32 %vsize_in_read to i64"   --->   Operation 35 'zext' 'cast' <Predicate = true> <Delay = 0.00>
ST_1 : Operation 36 [1/1] (0.00ns)   --->   "%cast1 = zext i32 %hsize_in_read to i64"   --->   Operation 36 'zext' 'cast1' <Predicate = true> <Delay = 0.00>
ST_1 : Operation 37 [1/1] (8.51ns)   --->   "%bound = mul i64 %cast1, %cast"   --->   Operation 37 'mul' 'bound' <Predicate = true> <Delay = 8.51> <Core = "Mul">   --->   Core 16 'Mul' <Latency = 0> <II = 1> <Delay = 8.51> <FuncUnit> <Opcode : 'mul'> <InPorts = 2> <OutPorts = 1>
ST_1 : Operation 38 [1/1] (1.76ns)   --->   "br label %1" [broad/broad.cpp:13]   --->   Operation 38 'br' <Predicate = true> <Delay = 1.76>

State 2 <SV = 1> <Delay = 3.52>
ST_2 : Operation 39 [1/1] (0.00ns)   --->   "%indvar_flatten = phi i64 [ 0, %0 ], [ %add_ln13, %.reset ]" [broad/broad.cpp:13]   --->   Operation 39 'phi' 'indvar_flatten' <Predicate = true> <Delay = 0.00>
ST_2 : Operation 40 [1/1] (0.00ns)   --->   "call void (...)* @_ssdm_op_SpecPipeline(i32 -1, i32 1, i32 1, i32 0, [1 x i8]* @p_str2) nounwind" [broad/broad.cpp:15]   --->   Operation 40 'specpipeline' <Predicate = true> <Delay = 0.00>
ST_2 : Operation 41 [1/1] (2.77ns)   --->   "%icmp_ln13 = icmp eq i64 %indvar_flatten, %bound" [broad/broad.cpp:13]   --->   Operation 41 'icmp' 'icmp_ln13' <Predicate = true> <Delay = 2.77> <Core = "Cmp">   --->   Core 25 'Cmp' <Latency = 0> <II = 1> <Delay = 2.77> <FuncUnit> <Opcode : 'icmp'> <InPorts = 2> <OutPorts = 1>
ST_2 : Operation 42 [1/1] (3.52ns)   --->   "%add_ln13 = add i64 %indvar_flatten, 1" [broad/broad.cpp:13]   --->   Operation 42 'add' 'add_ln13' <Predicate = true> <Delay = 3.52> <Core = "AddSub">   --->   Core 14 'AddSub' <Latency = 0> <II = 1> <Delay = 3.52> <FuncUnit> <Opcode : 'add' 'sub'> <InPorts = 2> <OutPorts = 1>
ST_2 : Operation 43 [1/1] (0.00ns)   --->   "br i1 %icmp_ln13, label %2, label %.reset" [broad/broad.cpp:13]   --->   Operation 43 'br' <Predicate = true> <Delay = 0.00>
ST_2 : Operation 44 [1/1] (0.00ns)   --->   "%empty = call { i8, i1, i1, i1, i1, i1, i1 } @_ssdm_op_Read.axis.volatile.i8P.i1P.i1P.i1P.i1P.i1P.i1P(i8* %s_axis_video_V_data_V, i1* %s_axis_video_V_keep_V, i1* %s_axis_video_V_strb_V, i1* %s_axis_video_V_user_V, i1* %s_axis_video_V_last_V, i1* %s_axis_video_V_id_V, i1* %s_axis_video_V_dest_V)" [broad/broad.cpp:19]   --->   Operation 44 'read' 'empty' <Predicate = (!icmp_ln13)> <Delay = 0.00> <Core = "AXI4Stream">   --->   Core 5 'AXI4Stream' <Latency = 0> <II = 1> <Delay = 1.00> <Adapter> <Opcode : >
ST_2 : Operation 45 [1/1] (0.00ns)   --->   "%tmp_data_V = extractvalue { i8, i1, i1, i1, i1, i1, i1 } %empty, 0" [broad/broad.cpp:19]   --->   Operation 45 'extractvalue' 'tmp_data_V' <Predicate = (!icmp_ln13)> <Delay = 0.00>
ST_2 : Operation 46 [1/1] (0.00ns)   --->   "%tmp_keep_V = extractvalue { i8, i1, i1, i1, i1, i1, i1 } %empty, 1" [broad/broad.cpp:19]   --->   Operation 46 'extractvalue' 'tmp_keep_V' <Predicate = (!icmp_ln13)> <Delay = 0.00>
ST_2 : Operation 47 [1/1] (0.00ns)   --->   "%tmp_strb_V = extractvalue { i8, i1, i1, i1, i1, i1, i1 } %empty, 2" [broad/broad.cpp:19]   --->   Operation 47 'extractvalue' 'tmp_strb_V' <Predicate = (!icmp_ln13)> <Delay = 0.00>
ST_2 : Operation 48 [1/1] (0.00ns)   --->   "%tmp_user_V = extractvalue { i8, i1, i1, i1, i1, i1, i1 } %empty, 3" [broad/broad.cpp:19]   --->   Operation 48 'extractvalue' 'tmp_user_V' <Predicate = (!icmp_ln13)> <Delay = 0.00>
ST_2 : Operation 49 [1/1] (0.00ns)   --->   "%tmp_last_V = extractvalue { i8, i1, i1, i1, i1, i1, i1 } %empty, 4" [broad/broad.cpp:19]   --->   Operation 49 'extractvalue' 'tmp_last_V' <Predicate = (!icmp_ln13)> <Delay = 0.00>
ST_2 : Operation 50 [1/1] (0.00ns)   --->   "%tmp_id_V = extractvalue { i8, i1, i1, i1, i1, i1, i1 } %empty, 5" [broad/broad.cpp:19]   --->   Operation 50 'extractvalue' 'tmp_id_V' <Predicate = (!icmp_ln13)> <Delay = 0.00>
ST_2 : Operation 51 [1/1] (0.00ns)   --->   "%tmp_dest_V = extractvalue { i8, i1, i1, i1, i1, i1, i1 } %empty, 6" [broad/broad.cpp:19]   --->   Operation 51 'extractvalue' 'tmp_dest_V' <Predicate = (!icmp_ln13)> <Delay = 0.00>

State 3 <SV = 2> <Delay = 0.00>
ST_3 : Operation 52 [2/2] (0.00ns)   --->   "call void @_ssdm_op_Write.axis.volatile.i8P.i1P.i1P.i1P.i1P.i1P.i1P(i8* %m0_axis_video_V_data_V, i1* %m0_axis_video_V_keep_V, i1* %m0_axis_video_V_strb_V, i1* %m0_axis_video_V_user_V, i1* %m0_axis_video_V_last_V, i1* %m0_axis_video_V_id_V, i1* %m0_axis_video_V_dest_V, i8 %tmp_data_V, i1 %tmp_keep_V, i1 %tmp_strb_V, i1 %tmp_user_V, i1 %tmp_last_V, i1 %tmp_id_V, i1 %tmp_dest_V)" [broad/broad.cpp:24]   --->   Operation 52 'write' <Predicate = (!icmp_ln13)> <Delay = 0.00> <Core = "AXI4Stream">   --->   Core 5 'AXI4Stream' <Latency = 0> <II = 1> <Delay = 1.00> <Adapter> <Opcode : >
ST_3 : Operation 53 [2/2] (0.00ns)   --->   "call void @_ssdm_op_Write.axis.volatile.i8P.i1P.i1P.i1P.i1P.i1P.i1P(i8* %m1_axis_video_V_data_V, i1* %m1_axis_video_V_keep_V, i1* %m1_axis_video_V_strb_V, i1* %m1_axis_video_V_user_V, i1* %m1_axis_video_V_last_V, i1* %m1_axis_video_V_id_V, i1* %m1_axis_video_V_dest_V, i8 %tmp_data_V, i1 %tmp_keep_V, i1 %tmp_strb_V, i1 %tmp_user_V, i1 %tmp_last_V, i1 %tmp_id_V, i1 %tmp_dest_V)" [broad/broad.cpp:25]   --->   Operation 53 'write' <Predicate = (!icmp_ln13)> <Delay = 0.00> <Core = "AXI4Stream">   --->   Core 5 'AXI4Stream' <Latency = 0> <II = 1> <Delay = 1.00> <Adapter> <Opcode : >

State 4 <SV = 3> <Delay = 0.00>
ST_4 : Operation 54 [1/1] (0.00ns)   --->   "call void (...)* @_ssdm_op_SpecPipeline(i32 -1, i32 1, i32 1, i32 0, [1 x i8]* @p_str2) nounwind" [broad/broad.cpp:15]   --->   Operation 54 'specpipeline' <Predicate = (!icmp_ln13)> <Delay = 0.00>
ST_4 : Operation 55 [1/1] (0.00ns)   --->   "call void (...)* @_ssdm_op_SpecPipeline(i32 -1, i32 1, i32 1, i32 0, [1 x i8]* @p_str2) nounwind" [broad/broad.cpp:15]   --->   Operation 55 'specpipeline' <Predicate = (!icmp_ln13)> <Delay = 0.00>
ST_4 : Operation 56 [1/2] (0.00ns)   --->   "call void @_ssdm_op_Write.axis.volatile.i8P.i1P.i1P.i1P.i1P.i1P.i1P(i8* %m0_axis_video_V_data_V, i1* %m0_axis_video_V_keep_V, i1* %m0_axis_video_V_strb_V, i1* %m0_axis_video_V_user_V, i1* %m0_axis_video_V_last_V, i1* %m0_axis_video_V_id_V, i1* %m0_axis_video_V_dest_V, i8 %tmp_data_V, i1 %tmp_keep_V, i1 %tmp_strb_V, i1 %tmp_user_V, i1 %tmp_last_V, i1 %tmp_id_V, i1 %tmp_dest_V)" [broad/broad.cpp:24]   --->   Operation 56 'write' <Predicate = (!icmp_ln13)> <Delay = 0.00> <Core = "AXI4Stream">   --->   Core 5 'AXI4Stream' <Latency = 0> <II = 1> <Delay = 1.00> <Adapter> <Opcode : >
ST_4 : Operation 57 [1/2] (0.00ns)   --->   "call void @_ssdm_op_Write.axis.volatile.i8P.i1P.i1P.i1P.i1P.i1P.i1P(i8* %m1_axis_video_V_data_V, i1* %m1_axis_video_V_keep_V, i1* %m1_axis_video_V_strb_V, i1* %m1_axis_video_V_user_V, i1* %m1_axis_video_V_last_V, i1* %m1_axis_video_V_id_V, i1* %m1_axis_video_V_dest_V, i8 %tmp_data_V, i1 %tmp_keep_V, i1 %tmp_strb_V, i1 %tmp_user_V, i1 %tmp_last_V, i1 %tmp_id_V, i1 %tmp_dest_V)" [broad/broad.cpp:25]   --->   Operation 57 'write' <Predicate = (!icmp_ln13)> <Delay = 0.00> <Core = "AXI4Stream">   --->   Core 5 'AXI4Stream' <Latency = 0> <II = 1> <Delay = 1.00> <Adapter> <Opcode : >
ST_4 : Operation 58 [1/1] (0.00ns)   --->   "br label %1" [broad/broad.cpp:16]   --->   Operation 58 'br' <Predicate = (!icmp_ln13)> <Delay = 0.00>

State 5 <SV = 2> <Delay = 0.00>
ST_5 : Operation 59 [1/1] (0.00ns)   --->   "ret void" [broad/broad.cpp:31]   --->   Operation 59 'ret' <Predicate = true> <Delay = 0.00>


============================================================
+ Verbose Summary: Binding
============================================================
STG Binding: 
---------------- STG Properties BEGIN ----------------
- Is combinational: 0
- Is one-state seq: 0
- Is datapath-only: 0
- Is pipelined: 0
- Is top level: 1
Port [ Return ] is wired: 1; IO mode=ap_ctrl_hs:ce=0
Port [ s_axis_video_V_data_V]:  wired=1; compound=1; hidden=0; nouse=0; global=0; static=0; extern=0; dir=0; type=0; pingpong=0; private_global=0; IO mode=axis:ce=0
Port [ s_axis_video_V_keep_V]:  wired=1; compound=1; hidden=0; nouse=0; global=0; static=0; extern=0; dir=0; type=0; pingpong=0; private_global=0; IO mode=axis:ce=0
Port [ s_axis_video_V_strb_V]:  wired=1; compound=1; hidden=0; nouse=0; global=0; static=0; extern=0; dir=0; type=0; pingpong=0; private_global=0; IO mode=axis:ce=0
Port [ s_axis_video_V_user_V]:  wired=1; compound=1; hidden=0; nouse=0; global=0; static=0; extern=0; dir=0; type=0; pingpong=0; private_global=0; IO mode=axis:ce=0
Port [ s_axis_video_V_last_V]:  wired=1; compound=1; hidden=0; nouse=0; global=0; static=0; extern=0; dir=0; type=0; pingpong=0; private_global=0; IO mode=axis:ce=0
Port [ s_axis_video_V_id_V]:  wired=1; compound=1; hidden=0; nouse=0; global=0; static=0; extern=0; dir=0; type=0; pingpong=0; private_global=0; IO mode=axis:ce=0
Port [ s_axis_video_V_dest_V]:  wired=1; compound=1; hidden=0; nouse=0; global=0; static=0; extern=0; dir=0; type=0; pingpong=0; private_global=0; IO mode=axis:ce=0
Port [ m0_axis_video_V_data_V]:  wired=1; compound=1; hidden=0; nouse=0; global=0; static=0; extern=0; dir=1; type=0; pingpong=0; private_global=0; IO mode=axis:ce=0
Port [ m0_axis_video_V_keep_V]:  wired=1; compound=1; hidden=0; nouse=0; global=0; static=0; extern=0; dir=1; type=0; pingpong=0; private_global=0; IO mode=axis:ce=0
Port [ m0_axis_video_V_strb_V]:  wired=1; compound=1; hidden=0; nouse=0; global=0; static=0; extern=0; dir=1; type=0; pingpong=0; private_global=0; IO mode=axis:ce=0
Port [ m0_axis_video_V_user_V]:  wired=1; compound=1; hidden=0; nouse=0; global=0; static=0; extern=0; dir=1; type=0; pingpong=0; private_global=0; IO mode=axis:ce=0
Port [ m0_axis_video_V_last_V]:  wired=1; compound=1; hidden=0; nouse=0; global=0; static=0; extern=0; dir=1; type=0; pingpong=0; private_global=0; IO mode=axis:ce=0
Port [ m0_axis_video_V_id_V]:  wired=1; compound=1; hidden=0; nouse=0; global=0; static=0; extern=0; dir=1; type=0; pingpong=0; private_global=0; IO mode=axis:ce=0
Port [ m0_axis_video_V_dest_V]:  wired=1; compound=1; hidden=0; nouse=0; global=0; static=0; extern=0; dir=1; type=0; pingpong=0; private_global=0; IO mode=axis:ce=0
Port [ m1_axis_video_V_data_V]:  wired=1; compound=1; hidden=0; nouse=0; global=0; static=0; extern=0; dir=1; type=0; pingpong=0; private_global=0; IO mode=axis:ce=0
Port [ m1_axis_video_V_keep_V]:  wired=1; compound=1; hidden=0; nouse=0; global=0; static=0; extern=0; dir=1; type=0; pingpong=0; private_global=0; IO mode=axis:ce=0
Port [ m1_axis_video_V_strb_V]:  wired=1; compound=1; hidden=0; nouse=0; global=0; static=0; extern=0; dir=1; type=0; pingpong=0; private_global=0; IO mode=axis:ce=0
Port [ m1_axis_video_V_user_V]:  wired=1; compound=1; hidden=0; nouse=0; global=0; static=0; extern=0; dir=1; type=0; pingpong=0; private_global=0; IO mode=axis:ce=0
Port [ m1_axis_video_V_last_V]:  wired=1; compound=1; hidden=0; nouse=0; global=0; static=0; extern=0; dir=1; type=0; pingpong=0; private_global=0; IO mode=axis:ce=0
Port [ m1_axis_video_V_id_V]:  wired=1; compound=1; hidden=0; nouse=0; global=0; static=0; extern=0; dir=1; type=0; pingpong=0; private_global=0; IO mode=axis:ce=0
Port [ m1_axis_video_V_dest_V]:  wired=1; compound=1; hidden=0; nouse=0; global=0; static=0; extern=0; dir=1; type=0; pingpong=0; private_global=0; IO mode=axis:ce=0
Port [ hsize_in]:  wired=1; compound=0; hidden=0; nouse=0; global=0; static=0; extern=0; dir=0; type=0; pingpong=0; private_global=0; IO mode=ap_none:ce=0
Port [ vsize_in]:  wired=1; compound=0; hidden=0; nouse=0; global=0; static=0; extern=0; dir=0; type=0; pingpong=0; private_global=0; IO mode=ap_none:ce=0
---------------- STG Properties END ------------------

---------------- Datapath Model BEGIN ----------------

<LifeTime>
<method=bitvector/>
specbitsmap_ln0   (specbitsmap  ) [ 000000]
specbitsmap_ln0   (specbitsmap  ) [ 000000]
specbitsmap_ln0   (specbitsmap  ) [ 000000]
specbitsmap_ln0   (specbitsmap  ) [ 000000]
specbitsmap_ln0   (specbitsmap  ) [ 000000]
specbitsmap_ln0   (specbitsmap  ) [ 000000]
specbitsmap_ln0   (specbitsmap  ) [ 000000]
specbitsmap_ln0   (specbitsmap  ) [ 000000]
specbitsmap_ln0   (specbitsmap  ) [ 000000]
specbitsmap_ln0   (specbitsmap  ) [ 000000]
specbitsmap_ln0   (specbitsmap  ) [ 000000]
specbitsmap_ln0   (specbitsmap  ) [ 000000]
specbitsmap_ln0   (specbitsmap  ) [ 000000]
specbitsmap_ln0   (specbitsmap  ) [ 000000]
specbitsmap_ln0   (specbitsmap  ) [ 000000]
specbitsmap_ln0   (specbitsmap  ) [ 000000]
specbitsmap_ln0   (specbitsmap  ) [ 000000]
specbitsmap_ln0   (specbitsmap  ) [ 000000]
specbitsmap_ln0   (specbitsmap  ) [ 000000]
specbitsmap_ln0   (specbitsmap  ) [ 000000]
specbitsmap_ln0   (specbitsmap  ) [ 000000]
specbitsmap_ln0   (specbitsmap  ) [ 000000]
specbitsmap_ln0   (specbitsmap  ) [ 000000]
spectopmodule_ln0 (spectopmodule) [ 000000]
vsize_in_read     (read         ) [ 000000]
hsize_in_read     (read         ) [ 000000]
specinterface_ln7 (specinterface) [ 000000]
specinterface_ln8 (specinterface) [ 000000]
specinterface_ln9 (specinterface) [ 000000]
cast              (zext         ) [ 000000]
cast1             (zext         ) [ 000000]
bound             (mul          ) [ 001110]
br_ln13           (br           ) [ 011110]
indvar_flatten    (phi          ) [ 001000]
specpipeline_ln15 (specpipeline ) [ 000000]
icmp_ln13         (icmp         ) [ 001110]
add_ln13          (add          ) [ 011110]
br_ln13           (br           ) [ 000000]
empty             (read         ) [ 000000]
tmp_data_V        (extractvalue ) [ 001110]
tmp_keep_V        (extractvalue ) [ 001110]
tmp_strb_V        (extractvalue ) [ 001110]
tmp_user_V        (extractvalue ) [ 001110]
tmp_last_V        (extractvalue ) [ 001110]
tmp_id_V          (extractvalue ) [ 001110]
tmp_dest_V        (extractvalue ) [ 001110]
specpipeline_ln15 (specpipeline ) [ 000000]
specpipeline_ln15 (specpipeline ) [ 000000]
write_ln24        (write        ) [ 000000]
write_ln25        (write        ) [ 000000]
br_ln16           (br           ) [ 011110]
ret_ln31          (ret          ) [ 000000]
</LifeTime>

<model>

<comp_list>
<comp id="0" class="1000" name="s_axis_video_V_data_V">
<pin_list>
<pin id="1" dir="1" index="0" bw="1" slack="0"/>
</pin_list>
<bind>
<StgValue><ssdm name="s_axis_video_V_data_V"/></StgValue>
</bind>
</comp>

<comp id="2" class="1000" name="s_axis_video_V_keep_V">
<pin_list>
<pin id="3" dir="1" index="0" bw="1" slack="0"/>
</pin_list>
<bind>
<StgValue><ssdm name="s_axis_video_V_keep_V"/></StgValue>
</bind>
</comp>

<comp id="4" class="1000" name="s_axis_video_V_strb_V">
<pin_list>
<pin id="5" dir="1" index="0" bw="1" slack="0"/>
</pin_list>
<bind>
<StgValue><ssdm name="s_axis_video_V_strb_V"/></StgValue>
</bind>
</comp>

<comp id="6" class="1000" name="s_axis_video_V_user_V">
<pin_list>
<pin id="7" dir="1" index="0" bw="1" slack="0"/>
</pin_list>
<bind>
<StgValue><ssdm name="s_axis_video_V_user_V"/></StgValue>
</bind>
</comp>

<comp id="8" class="1000" name="s_axis_video_V_last_V">
<pin_list>
<pin id="9" dir="1" index="0" bw="1" slack="0"/>
</pin_list>
<bind>
<StgValue><ssdm name="s_axis_video_V_last_V"/></StgValue>
</bind>
</comp>

<comp id="10" class="1000" name="s_axis_video_V_id_V">
<pin_list>
<pin id="11" dir="1" index="0" bw="1" slack="0"/>
</pin_list>
<bind>
<StgValue><ssdm name="s_axis_video_V_id_V"/></StgValue>
</bind>
</comp>

<comp id="12" class="1000" name="s_axis_video_V_dest_V">
<pin_list>
<pin id="13" dir="1" index="0" bw="1" slack="0"/>
</pin_list>
<bind>
<StgValue><ssdm name="s_axis_video_V_dest_V"/></StgValue>
</bind>
</comp>

<comp id="14" class="1000" name="m0_axis_video_V_data_V">
<pin_list>
<pin id="15" dir="1" index="0" bw="1" slack="0"/>
</pin_list>
<bind>
<StgValue><ssdm name="m0_axis_video_V_data_V"/></StgValue>
</bind>
</comp>

<comp id="16" class="1000" name="m0_axis_video_V_keep_V">
<pin_list>
<pin id="17" dir="1" index="0" bw="1" slack="0"/>
</pin_list>
<bind>
<StgValue><ssdm name="m0_axis_video_V_keep_V"/></StgValue>
</bind>
</comp>

<comp id="18" class="1000" name="m0_axis_video_V_strb_V">
<pin_list>
<pin id="19" dir="1" index="0" bw="1" slack="0"/>
</pin_list>
<bind>
<StgValue><ssdm name="m0_axis_video_V_strb_V"/></StgValue>
</bind>
</comp>

<comp id="20" class="1000" name="m0_axis_video_V_user_V">
<pin_list>
<pin id="21" dir="1" index="0" bw="1" slack="0"/>
</pin_list>
<bind>
<StgValue><ssdm name="m0_axis_video_V_user_V"/></StgValue>
</bind>
</comp>

<comp id="22" class="1000" name="m0_axis_video_V_last_V">
<pin_list>
<pin id="23" dir="1" index="0" bw="1" slack="0"/>
</pin_list>
<bind>
<StgValue><ssdm name="m0_axis_video_V_last_V"/></StgValue>
</bind>
</comp>

<comp id="24" class="1000" name="m0_axis_video_V_id_V">
<pin_list>
<pin id="25" dir="1" index="0" bw="1" slack="0"/>
</pin_list>
<bind>
<StgValue><ssdm name="m0_axis_video_V_id_V"/></StgValue>
</bind>
</comp>

<comp id="26" class="1000" name="m0_axis_video_V_dest_V">
<pin_list>
<pin id="27" dir="1" index="0" bw="1" slack="0"/>
</pin_list>
<bind>
<StgValue><ssdm name="m0_axis_video_V_dest_V"/></StgValue>
</bind>
</comp>

<comp id="28" class="1000" name="m1_axis_video_V_data_V">
<pin_list>
<pin id="29" dir="1" index="0" bw="1" slack="0"/>
</pin_list>
<bind>
<StgValue><ssdm name="m1_axis_video_V_data_V"/></StgValue>
</bind>
</comp>

<comp id="30" class="1000" name="m1_axis_video_V_keep_V">
<pin_list>
<pin id="31" dir="1" index="0" bw="1" slack="0"/>
</pin_list>
<bind>
<StgValue><ssdm name="m1_axis_video_V_keep_V"/></StgValue>
</bind>
</comp>

<comp id="32" class="1000" name="m1_axis_video_V_strb_V">
<pin_list>
<pin id="33" dir="1" index="0" bw="1" slack="0"/>
</pin_list>
<bind>
<StgValue><ssdm name="m1_axis_video_V_strb_V"/></StgValue>
</bind>
</comp>

<comp id="34" class="1000" name="m1_axis_video_V_user_V">
<pin_list>
<pin id="35" dir="1" index="0" bw="1" slack="0"/>
</pin_list>
<bind>
<StgValue><ssdm name="m1_axis_video_V_user_V"/></StgValue>
</bind>
</comp>

<comp id="36" class="1000" name="m1_axis_video_V_last_V">
<pin_list>
<pin id="37" dir="1" index="0" bw="1" slack="0"/>
</pin_list>
<bind>
<StgValue><ssdm name="m1_axis_video_V_last_V"/></StgValue>
</bind>
</comp>

<comp id="38" class="1000" name="m1_axis_video_V_id_V">
<pin_list>
<pin id="39" dir="1" index="0" bw="1" slack="0"/>
</pin_list>
<bind>
<StgValue><ssdm name="m1_axis_video_V_id_V"/></StgValue>
</bind>
</comp>

<comp id="40" class="1000" name="m1_axis_video_V_dest_V">
<pin_list>
<pin id="41" dir="1" index="0" bw="1" slack="0"/>
</pin_list>
<bind>
<StgValue><ssdm name="m1_axis_video_V_dest_V"/></StgValue>
</bind>
</comp>

<comp id="42" class="1000" name="hsize_in">
<pin_list>
<pin id="43" dir="1" index="0" bw="1" slack="0"/>
</pin_list>
<bind>
<StgValue><ssdm name="hsize_in"/></StgValue>
</bind>
</comp>

<comp id="44" class="1000" name="vsize_in">
<pin_list>
<pin id="45" dir="1" index="0" bw="1" slack="0"/>
</pin_list>
<bind>
<StgValue><ssdm name="vsize_in"/></StgValue>
</bind>
</comp>

<comp id="46" class="1001" name="const_46">
<pin_list>
<pin id="47" dir="1" index="0" bw="1" slack="2147483647"/>
</pin_list>
<bind>
<StgValue><ssdm name="_ssdm_op_SpecBitsMap"/></StgValue>
</bind>
</comp>

<comp id="48" class="1001" name="const_48">
<pin_list>
<pin id="49" dir="1" index="0" bw="1" slack="2147483647"/>
</pin_list>
<bind>
<StgValue><ssdm name="_ssdm_op_SpecTopModule"/></StgValue>
</bind>
</comp>

<comp id="50" class="1001" name="const_50">
<pin_list>
<pin id="51" dir="1" index="0" bw="1" slack="2147483647"/>
</pin_list>
<bind>
<StgValue><ssdm name="broad_str"/></StgValue>
</bind>
</comp>

<comp id="52" class="1001" name="const_52">
<pin_list>
<pin id="53" dir="1" index="0" bw="1" slack="0"/>
</pin_list>
<bind>
<StgValue><ssdm name="_ssdm_op_Read.ap_auto.i32"/></StgValue>
</bind>
</comp>

<comp id="54" class="1001" name="const_54">
<pin_list>
<pin id="55" dir="1" index="0" bw="1" slack="2147483647"/>
</pin_list>
<bind>
<StgValue><ssdm name="_ssdm_op_SpecInterface"/></StgValue>
</bind>
</comp>

<comp id="56" class="1001" name="const_56">
<pin_list>
<pin id="57" dir="1" index="0" bw="1" slack="2147483647"/>
</pin_list>
<bind>
<StgValue><ssdm name="p_str"/></StgValue>
</bind>
</comp>

<comp id="58" class="1001" name="const_58">
<pin_list>
<pin id="59" dir="1" index="0" bw="1" slack="2147483647"/>
</pin_list>
<bind>
<StgValue><ssdm name=""/></StgValue>
</bind>
</comp>

<comp id="60" class="1001" name="const_60">
<pin_list>
<pin id="61" dir="1" index="0" bw="1" slack="2147483647"/>
</pin_list>
<bind>
<StgValue><ssdm name="p_str1"/></StgValue>
</bind>
</comp>

<comp id="62" class="1001" name="const_62">
<pin_list>
<pin id="63" dir="1" index="0" bw="1" slack="2147483647"/>
</pin_list>
<bind>
<StgValue><ssdm name=""/></StgValue>
</bind>
</comp>

<comp id="64" class="1001" name="const_64">
<pin_list>
<pin id="65" dir="1" index="0" bw="1" slack="2147483647"/>
</pin_list>
<bind>
<StgValue><ssdm name="p_str2"/></StgValue>
</bind>
</comp>

<comp id="66" class="1001" name="const_66">
<pin_list>
<pin id="67" dir="1" index="0" bw="1" slack="1"/>
</pin_list>
<bind>
<StgValue><ssdm name=""/></StgValue>
</bind>
</comp>

<comp id="68" class="1001" name="const_68">
<pin_list>
<pin id="69" dir="1" index="0" bw="1" slack="2147483647"/>
</pin_list>
<bind>
<StgValue><ssdm name="_ssdm_op_SpecPipeline"/></StgValue>
</bind>
</comp>

<comp id="70" class="1001" name="const_70">
<pin_list>
<pin id="71" dir="1" index="0" bw="1" slack="2147483647"/>
</pin_list>
<bind>
<StgValue><ssdm name=""/></StgValue>
</bind>
</comp>

<comp id="72" class="1001" name="const_72">
<pin_list>
<pin id="73" dir="1" index="0" bw="1" slack="0"/>
</pin_list>
<bind>
<StgValue><ssdm name=""/></StgValue>
</bind>
</comp>

<comp id="74" class="1001" name="const_74">
<pin_list>
<pin id="75" dir="1" index="0" bw="1" slack="0"/>
</pin_list>
<bind>
<StgValue><ssdm name="_ssdm_op_Read.axis.volatile.i8P.i1P.i1P.i1P.i1P.i1P.i1P"/></StgValue>
</bind>
</comp>

<comp id="76" class="1001" name="const_76">
<pin_list>
<pin id="77" dir="1" index="0" bw="1" slack="0"/>
</pin_list>
<bind>
<StgValue><ssdm name="_ssdm_op_Write.axis.volatile.i8P.i1P.i1P.i1P.i1P.i1P.i1P"/></StgValue>
</bind>
</comp>

<comp id="78" class="1004" name="vsize_in_read_read_fu_78">
<pin_list>
<pin id="79" dir="0" index="0" bw="32" slack="0"/>
<pin id="80" dir="0" index="1" bw="32" slack="0"/>
<pin id="81" dir="1" index="2" bw="32" slack="0"/>
</pin_list>
<bind>
<opcode="read(1150) " fcode="read"/>
<opset="vsize_in_read/1 "/>
</bind>
</comp>

<comp id="84" class="1004" name="hsize_in_read_read_fu_84">
<pin_list>
<pin id="85" dir="0" index="0" bw="32" slack="0"/>
<pin id="86" dir="0" index="1" bw="32" slack="0"/>
<pin id="87" dir="1" index="2" bw="32" slack="0"/>
</pin_list>
<bind>
<opcode="read(1150) " fcode="read"/>
<opset="hsize_in_read/1 "/>
</bind>
</comp>

<comp id="90" class="1004" name="empty_read_fu_90">
<pin_list>
<pin id="91" dir="0" index="0" bw="14" slack="0"/>
<pin id="92" dir="0" index="1" bw="8" slack="0"/>
<pin id="93" dir="0" index="2" bw="1" slack="0"/>
<pin id="94" dir="0" index="3" bw="1" slack="0"/>
<pin id="95" dir="0" index="4" bw="1" slack="0"/>
<pin id="96" dir="0" index="5" bw="1" slack="0"/>
<pin id="97" dir="0" index="6" bw="1" slack="0"/>
<pin id="98" dir="0" index="7" bw="1" slack="0"/>
<pin id="99" dir="1" index="8" bw="14" slack="0"/>
</pin_list>
<bind>
<opcode="read(1150) " fcode="read"/>
<opset="empty/2 "/>
</bind>
</comp>

<comp id="108" class="1004" name="grp_write_fu_108">
<pin_list>
<pin id="109" dir="0" index="0" bw="0" slack="0"/>
<pin id="110" dir="0" index="1" bw="8" slack="0"/>
<pin id="111" dir="0" index="2" bw="1" slack="0"/>
<pin id="112" dir="0" index="3" bw="1" slack="0"/>
<pin id="113" dir="0" index="4" bw="1" slack="0"/>
<pin id="114" dir="0" index="5" bw="1" slack="0"/>
<pin id="115" dir="0" index="6" bw="1" slack="0"/>
<pin id="116" dir="0" index="7" bw="1" slack="0"/>
<pin id="117" dir="0" index="8" bw="8" slack="1"/>
<pin id="118" dir="0" index="9" bw="1" slack="1"/>
<pin id="119" dir="0" index="10" bw="1" slack="1"/>
<pin id="120" dir="0" index="11" bw="1" slack="1"/>
<pin id="121" dir="0" index="12" bw="1" slack="1"/>
<pin id="122" dir="0" index="13" bw="1" slack="1"/>
<pin id="123" dir="0" index="14" bw="1" slack="1"/>
<pin id="124" dir="1" index="15" bw="0" slack="2147483647"/>
</pin_list>
<bind>
<opcode="write(1151) " fcode="write"/>
<opset="write_ln24/3 "/>
</bind>
</comp>

<comp id="133" class="1004" name="grp_write_fu_133">
<pin_list>
<pin id="134" dir="0" index="0" bw="0" slack="0"/>
<pin id="135" dir="0" index="1" bw="8" slack="0"/>
<pin id="136" dir="0" index="2" bw="1" slack="0"/>
<pin id="137" dir="0" index="3" bw="1" slack="0"/>
<pin id="138" dir="0" index="4" bw="1" slack="0"/>
<pin id="139" dir="0" index="5" bw="1" slack="0"/>
<pin id="140" dir="0" index="6" bw="1" slack="0"/>
<pin id="141" dir="0" index="7" bw="1" slack="0"/>
<pin id="142" dir="0" index="8" bw="8" slack="1"/>
<pin id="143" dir="0" index="9" bw="1" slack="1"/>
<pin id="144" dir="0" index="10" bw="1" slack="1"/>
<pin id="145" dir="0" index="11" bw="1" slack="1"/>
<pin id="146" dir="0" index="12" bw="1" slack="1"/>
<pin id="147" dir="0" index="13" bw="1" slack="1"/>
<pin id="148" dir="0" index="14" bw="1" slack="1"/>
<pin id="149" dir="1" index="15" bw="0" slack="2147483647"/>
</pin_list>
<bind>
<opcode="write(1151) " fcode="write"/>
<opset="write_ln25/3 "/>
</bind>
</comp>

<comp id="158" class="1005" name="indvar_flatten_reg_158">
<pin_list>
<pin id="159" dir="0" index="0" bw="64" slack="1"/>
<pin id="160" dir="1" index="1" bw="64" slack="1"/>
</pin_list>
<bind>
<opset="indvar_flatten (phireg) "/>
</bind>
</comp>

<comp id="162" class="1004" name="indvar_flatten_phi_fu_162">
<pin_list>
<pin id="163" dir="0" index="0" bw="1" slack="1"/>
<pin id="164" dir="0" index="1" bw="0" slack="2147483647"/>
<pin id="165" dir="0" index="2" bw="64" slack="0"/>
<pin id="166" dir="0" index="3" bw="0" slack="2147483647"/>
<pin id="167" dir="1" index="4" bw="64" slack="0"/>
</pin_list>
<bind>
<opcode="phi(47) " fcode="phi"/>
<opset="indvar_flatten/2 "/>
</bind>
</comp>

<comp id="169" class="1004" name="cast_fu_169">
<pin_list>
<pin id="170" dir="0" index="0" bw="32" slack="0"/>
<pin id="171" dir="1" index="1" bw="64" slack="0"/>
</pin_list>
<bind>
<opcode="zext(34) " fcode="zext"/>
<opset="cast/1 "/>
</bind>
</comp>

<comp id="173" class="1004" name="cast1_fu_173">
<pin_list>
<pin id="174" dir="0" index="0" bw="32" slack="0"/>
<pin id="175" dir="1" index="1" bw="64" slack="0"/>
</pin_list>
<bind>
<opcode="zext(34) " fcode="zext"/>
<opset="cast1/1 "/>
</bind>
</comp>

<comp id="177" class="1004" name="bound_fu_177">
<pin_list>
<pin id="178" dir="0" index="0" bw="32" slack="0"/>
<pin id="179" dir="0" index="1" bw="32" slack="0"/>
<pin id="180" dir="1" index="2" bw="64" slack="1"/>
</pin_list>
<bind>
<opcode="mul(12) " fcode="mul"/>
<opset="bound/1 "/>
</bind>
</comp>

<comp id="183" class="1004" name="icmp_ln13_fu_183">
<pin_list>
<pin id="184" dir="0" index="0" bw="64" slack="0"/>
<pin id="185" dir="0" index="1" bw="64" slack="1"/>
<pin id="186" dir="1" index="2" bw="1" slack="1"/>
</pin_list>
<bind>
<opcode="icmp(45) " fcode="icmp"/>
<opset="icmp_ln13/2 "/>
</bind>
</comp>

<comp id="188" class="1004" name="add_ln13_fu_188">
<pin_list>
<pin id="189" dir="0" index="0" bw="64" slack="0"/>
<pin id="190" dir="0" index="1" bw="1" slack="0"/>
<pin id="191" dir="1" index="2" bw="64" slack="0"/>
</pin_list>
<bind>
<opcode="add(8) " fcode="add"/>
<opset="add_ln13/2 "/>
</bind>
</comp>

<comp id="194" class="1004" name="tmp_data_V_fu_194">
<pin_list>
<pin id="195" dir="0" index="0" bw="14" slack="0"/>
<pin id="196" dir="1" index="1" bw="8" slack="1"/>
</pin_list>
<bind>
<opcode="extractvalue(56) " fcode="extractvalue"/>
<opset="tmp_data_V/2 "/>
</bind>
</comp>

<comp id="198" class="1004" name="tmp_keep_V_fu_198">
<pin_list>
<pin id="199" dir="0" index="0" bw="14" slack="0"/>
<pin id="200" dir="1" index="1" bw="1" slack="1"/>
</pin_list>
<bind>
<opcode="extractvalue(56) " fcode="extractvalue"/>
<opset="tmp_keep_V/2 "/>
</bind>
</comp>

<comp id="202" class="1004" name="tmp_strb_V_fu_202">
<pin_list>
<pin id="203" dir="0" index="0" bw="14" slack="0"/>
<pin id="204" dir="1" index="1" bw="1" slack="1"/>
</pin_list>
<bind>
<opcode="extractvalue(56) " fcode="extractvalue"/>
<opset="tmp_strb_V/2 "/>
</bind>
</comp>

<comp id="206" class="1004" name="tmp_user_V_fu_206">
<pin_list>
<pin id="207" dir="0" index="0" bw="14" slack="0"/>
<pin id="208" dir="1" index="1" bw="1" slack="1"/>
</pin_list>
<bind>
<opcode="extractvalue(56) " fcode="extractvalue"/>
<opset="tmp_user_V/2 "/>
</bind>
</comp>

<comp id="210" class="1004" name="tmp_last_V_fu_210">
<pin_list>
<pin id="211" dir="0" index="0" bw="14" slack="0"/>
<pin id="212" dir="1" index="1" bw="1" slack="1"/>
</pin_list>
<bind>
<opcode="extractvalue(56) " fcode="extractvalue"/>
<opset="tmp_last_V/2 "/>
</bind>
</comp>

<comp id="214" class="1004" name="tmp_id_V_fu_214">
<pin_list>
<pin id="215" dir="0" index="0" bw="14" slack="0"/>
<pin id="216" dir="1" index="1" bw="1" slack="1"/>
</pin_list>
<bind>
<opcode="extractvalue(56) " fcode="extractvalue"/>
<opset="tmp_id_V/2 "/>
</bind>
</comp>

<comp id="218" class="1004" name="tmp_dest_V_fu_218">
<pin_list>
<pin id="219" dir="0" index="0" bw="14" slack="0"/>
<pin id="220" dir="1" index="1" bw="1" slack="1"/>
</pin_list>
<bind>
<opcode="extractvalue(56) " fcode="extractvalue"/>
<opset="tmp_dest_V/2 "/>
</bind>
</comp>

<comp id="222" class="1005" name="bound_reg_222">
<pin_list>
<pin id="223" dir="0" index="0" bw="64" slack="1"/>
<pin id="224" dir="1" index="1" bw="64" slack="1"/>
</pin_list>
<bind>
<opset="bound "/>
</bind>
</comp>

<comp id="227" class="1005" name="icmp_ln13_reg_227">
<pin_list>
<pin id="228" dir="0" index="0" bw="1" slack="1"/>
<pin id="229" dir="1" index="1" bw="1" slack="2147483647"/>
</pin_list>
<bind>
<opset="icmp_ln13 "/>
</bind>
</comp>

<comp id="231" class="1005" name="add_ln13_reg_231">
<pin_list>
<pin id="232" dir="0" index="0" bw="64" slack="0"/>
<pin id="233" dir="1" index="1" bw="64" slack="0"/>
</pin_list>
<bind>
<opset="add_ln13 "/>
</bind>
</comp>

<comp id="236" class="1005" name="tmp_data_V_reg_236">
<pin_list>
<pin id="237" dir="0" index="0" bw="8" slack="1"/>
<pin id="238" dir="1" index="1" bw="8" slack="1"/>
</pin_list>
<bind>
<opset="tmp_data_V "/>
</bind>
</comp>

<comp id="242" class="1005" name="tmp_keep_V_reg_242">
<pin_list>
<pin id="243" dir="0" index="0" bw="1" slack="1"/>
<pin id="244" dir="1" index="1" bw="1" slack="1"/>
</pin_list>
<bind>
<opset="tmp_keep_V "/>
</bind>
</comp>

<comp id="248" class="1005" name="tmp_strb_V_reg_248">
<pin_list>
<pin id="249" dir="0" index="0" bw="1" slack="1"/>
<pin id="250" dir="1" index="1" bw="1" slack="1"/>
</pin_list>
<bind>
<opset="tmp_strb_V "/>
</bind>
</comp>

<comp id="254" class="1005" name="tmp_user_V_reg_254">
<pin_list>
<pin id="255" dir="0" index="0" bw="1" slack="1"/>
<pin id="256" dir="1" index="1" bw="1" slack="1"/>
</pin_list>
<bind>
<opset="tmp_user_V "/>
</bind>
</comp>

<comp id="260" class="1005" name="tmp_last_V_reg_260">
<pin_list>
<pin id="261" dir="0" index="0" bw="1" slack="1"/>
<pin id="262" dir="1" index="1" bw="1" slack="1"/>
</pin_list>
<bind>
<opset="tmp_last_V "/>
</bind>
</comp>

<comp id="266" class="1005" name="tmp_id_V_reg_266">
<pin_list>
<pin id="267" dir="0" index="0" bw="1" slack="1"/>
<pin id="268" dir="1" index="1" bw="1" slack="1"/>
</pin_list>
<bind>
<opset="tmp_id_V "/>
</bind>
</comp>

<comp id="272" class="1005" name="tmp_dest_V_reg_272">
<pin_list>
<pin id="273" dir="0" index="0" bw="1" slack="1"/>
<pin id="274" dir="1" index="1" bw="1" slack="1"/>
</pin_list>
<bind>
<opset="tmp_dest_V "/>
</bind>
</comp>

</comp_list>

<net_list>
<net id="82"><net_src comp="52" pin="0"/><net_sink comp="78" pin=0"/></net>

<net id="83"><net_src comp="44" pin="0"/><net_sink comp="78" pin=1"/></net>

<net id="88"><net_src comp="52" pin="0"/><net_sink comp="84" pin=0"/></net>

<net id="89"><net_src comp="42" pin="0"/><net_sink comp="84" pin=1"/></net>

<net id="100"><net_src comp="74" pin="0"/><net_sink comp="90" pin=0"/></net>

<net id="101"><net_src comp="0" pin="0"/><net_sink comp="90" pin=1"/></net>

<net id="102"><net_src comp="2" pin="0"/><net_sink comp="90" pin=2"/></net>

<net id="103"><net_src comp="4" pin="0"/><net_sink comp="90" pin=3"/></net>

<net id="104"><net_src comp="6" pin="0"/><net_sink comp="90" pin=4"/></net>

<net id="105"><net_src comp="8" pin="0"/><net_sink comp="90" pin=5"/></net>

<net id="106"><net_src comp="10" pin="0"/><net_sink comp="90" pin=6"/></net>

<net id="107"><net_src comp="12" pin="0"/><net_sink comp="90" pin=7"/></net>

<net id="125"><net_src comp="76" pin="0"/><net_sink comp="108" pin=0"/></net>

<net id="126"><net_src comp="14" pin="0"/><net_sink comp="108" pin=1"/></net>

<net id="127"><net_src comp="16" pin="0"/><net_sink comp="108" pin=2"/></net>

<net id="128"><net_src comp="18" pin="0"/><net_sink comp="108" pin=3"/></net>

<net id="129"><net_src comp="20" pin="0"/><net_sink comp="108" pin=4"/></net>

<net id="130"><net_src comp="22" pin="0"/><net_sink comp="108" pin=5"/></net>

<net id="131"><net_src comp="24" pin="0"/><net_sink comp="108" pin=6"/></net>

<net id="132"><net_src comp="26" pin="0"/><net_sink comp="108" pin=7"/></net>

<net id="150"><net_src comp="76" pin="0"/><net_sink comp="133" pin=0"/></net>

<net id="151"><net_src comp="28" pin="0"/><net_sink comp="133" pin=1"/></net>

<net id="152"><net_src comp="30" pin="0"/><net_sink comp="133" pin=2"/></net>

<net id="153"><net_src comp="32" pin="0"/><net_sink comp="133" pin=3"/></net>

<net id="154"><net_src comp="34" pin="0"/><net_sink comp="133" pin=4"/></net>

<net id="155"><net_src comp="36" pin="0"/><net_sink comp="133" pin=5"/></net>

<net id="156"><net_src comp="38" pin="0"/><net_sink comp="133" pin=6"/></net>

<net id="157"><net_src comp="40" pin="0"/><net_sink comp="133" pin=7"/></net>

<net id="161"><net_src comp="66" pin="0"/><net_sink comp="158" pin=0"/></net>

<net id="168"><net_src comp="158" pin="1"/><net_sink comp="162" pin=0"/></net>

<net id="172"><net_src comp="78" pin="2"/><net_sink comp="169" pin=0"/></net>

<net id="176"><net_src comp="84" pin="2"/><net_sink comp="173" pin=0"/></net>

<net id="181"><net_src comp="173" pin="1"/><net_sink comp="177" pin=0"/></net>

<net id="182"><net_src comp="169" pin="1"/><net_sink comp="177" pin=1"/></net>

<net id="187"><net_src comp="162" pin="4"/><net_sink comp="183" pin=0"/></net>

<net id="192"><net_src comp="162" pin="4"/><net_sink comp="188" pin=0"/></net>

<net id="193"><net_src comp="72" pin="0"/><net_sink comp="188" pin=1"/></net>

<net id="197"><net_src comp="90" pin="8"/><net_sink comp="194" pin=0"/></net>

<net id="201"><net_src comp="90" pin="8"/><net_sink comp="198" pin=0"/></net>

<net id="205"><net_src comp="90" pin="8"/><net_sink comp="202" pin=0"/></net>

<net id="209"><net_src comp="90" pin="8"/><net_sink comp="206" pin=0"/></net>

<net id="213"><net_src comp="90" pin="8"/><net_sink comp="210" pin=0"/></net>

<net id="217"><net_src comp="90" pin="8"/><net_sink comp="214" pin=0"/></net>

<net id="221"><net_src comp="90" pin="8"/><net_sink comp="218" pin=0"/></net>

<net id="225"><net_src comp="177" pin="2"/><net_sink comp="222" pin=0"/></net>

<net id="226"><net_src comp="222" pin="1"/><net_sink comp="183" pin=1"/></net>

<net id="230"><net_src comp="183" pin="2"/><net_sink comp="227" pin=0"/></net>

<net id="234"><net_src comp="188" pin="2"/><net_sink comp="231" pin=0"/></net>

<net id="235"><net_src comp="231" pin="1"/><net_sink comp="162" pin=2"/></net>

<net id="239"><net_src comp="194" pin="1"/><net_sink comp="236" pin=0"/></net>

<net id="240"><net_src comp="236" pin="1"/><net_sink comp="108" pin=8"/></net>

<net id="241"><net_src comp="236" pin="1"/><net_sink comp="133" pin=8"/></net>

<net id="245"><net_src comp="198" pin="1"/><net_sink comp="242" pin=0"/></net>

<net id="246"><net_src comp="242" pin="1"/><net_sink comp="108" pin=9"/></net>

<net id="247"><net_src comp="242" pin="1"/><net_sink comp="133" pin=9"/></net>

<net id="251"><net_src comp="202" pin="1"/><net_sink comp="248" pin=0"/></net>

<net id="252"><net_src comp="248" pin="1"/><net_sink comp="108" pin=10"/></net>

<net id="253"><net_src comp="248" pin="1"/><net_sink comp="133" pin=10"/></net>

<net id="257"><net_src comp="206" pin="1"/><net_sink comp="254" pin=0"/></net>

<net id="258"><net_src comp="254" pin="1"/><net_sink comp="108" pin=11"/></net>

<net id="259"><net_src comp="254" pin="1"/><net_sink comp="133" pin=11"/></net>

<net id="263"><net_src comp="210" pin="1"/><net_sink comp="260" pin=0"/></net>

<net id="264"><net_src comp="260" pin="1"/><net_sink comp="108" pin=12"/></net>

<net id="265"><net_src comp="260" pin="1"/><net_sink comp="133" pin=12"/></net>

<net id="269"><net_src comp="214" pin="1"/><net_sink comp="266" pin=0"/></net>

<net id="270"><net_src comp="266" pin="1"/><net_sink comp="108" pin=13"/></net>

<net id="271"><net_src comp="266" pin="1"/><net_sink comp="133" pin=13"/></net>

<net id="275"><net_src comp="218" pin="1"/><net_sink comp="272" pin=0"/></net>

<net id="276"><net_src comp="272" pin="1"/><net_sink comp="108" pin=14"/></net>

<net id="277"><net_src comp="272" pin="1"/><net_sink comp="133" pin=14"/></net>

</net_list>

</model> 
---------------- Datapath Model END ------------------

* FSMD analyzer results:
  - Output states:
	Port: m0_axis_video_V_data_V | {4 }
	Port: m0_axis_video_V_keep_V | {4 }
	Port: m0_axis_video_V_strb_V | {4 }
	Port: m0_axis_video_V_user_V | {4 }
	Port: m0_axis_video_V_last_V | {4 }
	Port: m0_axis_video_V_id_V | {4 }
	Port: m0_axis_video_V_dest_V | {4 }
	Port: m1_axis_video_V_data_V | {4 }
	Port: m1_axis_video_V_keep_V | {4 }
	Port: m1_axis_video_V_strb_V | {4 }
	Port: m1_axis_video_V_user_V | {4 }
	Port: m1_axis_video_V_last_V | {4 }
	Port: m1_axis_video_V_id_V | {4 }
	Port: m1_axis_video_V_dest_V | {4 }
 - Input state : 
	Port: broad : s_axis_video_V_data_V | {2 }
	Port: broad : s_axis_video_V_keep_V | {2 }
	Port: broad : s_axis_video_V_strb_V | {2 }
	Port: broad : s_axis_video_V_user_V | {2 }
	Port: broad : s_axis_video_V_last_V | {2 }
	Port: broad : s_axis_video_V_id_V | {2 }
	Port: broad : s_axis_video_V_dest_V | {2 }
	Port: broad : hsize_in | {1 }
	Port: broad : vsize_in | {1 }
  - Chain level:
	State 1
		bound : 1
	State 2
		icmp_ln13 : 1
		add_ln13 : 1
		br_ln13 : 2
	State 3
	State 4
	State 5


============================================================
+ Verbose Summary: Datapath Resource usage 
============================================================

* Functional unit list:
|----------|--------------------------|---------|---------|---------|
| Operation|      Functional Unit     |  DSP48E |    FF   |   LUT   |
|----------|--------------------------|---------|---------|---------|
|    add   |      add_ln13_fu_188     |    0    |    0    |    71   |
|----------|--------------------------|---------|---------|---------|
|   icmp   |     icmp_ln13_fu_183     |    0    |    0    |    29   |
|----------|--------------------------|---------|---------|---------|
|    mul   |       bound_fu_177       |    4    |    0    |    20   |
|----------|--------------------------|---------|---------|---------|
|          | vsize_in_read_read_fu_78 |    0    |    0    |    0    |
|   read   | hsize_in_read_read_fu_84 |    0    |    0    |    0    |
|          |     empty_read_fu_90     |    0    |    0    |    0    |
|----------|--------------------------|---------|---------|---------|
|   write  |     grp_write_fu_108     |    0    |    0    |    0    |
|          |     grp_write_fu_133     |    0    |    0    |    0    |
|----------|--------------------------|---------|---------|---------|
|   zext   |        cast_fu_169       |    0    |    0    |    0    |
|          |       cast1_fu_173       |    0    |    0    |    0    |
|----------|--------------------------|---------|---------|---------|
|          |     tmp_data_V_fu_194    |    0    |    0    |    0    |
|          |     tmp_keep_V_fu_198    |    0    |    0    |    0    |
|          |     tmp_strb_V_fu_202    |    0    |    0    |    0    |
|extractvalue|     tmp_user_V_fu_206    |    0    |    0    |    0    |
|          |     tmp_last_V_fu_210    |    0    |    0    |    0    |
|          |      tmp_id_V_fu_214     |    0    |    0    |    0    |
|          |     tmp_dest_V_fu_218    |    0    |    0    |    0    |
|----------|--------------------------|---------|---------|---------|
|   Total  |                          |    4    |    0    |   120   |
|----------|--------------------------|---------|---------|---------|

Memories:
N/A

* Register list:
+----------------------+--------+
|                      |   FF   |
+----------------------+--------+
|   add_ln13_reg_231   |   64   |
|     bound_reg_222    |   64   |
|   icmp_ln13_reg_227  |    1   |
|indvar_flatten_reg_158|   64   |
|  tmp_data_V_reg_236  |    8   |
|  tmp_dest_V_reg_272  |    1   |
|   tmp_id_V_reg_266   |    1   |
|  tmp_keep_V_reg_242  |    1   |
|  tmp_last_V_reg_260  |    1   |
|  tmp_strb_V_reg_248  |    1   |
|  tmp_user_V_reg_254  |    1   |
+----------------------+--------+
|         Total        |   207  |
+----------------------+--------+

* Multiplexer (MUX) list: 
|--------|------|------|------|--------|
|  Comp  |  Pin | Size |  BW  | S x BW |
|--------|------|------|------|--------|
|  Total |      |      |      |    0   |
|--------|------|------|------|--------|



* Summary:
+-----------+--------+--------+--------+
|           | DSP48E |   FF   |   LUT  |
+-----------+--------+--------+--------+
|  Function |    4   |    0   |   120  |
|   Memory  |    -   |    -   |    -   |
|Multiplexer|    -   |    -   |    -   |
|  Register |    -   |   207  |    -   |
+-----------+--------+--------+--------+
|   Total   |    4   |   207  |   120  |
+-----------+--------+--------+--------+
